[01m[K/home/steven/Documents/IIIIIIIII_TEST/command_endeffector_cartesian/src/ur5_endeffector_cartesian/src/ur5_ros2_cartesian.cpp:[m[K In member function â€˜[01m[Kvoid DynamicVelocityController::execute_movement()[m[Kâ€™:
[01m[K/home/steven/Documents/IIIIIIIII_TEST/command_endeffector_cartesian/src/ur5_endeffector_cartesian/src/ur5_ros2_cartesian.cpp:74:58:[m[K [01;31m[Kerror: [m[Kâ€˜[01m[Kclass rclcpp_action::Client<moveit_msgs::action::MoveGroup>[m[Kâ€™ has no member named â€˜[01m[KgetState[m[Kâ€™
   74 |             while (move_group_arm_->getMoveGroupClient().[01;31m[KgetState[m[K().status() == actionlib::SimpleClientGoalState::ACTIVE)
      |                                                          [01;31m[K^~~~~~~~[m[K
[01m[K/home/steven/Documents/IIIIIIIII_TEST/command_endeffector_cartesian/src/ur5_endeffector_cartesian/src/ur5_ros2_cartesian.cpp:74:81:[m[K [01;31m[Kerror: [m[Kâ€˜[01m[Kactionlib[m[Kâ€™ has not been declared
   74 |             while (move_group_arm_->getMoveGroupClient().getState().status() == [01;31m[Kactionlib[m[K::SimpleClientGoalState::ACTIVE)
      |                                                                                 [01;31m[K^~~~~~~~~[m[K
gmake[2]: *** [CMakeFiles/ur5_ros2_cartesian.dir/build.make:76ï¼šCMakeFiles/ur5_ros2_cartesian.dir/src/ur5_ros2_cartesian.cpp.o] éŒ¯èª¤ 1
gmake[1]: *** [CMakeFiles/Makefile2:137ï¼šCMakeFiles/ur5_ros2_cartesian.dir/all] éŒ¯èª¤ 2
gmake: *** [Makefile:146ï¼šall] éŒ¯èª¤ 2
