[35m[1mConsolidate compiler generated dependencies of target first_stage_endeffector[0m
[ 50%] [32mBuilding CXX object CMakeFiles/first_stage_endeffector.dir/src/first_stage_endeffector.cpp.o[0m
[01m[K/home/steven/ros2_ws/src/first_stage/src/first_stage_endeffector/src/first_stage_endeffector.cpp:[m[K In constructor â€˜[01m[KRobotController::RobotController()[m[Kâ€™:
[01m[K/home/steven/ros2_ws/src/first_stage/src/first_stage_endeffector/src/first_stage_endeffector.cpp:73:7:[m[K [01;35m[Kwarning: [m[Kâ€˜[01m[KRobotController::orientation_type_[m[Kâ€™ will be initialized after [[01;35m[K]8;;https://gcc.gnu.org/onlinedocs/gcc/Warning-Options.html#index-Wreorder-Wreorder]8;;[m[K]
   73 |   int [01;35m[Korientation_type_[m[K;
      |       [01;35m[K^~~~~~~~~~~~~~~~~[m[K
[01m[K/home/steven/ros2_ws/src/first_stage/src/first_stage_endeffector/src/first_stage_endeffector.cpp:72:15:[m[K [01;35m[Kwarning: [m[K  â€˜[01m[Kstd::string RobotController::gripper_state_[m[Kâ€™ [[01;35m[K]8;;https://gcc.gnu.org/onlinedocs/gcc/Warning-Options.html#index-Wreorder-Wreorder]8;;[m[K]
   72 |   std::string [01;35m[Kgripper_state_[m[K;
      |               [01;35m[K^~~~~~~~~~~~~~[m[K
[01m[K/home/steven/ros2_ws/src/first_stage/src/first_stage_endeffector/src/first_stage_endeffector.cpp:21:3:[m[K [01;35m[Kwarning: [m[K  when initialized here [[01;35m[K]8;;https://gcc.gnu.org/onlinedocs/gcc/Warning-Options.html#index-Wreorder-Wreorder]8;;[m[K]
   21 |   [01;35m[KRobotController[m[K() : Node("robot_controller"), state_(State::INIT), orientation_type_(-1), gripper_state_("FALSE")
      |   [01;35m[K^~~~~~~~~~~~~~~[m[K
[01m[K/home/steven/ros2_ws/src/first_stage/src/first_stage_endeffector/src/first_stage_endeffector.cpp:[m[K In member function â€˜[01m[Kvoid RobotController::timerCallback()[m[Kâ€™:
[01m[K/home/steven/ros2_ws/src/first_stage/src/first_stage_endeffector/src/first_stage_endeffector.cpp:108:11:[m[K [01;31m[Kerror: [m[Kâ€˜[01m[Kgripper_check_start_time_[m[Kâ€™ was not declared in this scope
  108 |           [01;31m[Kgripper_check_start_time_[m[K = this->now();
      |           [01;31m[K^~~~~~~~~~~~~~~~~~~~~~~~~[m[K
[01m[K/home/steven/ros2_ws/src/first_stage/src/first_stage_endeffector/src/first_stage_endeffector.cpp:113:28:[m[K [01;31m[Kerror: [m[Kâ€˜[01m[Kgripper_check_start_time_[m[Kâ€™ was not declared in this scope
  113 |         if ((this->now() - [01;31m[Kgripper_check_start_time_[m[K).seconds() >= 3.0) {
      |                            [01;31m[K^~~~~~~~~~~~~~~~~~~~~~~~~[m[K
[01m[K/home/steven/ros2_ws/src/first_stage/src/first_stage_endeffector/src/first_stage_endeffector.cpp:131:11:[m[K [01;31m[Kerror: [m[Kâ€˜[01m[Korientation_detection_completed_[m[Kâ€™ was not declared in this scope
  131 |           [01;31m[Korientation_detection_completed_[m[K = false;
      |           [01;31m[K^~~~~~~~~~~~~~~~~~~~~~~~~~~~~~~~[m[K
[01m[K/home/steven/ros2_ws/src/first_stage/src/first_stage_endeffector/src/first_stage_endeffector.cpp:134:11:[m[K [01;31m[Kerror: [m[Kâ€˜[01m[Kstate_start_time_[m[Kâ€™ was not declared in this scope
  134 |           [01;31m[Kstate_start_time_[m[K = this->now();
      |           [01;31m[K^~~~~~~~~~~~~~~~~[m[K
[01m[K/home/steven/ros2_ws/src/first_stage/src/first_stage_endeffector/src/first_stage_endeffector.cpp:138:40:[m[K [01;31m[Kerror: [m[Kâ€˜[01m[Korientation_detection_completed_[m[Kâ€™ was not declared in this scope
  138 |         if (orientation_type_ != -1 || [01;31m[Korientation_detection_completed_[m[K ||
      |                                        [01;31m[K^~~~~~~~~~~~~~~~~~~~~~~~~~~~~~~~[m[K
[01m[K/home/steven/ros2_ws/src/first_stage/src/first_stage_endeffector/src/first_stage_endeffector.cpp:139:28:[m[K [01;31m[Kerror: [m[Kâ€˜[01m[Kstate_start_time_[m[Kâ€™ was not declared in this scope
  139 |             (this->now() - [01;31m[Kstate_start_time_[m[K).seconds() > 5.0) {
      |                            [01;31m[K^~~~~~~~~~~~~~~~~[m[K
[01m[K/home/steven/ros2_ws/src/first_stage/src/first_stage_endeffector/src/first_stage_endeffector.cpp:[m[K In member function â€˜[01m[Kvoid RobotController::resetState()[m[Kâ€™:
[01m[K/home/steven/ros2_ws/src/first_stage/src/first_stage_endeffector/src/first_stage_endeffector.cpp:169:5:[m[K [01;31m[Kerror: [m[Kâ€˜[01m[Kneed_new_orientation_[m[Kâ€™ was not declared in this scope
  169 |     [01;31m[Kneed_new_orientation_[m[K = true;
      |     [01;31m[K^~~~~~~~~~~~~~~~~~~~~[m[K
[01m[K/home/steven/ros2_ws/src/first_stage/src/first_stage_endeffector/src/first_stage_endeffector.cpp:[m[K In lambda function:
[01m[K/home/steven/ros2_ws/src/first_stage/src/first_stage_endeffector/src/first_stage_endeffector.cpp:316:9:[m[K [01;31m[Kerror: [m[Kâ€˜[01m[Korientation_detection_completed_[m[Kâ€™ was not declared in this scope
  316 |         [01;31m[Korientation_detection_completed_[m[K = true;
      |         [01;31m[K^~~~~~~~~~~~~~~~~~~~~~~~~~~~~~~~[m[K
[01m[K/home/steven/ros2_ws/src/first_stage/src/first_stage_endeffector/src/first_stage_endeffector.cpp:[m[K In member function â€˜[01m[Kvoid RobotController::triggerOrientationDetection()[m[Kâ€™:
[01m[K/home/steven/ros2_ws/src/first_stage/src/first_stage_endeffector/src/first_stage_endeffector.cpp:322:5:[m[K [01;31m[Kerror: [m[Kâ€˜[01m[Korientation_detection_client_[m[Kâ€™ was not declared in this scope
  322 |     [01;31m[Korientation_detection_client_[m[K->async_send_request(request, callback);
      |     [01;31m[K^~~~~~~~~~~~~~~~~~~~~~~~~~~~~[m[K
[01m[K/home/steven/ros2_ws/src/first_stage/src/first_stage_endeffector/src/first_stage_endeffector.cpp:[m[K In member function â€˜[01m[Kvoid RobotController::orientationTypeCallback(std_msgs::msg::Int8_<std::allocator<void> >::SharedPtr)[m[Kâ€™:
[01m[K/home/steven/ros2_ws/src/first_stage/src/first_stage_endeffector/src/first_stage_endeffector.cpp:517:7:[m[K [01;31m[Kerror: [m[Kâ€˜[01m[Korientation_detection_completed_[m[Kâ€™ was not declared in this scope
  517 |       [01;31m[Korientation_detection_completed_[m[K = true;
      |       [01;31m[K^~~~~~~~~~~~~~~~~~~~~~~~~~~~~~~~[m[K
gmake[2]: *** [CMakeFiles/first_stage_endeffector.dir/build.make:76ï¼šCMakeFiles/first_stage_endeffector.dir/src/first_stage_endeffector.cpp.o] éŒ¯èª¤ 1
gmake[1]: *** [CMakeFiles/Makefile2:137ï¼šCMakeFiles/first_stage_endeffector.dir/all] éŒ¯èª¤ 2
gmake: *** [Makefile:146ï¼šall] éŒ¯èª¤ 2
