[01m[K/home/steven/ros2_ws/src/first_stage/src/first_stage_endeffector/src/first_stage_endeffector.cpp:[m[K In function â€˜[01m[Kint main(int, char**)[m[Kâ€™:
[01m[K/home/steven/ros2_ws/src/first_stage/src/first_stage_endeffector/src/first_stage_endeffector.cpp:15:32:[m[K [01;31m[Kerror: [m[Kâ€˜[01m[KRobotController[m[Kâ€™ was not declared in this scope
   15 |   auto node = std::make_shared<[01;31m[KRobotController[m[K>();
      |                                [01;31m[K^~~~~~~~~~~~~~~[m[K
[01m[K/home/steven/ros2_ws/src/first_stage/src/first_stage_endeffector/src/first_stage_endeffector.cpp:15:48:[m[K [01;31m[Kerror: [m[Kno matching function for call to â€˜[01m[Kmake_shared<<expression error> >()[m[Kâ€™
   15 |   auto node = [01;31m[Kstd::make_shared<RobotController>()[m[K;
      |               [01;31m[K~~~~~~~~~~~~~~~~~~~~~~~~~~~~~~~~~^~[m[K
In file included from [01m[K/usr/include/c++/11/memory:77[m[K,
                 from [01m[K/home/steven/ros2_ws/install/moveit_core/include/moveit/macros/declare_ptr.h:37[m[K,
                 from [01m[K/home/steven/ros2_ws/install/moveit_core/include/moveit/macros/class_forward.h:39[m[K,
                 from [01m[K/home/steven/ros2_ws/install/moveit_ros_planning_interface/include/moveit/move_group_interface/move_group_interface.h:40[m[K,
                 from [01m[K/home/steven/ros2_ws/src/first_stage/src/first_stage_endeffector/src/first_stage_endeffector.cpp:1[m[K:
[01m[K/usr/include/c++/11/bits/shared_ptr.h:875:5:[m[K [01;36m[Knote: [m[Kcandidate: â€˜[01m[Ktemplate<class _Tp, class ... _Args> std::shared_ptr<_Tp> std::make_shared(_Args&& ...)[m[Kâ€™
  875 |     [01;36m[Kmake_shared[m[K(_Args&&... __args)
      |     [01;36m[K^~~~~~~~~~~[m[K
[01m[K/usr/include/c++/11/bits/shared_ptr.h:875:5:[m[K [01;36m[Knote: [m[K  template argument deduction/substitution failed:
[01m[K/home/steven/ros2_ws/src/first_stage/src/first_stage_endeffector/src/first_stage_endeffector.cpp:15:48:[m[K [01;31m[Kerror: [m[Ktemplate argument 1 is invalid
   15 |   auto node = [01;31m[Kstd::make_shared<RobotController>()[m[K;
      |               [01;31m[K~~~~~~~~~~~~~~~~~~~~~~~~~~~~~~~~~^~[m[K
gmake[2]: *** [CMakeFiles/first_stage_endeffector.dir/build.make:76ï¼šCMakeFiles/first_stage_endeffector.dir/src/first_stage_endeffector.cpp.o] éŒ¯èª¤ 1
gmake[1]: *** [CMakeFiles/Makefile2:137ï¼šCMakeFiles/first_stage_endeffector.dir/all] éŒ¯èª¤ 2
gmake: *** [Makefile:146ï¼šall] éŒ¯èª¤ 2
