[ 50%] [32mBuilding CXX object CMakeFiles/ur5_ros2_cartesian.dir/src/ur5_ros2_cartesian.cpp.o[0m
[01m[K/home/steven/Documents/IIIIIIIII_TEST/command_endeffector_cartesian/src/ur5_endeffector_cartesian/src/ur5_ros2_cartesian.cpp:[m[K In function â€˜[01m[Kvoid moveWithCustomSpeed(moveit::planning_interface::MoveGroupInterface&, double, double, double, double, double)[m[Kâ€™:
[01m[K/home/steven/Documents/IIIIIIIII_TEST/command_endeffector_cartesian/src/ur5_endeffector_cartesian/src/ur5_ros2_cartesian.cpp:208:47:[m[K [01;31m[Kerror: [m[Kâ€˜[01m[Kclass moveit::planning_interface::MoveGroupInterface[m[Kâ€™ has no member named â€˜[01m[KgetMaxVelocityScalingFactor[m[Kâ€™; did you mean â€˜[01m[KsetMaxVelocityScalingFactor[m[Kâ€™?
  208 |     double original_velocity = move_group_arm.[01;31m[KgetMaxVelocityScalingFactor[m[K();
      |                                               [01;31m[K^~~~~~~~~~~~~~~~~~~~~~~~~~~[m[K
      |                                               [32m[KsetMaxVelocityScalingFactor[m[K
[01m[K/home/steven/Documents/IIIIIIIII_TEST/command_endeffector_cartesian/src/ur5_endeffector_cartesian/src/ur5_ros2_cartesian.cpp:209:51:[m[K [01;31m[Kerror: [m[Kâ€˜[01m[Kclass moveit::planning_interface::MoveGroupInterface[m[Kâ€™ has no member named â€˜[01m[KgetMaxAccelerationScalingFactor[m[Kâ€™; did you mean â€˜[01m[KsetMaxAccelerationScalingFactor[m[Kâ€™?
  209 |     double original_acceleration = move_group_arm.[01;31m[KgetMaxAccelerationScalingFactor[m[K();
      |                                                   [01;31m[K^~~~~~~~~~~~~~~~~~~~~~~~~~~~~~~[m[K
      |                                                   [32m[KsetMaxAccelerationScalingFactor[m[K
[01m[K/home/steven/Documents/IIIIIIIII_TEST/command_endeffector_cartesian/src/ur5_endeffector_cartesian/src/ur5_ros2_cartesian.cpp:[m[K At global scope:
[01m[K/home/steven/Documents/IIIIIIIII_TEST/command_endeffector_cartesian/src/ur5_endeffector_cartesian/src/ur5_ros2_cartesian.cpp:224:20:[m[K [01;31m[Kerror: [m[Kexpected constructor, destructor, or type conversion before â€˜[01m[K([m[Kâ€™ token
  224 | moveWithCustomSpeed[01;31m[K([m[Kmove_group_arm, 0.0, -0.3, -0.1, 0.5, 0.5);  // 50%é€Ÿåº¦å’ŒåŠ é€Ÿåº¦
      |                    [01;31m[K^[m[K
gmake[2]: *** [CMakeFiles/ur5_ros2_cartesian.dir/build.make:76ï¼šCMakeFiles/ur5_ros2_cartesian.dir/src/ur5_ros2_cartesian.cpp.o] éŒ¯èª¤ 1
gmake[1]: *** [CMakeFiles/Makefile2:137ï¼šCMakeFiles/ur5_ros2_cartesian.dir/all] éŒ¯èª¤ 2
gmake: *** [Makefile:146ï¼šall] éŒ¯èª¤ 2
