[0.012s] Invoking command in '/home/steven/Documents/IIIIIIIII_TEST/command_endeffector_cartesian/build/ur5_endeffector_cartesian': CMAKE_PREFIX_PATH=${CMAKE_PREFIX_PATH}:/home/steven/ws_moveit2/install/moveit_configs_utils:/home/steven/ws_moveit2/install/launch_param_builder:/opt/ros/humble /usr/bin/cmake --build /home/steven/Documents/IIIIIIIII_TEST/command_endeffector_cartesian/build/ur5_endeffector_cartesian -- -j32 -l32
[0.060s] [35m[1mConsolidate compiler generated dependencies of target ur5_ros2_cartesian[0m
[0.081s] [ 50%] [32mBuilding CXX object CMakeFiles/ur5_ros2_cartesian.dir/src/ur5_ros2_cartesian.cpp.o[0m
[3.773s] [01m[K/home/steven/Documents/IIIIIIIII_TEST/command_endeffector_cartesian/src/ur5_endeffector_cartesian/src/ur5_ros2_cartesian.cpp:[m[K In member function â€˜[01m[Kvoid DynamicMotionController::update_trajectory()[m[Kâ€™:
[3.773s] [01m[K/home/steven/Documents/IIIIIIIII_TEST/command_endeffector_cartesian/src/ur5_endeffector_cartesian/src/ur5_ros2_cartesian.cpp:82:74:[m[K [01;31m[Kerror: [m[Kâ€˜[01m[Kusing _time_from_start_type = struct builtin_interfaces::msg::Duration_<std::allocator<void> >[m[Kâ€™ {aka â€˜[01m[Kstruct builtin_interfaces::msg::Duration_<std::allocator<void> >[m[Kâ€™} has no member named â€˜[01m[Kseconds[m[Kâ€™
[3.773s]    82 |             double total_time = trajectory.points.back().time_from_start.[01;31m[Kseconds[m[K();
[3.773s]       |                                                                          [01;31m[K^~~~~~~[m[K
[3.773s] [01m[K/home/steven/Documents/IIIIIIIII_TEST/command_endeffector_cartesian/src/ur5_endeffector_cartesian/src/ur5_ros2_cartesian.cpp:88:50:[m[K [01;31m[Kerror: [m[Kâ€˜[01m[Kusing _time_from_start_type = struct builtin_interfaces::msg::Duration_<std::allocator<void> >[m[Kâ€™ {aka â€˜[01m[Kstruct builtin_interfaces::msg::Duration_<std::allocator<void> >[m[Kâ€™} has no member named â€˜[01m[Kseconds[m[Kâ€™
[3.773s]    88 |                 double t = point.time_from_start.[01;31m[Kseconds[m[K() / total_time;
[3.773s]       |                                                  [01;31m[K^~~~~~~[m[K
[3.783s] [01m[K/home/steven/Documents/IIIIIIIII_TEST/command_endeffector_cartesian/src/ur5_endeffector_cartesian/src/ur5_ros2_cartesian.cpp:[m[K In member function â€˜[01m[Kvoid DynamicMotionController::execute_movement()[m[Kâ€™:
[3.783s] [01m[K/home/steven/Documents/IIIIIIIII_TEST/command_endeffector_cartesian/src/ur5_endeffector_cartesian/src/ur5_ros2_cartesian.cpp:125:58:[m[K [01;31m[Kerror: [m[Kâ€˜[01m[Kclass rclcpp_action::Client<moveit_msgs::action::MoveGroup>[m[Kâ€™ has no member named â€˜[01m[KgetState[m[Kâ€™
[3.783s]   125 |             while (move_group_arm_->getMoveGroupClient().[01;31m[KgetState[m[K().status() == actionlib::SimpleClientGoalState::ACTIVE)
[3.783s]       |                                                          [01;31m[K^~~~~~~~[m[K
[3.783s] [01m[K/home/steven/Documents/IIIIIIIII_TEST/command_endeffector_cartesian/src/ur5_endeffector_cartesian/src/ur5_ros2_cartesian.cpp:125:81:[m[K [01;31m[Kerror: [m[Kâ€˜[01m[Kactionlib[m[Kâ€™ has not been declared
[3.783s]   125 |             while (move_group_arm_->getMoveGroupClient().getState().status() == [01;31m[Kactionlib[m[K::SimpleClientGoalState::ACTIVE)
[3.783s]       |                                                                                 [01;31m[K^~~~~~~~~[m[K
[5.972s] gmake[2]: *** [CMakeFiles/ur5_ros2_cartesian.dir/build.make:76ï¼šCMakeFiles/ur5_ros2_cartesian.dir/src/ur5_ros2_cartesian.cpp.o] éŒ¯èª¤ 1
[5.972s] gmake[1]: *** [CMakeFiles/Makefile2:137ï¼šCMakeFiles/ur5_ros2_cartesian.dir/all] éŒ¯èª¤ 2
[5.972s] gmake: *** [Makefile:146ï¼šall] éŒ¯èª¤ 2
[5.974s] Invoked command in '/home/steven/Documents/IIIIIIIII_TEST/command_endeffector_cartesian/build/ur5_endeffector_cartesian' returned '2': CMAKE_PREFIX_PATH=${CMAKE_PREFIX_PATH}:/home/steven/ws_moveit2/install/moveit_configs_utils:/home/steven/ws_moveit2/install/launch_param_builder:/opt/ros/humble /usr/bin/cmake --build /home/steven/Documents/IIIIIIIII_TEST/command_endeffector_cartesian/build/ur5_endeffector_cartesian -- -j32 -l32
