[0.010s] Invoking command in '/home/steven/ros2_ws/src/first_stage/build/first_stage_endeffector': CMAKE_PREFIX_PATH=${CMAKE_PREFIX_PATH}:/home/steven/ros2_ws/src/first_stage/install/first_stage_rg2:/home/steven/ws_moveit2/install/moveit_configs_utils:/home/steven/ws_moveit2/install/launch_param_builder:/opt/ros/humble /usr/bin/cmake --build /home/steven/ros2_ws/src/first_stage/build/first_stage_endeffector -- -j32 -l32
[0.053s] [35m[1mConsolidate compiler generated dependencies of target first_stage_endeffector[0m
[0.073s] [ 50%] [32mBuilding CXX object CMakeFiles/first_stage_endeffector.dir/src/first_stage_endeffector.cpp.o[0m
[4.227s] [01m[K/home/steven/ros2_ws/src/first_stage/src/first_stage_endeffector/src/first_stage_endeffector.cpp:99:3:[m[K [01;31m[Kerror: [m[Kâ€˜[01m[Kdef[m[Kâ€™ does not name a type
[4.227s]    99 |   [01;31m[Kdef[m[K planAndExecute(self):
[4.227s]       |   [01;31m[K^~~[m[K
[4.227s] In file included from [01m[K/opt/ros/humble/include/rclcpp/rclcpp/client.hpp:40[m[K,
[4.227s]                  from [01m[K/opt/ros/humble/include/rclcpp/rclcpp/callback_group.hpp:24[m[K,
[4.227s]                  from [01m[K/opt/ros/humble/include/rclcpp/rclcpp/any_executable.hpp:20[m[K,
[4.227s]                  from [01m[K/opt/ros/humble/include/rclcpp/rclcpp/memory_strategy.hpp:25[m[K,
[4.227s]                  from [01m[K/opt/ros/humble/include/rclcpp/rclcpp/memory_strategies.hpp:18[m[K,
[4.227s]                  from [01m[K/opt/ros/humble/include/rclcpp/rclcpp/executor_options.hpp:20[m[K,
[4.227s]                  from [01m[K/opt/ros/humble/include/rclcpp/rclcpp/executor.hpp:37[m[K,
[4.227s]                  from [01m[K/opt/ros/humble/include/rclcpp/rclcpp/executors/multi_threaded_executor.hpp:25[m[K,
[4.227s]                  from [01m[K/opt/ros/humble/include/rclcpp/rclcpp/executors.hpp:21[m[K,
[4.227s]                  from [01m[K/opt/ros/humble/include/rclcpp/rclcpp/rclcpp.hpp:155[m[K,
[4.227s]                  from [01m[K/home/steven/ros2_ws/src/first_stage/src/first_stage_endeffector/src/first_stage_endeffector.cpp:1[m[K:
[4.227s] [01m[K/home/steven/ros2_ws/src/first_stage/src/first_stage_endeffector/src/first_stage_endeffector.cpp:101:11:[m[K [01;31m[Kerror: [m[Kexpected unqualified-id before â€˜[01m[Kwhile[m[Kâ€™
[4.227s]   101 |           [01;31m[KRCLCPP_WARN[m[K(self.get_logger(), "MoveGroupInterface not initialized yet. Ignoring coordinates.")
[4.227s]       |           [01;31m[K^~~~~~~~~~~[m[K
[4.227s] [01m[K/home/steven/ros2_ws/src/first_stage/src/first_stage_endeffector/src/first_stage_endeffector.cpp:104:7:[m[K [01;31m[Kerror: [m[Kexpected unqualified-id before â€˜[01m[Kwhile[m[Kâ€™
[4.227s]   104 |       [01;31m[KRCLCPP_INFO[m[K(self.get_logger(), "Received target pose: position(x=%f, y=%f, z=%f), orientation(x=%f, y=%f, z=%f, w=%f)",
[4.227s]       |       [01;31m[K^~~~~~~~~~~[m[K
[4.227s] [01m[K/home/steven/ros2_ws/src/first_stage/src/first_stage_endeffector/src/first_stage_endeffector.cpp:120:7:[m[K [01;31m[Kerror: [m[Kexpected unqualified-id before â€˜[01m[Kwhile[m[Kâ€™
[4.227s]   120 |       [01;31m[KRCLCPP_INFO[m[K(LOGGER, "Approaching object")
[4.227s]       |       [01;31m[K^~~~~~~~~~~[m[K
[4.227s] [01m[K/home/steven/ros2_ws/src/first_stage/src/first_stage_endeffector/src/first_stage_endeffector.cpp:131:7:[m[K [01;31m[Kerror: [m[Kexpected unqualified-id before â€˜[01m[Kwhile[m[Kâ€™
[4.227s]   131 |       [01;31m[KRCLCPP_INFO[m[K(LOGGER, "Moving up after grasp")
[4.227s]       |       [01;31m[K^~~~~~~~~~~[m[K
[4.338s] [01m[K/home/steven/ros2_ws/src/first_stage/src/first_stage_endeffector/src/first_stage_endeffector.cpp:[m[K In member function â€˜[01m[Kvoid RobotController::goHome()[m[Kâ€™:
[4.338s] [01m[K/home/steven/ros2_ws/src/first_stage/src/first_stage_endeffector/src/first_stage_endeffector.cpp:67:5:[m[K [01;31m[Kerror: [m[Kâ€˜[01m[KexecutePlan[m[Kâ€™ was not declared in this scope
[4.338s]    67 |     [01;31m[KexecutePlan[m[K();
[4.338s]       |     [01;31m[K^~~~~~~~~~~[m[K
[4.351s] [01m[K/home/steven/ros2_ws/src/first_stage/src/first_stage_endeffector/src/first_stage_endeffector.cpp:[m[K In member function â€˜[01m[Kvoid RobotController::coordinatesCallback(geometry_msgs::msg::Point_<std::allocator<void> >::SharedPtr)[m[Kâ€™:
[4.351s] [01m[K/home/steven/ros2_ws/src/first_stage/src/first_stage_endeffector/src/first_stage_endeffector.cpp:78:7:[m[K [01;31m[Kerror: [m[Kâ€˜[01m[KplanAndExecute[m[Kâ€™ was not declared in this scope
[4.351s]    78 |       [01;31m[KplanAndExecute[m[K();
[4.351s]       |       [01;31m[K^~~~~~~~~~~~~~[m[K
[4.366s] [01m[K/home/steven/ros2_ws/src/first_stage/src/first_stage_endeffector/src/first_stage_endeffector.cpp:[m[K In member function â€˜[01m[Kvoid RobotController::orientationCallback(geometry_msgs::msg::Quaternion_<std::allocator<void> >::SharedPtr)[m[Kâ€™:
[4.366s] [01m[K/home/steven/ros2_ws/src/first_stage/src/first_stage_endeffector/src/first_stage_endeffector.cpp:88:7:[m[K [01;31m[Kerror: [m[Kâ€˜[01m[KplanAndExecute[m[Kâ€™ was not declared in this scope
[4.367s]    88 |       [01;31m[KplanAndExecute[m[K();
[4.367s]       |       [01;31m[K^~~~~~~~~~~~~~[m[K
[4.379s] [01m[K/home/steven/ros2_ws/src/first_stage/src/first_stage_endeffector/src/first_stage_endeffector.cpp:[m[K In member function â€˜[01m[Kvoid RobotController::moveToFinalPosition()[m[Kâ€™:
[4.379s] [01m[K/home/steven/ros2_ws/src/first_stage/src/first_stage_endeffector/src/first_stage_endeffector.cpp:197:5:[m[K [01;31m[Kerror: [m[Kâ€˜[01m[KexecutePlan[m[Kâ€™ was not declared in this scope
[4.379s]   197 |     [01;31m[KexecutePlan[m[K();
[4.379s]       |     [01;31m[K^~~~~~~~~~~[m[K
[8.751s] gmake[2]: *** [CMakeFiles/first_stage_endeffector.dir/build.make:76ï¼šCMakeFiles/first_stage_endeffector.dir/src/first_stage_endeffector.cpp.o] éŒ¯èª¤ 1
[8.751s] gmake[1]: *** [CMakeFiles/Makefile2:137ï¼šCMakeFiles/first_stage_endeffector.dir/all] éŒ¯èª¤ 2
[8.752s] gmake: *** [Makefile:146ï¼šall] éŒ¯èª¤ 2
[8.754s] Invoked command in '/home/steven/ros2_ws/src/first_stage/build/first_stage_endeffector' returned '2': CMAKE_PREFIX_PATH=${CMAKE_PREFIX_PATH}:/home/steven/ros2_ws/src/first_stage/install/first_stage_rg2:/home/steven/ws_moveit2/install/moveit_configs_utils:/home/steven/ws_moveit2/install/launch_param_builder:/opt/ros/humble /usr/bin/cmake --build /home/steven/ros2_ws/src/first_stage/build/first_stage_endeffector -- -j32 -l32
