[0.008s] Invoking command in '/home/steven/Documents/IIIIIIIII_TEST/command_endeffector_cartesian/build/ur5_endeffector_cartesian': CMAKE_PREFIX_PATH=${CMAKE_PREFIX_PATH}:/home/steven/ws_moveit2/install/moveit_configs_utils:/home/steven/ws_moveit2/install/launch_param_builder:/opt/ros/humble /usr/bin/cmake --build /home/steven/Documents/IIIIIIIII_TEST/command_endeffector_cartesian/build/ur5_endeffector_cartesian -- -j32 -l32
[0.057s] [ 50%] [32mBuilding CXX object CMakeFiles/ur5_ros2_cartesian.dir/src/ur5_ros2_cartesian.cpp.o[0m
[3.367s] [01m[K/home/steven/Documents/IIIIIIIII_TEST/command_endeffector_cartesian/src/ur5_endeffector_cartesian/src/ur5_ros2_cartesian.cpp:[m[K In function â€˜[01m[Kvoid moveAlongMultiAxis(moveit::planning_interface::MoveGroupInterface&, double, double, double, double, double)[m[Kâ€™:
[3.367s] [01m[K/home/steven/Documents/IIIIIIIII_TEST/command_endeffector_cartesian/src/ur5_endeffector_cartesian/src/ur5_ros2_cartesian.cpp:184:47:[m[K [01;31m[Kerror: [m[Kâ€˜[01m[Kclass moveit::planning_interface::MoveGroupInterface[m[Kâ€™ has no member named â€˜[01m[KgetMaxVelocityScalingFactor[m[Kâ€™; did you mean â€˜[01m[KsetMaxVelocityScalingFactor[m[Kâ€™?
[3.367s]   184 |     double original_velocity = move_group_arm.[01;31m[KgetMaxVelocityScalingFactor[m[K();
[3.367s]       |                                               [01;31m[K^~~~~~~~~~~~~~~~~~~~~~~~~~~[m[K
[3.367s]       |                                               [32m[KsetMaxVelocityScalingFactor[m[K
[3.367s] [01m[K/home/steven/Documents/IIIIIIIII_TEST/command_endeffector_cartesian/src/ur5_endeffector_cartesian/src/ur5_ros2_cartesian.cpp:185:51:[m[K [01;31m[Kerror: [m[Kâ€˜[01m[Kclass moveit::planning_interface::MoveGroupInterface[m[Kâ€™ has no member named â€˜[01m[KgetMaxAccelerationScalingFactor[m[Kâ€™; did you mean â€˜[01m[KsetMaxAccelerationScalingFactor[m[Kâ€™?
[3.367s]   185 |     double original_acceleration = move_group_arm.[01;31m[KgetMaxAccelerationScalingFactor[m[K();
[3.367s]       |                                                   [01;31m[K^~~~~~~~~~~~~~~~~~~~~~~~~~~~~~~[m[K
[3.367s]       |                                                   [32m[KsetMaxAccelerationScalingFactor[m[K
[5.466s] gmake[2]: *** [CMakeFiles/ur5_ros2_cartesian.dir/build.make:76ï¼šCMakeFiles/ur5_ros2_cartesian.dir/src/ur5_ros2_cartesian.cpp.o] éŒ¯èª¤ 1
[5.466s] gmake[1]: *** [CMakeFiles/Makefile2:137ï¼šCMakeFiles/ur5_ros2_cartesian.dir/all] éŒ¯èª¤ 2
[5.466s] gmake: *** [Makefile:146ï¼šall] éŒ¯èª¤ 2
[5.468s] Invoked command in '/home/steven/Documents/IIIIIIIII_TEST/command_endeffector_cartesian/build/ur5_endeffector_cartesian' returned '2': CMAKE_PREFIX_PATH=${CMAKE_PREFIX_PATH}:/home/steven/ws_moveit2/install/moveit_configs_utils:/home/steven/ws_moveit2/install/launch_param_builder:/opt/ros/humble /usr/bin/cmake --build /home/steven/Documents/IIIIIIIII_TEST/command_endeffector_cartesian/build/ur5_endeffector_cartesian -- -j32 -l32
