[0.009s] Invoking command in '/home/steven/Documents/IIIIIIIII_TEST/command_endeffector_cartesian/build/ur5_endeffector_cartesian': CMAKE_PREFIX_PATH=${CMAKE_PREFIX_PATH}:/home/steven/ws_moveit2/install/moveit_configs_utils:/home/steven/ws_moveit2/install/launch_param_builder:/opt/ros/humble /usr/bin/cmake --build /home/steven/Documents/IIIIIIIII_TEST/command_endeffector_cartesian/build/ur5_endeffector_cartesian -- -j32 -l32
[0.057s] [35m[1mConsolidate compiler generated dependencies of target ur5_ros2_cartesian[0m
[0.078s] [ 50%] [32mBuilding CXX object CMakeFiles/ur5_ros2_cartesian.dir/src/ur5_ros2_cartesian.cpp.o[0m
[3.637s] [01m[K/home/steven/Documents/IIIIIIIII_TEST/command_endeffector_cartesian/src/ur5_endeffector_cartesian/src/ur5_ros2_cartesian.cpp:[m[K In member function â€˜[01m[Kvoid ArmController::executeDynamicVelocityTrajectory(const moveit::planning_interface::MoveGroupInterface::Plan&)[m[Kâ€™:
[3.637s] [01m[K/home/steven/Documents/IIIIIIIII_TEST/command_endeffector_cartesian/src/ur5_endeffector_cartesian/src/ur5_ros2_cartesian.cpp:107:32:[m[K [01;31m[Kerror: [m[Kpassing â€˜[01m[Kconst RobotTrajectory[m[Kâ€™ {aka â€˜[01m[Kconst moveit_msgs::msg::RobotTrajectory_<std::allocator<void> >[m[Kâ€™} as â€˜[01m[Kthis[m[Kâ€™ argument discards qualifiers [[01;31m[K]8;;https://gcc.gnu.org/onlinedocs/gcc/Warning-Options.html#index-fpermissive-fpermissive]8;;[m[K]
[3.637s]   107 |             plan.trajectory_ = [01;31m[Ktrajectory[m[K;
[3.637s]       |                                [01;31m[K^~~~~~~~~~[m[K
[3.637s] In file included from [01m[K/opt/ros/humble/include/moveit_msgs/moveit_msgs/msg/robot_trajectory.hpp:7[m[K,
[3.637s]                  from [01m[K/home/steven/ws_moveit2/install/moveit_ros_planning_interface/include/moveit/move_group_interface/move_group_interface.h:43[m[K,
[3.637s]                  from [01m[K/home/steven/Documents/IIIIIIIII_TEST/command_endeffector_cartesian/src/ur5_endeffector_cartesian/src/ur5_ros2_cartesian.cpp:2[m[K:
[3.637s] [01m[K/opt/ros/humble/include/moveit_msgs/moveit_msgs/msg/detail/robot_trajectory__struct.hpp:38:8:[m[K [01;36m[Knote: [m[K  in call to â€˜[01m[Kmoveit_msgs::msg::RobotTrajectory_<std::allocator<void> >& moveit_msgs::msg::RobotTrajectory_<std::allocator<void> >::operator=(const moveit_msgs::msg::RobotTrajectory_<std::allocator<void> >&)[m[Kâ€™
[3.637s]    38 | struct [01;36m[KRobotTrajectory_[m[K
[3.637s]       |        [01;36m[K^~~~~~~~~~~~~~~~[m[K
[3.637s] [01m[K/home/steven/Documents/IIIIIIIII_TEST/command_endeffector_cartesian/src/ur5_endeffector_cartesian/src/ur5_ros2_cartesian.cpp:112:37:[m[K [01;31m[Kerror: [m[Kâ€˜[01m[Kusing element_type = class moveit::planning_interface::MoveGroupInterface[m[Kâ€™ {aka â€˜[01m[Kclass moveit::planning_interface::MoveGroupInterface[m[Kâ€™} has no member named â€˜[01m[KgetState[m[Kâ€™
[3.637s]   112 |             while (move_group_arm_->[01;31m[KgetState[m[K().movementState == moveit::core::MoveItErrorCode::RUNNING) {
[3.638s]       |                                     [01;31m[K^~~~~~~~[m[K
[3.638s] [01m[K/home/steven/Documents/IIIIIIIII_TEST/command_endeffector_cartesian/src/ur5_endeffector_cartesian/src/ur5_ros2_cartesian.cpp:112:96:[m[K [01;31m[Kerror: [m[Kâ€˜[01m[KRUNNING[m[Kâ€™ is not a member of â€˜[01m[Kmoveit::core::MoveItErrorCode[m[Kâ€™
[3.638s]   112 |             while (move_group_arm_->getState().movementState == moveit::core::MoveItErrorCode::[01;31m[KRUNNING[m[K) {
[3.638s]       |                                                                                                [01;31m[K^~~~~~~[m[K
[5.763s] gmake[2]: *** [CMakeFiles/ur5_ros2_cartesian.dir/build.make:76ï¼šCMakeFiles/ur5_ros2_cartesian.dir/src/ur5_ros2_cartesian.cpp.o] éŒ¯èª¤ 1
[5.763s] gmake[1]: *** [CMakeFiles/Makefile2:137ï¼šCMakeFiles/ur5_ros2_cartesian.dir/all] éŒ¯èª¤ 2
[5.763s] gmake: *** [Makefile:146ï¼šall] éŒ¯èª¤ 2
[5.764s] Invoked command in '/home/steven/Documents/IIIIIIIII_TEST/command_endeffector_cartesian/build/ur5_endeffector_cartesian' returned '2': CMAKE_PREFIX_PATH=${CMAKE_PREFIX_PATH}:/home/steven/ws_moveit2/install/moveit_configs_utils:/home/steven/ws_moveit2/install/launch_param_builder:/opt/ros/humble /usr/bin/cmake --build /home/steven/Documents/IIIIIIIII_TEST/command_endeffector_cartesian/build/ur5_endeffector_cartesian -- -j32 -l32
