[35m[1mConsolidate compiler generated dependencies of target first_stage_endeffector[0m
[ 50%] [32mBuilding CXX object CMakeFiles/first_stage_endeffector.dir/src/first_stage_endeffector.cpp.o[0m
[01m[K/home/steven/ros2_ws/src/first_stage/src/first_stage_endeffector/src/first_stage_endeffector.cpp:[m[K In member function â€˜[01m[Kvoid RobotController::moveToFinalPosition()[m[Kâ€™:
[01m[K/home/steven/ros2_ws/src/first_stage/src/first_stage_endeffector/src/first_stage_endeffector.cpp:186:12:[m[K [01;31m[Kerror: [m[Kâ€˜[01m[Kfront[m[Kâ€™ was not declared in this scope; did you mean â€˜[01m[Kboost::mpl::front[m[Kâ€™?
  186 |       case [01;31m[Kfront[m[K: // æ­£é¢
      |            [01;31m[K^~~~~[m[K
      |            [32m[Kboost::mpl::front[m[K
In file included from [01m[K/usr/include/boost/mpl/list/aux_/front.hpp:17[m[K,
                 from [01m[K/usr/include/boost/mpl/list/list0.hpp:22[m[K,
                 from [01m[K/usr/include/boost/mpl/list/list10.hpp:18[m[K,
                 from [01m[K/usr/include/boost/mpl/list/list20.hpp:18[m[K,
                 from [01m[K/usr/include/boost/mpl/list.hpp:36[m[K,
                 from [01m[K/usr/include/boost/variant/detail/make_variant_list.hpp:18[m[K,
                 from [01m[K/usr/include/boost/variant/variant.hpp:31[m[K,
                 from [01m[K/usr/include/boost/signals2/slot_base.hpp:22[m[K,
                 from [01m[K/usr/include/boost/signals2/detail/tracked_objects_visitor.hpp:18[m[K,
                 from [01m[K/usr/include/boost/signals2/slot.hpp:22[m[K,
                 from [01m[K/usr/include/boost/signals2/connection.hpp:24[m[K,
                 from [01m[K/usr/include/boost/signals2/signal.hpp:22[m[K,
                 from [01m[K/usr/include/boost/signals2.hpp:19[m[K,
                 from [01m[K/opt/ros/humble/include/moveit/planning_scene_monitor/current_state_monitor.h:45[m[K,
                 from [01m[K/opt/ros/humble/include/moveit/planning_scene_monitor/planning_scene_monitor.h:46[m[K,
                 from [01m[K/home/steven/ws_moveit2/install/moveit_visual_tools/include/moveit_visual_tools/moveit_visual_tools.h:41[m[K,
                 from [01m[K/home/steven/ros2_ws/src/first_stage/src/first_stage_endeffector/src/first_stage_endeffector.cpp:6[m[K:
[01m[K/usr/include/boost/mpl/front_fwd.hpp:20:38:[m[K [01;36m[Knote: [m[Kâ€˜[01m[Kboost::mpl::front[m[Kâ€™ declared here
   20 | template< typename Sequence > struct [01;36m[Kfront[m[K;
      |                                      [01;36m[K^~~~~[m[K
[01m[K/home/steven/ros2_ws/src/first_stage/src/first_stage_endeffector/src/first_stage_endeffector.cpp:208:12:[m[K [01;31m[Kerror: [m[Kâ€˜[01m[Kside[m[Kâ€™ was not declared in this scope
  208 |       case [01;31m[Kside[m[K: // å´é¢
      |            [01;31m[K^~~~[m[K
[01m[K/home/steven/ros2_ws/src/first_stage/src/first_stage_endeffector/src/first_stage_endeffector.cpp:230:12:[m[K [01;31m[Kerror: [m[Kâ€˜[01m[Kback[m[Kâ€™ was not declared in this scope
  230 |       case [01;31m[Kback[m[K: // åé¢
      |            [01;31m[K^~~~[m[K
gmake[2]: *** [CMakeFiles/first_stage_endeffector.dir/build.make:76ï¼šCMakeFiles/first_stage_endeffector.dir/src/first_stage_endeffector.cpp.o] éŒ¯èª¤ 1
gmake[1]: *** [CMakeFiles/Makefile2:137ï¼šCMakeFiles/first_stage_endeffector.dir/all] éŒ¯èª¤ 2
gmake: *** [Makefile:146ï¼šall] éŒ¯èª¤ 2
