[0.016s] Invoking command in '/home/steven/ros2_ws/src/first_stage/build/first_stage_endeffector': CMAKE_PREFIX_PATH=${CMAKE_PREFIX_PATH}:/home/steven/ros2_ws/src/first_stage/install/first_stage_rg2:/home/steven/ws_moveit2/install/moveit_configs_utils:/home/steven/ws_moveit2/install/launch_param_builder:/opt/ros/humble /usr/bin/cmake --build /home/steven/ros2_ws/src/first_stage/build/first_stage_endeffector -- -j32 -l32
[0.067s] [35m[1mConsolidate compiler generated dependencies of target first_stage_endeffector[0m
[0.092s] [ 50%] [32mBuilding CXX object CMakeFiles/first_stage_endeffector.dir/src/first_stage_endeffector.cpp.o[0m
[4.220s] [01m[K/home/steven/ros2_ws/src/first_stage/src/first_stage_endeffector/src/first_stage_endeffector.cpp:[m[K In member function ‚Äò[01m[Kvoid RobotController::moveToFinalPosition()[m[K‚Äô:
[4.220s] [01m[K/home/steven/ros2_ws/src/first_stage/src/first_stage_endeffector/src/first_stage_endeffector.cpp:186:12:[m[K [01;31m[Kerror: [m[K‚Äò[01m[Kfront[m[K‚Äô was not declared in this scope; did you mean ‚Äò[01m[Kboost::mpl::front[m[K‚Äô?
[4.220s]   186 |       case [01;31m[Kfront[m[K: // Ê≠£Èù¢
[4.221s]       |            [01;31m[K^~~~~[m[K
[4.221s]       |            [32m[Kboost::mpl::front[m[K
[4.221s] In file included from [01m[K/usr/include/boost/mpl/list/aux_/front.hpp:17[m[K,
[4.221s]                  from [01m[K/usr/include/boost/mpl/list/list0.hpp:22[m[K,
[4.221s]                  from [01m[K/usr/include/boost/mpl/list/list10.hpp:18[m[K,
[4.221s]                  from [01m[K/usr/include/boost/mpl/list/list20.hpp:18[m[K,
[4.221s]                  from [01m[K/usr/include/boost/mpl/list.hpp:36[m[K,
[4.221s]                  from [01m[K/usr/include/boost/variant/detail/make_variant_list.hpp:18[m[K,
[4.221s]                  from [01m[K/usr/include/boost/variant/variant.hpp:31[m[K,
[4.221s]                  from [01m[K/usr/include/boost/signals2/slot_base.hpp:22[m[K,
[4.221s]                  from [01m[K/usr/include/boost/signals2/detail/tracked_objects_visitor.hpp:18[m[K,
[4.221s]                  from [01m[K/usr/include/boost/signals2/slot.hpp:22[m[K,
[4.221s]                  from [01m[K/usr/include/boost/signals2/connection.hpp:24[m[K,
[4.221s]                  from [01m[K/usr/include/boost/signals2/signal.hpp:22[m[K,
[4.221s]                  from [01m[K/usr/include/boost/signals2.hpp:19[m[K,
[4.221s]                  from [01m[K/opt/ros/humble/include/moveit/planning_scene_monitor/current_state_monitor.h:45[m[K,
[4.221s]                  from [01m[K/opt/ros/humble/include/moveit/planning_scene_monitor/planning_scene_monitor.h:46[m[K,
[4.221s]                  from [01m[K/home/steven/ws_moveit2/install/moveit_visual_tools/include/moveit_visual_tools/moveit_visual_tools.h:41[m[K,
[4.221s]                  from [01m[K/home/steven/ros2_ws/src/first_stage/src/first_stage_endeffector/src/first_stage_endeffector.cpp:6[m[K:
[4.221s] [01m[K/usr/include/boost/mpl/front_fwd.hpp:20:38:[m[K [01;36m[Knote: [m[K‚Äò[01m[Kboost::mpl::front[m[K‚Äô declared here
[4.221s]    20 | template< typename Sequence > struct [01;36m[Kfront[m[K;
[4.221s]       |                                      [01;36m[K^~~~~[m[K
[4.226s] [01m[K/home/steven/ros2_ws/src/first_stage/src/first_stage_endeffector/src/first_stage_endeffector.cpp:208:12:[m[K [01;31m[Kerror: [m[K‚Äò[01m[Kside[m[K‚Äô was not declared in this scope
[4.226s]   208 |       case [01;31m[Kside[m[K: // ÂÅ¥Èù¢
[4.226s]       |            [01;31m[K^~~~[m[K
[4.230s] [01m[K/home/steven/ros2_ws/src/first_stage/src/first_stage_endeffector/src/first_stage_endeffector.cpp:230:12:[m[K [01;31m[Kerror: [m[K‚Äò[01m[Kback[m[K‚Äô was not declared in this scope
[4.231s]   230 |       case [01;31m[Kback[m[K: // ÂèçÈù¢
[4.231s]       |            [01;31m[K^~~~[m[K
[8.350s] gmake[2]: *** [CMakeFiles/first_stage_endeffector.dir/build.make:76ÔºöCMakeFiles/first_stage_endeffector.dir/src/first_stage_endeffector.cpp.o] ÈåØË™§ 1
[8.350s] gmake[1]: *** [CMakeFiles/Makefile2:137ÔºöCMakeFiles/first_stage_endeffector.dir/all] ÈåØË™§ 2
[8.350s] gmake: *** [Makefile:146Ôºöall] ÈåØË™§ 2
[8.352s] Invoked command in '/home/steven/ros2_ws/src/first_stage/build/first_stage_endeffector' returned '2': CMAKE_PREFIX_PATH=${CMAKE_PREFIX_PATH}:/home/steven/ros2_ws/src/first_stage/install/first_stage_rg2:/home/steven/ws_moveit2/install/moveit_configs_utils:/home/steven/ws_moveit2/install/launch_param_builder:/opt/ros/humble /usr/bin/cmake --build /home/steven/ros2_ws/src/first_stage/build/first_stage_endeffector -- -j32 -l32
