[ 50%] [32mBuilding CXX object CMakeFiles/first_stage_endeffector.dir/src/first_stage_endeffector.cpp.o[0m
[01m[K/home/steven/ros2_ws/src/first_stage/src/first_stage_endeffector/src/first_stage_endeffector.cpp:[m[K In member function â€˜[01m[Kvoid RobotController::coordinatesCallback(geometry_msgs::msg::Point_<std::allocator<void> >::SharedPtr)[m[Kâ€™:
[01m[K/home/steven/ros2_ws/src/first_stage/src/first_stage_endeffector/src/first_stage_endeffector.cpp:125:36:[m[K [01;31m[Kerror: [m[Kâ€˜[01m[Kclass std::shared_ptr<moveit::planning_interface::MoveGroupInterface>[m[Kâ€™ has no member named â€˜[01m[KcomputeCartesianPath[m[Kâ€™
  125 |   double fraction = move_group_arm.[01;31m[KcomputeCartesianPath[m[K(approach_waypoints, eef_step, jump_threshold, trajectory_approach);
      |                                    [01;31m[K^~~~~~~~~~~~~~~~~~~~[m[K
[01m[K/home/steven/ros2_ws/src/first_stage/src/first_stage_endeffector/src/first_stage_endeffector.cpp:130:20:[m[K [01;31m[Kerror: [m[Kâ€˜[01m[Kclass std::shared_ptr<moveit::planning_interface::MoveGroupInterface>[m[Kâ€™ has no member named â€˜[01m[Kexecute[m[Kâ€™
  130 |     move_group_arm.[01;31m[Kexecute[m[K(trajectory_approach);
      |                    [01;31m[K^~~~~~~[m[K
[01m[K/home/steven/ros2_ws/src/first_stage/src/first_stage_endeffector/src/first_stage_endeffector.cpp:135:23:[m[K [01;31m[Kerror: [m[Kâ€˜[01m[Kmove_group_node[m[Kâ€™ was not declared in this scope; did you mean â€˜[01m[Kmove_group_arm[m[Kâ€™?
  135 |   gripper_publisher = [01;31m[Kmove_group_node[m[K->create_publisher<std_msgs::msg::Int32MultiArray>("custom_gripper", 10);
      |                       [01;31m[K^~~~~~~~~~~~~~~[m[K
      |                       [32m[Kmove_group_arm[m[K
[01m[K/home/steven/ros2_ws/src/first_stage/src/first_stage_endeffector/src/first_stage_endeffector.cpp:135:87:[m[K [01;31m[Kerror: [m[Kexpected primary-expression before â€˜[01m[K>[m[Kâ€™ token
  135 |   gripper_publisher = move_group_node->create_publisher<std_msgs::msg::Int32MultiArray[01;31m[K>[m[K("custom_gripper", 10);
      |                                                                                       [01;31m[K^[m[K
[01m[K/home/steven/ros2_ws/src/first_stage/src/first_stage_endeffector/src/first_stage_endeffector.cpp:135:89:[m[K [01;35m[Kwarning: [m[Kleft operand of comma operator has no effect [[01;35m[K]8;;https://gcc.gnu.org/onlinedocs/gcc/Warning-Options.html#index-Wunused-value-Wunused-value]8;;[m[K]
  135 |   gripper_publisher = move_group_node->create_publisher<std_msgs::msg::Int32MultiArray>([01;35m[K"custom_gripper"[m[K, 10);
      |                                                                                         [01;35m[K^~~~~~~~~~~~~~~~[m[K
[01m[K/home/steven/ros2_ws/src/first_stage/src/first_stage_endeffector/src/first_stage_endeffector.cpp:137:3:[m[K [01;31m[Kerror: [m[Kâ€˜[01m[Kgripper_width[m[Kâ€™ was not declared in this scope
  137 |   [01;31m[Kgripper_width[m[K = -8;
      |   [01;31m[K^~~~~~~~~~~~~[m[K
[01m[K/home/steven/ros2_ws/src/first_stage/src/first_stage_endeffector/src/first_stage_endeffector.cpp:138:3:[m[K [01;31m[Kerror: [m[Kâ€˜[01m[Kgripper_force[m[Kâ€™ was not declared in this scope
  138 |   [01;31m[Kgripper_force[m[K = 10;
      |   [01;31m[K^~~~~~~~~~~~~[m[K
[01m[K/home/steven/ros2_ws/src/first_stage/src/first_stage_endeffector/src/first_stage_endeffector.cpp:158:29:[m[K [01;31m[Kerror: [m[Kâ€˜[01m[Kclass std::shared_ptr<moveit::planning_interface::MoveGroupInterface>[m[Kâ€™ has no member named â€˜[01m[KcomputeCartesianPath[m[Kâ€™
  158 |   fraction = move_group_arm.[01;31m[KcomputeCartesianPath[m[K(post_grasp_waypoints, eef_step, jump_threshold, trajectory_post_grasp);
      |                             [01;31m[K^~~~~~~~~~~~~~~~~~~~[m[K
[01m[K/home/steven/ros2_ws/src/first_stage/src/first_stage_endeffector/src/first_stage_endeffector.cpp:163:20:[m[K [01;31m[Kerror: [m[Kâ€˜[01m[Kclass std::shared_ptr<moveit::planning_interface::MoveGroupInterface>[m[Kâ€™ has no member named â€˜[01m[Kexecute[m[Kâ€™
  163 |     move_group_arm.[01;31m[Kexecute[m[K(trajectory_post_grasp);
      |                    [01;31m[K^~~~~~~[m[K
[01m[K/home/steven/ros2_ws/src/first_stage/src/first_stage_endeffector/src/first_stage_endeffector.cpp:175:29:[m[K [01;31m[Kerror: [m[Kâ€˜[01m[Kclass std::shared_ptr<moveit::planning_interface::MoveGroupInterface>[m[Kâ€™ has no member named â€˜[01m[KcomputeCartesianPath[m[Kâ€™
  175 |   fraction = move_group_arm.[01;31m[KcomputeCartesianPath[m[K(move_x_waypoints, eef_step, jump_threshold, trajectory_move_x);
      |                             [01;31m[K^~~~~~~~~~~~~~~~~~~~[m[K
[01m[K/home/steven/ros2_ws/src/first_stage/src/first_stage_endeffector/src/first_stage_endeffector.cpp:180:20:[m[K [01;31m[Kerror: [m[Kâ€˜[01m[Kclass std::shared_ptr<moveit::planning_interface::MoveGroupInterface>[m[Kâ€™ has no member named â€˜[01m[Kexecute[m[Kâ€™
  180 |     move_group_arm.[01;31m[Kexecute[m[K(trajectory_move_x);
      |                    [01;31m[K^~~~~~~[m[K
[01m[K/home/steven/ros2_ws/src/first_stage/src/first_stage_endeffector/src/first_stage_endeffector.cpp:192:29:[m[K [01;31m[Kerror: [m[Kâ€˜[01m[Kclass std::shared_ptr<moveit::planning_interface::MoveGroupInterface>[m[Kâ€™ has no member named â€˜[01m[KcomputeCartesianPath[m[Kâ€™
  192 |   fraction = move_group_arm.[01;31m[KcomputeCartesianPath[m[K(move_z_down_waypoints, eef_step, jump_threshold, trajectory_move_z_down);
      |                             [01;31m[K^~~~~~~~~~~~~~~~~~~~[m[K
[01m[K/home/steven/ros2_ws/src/first_stage/src/first_stage_endeffector/src/first_stage_endeffector.cpp:197:20:[m[K [01;31m[Kerror: [m[Kâ€˜[01m[Kclass std::shared_ptr<moveit::planning_interface::MoveGroupInterface>[m[Kâ€™ has no member named â€˜[01m[Kexecute[m[Kâ€™
  197 |     move_group_arm.[01;31m[Kexecute[m[K(trajectory_move_z_down);
      |                    [01;31m[K^~~~~~~[m[K
gmake[2]: *** [CMakeFiles/first_stage_endeffector.dir/build.make:76ï¼šCMakeFiles/first_stage_endeffector.dir/src/first_stage_endeffector.cpp.o] éŒ¯èª¤ 1
gmake[1]: *** [CMakeFiles/Makefile2:137ï¼šCMakeFiles/first_stage_endeffector.dir/all] éŒ¯èª¤ 2
gmake: *** [Makefile:146ï¼šall] éŒ¯èª¤ 2
