[0.008s] Invoking command in '/home/steven/ros2_ws/src/first_stage/src/first_stage_endeffector/build/first_stage_endeffector': CMAKE_PREFIX_PATH=${CMAKE_PREFIX_PATH}:/home/steven/ws_moveit2/install/moveit_configs_utils:/home/steven/ws_moveit2/install/launch_param_builder:/opt/ros/humble /usr/bin/cmake --build /home/steven/ros2_ws/src/first_stage/src/first_stage_endeffector/build/first_stage_endeffector -- -j32 -l32
[0.060s] [ 50%] [32mBuilding CXX object CMakeFiles/first_stage_endeffector.dir/src/first_stage_endeffector.cpp.o[0m
[3.561s] [01m[K/home/steven/ros2_ws/src/first_stage/src/first_stage_endeffector/src/first_stage_endeffector.cpp:580:8:[m[K [01;31m[Kerror: [m[Kâ€˜[01m[Kbool RobotController::moveToFinalPosition()[m[Kâ€™ cannot be overloaded with â€˜[01m[Kbool RobotController::moveToFinalPosition()[m[Kâ€™
[3.561s]   580 |   bool [01;31m[KmoveToFinalPosition[m[K()
[3.561s]       |        [01;31m[K^~~~~~~~~~~~~~~~~~~[m[K
[3.561s] [01m[K/home/steven/ros2_ws/src/first_stage/src/first_stage_endeffector/src/first_stage_endeffector.cpp:370:8:[m[K [01;36m[Knote: [m[Kprevious declaration â€˜[01m[Kbool RobotController::moveToFinalPosition()[m[Kâ€™
[3.561s]   370 |   bool [01;36m[KmoveToFinalPosition[m[K()
[3.561s]       |        [01;36m[K^~~~~~~~~~~~~~~~~~~[m[K
[3.575s] [01m[K/home/steven/ros2_ws/src/first_stage/src/first_stage_endeffector/src/first_stage_endeffector.cpp:[m[K In member function â€˜[01m[Kvoid RobotController::timerCallback()[m[Kâ€™:
[3.575s] [01m[K/home/steven/ros2_ws/src/first_stage/src/first_stage_endeffector/src/first_stage_endeffector.cpp:89:12:[m[K [01;35m[Kwarning: [m[Kenumeration value â€˜[01m[KMOVE_TO_INTERMEDIATE[m[Kâ€™ not handled in switch [[01;35m[K]8;;https://gcc.gnu.org/onlinedocs/gcc/Warning-Options.html#index-Wswitch-Wswitch]8;;[m[K]
[3.575s]    89 |     switch [01;35m[K([m[Kstate_) {
[3.575s]       |            [01;35m[K^[m[K
[3.575s] [01m[K/home/steven/ros2_ws/src/first_stage/src/first_stage_endeffector/src/first_stage_endeffector.cpp:89:12:[m[K [01;35m[Kwarning: [m[Kenumeration value â€˜[01m[KWAIT_AFTER_INTERMEDIATE[m[Kâ€™ not handled in switch [[01;35m[K]8;;https://gcc.gnu.org/onlinedocs/gcc/Warning-Options.html#index-Wswitch-Wswitch]8;;[m[K]
[3.575s] [01m[K/home/steven/ros2_ws/src/first_stage/src/first_stage_endeffector/src/first_stage_endeffector.cpp:89:12:[m[K [01;35m[Kwarning: [m[Kenumeration value â€˜[01m[KWAIT_FOR_COORDINATES[m[Kâ€™ not handled in switch [[01;35m[K]8;;https://gcc.gnu.org/onlinedocs/gcc/Warning-Options.html#index-Wswitch-Wswitch]8;;[m[K]
[3.575s] [01m[K/home/steven/ros2_ws/src/first_stage/src/first_stage_endeffector/src/first_stage_endeffector.cpp:89:12:[m[K [01;35m[Kwarning: [m[Kenumeration value â€˜[01m[KMOVE_TO_OBJECT[m[Kâ€™ not handled in switch [[01;35m[K]8;;https://gcc.gnu.org/onlinedocs/gcc/Warning-Options.html#index-Wswitch-Wswitch]8;;[m[K]
[3.575s] [01m[K/home/steven/ros2_ws/src/first_stage/src/first_stage_endeffector/src/first_stage_endeffector.cpp:89:12:[m[K [01;35m[Kwarning: [m[Kenumeration value â€˜[01m[KGRASP_OBJECT[m[Kâ€™ not handled in switch [[01;35m[K]8;;https://gcc.gnu.org/onlinedocs/gcc/Warning-Options.html#index-Wswitch-Wswitch]8;;[m[K]
[3.575s] [01m[K/home/steven/ros2_ws/src/first_stage/src/first_stage_endeffector/src/first_stage_endeffector.cpp:89:12:[m[K [01;35m[Kwarning: [m[Kenumeration value â€˜[01m[KCHECK_GRASP[m[Kâ€™ not handled in switch [[01;35m[K]8;;https://gcc.gnu.org/onlinedocs/gcc/Warning-Options.html#index-Wswitch-Wswitch]8;;[m[K]
[3.575s] [01m[K/home/steven/ros2_ws/src/first_stage/src/first_stage_endeffector/src/first_stage_endeffector.cpp:89:12:[m[K [01;35m[Kwarning: [m[Kenumeration value â€˜[01m[KRELEASE_OBJECT[m[Kâ€™ not handled in switch [[01;35m[K]8;;https://gcc.gnu.org/onlinedocs/gcc/Warning-Options.html#index-Wswitch-Wswitch]8;;[m[K]
[7.543s] gmake[2]: *** [CMakeFiles/first_stage_endeffector.dir/build.make:76ï¼šCMakeFiles/first_stage_endeffector.dir/src/first_stage_endeffector.cpp.o] éŒ¯èª¤ 1
[7.543s] gmake[1]: *** [CMakeFiles/Makefile2:137ï¼šCMakeFiles/first_stage_endeffector.dir/all] éŒ¯èª¤ 2
[7.543s] gmake: *** [Makefile:146ï¼šall] éŒ¯èª¤ 2
[7.545s] Invoked command in '/home/steven/ros2_ws/src/first_stage/src/first_stage_endeffector/build/first_stage_endeffector' returned '2': CMAKE_PREFIX_PATH=${CMAKE_PREFIX_PATH}:/home/steven/ws_moveit2/install/moveit_configs_utils:/home/steven/ws_moveit2/install/launch_param_builder:/opt/ros/humble /usr/bin/cmake --build /home/steven/ros2_ws/src/first_stage/src/first_stage_endeffector/build/first_stage_endeffector -- -j32 -l32
