[01m[K/home/steven/Documents/IIIIIIIII_TEST/command_endeffector_cartesian/src/ur5_endeffector_cartesian/src/ur5_ros2_cartesian.cpp:[m[K In member function ‘[01m[Kvoid UR5Control::setupDirections()[m[K’:
[01m[K/home/steven/Documents/IIIIIIIII_TEST/command_endeffector_cartesian/src/ur5_endeffector_cartesian/src/ur5_ros2_cartesian.cpp:53:9:[m[K [01;31m[Kerror: [m[K‘[01m[Kfixed_distance_move[m[K’ was not declared in this scope
   53 |         [01;31m[Kfixed_distance_move[m[K = false;  // 新增成員變數
      |         [01;31m[K^~~~~~~~~~~~~~~~~~~[m[K
[01m[K/home/steven/Documents/IIIIIIIII_TEST/command_endeffector_cartesian/src/ur5_endeffector_cartesian/src/ur5_ros2_cartesian.cpp:[m[K In member function ‘[01m[Kbool UR5Control::switchToNextDirection()[m[K’:
[01m[K/home/steven/Documents/IIIIIIIII_TEST/command_endeffector_cartesian/src/ur5_endeffector_cartesian/src/ur5_ros2_cartesian.cpp:100:13:[m[K [01;31m[Kerror: [m[K‘[01m[Kfixed_distance_move[m[K’ was not declared in this scope
  100 |             [01;31m[Kfixed_distance_move[m[K = true;
      |             [01;31m[K^~~~~~~~~~~~~~~~~~~[m[K
[01m[K/home/steven/Documents/IIIIIIIII_TEST/command_endeffector_cartesian/src/ur5_endeffector_cartesian/src/ur5_ros2_cartesian.cpp:108:9:[m[K [01;31m[Kerror: [m[K‘[01m[Kfixed_distance_move[m[K’ was not declared in this scope
  108 |         [01;31m[Kfixed_distance_move[m[K = false;
      |         [01;31m[K^~~~~~~~~~~~~~~~~~~[m[K
gmake[2]: *** [CMakeFiles/ur5_ros2_cartesian.dir/build.make:76：CMakeFiles/ur5_ros2_cartesian.dir/src/ur5_ros2_cartesian.cpp.o] 錯誤 1
gmake[1]: *** [CMakeFiles/Makefile2:137：CMakeFiles/ur5_ros2_cartesian.dir/all] 錯誤 2
gmake: *** [Makefile:146：all] 錯誤 2
