[0.016s] Invoking command in '/home/steven/ros2_ws/src/first_stage/build/first_stage_endeffector': CMAKE_PREFIX_PATH=${CMAKE_PREFIX_PATH}:/home/steven/Documents/IIIIIIIII_TEST/first_stage/src/first_stage_endeffector/install/first_stage_endeffector:/home/steven/ros2_ws/install/zed_receiver:/home/steven/ros2_ws/install/zed_camera_publisher:/home/steven/ros2_ws/install/yolov8_realsense:/home/steven/ros2_ws/install/ur5_control:/home/steven/ros2_ws/install/ur5:/home/steven/ros2_ws/install/udp_publisher:/home/steven/ros2_ws/install/rg2:/home/steven/ros2_ws/install/moveit_configs_utils:/home/steven/ros2_ws/install/lego_grasping:/home/steven/ros2_ws/install/first_stage_rg2:/home/steven/ros2_ws/src/first_stage/install/first_stage_rg2:/home/steven/Documents/IIIIIIIII_TEST/first_stage/install/first_stage_rg2:/home/steven/ws_moveit2/install/moveit_configs_utils:/home/steven/ws_moveit2/install/launch_param_builder:/opt/ros/humble /usr/bin/cmake --build /home/steven/ros2_ws/src/first_stage/build/first_stage_endeffector -- -j32 -l32
[0.074s] [ 50%] [32mBuilding CXX object CMakeFiles/first_stage_endeffector.dir/src/first_stage_endeffector.cpp.o[0m
[4.164s] [01m[K/home/steven/ros2_ws/src/first_stage/src/first_stage_endeffector/src/first_stage_endeffector.cpp:265:36:[m[K [01;31m[Kerror: [m[Kâ€˜[01m[KInt32MultiArray[m[Kâ€™ is not a member of â€˜[01m[Kstd_msgs::msg[m[Kâ€™
[4.164s]   265 |   rclcpp::Publisher<std_msgs::msg::[01;31m[KInt32MultiArray[m[K>::SharedPtr gripper_publisher;
[4.164s]       |                                    [01;31m[K^~~~~~~~~~~~~~~[m[K
[4.164s] [01m[K/home/steven/ros2_ws/src/first_stage/src/first_stage_endeffector/src/first_stage_endeffector.cpp:265:51:[m[K [01;31m[Kerror: [m[Ktemplate argument 1 is invalid
[4.164s]   265 |   rclcpp::Publisher<std_msgs::msg::Int32MultiArray[01;31m[K>[m[K::SharedPtr gripper_publisher;
[4.164s]       |                                                   [01;31m[K^[m[K
[4.164s] [01m[K/home/steven/ros2_ws/src/first_stage/src/first_stage_endeffector/src/first_stage_endeffector.cpp:265:54:[m[K [01;31m[Kerror: [m[Kexpected â€˜[01m[K;[m[Kâ€™ at end of member declaration
[4.164s]   265 |   rclcpp::Publisher<std_msgs::msg::Int32MultiArray>::[01;31m[KSharedPtr[m[K gripper_publisher;
[4.164s]       |                                                      [01;31m[K^~~~~~~~~[m[K
[4.164s]       |                                                               [32m[K;[m[K
[4.170s] [01m[K/home/steven/ros2_ws/src/first_stage/src/first_stage_endeffector/src/first_stage_endeffector.cpp:265:64:[m[K [01;31m[Kerror: [m[Kâ€˜[01m[Kgripper_publisher[m[Kâ€™ does not name a type
[4.170s]   265 |   rclcpp::Publisher<std_msgs::msg::Int32MultiArray>::SharedPtr [01;31m[Kgripper_publisher[m[K;
[4.170s]       |                                                                [01;31m[K^~~~~~~~~~~~~~~~~[m[K
[4.186s] [01m[K/home/steven/ros2_ws/src/first_stage/src/first_stage_endeffector/src/first_stage_endeffector.cpp:[m[K In constructor â€˜[01m[KRobotController::RobotController()[m[Kâ€™:
[4.186s] [01m[K/home/steven/ros2_ws/src/first_stage/src/first_stage_endeffector/src/first_stage_endeffector.cpp:32:5:[m[K [01;31m[Kerror: [m[Kâ€˜[01m[Kgripper_publisher[m[Kâ€™ was not declared in this scope; did you mean â€˜[01m[Kcreate_publisher[m[Kâ€™?
[4.186s]    32 |     [01;31m[Kgripper_publisher[m[K = this->create_publisher<std_msgs::msg::Int32MultiArray>("custom_gripper", 10);
[4.186s]       |     [01;31m[K^~~~~~~~~~~~~~~~~[m[K
[4.186s]       |     [32m[Kcreate_publisher[m[K
[4.187s] [01m[K/home/steven/ros2_ws/src/first_stage/src/first_stage_endeffector/src/first_stage_endeffector.cpp:32:63:[m[K [01;31m[Kerror: [m[Kâ€˜[01m[KInt32MultiArray[m[Kâ€™ is not a member of â€˜[01m[Kstd_msgs::msg[m[Kâ€™
[4.187s]    32 |     gripper_publisher = this->create_publisher<std_msgs::msg::[01;31m[KInt32MultiArray[m[K>("custom_gripper", 10);
[4.187s]       |                                                               [01;31m[K^~~~~~~~~~~~~~~[m[K
[4.187s] [01m[K/home/steven/ros2_ws/src/first_stage/src/first_stage_endeffector/src/first_stage_endeffector.cpp:32:79:[m[K [01;31m[Kerror: [m[Kno matching function for call to â€˜[01m[KRobotController::create_publisher<<expression error> >(const char [15], int)[m[Kâ€™
[4.187s]    32 |     gripper_publisher = [01;31m[Kthis->create_publisher<std_msgs::msg::Int32MultiArray>("custom_gripper", 10)[m[K;
[4.187s]       |                         [01;31m[K~~~~~~~~~~~~~~~~~~~~~~~~~~~~~~~~~~~~~~~~~~~~~~~~~~~~~~^~~~~~~~~~~~~~~~~~~~~~[m[K
[4.187s] In file included from [01m[K/opt/ros/humble/include/rclcpp/rclcpp/executors/single_threaded_executor.hpp:28[m[K,
[4.187s]                  from [01m[K/opt/ros/humble/include/rclcpp/rclcpp/executors.hpp:22[m[K,
[4.187s]                  from [01m[K/opt/ros/humble/include/rclcpp/rclcpp/rclcpp.hpp:155[m[K,
[4.187s]                  from [01m[K/home/steven/ros2_ws/src/first_stage/src/first_stage_endeffector/src/first_stage_endeffector.cpp:1[m[K:
[4.187s] [01m[K/opt/ros/humble/include/rclcpp/rclcpp/node.hpp:195:3:[m[K [01;36m[Knote: [m[Kcandidate: â€˜[01m[Ktemplate<class MessageT, class AllocatorT, class PublisherT> std::shared_ptr<PublisherT> rclcpp::Node::create_publisher(const string&, const rclcpp::QoS&, const rclcpp::PublisherOptionsWithAllocator<AllocatorT>&)[m[Kâ€™
[4.187s]   195 |   [01;36m[Kcreate_publisher[m[K(
[4.187s]       |   [01;36m[K^~~~~~~~~~~~~~~~[m[K
[4.187s] [01m[K/opt/ros/humble/include/rclcpp/rclcpp/node.hpp:195:3:[m[K [01;36m[Knote: [m[K  template argument deduction/substitution failed:
[4.187s] [01m[K/home/steven/ros2_ws/src/first_stage/src/first_stage_endeffector/src/first_stage_endeffector.cpp:32:79:[m[K [01;31m[Kerror: [m[Ktemplate argument 1 is invalid
[4.187s]    32 |     gripper_publisher = [01;31m[Kthis->create_publisher<std_msgs::msg::Int32MultiArray>("custom_gripper", 10)[m[K;
[4.187s]       |                         [01;31m[K~~~~~~~~~~~~~~~~~~~~~~~~~~~~~~~~~~~~~~~~~~~~~~~~~~~~~~^~~~~~~~~~~~~~~~~~~~~~[m[K
[4.208s] [01m[K/home/steven/ros2_ws/src/first_stage/src/first_stage_endeffector/src/first_stage_endeffector.cpp:[m[K In member function â€˜[01m[Kvoid RobotController::performFrontAction()[m[Kâ€™:
[4.208s] [01m[K/home/steven/ros2_ws/src/first_stage/src/first_stage_endeffector/src/first_stage_endeffector.cpp:197:5:[m[K [01;31m[Kerror: [m[Kâ€˜[01m[Knew_pose[m[Kâ€™ was not declared in this scope; did you mean â€˜[01m[Knew_pose_id0[m[Kâ€™?
[4.208s]   197 |     [01;31m[Knew_pose[m[K.orientation.x = 0.0;
[4.208s]       |     [01;31m[K^~~~~~~~[m[K
[4.208s]       |     [32m[Knew_pose_id0[m[K
[4.209s] [01m[K/home/steven/ros2_ws/src/first_stage/src/first_stage_endeffector/src/first_stage_endeffector.cpp:[m[K In member function â€˜[01m[Kvoid RobotController::performSideAction()[m[Kâ€™:
[4.209s] [01m[K/home/steven/ros2_ws/src/first_stage/src/first_stage_endeffector/src/first_stage_endeffector.cpp:211:5:[m[K [01;31m[Kerror: [m[Kexpected initializer before â€˜[01m[Knew_pose[m[Kâ€™
[4.209s]   211 |     [01;31m[Knew_pose[m[K.orientation.x = 0.0;
[4.209s]       |     [01;31m[K^~~~~~~~[m[K
[4.214s] [01m[K/home/steven/ros2_ws/src/first_stage/src/first_stage_endeffector/src/first_stage_endeffector.cpp:212:5:[m[K [01;31m[Kerror: [m[Kâ€˜[01m[Knew_pose[m[Kâ€™ was not declared in this scope
[4.214s]   212 |     [01;31m[Knew_pose[m[K.orientation.y = 0.707;
[4.214s]       |     [01;31m[K^~~~~~~~[m[K
[4.221s] [01m[K/home/steven/ros2_ws/src/first_stage/src/first_stage_endeffector/src/first_stage_endeffector.cpp:[m[K In member function â€˜[01m[Kvoid RobotController::performBackAction()[m[Kâ€™:
[4.221s] [01m[K/home/steven/ros2_ws/src/first_stage/src/first_stage_endeffector/src/first_stage_endeffector.cpp:225:5:[m[K [01;31m[Kerror: [m[Kâ€˜[01m[Knew_pose[m[Kâ€™ was not declared in this scope; did you mean â€˜[01m[Knew_pose_id2[m[Kâ€™?
[4.221s]   225 |     [01;31m[Knew_pose[m[K.orientation.x = 0.0;
[4.221s]       |     [01;31m[K^~~~~~~~[m[K
[4.221s]       |     [32m[Knew_pose_id2[m[K
[4.223s] [01m[K/home/steven/ros2_ws/src/first_stage/src/first_stage_endeffector/src/first_stage_endeffector.cpp:[m[K In member function â€˜[01m[Kvoid RobotController::publishGripperCommand(int, int)[m[Kâ€™:
[4.223s] [01m[K/home/steven/ros2_ws/src/first_stage/src/first_stage_endeffector/src/first_stage_endeffector.cpp:236:20:[m[K [01;31m[Kerror: [m[Kâ€˜[01m[KInt32MultiArray[m[Kâ€™ is not a member of â€˜[01m[Kstd_msgs::msg[m[Kâ€™
[4.223s]   236 |     std_msgs::msg::[01;31m[KInt32MultiArray[m[K gripper_command;
[4.223s]       |                    [01;31m[K^~~~~~~~~~~~~~~[m[K
[4.232s] [01m[K/home/steven/ros2_ws/src/first_stage/src/first_stage_endeffector/src/first_stage_endeffector.cpp:237:5:[m[K [01;31m[Kerror: [m[Kâ€˜[01m[Kgripper_command[m[Kâ€™ was not declared in this scope
[4.232s]   237 |     [01;31m[Kgripper_command[m[K.data = {width, force};
[4.232s]       |     [01;31m[K^~~~~~~~~~~~~~~[m[K
[4.241s] [01m[K/home/steven/ros2_ws/src/first_stage/src/first_stage_endeffector/src/first_stage_endeffector.cpp:239:5:[m[K [01;31m[Kerror: [m[Kâ€˜[01m[Kgripper_publisher[m[Kâ€™ was not declared in this scope; did you mean â€˜[01m[Kcreate_publisher[m[Kâ€™?
[4.241s]   239 |     [01;31m[Kgripper_publisher[m[K->publish(gripper_command);
[4.241s]       |     [01;31m[K^~~~~~~~~~~~~~~~~[m[K
[4.241s]       |     [32m[Kcreate_publisher[m[K
[8.381s] gmake[2]: *** [CMakeFiles/first_stage_endeffector.dir/build.make:76ï¼šCMakeFiles/first_stage_endeffector.dir/src/first_stage_endeffector.cpp.o] éŒ¯èª¤ 1
[8.381s] gmake[1]: *** [CMakeFiles/Makefile2:137ï¼šCMakeFiles/first_stage_endeffector.dir/all] éŒ¯èª¤ 2
[8.382s] gmake: *** [Makefile:146ï¼šall] éŒ¯èª¤ 2
[8.384s] Invoked command in '/home/steven/ros2_ws/src/first_stage/build/first_stage_endeffector' returned '2': CMAKE_PREFIX_PATH=${CMAKE_PREFIX_PATH}:/home/steven/Documents/IIIIIIIII_TEST/first_stage/src/first_stage_endeffector/install/first_stage_endeffector:/home/steven/ros2_ws/install/zed_receiver:/home/steven/ros2_ws/install/zed_camera_publisher:/home/steven/ros2_ws/install/yolov8_realsense:/home/steven/ros2_ws/install/ur5_control:/home/steven/ros2_ws/install/ur5:/home/steven/ros2_ws/install/udp_publisher:/home/steven/ros2_ws/install/rg2:/home/steven/ros2_ws/install/moveit_configs_utils:/home/steven/ros2_ws/install/lego_grasping:/home/steven/ros2_ws/install/first_stage_rg2:/home/steven/ros2_ws/src/first_stage/install/first_stage_rg2:/home/steven/Documents/IIIIIIIII_TEST/first_stage/install/first_stage_rg2:/home/steven/ws_moveit2/install/moveit_configs_utils:/home/steven/ws_moveit2/install/launch_param_builder:/opt/ros/humble /usr/bin/cmake --build /home/steven/ros2_ws/src/first_stage/build/first_stage_endeffector -- -j32 -l32
