[0.010s] Invoking command in '/home/steven/Documents/IIIIIIIII_TEST/command_endeffector_cartesian/build/ur5_endeffector_cartesian': CMAKE_PREFIX_PATH=${CMAKE_PREFIX_PATH}:/home/steven/ws_moveit2/install/moveit_configs_utils:/home/steven/ws_moveit2/install/launch_param_builder:/opt/ros/humble /usr/bin/cmake --build /home/steven/Documents/IIIIIIIII_TEST/command_endeffector_cartesian/build/ur5_endeffector_cartesian -- -j32 -l32
[0.057s] [35m[1mConsolidate compiler generated dependencies of target ur5_ros2_cartesian[0m
[0.074s] [ 50%] [32mBuilding CXX object CMakeFiles/ur5_ros2_cartesian.dir/src/ur5_ros2_cartesian.cpp.o[0m
[3.841s] [01m[K/home/steven/Documents/IIIIIIIII_TEST/command_endeffector_cartesian/src/ur5_endeffector_cartesian/src/ur5_ros2_cartesian.cpp:[m[K In member function â€˜[01m[Kvoid DynamicMoveGroup::executeDynamically(const moveit::planning_interface::MoveGroupInterface::Plan&)[m[Kâ€™:
[3.842s] [01m[K/home/steven/Documents/IIIIIIIII_TEST/command_endeffector_cartesian/src/ur5_endeffector_cartesian/src/ur5_ros2_cartesian.cpp:107:15:[m[K [01;31m[Kerror: [m[Kâ€˜[01m[Ksleep_until[m[Kâ€™ is not a member of â€˜[01m[Krclcpp[m[Kâ€™; did you mean â€˜[01m[Kstd::this_thread::sleep_until[m[Kâ€™?
[3.842s]   107 |       rclcpp::[01;31m[Ksleep_until[m[K(start_time + trajectory.points[i].time_from_start);
[3.842s]       |               [01;31m[K^~~~~~~~~~~[m[K
[3.842s] In file included from [01m[K/usr/include/c++/11/thread:44[m[K,
[3.842s]                  from [01m[K/opt/ros/humble/include/rclcpp/rclcpp/timer.hpp:23[m[K,
[3.842s]                  from [01m[K/opt/ros/humble/include/rclcpp/rclcpp/callback_group.hpp:30[m[K,
[3.842s]                  from [01m[K/opt/ros/humble/include/rclcpp/rclcpp/node.hpp:40[m[K,
[3.842s]                  from [01m[K/home/steven/ws_moveit2/install/moveit_core/include/moveit/kinematics_base/kinematics_base.h:43[m[K,
[3.842s]                  from [01m[K/home/steven/ws_moveit2/install/moveit_core/include/moveit/robot_model/joint_model_group.h:42[m[K,
[3.842s]                  from [01m[K/home/steven/ws_moveit2/install/moveit_core/include/moveit/robot_model/robot_model.h:45[m[K,
[3.842s]                  from [01m[K/home/steven/ws_moveit2/install/moveit_core/include/moveit/robot_state/robot_state.h:40[m[K,
[3.842s]                  from [01m[K/home/steven/ws_moveit2/install/moveit_ros_planning_interface/include/moveit/move_group_interface/move_group_interface.h:41[m[K,
[3.842s]                  from [01m[K/home/steven/Documents/IIIIIIIII_TEST/command_endeffector_cartesian/src/ur5_endeffector_cartesian/src/ur5_ros2_cartesian.cpp:1[m[K:
[3.842s] [01m[K/usr/include/c++/11/bits/this_thread_sleep.h:92:7:[m[K [01;36m[Knote: [m[Kâ€˜[01m[Kstd::this_thread::sleep_until[m[Kâ€™ declared here
[3.842s]    92 |       [01;36m[Ksleep_until[m[K(const chrono::time_point<_Clock, _Duration>& __atime)
[3.842s]       |       [01;36m[K^~~~~~~~~~~[m[K
[6.089s] gmake[2]: *** [CMakeFiles/ur5_ros2_cartesian.dir/build.make:76ï¼šCMakeFiles/ur5_ros2_cartesian.dir/src/ur5_ros2_cartesian.cpp.o] éŒ¯èª¤ 1
[6.089s] gmake[1]: *** [CMakeFiles/Makefile2:137ï¼šCMakeFiles/ur5_ros2_cartesian.dir/all] éŒ¯èª¤ 2
[6.089s] gmake: *** [Makefile:146ï¼šall] éŒ¯èª¤ 2
[6.090s] Invoked command in '/home/steven/Documents/IIIIIIIII_TEST/command_endeffector_cartesian/build/ur5_endeffector_cartesian' returned '2': CMAKE_PREFIX_PATH=${CMAKE_PREFIX_PATH}:/home/steven/ws_moveit2/install/moveit_configs_utils:/home/steven/ws_moveit2/install/launch_param_builder:/opt/ros/humble /usr/bin/cmake --build /home/steven/Documents/IIIIIIIII_TEST/command_endeffector_cartesian/build/ur5_endeffector_cartesian -- -j32 -l32
