[0.008s] Invoking command in '/home/steven/Documents/IIIIIIIII_TEST/command_endeffector_cartesian/build/ur5_endeffector_cartesian': CMAKE_PREFIX_PATH=${CMAKE_PREFIX_PATH}:/home/steven/ws_moveit2/install/moveit_configs_utils:/home/steven/ws_moveit2/install/launch_param_builder:/opt/ros/humble /usr/bin/cmake --build /home/steven/Documents/IIIIIIIII_TEST/command_endeffector_cartesian/build/ur5_endeffector_cartesian -- -j32 -l32
[0.044s] [35m[1mConsolidate compiler generated dependencies of target ur5_ros2_cartesian[0m
[0.057s] [ 50%] [32mBuilding CXX object CMakeFiles/ur5_ros2_cartesian.dir/src/ur5_ros2_cartesian.cpp.o[0m
[2.025s] [01m[K/home/steven/Documents/IIIIIIIII_TEST/command_endeffector_cartesian/src/ur5_endeffector_cartesian/src/ur5_ros2_cartesian.cpp:37:41:[m[K [01;31m[Kerror: [m[Kâ€˜[01m[KFloat64[m[Kâ€™ is not a member of â€˜[01m[Kstd_msgs::msg[m[Kâ€™
[2.025s]    37 |     rclcpp::Subscription<std_msgs::msg::[01;31m[KFloat64[m[K>::SharedPtr velocity_subscription_;
[2.025s]       |                                         [01;31m[K^~~~~~~[m[K
[2.026s] [01m[K/home/steven/Documents/IIIIIIIII_TEST/command_endeffector_cartesian/src/ur5_endeffector_cartesian/src/ur5_ros2_cartesian.cpp:37:48:[m[K [01;31m[Kerror: [m[Ktemplate argument 1 is invalid
[2.026s]    37 |     rclcpp::Subscription<std_msgs::msg::Float64[01;31m[K>[m[K::SharedPtr velocity_subscription_;
[2.026s]       |                                                [01;31m[K^[m[K
[2.026s] [01m[K/home/steven/Documents/IIIIIIIII_TEST/command_endeffector_cartesian/src/ur5_endeffector_cartesian/src/ur5_ros2_cartesian.cpp:37:48:[m[K [01;31m[Kerror: [m[Ktemplate argument 3 is invalid
[2.026s] [01m[K/home/steven/Documents/IIIIIIIII_TEST/command_endeffector_cartesian/src/ur5_endeffector_cartesian/src/ur5_ros2_cartesian.cpp:37:48:[m[K [01;31m[Kerror: [m[Ktemplate argument 4 is invalid
[2.026s] [01m[K/home/steven/Documents/IIIIIIIII_TEST/command_endeffector_cartesian/src/ur5_endeffector_cartesian/src/ur5_ros2_cartesian.cpp:37:48:[m[K [01;31m[Kerror: [m[Ktemplate argument 5 is invalid
[2.026s] [01m[K/home/steven/Documents/IIIIIIIII_TEST/command_endeffector_cartesian/src/ur5_endeffector_cartesian/src/ur5_ros2_cartesian.cpp:37:51:[m[K [01;31m[Kerror: [m[Kexpected â€˜[01m[K;[m[Kâ€™ at end of member declaration
[2.026s]    37 |     rclcpp::Subscription<std_msgs::msg::Float64>::[01;31m[KSharedPtr[m[K velocity_subscription_;
[2.026s]       |                                                   [01;31m[K^~~~~~~~~[m[K
[2.026s]       |                                                            [32m[K;[m[K
[2.030s] [01m[K/home/steven/Documents/IIIIIIIII_TEST/command_endeffector_cartesian/src/ur5_endeffector_cartesian/src/ur5_ros2_cartesian.cpp:37:61:[m[K [01;31m[Kerror: [m[Kâ€˜[01m[Kvelocity_subscription_[m[Kâ€™ does not name a type; did you mean â€˜[01m[Krcl_subscription_t[m[Kâ€™?
[2.030s]    37 |     rclcpp::Subscription<std_msgs::msg::Float64>::SharedPtr [01;31m[Kvelocity_subscription_[m[K;
[2.030s]       |                                                             [01;31m[K^~~~~~~~~~~~~~~~~~~~~~[m[K
[2.030s]       |                                                             [32m[Krcl_subscription_t[m[K
[2.030s] [01m[K/home/steven/Documents/IIIIIIIII_TEST/command_endeffector_cartesian/src/ur5_endeffector_cartesian/src/ur5_ros2_cartesian.cpp:53:55:[m[K [01;31m[Kerror: [m[Kâ€˜[01m[KFloat64[m[Kâ€™ in namespace â€˜[01m[Kstd_msgs::msg[m[Kâ€™ does not name a type
[2.030s]    53 |     void velocityCommandCallback(const std_msgs::msg::[01;31m[KFloat64[m[K::SharedPtr msg)
[2.030s]       |                                                       [01;31m[K^~~~~~~[m[K
[2.030s] [01m[K/home/steven/Documents/IIIIIIIII_TEST/command_endeffector_cartesian/src/ur5_endeffector_cartesian/src/ur5_ros2_cartesian.cpp:53:74:[m[K [01;31m[Kerror: [m[Kexpected unqualified-id before â€˜[01m[Kmsg[m[Kâ€™
[2.030s]    53 |     void velocityCommandCallback(const std_msgs::msg::Float64::SharedPtr [01;31m[Kmsg[m[K)
[2.030s]       |                                                                          [01;31m[K^~~[m[K
[2.030s] [01m[K/home/steven/Documents/IIIIIIIII_TEST/command_endeffector_cartesian/src/ur5_endeffector_cartesian/src/ur5_ros2_cartesian.cpp:53:73:[m[K [01;31m[Kerror: [m[Kexpected â€˜[01m[K)[m[Kâ€™ before â€˜[01m[Kmsg[m[Kâ€™
[2.030s]    53 |     void velocityCommandCallback[34m[K([m[Kconst std_msgs::msg::Float64::SharedPtr[01;31m[K [m[K[32m[Kmsg[m[K)
[2.030s]       |                                 [34m[K~[m[K                                       [01;31m[K^[m[K[32m[K~~~[m[K
[2.030s]       |                                                                         [32m[K)[m[K
[2.030s] [01m[K/home/steven/Documents/IIIIIIIII_TEST/command_endeffector_cartesian/src/ur5_endeffector_cartesian/src/ur5_ros2_cartesian.cpp:53:64:[m[K [01;31m[Kerror: [m[Kexpected â€˜[01m[K;[m[Kâ€™ at end of member declaration
[2.030s]    53 |     void velocityCommandCallback(const std_msgs::msg::Float64::[01;31m[KSharedPtr[m[K msg)
[2.030s]       |                                                                [01;31m[K^~~~~~~~~[m[K
[2.030s]       |                                                                         [32m[K;[m[K
[2.031s] [01m[K/home/steven/Documents/IIIIIIIII_TEST/command_endeffector_cartesian/src/ur5_endeffector_cartesian/src/ur5_ros2_cartesian.cpp:53:74:[m[K [01;31m[Kerror: [m[Kâ€˜[01m[Kmsg[m[Kâ€™ does not name a type
[2.031s]    53 |     void velocityCommandCallback(const std_msgs::msg::Float64::SharedPtr [01;31m[Kmsg[m[K)
[2.031s]       |                                                                          [01;31m[K^~~[m[K
[2.031s] [01m[K/home/steven/Documents/IIIIIIIII_TEST/command_endeffector_cartesian/src/ur5_endeffector_cartesian/src/ur5_ros2_cartesian.cpp:181:10:[m[K [01;31m[Kerror: [m[Kâ€˜[01m[Kvoid RobotControl::performTask()[m[Kâ€™ cannot be overloaded with â€˜[01m[Kvoid RobotControl::performTask()[m[Kâ€™
[2.031s]   181 |     void [01;31m[KperformTask[m[K()
[2.031s]       |          [01;31m[K^~~~~~~~~~~[m[K
[2.031s] [01m[K/home/steven/Documents/IIIIIIIII_TEST/command_endeffector_cartesian/src/ur5_endeffector_cartesian/src/ur5_ros2_cartesian.cpp:121:10:[m[K [01;36m[Knote: [m[Kprevious declaration â€˜[01m[Kvoid RobotControl::performTask()[m[Kâ€™
[2.031s]   121 |     void [01;36m[KperformTask[m[K()
[2.031s]       |          [01;36m[K^~~~~~~~~~~[m[K
[2.042s] [01m[K/home/steven/Documents/IIIIIIIII_TEST/command_endeffector_cartesian/src/ur5_endeffector_cartesian/src/ur5_ros2_cartesian.cpp:[m[K In constructor â€˜[01m[KRobotControl::RobotControl()[m[Kâ€™:
[2.042s] [01m[K/home/steven/Documents/IIIIIIIII_TEST/command_endeffector_cartesian/src/ur5_endeffector_cartesian/src/ur5_ros2_cartesian.cpp:19:9:[m[K [01;31m[Kerror: [m[Kâ€˜[01m[Kvelocity_subscription_[m[Kâ€™ was not declared in this scope; did you mean â€˜[01m[Ksensor_subscription_[m[Kâ€™?
[2.042s]    19 |         [01;31m[Kvelocity_subscription_[m[K = this->create_subscription<std_msgs::msg::Float64>(
[2.042s]       |         [01;31m[K^~~~~~~~~~~~~~~~~~~~~~[m[K
[2.042s]       |         [32m[Ksensor_subscription_[m[K
[2.042s] [01m[K/home/steven/Documents/IIIIIIIII_TEST/command_endeffector_cartesian/src/ur5_endeffector_cartesian/src/ur5_ros2_cartesian.cpp:19:75:[m[K [01;31m[Kerror: [m[Kâ€˜[01m[KFloat64[m[Kâ€™ is not a member of â€˜[01m[Kstd_msgs::msg[m[Kâ€™
[2.043s]    19 |         velocity_subscription_ = this->create_subscription<std_msgs::msg::[01;31m[KFloat64[m[K>(
[2.043s]       |                                                                           [01;31m[K^~~~~~~[m[K
[2.043s] [01m[K/home/steven/Documents/IIIIIIIII_TEST/command_endeffector_cartesian/src/ur5_endeffector_cartesian/src/ur5_ros2_cartesian.cpp:19:83:[m[K [01;31m[Kerror: [m[Kno matching function for call to â€˜[01m[KRobotControl::create_subscription<<expression error> >(const char [18], int, std::_Bind_helper<false, void (RobotControl::*)(...), RobotControl*, const std::_Placeholder<1>&>::type)[m[Kâ€™
[2.043s]    19 |         velocity_subscription_ = [01;31m[Kthis->create_subscription<std_msgs::msg::Float64>([m[K
[2.043s]       |                                  [01;31m[K~~~~~~~~~~~~~~~~~~~~~~~~~~~~~~~~~~~~~~~~~~~~~~~~~^[m[K
[2.043s]    20 | [01;31m[K            "/velocity_command", 10, std::bind(&RobotControl::velocityCommandCallback, this, std::placeholders::_1))[m[K;
[2.043s]       |             [01;31m[K~~~~~~~~~~~~~~~~~~~~~~~~~~~~~~~~~~~~~~~~~~~~~~~~~~~~~~~~~~~~~~~~~~~~~~~~~~~~~~~~~~~~~~~~~~~~~~~~~~~~~~~~[m[K
[2.043s] In file included from [01m[K/opt/ros/humble/include/rclcpp/rclcpp/node.hpp:1321[m[K,
[2.043s]                  from [01m[K/opt/ros/humble/include/rclcpp/rclcpp/executors/single_threaded_executor.hpp:28[m[K,
[2.044s]                  from [01m[K/opt/ros/humble/include/rclcpp/rclcpp/executors.hpp:22[m[K,
[2.044s]                  from [01m[K/opt/ros/humble/include/rclcpp/rclcpp/rclcpp.hpp:155[m[K,
[2.044s]                  from [01m[K/home/steven/Documents/IIIIIIIII_TEST/command_endeffector_cartesian/src/ur5_endeffector_cartesian/src/ur5_ros2_cartesian.cpp:1[m[K:
[2.044s] [01m[K/opt/ros/humble/include/rclcpp/rclcpp/node_impl.hpp:92:1:[m[K [01;36m[Knote: [m[Kcandidate: â€˜[01m[Ktemplate<class MessageT, class CallbackT, class AllocatorT, class SubscriptionT, class MessageMemoryStrategyT> std::shared_ptr<ROSMessageT> rclcpp::Node::create_subscription(const string&, const rclcpp::QoS&, CallbackT&&, const rclcpp::SubscriptionOptionsWithAllocator<AllocatorT>&, typename MessageMemoryStrategyT::SharedPtr)[m[Kâ€™
[2.044s]    92 | [01;36m[KNode[m[K::create_subscription(
[2.044s]       | [01;36m[K^~~~[m[K
[2.044s] [01m[K/opt/ros/humble/include/rclcpp/rclcpp/node_impl.hpp:92:1:[m[K [01;36m[Knote: [m[K  template argument deduction/substitution failed:
[2.044s] [01m[K/home/steven/Documents/IIIIIIIII_TEST/command_endeffector_cartesian/src/ur5_endeffector_cartesian/src/ur5_ros2_cartesian.cpp:19:83:[m[K [01;31m[Kerror: [m[Ktemplate argument 1 is invalid
[2.044s]    19 |         velocity_subscription_ = [01;31m[Kthis->create_subscription<std_msgs::msg::Float64>([m[K
[2.044s]       |                                  [01;31m[K~~~~~~~~~~~~~~~~~~~~~~~~~~~~~~~~~~~~~~~~~~~~~~~~~^[m[K
[2.044s]    20 | [01;31m[K            "/velocity_command", 10, std::bind(&RobotControl::velocityCommandCallback, this, std::placeholders::_1))[m[K;
[2.044s]       |             [01;31m[K~~~~~~~~~~~~~~~~~~~~~~~~~~~~~~~~~~~~~~~~~~~~~~~~~~~~~~~~~~~~~~~~~~~~~~~~~~~~~~~~~~~~~~~~~~~~~~~~~~~~~~~~[m[K
[2.059s] [01m[K/home/steven/Documents/IIIIIIIII_TEST/command_endeffector_cartesian/src/ur5_endeffector_cartesian/src/ur5_ros2_cartesian.cpp:[m[K In member function â€˜[01m[Kvoid RobotControl::moveWithDynamicVelocity(const Pose&, const Pose&)[m[Kâ€™:
[2.059s] [01m[K/home/steven/Documents/IIIIIIIII_TEST/command_endeffector_cartesian/src/ur5_endeffector_cartesian/src/ur5_ros2_cartesian.cpp:172:65:[m[K [01;31m[Kerror: [m[Kbase operand of â€˜[01m[K->[m[Kâ€™ has non-pointer type â€˜[01m[Krclcpp_action::Client<moveit_msgs::action::MoveGroup>[m[Kâ€™
[2.059s]   172 |         while (rclcpp::ok() && move_group_->getMoveGroupClient()[01;31m[K->[m[KgetState().isDone() == false)
[2.059s]       |                                                                 [01;31m[K^~[m[K
[3.948s] gmake[2]: *** [CMakeFiles/ur5_ros2_cartesian.dir/build.make:76ï¼šCMakeFiles/ur5_ros2_cartesian.dir/src/ur5_ros2_cartesian.cpp.o] éŒ¯èª¤ 1
[3.949s] gmake[1]: *** [CMakeFiles/Makefile2:137ï¼šCMakeFiles/ur5_ros2_cartesian.dir/all] éŒ¯èª¤ 2
[3.949s] gmake: *** [Makefile:146ï¼šall] éŒ¯èª¤ 2
[3.951s] Invoked command in '/home/steven/Documents/IIIIIIIII_TEST/command_endeffector_cartesian/build/ur5_endeffector_cartesian' returned '2': CMAKE_PREFIX_PATH=${CMAKE_PREFIX_PATH}:/home/steven/ws_moveit2/install/moveit_configs_utils:/home/steven/ws_moveit2/install/launch_param_builder:/opt/ros/humble /usr/bin/cmake --build /home/steven/Documents/IIIIIIIII_TEST/command_endeffector_cartesian/build/ur5_endeffector_cartesian -- -j32 -l32
