[35m[1mConsolidate compiler generated dependencies of target ur5_ros2_cartesian[0m
[ 50%] [32mBuilding CXX object CMakeFiles/ur5_ros2_cartesian.dir/src/ur5_ros2_cartesian.cpp.o[0m
[01m[K/home/steven/Documents/IIIIIIIII_TEST/command_endeffector_cartesian/src/ur5_endeffector_cartesian/src/ur5_ros2_cartesian.cpp:[m[K In member function â€˜[01m[Kvoid UR5Control::moveInBodyXDirection(double)[m[Kâ€™:
[01m[K/home/steven/Documents/IIIIIIIII_TEST/command_endeffector_cartesian/src/ur5_endeffector_cartesian/src/ur5_ros2_cartesian.cpp:59:29:[m[K [01;31m[Kerror: [m[Kâ€˜[01m[Kx_axis[m[Kâ€™ was not declared in this scope; did you mean â€˜[01m[Kz_axis[m[Kâ€™?
   59 |         pose0.position.x += [01;31m[Kx_axis[m[K.x() * distance;
      |                             [01;31m[K^~~~~~[m[K
      |                             [32m[Kz_axis[m[K
gmake[2]: *** [CMakeFiles/ur5_ros2_cartesian.dir/build.make:76ï¼šCMakeFiles/ur5_ros2_cartesian.dir/src/ur5_ros2_cartesian.cpp.o] éŒ¯èª¤ 1
gmake[1]: *** [CMakeFiles/Makefile2:137ï¼šCMakeFiles/ur5_ros2_cartesian.dir/all] éŒ¯èª¤ 2
gmake: *** [Makefile:146ï¼šall] éŒ¯èª¤ 2
