[0.009s] Invoking command in '/home/steven/Documents/IIIIIIIII_TEST/command_endeffector_cartesian/build/ur5_endeffector_cartesian': CMAKE_PREFIX_PATH=${CMAKE_PREFIX_PATH}:/home/steven/ws_moveit2/install/moveit_configs_utils:/home/steven/ws_moveit2/install/launch_param_builder:/opt/ros/humble /usr/bin/cmake --build /home/steven/Documents/IIIIIIIII_TEST/command_endeffector_cartesian/build/ur5_endeffector_cartesian -- -j32 -l32
[0.064s] [ 50%] [32mBuilding CXX object CMakeFiles/ur5_ros2_cartesian.dir/src/ur5_ros2_cartesian.cpp.o[0m
[0.071s] [01m[K/home/steven/Documents/IIIIIIIII_TEST/command_endeffector_cartesian/src/ur5_endeffector_cartesian/src/ur5_ros2_cartesian.cpp:8:26:[m[K [01;35m[Kwarning: [m[Kcharacter constant too long for its type
[0.071s]     8 |         super().__init__([01;35m[K'ur5_dynamic_speed_controller'[m[K)
[0.071s]       |                          [01;35m[K^~~~~~~~~~~~~~~~~~~~~~~~~~~~~~[m[K
[0.071s] [01m[K/home/steven/Documents/IIIIIIIII_TEST/command_endeffector_cartesian/src/ur5_endeffector_cartesian/src/ur5_ros2_cartesian.cpp:10:11:[m[K [01;31m[Kerror: [m[Kinvalid preprocessing directive #\U00008a2d\U00007f6e\U0000901f\U00005ea6\U00006bd4\U00004f8b\U0000521d\U000059cb\U0000503c\U000070ba
[0.071s]    10 |         # [01;31m[Kè¨­ç½®é€Ÿåº¦æ¯”ä¾‹åˆå§‹å€¼ç‚º[m[K 0.5
[0.071s]       |           [01;31m[K^~~~~~~~~~~~~~~~~~~~[m[K
[0.071s] [01m[K/home/steven/Documents/IIIIIIIII_TEST/command_endeffector_cartesian/src/ur5_endeffector_cartesian/src/ur5_ros2_cartesian.cpp:13:11:[m[K [01;31m[Kerror: [m[Kinvalid preprocessing directive #\U00008a02\U000095b1
[0.071s]    13 |         # [01;31m[Kè¨‚é–±[m[K /custom_velocity è©±é¡Œä¾†å‹•æ…‹èª¿æ•´é€Ÿåº¦æ¯”ä¾‹
[0.071s]       |           [01;31m[K^~~~[m[K
[0.071s] [01m[K/home/steven/Documents/IIIIIIIII_TEST/command_endeffector_cartesian/src/ur5_endeffector_cartesian/src/ur5_ros2_cartesian.cpp:16:13:[m[K [01;35m[Kwarning: [m[Kcharacter constant too long for its type
[0.071s]    16 |             [01;35m[K'/custom_velocity'[m[K,
[0.071s]       |             [01;35m[K^~~~~~~~~~~~~~~~~~[m[K
[0.071s] [01m[K/home/steven/Documents/IIIIIIIII_TEST/command_endeffector_cartesian/src/ur5_endeffector_cartesian/src/ur5_ros2_cartesian.cpp:21:11:[m[K [01;31m[Kerror: [m[Kinvalid preprocessing directive #\U00008a2d\U00007f6e
[0.071s]    21 |         # [01;31m[Kè¨­ç½®[m[K MoveGroupCommander
[0.071s]       |           [01;31m[K^~~~[m[K
[0.071s] [01m[K/home/steven/Documents/IIIIIIIII_TEST/command_endeffector_cartesian/src/ur5_endeffector_cartesian/src/ur5_ros2_cartesian.cpp:22:45:[m[K [01;35m[Kwarning: [m[Kcharacter constant too long for its type
[0.071s]    22 |         self.arm_group = MoveGroupCommander([01;35m[K'ur5_arm'[m[K)
[0.071s]       |                                             [01;35m[K^~~~~~~~~[m[K
[0.071s] [01m[K/home/steven/Documents/IIIIIIIII_TEST/command_endeffector_cartesian/src/ur5_endeffector_cartesian/src/ur5_ros2_cartesian.cpp:25:11:[m[K [01;31m[Kerror: [m[Kinvalid preprocessing directive #\U000066f4\U000065b0\U0000901f\U00005ea6\U00006bd4\U00004f8b
[0.072s]    25 |         # [01;31m[Kæ›´æ–°é€Ÿåº¦æ¯”ä¾‹[m[K
[0.072s]       |           [01;31m[K^~~~~~~~~~~~[m[K
[0.072s] [01m[K/home/steven/Documents/IIIIIIIII_TEST/command_endeffector_cartesian/src/ur5_endeffector_cartesian/src/ur5_ros2_cartesian.cpp:27:33:[m[K [01;35m[Kwarning: [m[Kcharacter constant too long for its type
[0.072s]    27 |         self.get_logger().info(f[01;35m[K'Updated velocity scale to: {self.velocity_scale}'[m[K)
[0.072s]       |                                 [01;35m[K^~~~~~~~~~~~~~~~~~~~~~~~~~~~~~~~~~~~~~~~~~~~~~~~~~[m[K
[0.072s] [01m[K/home/steven/Documents/IIIIIIIII_TEST/command_endeffector_cartesian/src/ur5_endeffector_cartesian/src/ur5_ros2_cartesian.cpp:30:11:[m[K [01;31m[Kerror: [m[Kinvalid preprocessing directive #\U00008a2d\U00007f6e\U0000901f\U00005ea6\U0000548c\U000052a0\U0000901f\U00005ea6\U00006bd4\U00004f8b
[0.072s]    30 |         # [01;31m[Kè¨­ç½®é€Ÿåº¦å’ŒåŠ é€Ÿåº¦æ¯”ä¾‹[m[K
[0.072s]       |           [01;31m[K^~~~~~~~~~~~~~~~~~~~[m[K
[0.072s] [01m[K/home/steven/Documents/IIIIIIIII_TEST/command_endeffector_cartesian/src/ur5_endeffector_cartesian/src/ur5_ros2_cartesian.cpp:32:66:[m[K [01;31m[Kerror: [m[Kstray â€˜[01m[K#[m[Kâ€™ in program
[0.072s]    32 |         self.arm_group.set_max_acceleration_scaling_factor(0.5)  [01;31m[K#[m[K å¯æ ¹æ“šéœ€è¦èª¿æ•´
[0.072s]       |                                                                  [01;31m[K^[m[K
[0.072s] [01m[K/home/steven/Documents/IIIIIIIII_TEST/command_endeffector_cartesian/src/ur5_endeffector_cartesian/src/ur5_ros2_cartesian.cpp:34:11:[m[K [01;31m[Kerror: [m[Kinvalid preprocessing directive #\U00008a2d\U00007f6e\U000076ee\U00006a19\U00004f4d\U000059ff
[0.072s]    34 |         # [01;31m[Kè¨­ç½®ç›®æ¨™ä½å§¿[m[K
[0.072s]       |           [01;31m[K^~~~~~~~~~~~[m[K
[0.072s] [01m[K/home/steven/Documents/IIIIIIIII_TEST/command_endeffector_cartesian/src/ur5_endeffector_cartesian/src/ur5_ros2_cartesian.cpp:37:11:[m[K [01;31m[Kerror: [m[Kinvalid preprocessing directive #\U0000958b\U000059cb\U0000904b\U000052d5
[0.072s]    37 |         # [01;31m[Ké–‹å§‹é‹å‹•[m[K
[0.072s]       |           [01;31m[K^~~~~~~~[m[K
[0.072s] [01m[K/home/steven/Documents/IIIIIIIII_TEST/command_endeffector_cartesian/src/ur5_endeffector_cartesian/src/ur5_ros2_cartesian.cpp:50:7:[m[K [01;31m[Kerror: [m[Kinvalid preprocessing directive #\U00008a2d\U00005b9a\U000076ee\U00006a19\U00004f4d\U000059ff\U0000ff08\U00005047\U00008a2d\U00005df2\U000077e5\U000076ee\U00006a19\U00004f4d\U000059ff\U0000ff09
[0.072s]    50 |     # [01;31m[Kè¨­å®šç›®æ¨™ä½å§¿ï¼ˆå‡è¨­å·²çŸ¥ç›®æ¨™ä½å§¿ï¼‰[m[K
[0.072s]       |       [01;31m[K^~~~~~~~~~~~~~~~~~~~~~~~~~~~~~~~[m[K
[0.072s] [01m[K/home/steven/Documents/IIIIIIIII_TEST/command_endeffector_cartesian/src/ur5_endeffector_cartesian/src/ur5_ros2_cartesian.cpp:53:7:[m[K [01;31m[Kerror: [m[Kinvalid preprocessing directive #\U00006839\U000064da\U00005be6\U0000969b\U00009700\U00006c42\U00004fee\U00006539\U000076ee\U00006a19\U00004f4d\U000059ff
[0.072s]    53 |     # [01;31m[Kæ ¹æ“šå¯¦éš›éœ€æ±‚ä¿®æ”¹ç›®æ¨™ä½å§¿[m[K
[0.072s]       |       [01;31m[K^~~~~~~~~~~~~~~~~~~~~~~~[m[K
[0.072s] [01m[K/home/steven/Documents/IIIIIIIII_TEST/command_endeffector_cartesian/src/ur5_endeffector_cartesian/src/ur5_ros2_cartesian.cpp:54:36:[m[K [01;31m[Kerror: [m[Kstray â€˜[01m[K#[m[Kâ€™ in program
[0.072s]    54 |     target_pose.position.x += 0.1  [01;31m[K#[m[K å‡è¨­å‘å‰ç§»å‹•10cm
[0.072s]       |                                    [01;31m[K^[m[K
[0.072s] [01m[K/home/steven/Documents/IIIIIIIII_TEST/command_endeffector_cartesian/src/ur5_endeffector_cartesian/src/ur5_ros2_cartesian.cpp:56:7:[m[K [01;31m[Kerror: [m[Kinvalid preprocessing directive #\U000079fb\U000052d5\U00005230\U000076ee\U00006a19\U00004f4d\U000059ff
[0.072s]    56 |     # [01;31m[Kç§»å‹•åˆ°ç›®æ¨™ä½å§¿[m[K
[0.072s]       |       [01;31m[K^~~~~~~~~~~~~~[m[K
[0.072s] [01m[K/home/steven/Documents/IIIIIIIII_TEST/command_endeffector_cartesian/src/ur5_endeffector_cartesian/src/ur5_ros2_cartesian.cpp:64:16:[m[K [01;35m[Kwarning: [m[Kcharacter constant too long for its type
[0.072s]    64 | if __name__ == [01;35m[K'__main__'[m[K:
[0.072s]       |                [01;35m[K^~~~~~~~~~[m[K
[0.072s] [01m[K/home/steven/Documents/IIIIIIIII_TEST/command_endeffector_cartesian/src/ur5_endeffector_cartesian/src/ur5_ros2_cartesian.cpp:1:1:[m[K [01;31m[Kerror: [m[Kâ€˜[01m[Kimport[m[Kâ€™ does not name a type
[0.072s]     1 | [01;31m[Kimport[m[K rclpy
[0.072s]       | [01;31m[K^~~~~~[m[K
[0.072s] [01m[K/home/steven/Documents/IIIIIIIII_TEST/command_endeffector_cartesian/src/ur5_endeffector_cartesian/src/ur5_ros2_cartesian.cpp:1:1:[m[K [01;36m[Knote: [m[KC++20 â€˜[01m[Kimport[m[Kâ€™ only available with â€˜[01m[K-fmodules-ts[m[Kâ€™
[0.072s] gmake[2]: *** [CMakeFiles/ur5_ros2_cartesian.dir/build.make:76ï¼šCMakeFiles/ur5_ros2_cartesian.dir/src/ur5_ros2_cartesian.cpp.o] éŒ¯èª¤ 1
[0.072s] gmake[1]: *** [CMakeFiles/Makefile2:137ï¼šCMakeFiles/ur5_ros2_cartesian.dir/all] éŒ¯èª¤ 2
[0.072s] gmake: *** [Makefile:146ï¼šall] éŒ¯èª¤ 2
[0.075s] Invoked command in '/home/steven/Documents/IIIIIIIII_TEST/command_endeffector_cartesian/build/ur5_endeffector_cartesian' returned '2': CMAKE_PREFIX_PATH=${CMAKE_PREFIX_PATH}:/home/steven/ws_moveit2/install/moveit_configs_utils:/home/steven/ws_moveit2/install/launch_param_builder:/opt/ros/humble /usr/bin/cmake --build /home/steven/Documents/IIIIIIIII_TEST/command_endeffector_cartesian/build/ur5_endeffector_cartesian -- -j32 -l32
