[01m[K/home/steven/Documents/IIIIIIIII_TEST/command_endeffector_cartesian/src/ur5_endeffector_cartesian/src/ur5_ros2_cartesian.cpp:[m[K In member function â€˜[01m[Kvoid EnhancedUR5Control::stateMachine()[m[Kâ€™:
[01m[K/home/steven/Documents/IIIIIIIII_TEST/command_endeffector_cartesian/src/ur5_endeffector_cartesian/src/ur5_ros2_cartesian.cpp:142:21:[m[K [01;31m[Kerror: [m[Kâ€˜[01m[KmoveToPose[m[Kâ€™ was not declared in this scope; did you mean â€˜[01m[KmoveToPose0[m[Kâ€™?
  142 |                 if ([01;31m[KmoveToPose[m[K(pose1_)) {
      |                     [01;31m[K^~~~~~~~~~[m[K
      |                     [32m[KmoveToPose0[m[K
[01m[K/home/steven/Documents/IIIIIIIII_TEST/command_endeffector_cartesian/src/ur5_endeffector_cartesian/src/ur5_ros2_cartesian.cpp:166:21:[m[K [01;31m[Kerror: [m[Kâ€˜[01m[KmoveToPose[m[Kâ€™ was not declared in this scope; did you mean â€˜[01m[KmoveToPose0[m[Kâ€™?
  166 |                 if ([01;31m[KmoveToPose[m[K(pose2_)) {
      |                     [01;31m[K^~~~~~~~~~[m[K
      |                     [32m[KmoveToPose0[m[K
gmake[2]: *** [CMakeFiles/ur5_ros2_cartesian.dir/build.make:76ï¼šCMakeFiles/ur5_ros2_cartesian.dir/src/ur5_ros2_cartesian.cpp.o] éŒ¯èª¤ 1
gmake[1]: *** [CMakeFiles/Makefile2:137ï¼šCMakeFiles/ur5_ros2_cartesian.dir/all] éŒ¯èª¤ 2
gmake: *** [Makefile:146ï¼šall] éŒ¯èª¤ 2
