[ 11%] Built target test_trajectory
[ 22%] Built target pick_place3
[35m[1mConsolidate compiler generated dependencies of target test_gripper[0m
[ 27%] [32mBuilding CXX object CMakeFiles/test_gripper.dir/src/test_gripper.cpp.o[0m
[01m[K/home/user/ros2_ws/src/moveit2_scripts/src/test_gripper.cpp:[m[K In function '[01m[Kint main(int, char**)[m[K':
[01m[K/home/user/ros2_ws/src/moveit2_scripts/src/test_gripper.cpp:42:3:[m[K [01;31m[Kerror: [m[K'[01m[Kmove_group_grippere[m[K' was not declared in this scope; did you mean '[01m[Kmove_group_gripper[m[K'?
   42 |   [01;31m[Kmove_group_grippere[m[K.setJointValueTarget(joint_group_positions_gripper);
      |   [01;31m[K^~~~~~~~~~~~~~~~~~~[m[K
      |   [32m[Kmove_group_gripper[m[K
gmake[2]: *** [CMakeFiles/test_gripper.dir/build.make:76: CMakeFiles/test_gripper.dir/src/test_gripper.cpp.o] Error 1
gmake[1]: *** [CMakeFiles/Makefile2:361: CMakeFiles/test_gripper.dir/all] Error 2
gmake: *** [Makefile:146: all] Error 2
