[0.011s] Invoking command in '/home/steven/ros2_ws/src/first_stage/build/first_stage_endeffector': CMAKE_PREFIX_PATH=${CMAKE_PREFIX_PATH}:/home/steven/ros2_ws/src/first_stage/install/first_stage_rg2:/home/steven/ws_moveit2/install/moveit_configs_utils:/home/steven/ws_moveit2/install/launch_param_builder:/opt/ros/humble /usr/bin/cmake --build /home/steven/ros2_ws/src/first_stage/build/first_stage_endeffector -- -j32 -l32
[0.048s] [35m[1mConsolidate compiler generated dependencies of target first_stage_endeffector[0m
[0.066s] [ 50%] [32mBuilding CXX object CMakeFiles/first_stage_endeffector.dir/src/first_stage_endeffector.cpp.o[0m
[4.143s] [01m[K/home/steven/ros2_ws/src/first_stage/src/first_stage_endeffector/src/first_stage_endeffector.cpp:[m[K In constructor â€˜[01m[KRobotController::RobotController()[m[Kâ€™:
[4.143s] [01m[K/home/steven/ros2_ws/src/first_stage/src/first_stage_endeffector/src/first_stage_endeffector.cpp:22:5:[m[K [01;31m[Kerror: [m[Kâ€˜[01m[Kcoordinates_subscription[m[Kâ€™ was not declared in this scope; did you mean â€˜[01m[Kcreate_subscription[m[Kâ€™?
[4.143s]    22 |     [01;31m[Kcoordinates_subscription[m[K = this->create_subscription<geometry_msgs::msg::Point>(
[4.143s]       |     [01;31m[K^~~~~~~~~~~~~~~~~~~~~~~~[m[K
[4.143s]       |     [32m[Kcreate_subscription[m[K
[4.185s] [01m[K/home/steven/ros2_ws/src/first_stage/src/first_stage_endeffector/src/first_stage_endeffector.cpp:26:5:[m[K [01;31m[Kerror: [m[Kâ€˜[01m[Korientation_subscription[m[Kâ€™ was not declared in this scope; did you mean â€˜[01m[Kcreate_subscription[m[Kâ€™?
[4.186s]    26 |     [01;31m[Korientation_subscription[m[K = this->create_subscription<geometry_msgs::msg::Quaternion>(
[4.186s]       |     [01;31m[K^~~~~~~~~~~~~~~~~~~~~~~~[m[K
[4.186s]       |     [32m[Kcreate_subscription[m[K
[4.231s] [01m[K/home/steven/ros2_ws/src/first_stage/src/first_stage_endeffector/src/first_stage_endeffector.cpp:30:5:[m[K [01;31m[Kerror: [m[Kâ€˜[01m[Korientation_type_subscription[m[Kâ€™ was not declared in this scope
[4.231s]    30 |     [01;31m[Korientation_type_subscription[m[K = this->create_subscription<std_msgs::msg::Int8>(
[4.231s]       |     [01;31m[K^~~~~~~~~~~~~~~~~~~~~~~~~~~~~[m[K
[4.270s] [01m[K/home/steven/ros2_ws/src/first_stage/src/first_stage_endeffector/src/first_stage_endeffector.cpp:34:5:[m[K [01;31m[Kerror: [m[Kâ€˜[01m[Kgripper_publisher[m[Kâ€™ was not declared in this scope; did you mean â€˜[01m[Kcreate_publisher[m[Kâ€™?
[4.270s]    34 |     [01;31m[Kgripper_publisher[m[K = this->create_publisher<std_msgs::msg::Int32MultiArray>("custom_gripper", 10);
[4.270s]       |     [01;31m[K^~~~~~~~~~~~~~~~~[m[K
[4.270s]       |     [32m[Kcreate_publisher[m[K
[4.286s] [01m[K/home/steven/ros2_ws/src/first_stage/src/first_stage_endeffector/src/first_stage_endeffector.cpp:36:5:[m[K [01;31m[Kerror: [m[Kâ€˜[01m[Kadaptive_grasp_client_[m[Kâ€™ was not declared in this scope
[4.286s]    36 |     [01;31m[Kadaptive_grasp_client_[m[K = this->create_client<std_srvs::srv::Trigger>("adaptive_grasp");
[4.286s]       |     [01;31m[K^~~~~~~~~~~~~~~~~~~~~~[m[K
[4.337s] [01m[K/home/steven/ros2_ws/src/first_stage/src/first_stage_endeffector/src/first_stage_endeffector.cpp:[m[K In member function â€˜[01m[Kvoid RobotController::coordinatesCallback(geometry_msgs::msg::Point_<std::allocator<void> >::SharedPtr)[m[Kâ€™:
[4.337s] [01m[K/home/steven/ros2_ws/src/first_stage/src/first_stage_endeffector/src/first_stage_endeffector.cpp:85:5:[m[K [01;31m[Kerror: [m[Kâ€˜[01m[Ktarget_pose[m[Kâ€™ was not declared in this scope
[4.337s]    85 |     [01;31m[Ktarget_pose[m[K.position.x = msg->x;
[4.337s]       |     [01;31m[K^~~~~~~~~~~[m[K
[4.349s] [01m[K/home/steven/ros2_ws/src/first_stage/src/first_stage_endeffector/src/first_stage_endeffector.cpp:89:9:[m[K [01;31m[Kerror: [m[Kâ€˜[01m[Korientation_received[m[Kâ€™ was not declared in this scope
[4.349s]    89 |     if ([01;31m[Korientation_received[m[K) {
[4.350s]       |         [01;31m[K^~~~~~~~~~~~~~~~~~~~[m[K
[4.358s] [01m[K/home/steven/ros2_ws/src/first_stage/src/first_stage_endeffector/src/first_stage_endeffector.cpp:[m[K In member function â€˜[01m[Kvoid RobotController::orientationCallback(geometry_msgs::msg::Quaternion_<std::allocator<void> >::SharedPtr)[m[Kâ€™:
[4.358s] [01m[K/home/steven/ros2_ws/src/first_stage/src/first_stage_endeffector/src/first_stage_endeffector.cpp:96:5:[m[K [01;31m[Kerror: [m[Kâ€˜[01m[Ktarget_pose[m[Kâ€™ was not declared in this scope
[4.358s]    96 |     [01;31m[Ktarget_pose[m[K.orientation = *msg;
[4.358s]       |     [01;31m[K^~~~~~~~~~~[m[K
[4.370s] [01m[K/home/steven/ros2_ws/src/first_stage/src/first_stage_endeffector/src/first_stage_endeffector.cpp:97:5:[m[K [01;31m[Kerror: [m[Kâ€˜[01m[Korientation_received[m[Kâ€™ was not declared in this scope
[4.370s]    97 |     [01;31m[Korientation_received[m[K = true;
[4.370s]       |     [01;31m[K^~~~~~~~~~~~~~~~~~~~[m[K
[4.383s] [01m[K/home/steven/ros2_ws/src/first_stage/src/first_stage_endeffector/src/first_stage_endeffector.cpp:[m[K In member function â€˜[01m[Kvoid RobotController::orientationTypeCallback(std_msgs::msg::Int8_<std::allocator<void> >::SharedPtr)[m[Kâ€™:
[4.383s] [01m[K/home/steven/ros2_ws/src/first_stage/src/first_stage_endeffector/src/first_stage_endeffector.cpp:106:5:[m[K [01;31m[Kerror: [m[Kâ€˜[01m[Korientation_type[m[Kâ€™ was not declared in this scope
[4.383s]   106 |     [01;31m[Korientation_type[m[K = msg->data;
[4.383s]       |     [01;31m[K^~~~~~~~~~~~~~~~[m[K
[4.397s] [01m[K/home/steven/ros2_ws/src/first_stage/src/first_stage_endeffector/src/first_stage_endeffector.cpp:107:5:[m[K [01;31m[Kerror: [m[Kâ€˜[01m[Korientation_type_received[m[Kâ€™ was not declared in this scope
[4.397s]   107 |     [01;31m[Korientation_type_received[m[K = true;
[4.397s]       |     [01;31m[K^~~~~~~~~~~~~~~~~~~~~~~~~[m[K
[4.404s] In file included from [01m[K/opt/ros/humble/include/rclcpp/rclcpp/logging.hpp:24[m[K,
[4.405s]                  from [01m[K/opt/ros/humble/include/rclcpp/rclcpp/client.hpp:40[m[K,
[4.405s]                  from [01m[K/opt/ros/humble/include/rclcpp/rclcpp/callback_group.hpp:24[m[K,
[4.405s]                  from [01m[K/opt/ros/humble/include/rclcpp/rclcpp/any_executable.hpp:20[m[K,
[4.405s]                  from [01m[K/opt/ros/humble/include/rclcpp/rclcpp/memory_strategy.hpp:25[m[K,
[4.405s]                  from [01m[K/opt/ros/humble/include/rclcpp/rclcpp/memory_strategies.hpp:18[m[K,
[4.405s]                  from [01m[K/opt/ros/humble/include/rclcpp/rclcpp/executor_options.hpp:20[m[K,
[4.405s]                  from [01m[K/opt/ros/humble/include/rclcpp/rclcpp/executor.hpp:37[m[K,
[4.405s]                  from [01m[K/opt/ros/humble/include/rclcpp/rclcpp/executors/multi_threaded_executor.hpp:25[m[K,
[4.405s]                  from [01m[K/opt/ros/humble/include/rclcpp/rclcpp/executors.hpp:21[m[K,
[4.405s]                  from [01m[K/opt/ros/humble/include/rclcpp/rclcpp/rclcpp.hpp:155[m[K,
[4.405s]                  from [01m[K/home/steven/ros2_ws/src/first_stage/src/first_stage_endeffector/src/first_stage_endeffector.cpp:1[m[K:
[4.405s] [01m[K/home/steven/ros2_ws/src/first_stage/src/first_stage_endeffector/src/first_stage_endeffector.cpp:[m[K In member function â€˜[01m[Kvoid RobotController::planAndExecute()[m[Kâ€™:
[4.405s] [01m[K/home/steven/ros2_ws/src/first_stage/src/first_stage_endeffector/src/first_stage_endeffector.cpp:119:17:[m[K [01;31m[Kerror: [m[Kâ€˜[01m[Ktarget_pose[m[Kâ€™ was not declared in this scope
[4.405s]   119 |                 [01;31m[Ktarget_pose[m[K.position.x, target_pose.position.y, target_pose.position.z,
[4.405s]       |                 [01;31m[K^~~~~~~~~~~[m[K
[4.411s] [01m[K/home/steven/ros2_ws/src/first_stage/src/first_stage_endeffector/src/first_stage_endeffector.cpp:122:35:[m[K [01;31m[Kerror: [m[Kâ€˜[01m[Ktarget_pose[m[Kâ€™ was not declared in this scope
[4.411s]   122 |     move_group_arm->setPoseTarget([01;31m[Ktarget_pose[m[K);
[4.411s]       |                                   [01;31m[K^~~~~~~~~~~[m[K
[4.419s] [01m[K/home/steven/ros2_ws/src/first_stage/src/first_stage_endeffector/src/first_stage_endeffector.cpp:[m[K In member function â€˜[01m[Kvoid RobotController::performGraspSequence()[m[Kâ€™:
[4.419s] [01m[K/home/steven/ros2_ws/src/first_stage/src/first_stage_endeffector/src/first_stage_endeffector.cpp:154:46:[m[K [01;31m[Kerror: [m[Kâ€˜[01m[Ktarget_pose[m[Kâ€™ was not declared in this scope
[4.419s]   154 |     geometry_msgs::msg::Pose approach_pose = [01;31m[Ktarget_pose[m[K;
[4.419s]       |                                              [01;31m[K^~~~~~~~~~~[m[K
[4.432s] [01m[K/home/steven/ros2_ws/src/first_stage/src/first_stage_endeffector/src/first_stage_endeffector.cpp:161:26:[m[K [01;31m[Kerror: [m[Kâ€˜[01m[Kadaptive_grasp_client_[m[Kâ€™ was not declared in this scope
[4.433s]   161 |     auto result_future = [01;31m[Kadaptive_grasp_client_[m[K->async_send_request(request);
[4.433s]       |                          [01;31m[K^~~~~~~~~~~~~~~~~~~~~~[m[K
[4.445s] [01m[K/home/steven/ros2_ws/src/first_stage/src/first_stage_endeffector/src/first_stage_endeffector.cpp:[m[K In member function â€˜[01m[Kvoid RobotController::moveToFinalPosition()[m[Kâ€™:
[4.445s] [01m[K/home/steven/ros2_ws/src/first_stage/src/first_stage_endeffector/src/first_stage_endeffector.cpp:211:13:[m[K [01;31m[Kerror: [m[Kâ€˜[01m[Korientation_type[m[Kâ€™ was not declared in this scope
[4.445s]   211 |     switch ([01;31m[Korientation_type[m[K) {
[4.445s]       |             [01;31m[K^~~~~~~~~~~~~~~~[m[K
[4.454s] [01m[K/home/steven/ros2_ws/src/first_stage/src/first_stage_endeffector/src/first_stage_endeffector.cpp:[m[K In member function â€˜[01m[Kvoid RobotController::publishGripperCommand(int, int)[m[Kâ€™:
[4.454s] [01m[K/home/steven/ros2_ws/src/first_stage/src/first_stage_endeffector/src/first_stage_endeffector.cpp:253:5:[m[K [01;31m[Kerror: [m[Kâ€˜[01m[Kgripper_publisher[m[Kâ€™ was not declared in this scope; did you mean â€˜[01m[Kcreate_publisher[m[Kâ€™?
[4.454s]   253 |     [01;31m[Kgripper_publisher[m[K->publish(gripper_command);
[4.454s]       |     [01;31m[K^~~~~~~~~~~~~~~~~[m[K
[4.454s]       |     [32m[Kcreate_publisher[m[K
[8.619s] gmake[2]: *** [CMakeFiles/first_stage_endeffector.dir/build.make:76ï¼šCMakeFiles/first_stage_endeffector.dir/src/first_stage_endeffector.cpp.o] éŒ¯èª¤ 1
[8.619s] gmake[1]: *** [CMakeFiles/Makefile2:137ï¼šCMakeFiles/first_stage_endeffector.dir/all] éŒ¯èª¤ 2
[8.619s] gmake: *** [Makefile:146ï¼šall] éŒ¯èª¤ 2
[8.621s] Invoked command in '/home/steven/ros2_ws/src/first_stage/build/first_stage_endeffector' returned '2': CMAKE_PREFIX_PATH=${CMAKE_PREFIX_PATH}:/home/steven/ros2_ws/src/first_stage/install/first_stage_rg2:/home/steven/ws_moveit2/install/moveit_configs_utils:/home/steven/ws_moveit2/install/launch_param_builder:/opt/ros/humble /usr/bin/cmake --build /home/steven/ros2_ws/src/first_stage/build/first_stage_endeffector -- -j32 -l32
