[0.011s] Invoking command in '/home/steven/ros2_ws/src/first_stage/build/first_stage_endeffector': CMAKE_PREFIX_PATH=${CMAKE_PREFIX_PATH}:/home/steven/ros2_ws/src/first_stage/install/first_stage_rg2:/home/steven/ws_moveit2/install/moveit_configs_utils:/home/steven/ws_moveit2/install/launch_param_builder:/opt/ros/humble /usr/bin/cmake --build /home/steven/ros2_ws/src/first_stage/build/first_stage_endeffector -- -j32 -l32
[0.054s] [35m[1mConsolidate compiler generated dependencies of target first_stage_endeffector[0m
[0.076s] [ 50%] [32mBuilding CXX object CMakeFiles/first_stage_endeffector.dir/src/first_stage_endeffector.cpp.o[0m
[4.183s] [01m[K/home/steven/ros2_ws/src/first_stage/src/first_stage_endeffector/src/first_stage_endeffector.cpp:337:2:[m[K [01;31m[Kerror: [m[Kexpected â€˜[01m[K}[m[Kâ€™ at end of input
[4.183s]   337 | }
[4.183s]       |  [01;31m[K^[m[K
[4.183s] [01m[K/home/steven/ros2_ws/src/first_stage/src/first_stage_endeffector/src/first_stage_endeffector.cpp:22:1:[m[K [01;36m[Knote: [m[Kto match this â€˜[01m[K{[m[Kâ€™
[4.183s]    22 | [01;36m[K{[m[K
[4.183s]       | [01;36m[K^[m[K
[4.193s] [01m[K/home/steven/ros2_ws/src/first_stage/src/first_stage_endeffector/src/first_stage_endeffector.cpp:[m[K In constructor â€˜[01m[KRobotController::RobotController()[m[Kâ€™:
[4.194s] [01m[K/home/steven/ros2_ws/src/first_stage/src/first_stage_endeffector/src/first_stage_endeffector.cpp:26:5:[m[K [01;31m[Kerror: [m[Kâ€˜[01m[Kcoordinates_subscription[m[Kâ€™ was not declared in this scope; did you mean â€˜[01m[Kcreate_subscription[m[Kâ€™?
[4.194s]    26 |     [01;31m[Kcoordinates_subscription[m[K = this->create_subscription<geometry_msgs::msg::Point>(
[4.194s]       |     [01;31m[K^~~~~~~~~~~~~~~~~~~~~~~~[m[K
[4.194s]       |     [32m[Kcreate_subscription[m[K
[4.234s] [01m[K/home/steven/ros2_ws/src/first_stage/src/first_stage_endeffector/src/first_stage_endeffector.cpp:30:5:[m[K [01;31m[Kerror: [m[Kâ€˜[01m[Korientation_subscription[m[Kâ€™ was not declared in this scope; did you mean â€˜[01m[Kcreate_subscription[m[Kâ€™?
[4.234s]    30 |     [01;31m[Korientation_subscription[m[K = this->create_subscription<geometry_msgs::msg::Quaternion>(
[4.234s]       |     [01;31m[K^~~~~~~~~~~~~~~~~~~~~~~~[m[K
[4.234s]       |     [32m[Kcreate_subscription[m[K
[4.276s] [01m[K/home/steven/ros2_ws/src/first_stage/src/first_stage_endeffector/src/first_stage_endeffector.cpp:34:5:[m[K [01;31m[Kerror: [m[Kâ€˜[01m[Korientation_type_subscription[m[Kâ€™ was not declared in this scope
[4.276s]    34 |     [01;31m[Korientation_type_subscription[m[K = this->create_subscription<std_msgs::msg::Int8>(
[4.276s]       |     [01;31m[K^~~~~~~~~~~~~~~~~~~~~~~~~~~~~[m[K
[4.313s] [01m[K/home/steven/ros2_ws/src/first_stage/src/first_stage_endeffector/src/first_stage_endeffector.cpp:38:5:[m[K [01;31m[Kerror: [m[Kâ€˜[01m[Kgripper_publisher[m[Kâ€™ was not declared in this scope; did you mean â€˜[01m[Kcreate_publisher[m[Kâ€™?
[4.313s]    38 |     [01;31m[Kgripper_publisher[m[K = this->create_publisher<std_msgs::msg::Int32MultiArray>("custom_gripper", 10);
[4.313s]       |     [01;31m[K^~~~~~~~~~~~~~~~~[m[K
[4.313s]       |     [32m[Kcreate_publisher[m[K
[4.331s] [01m[K/home/steven/ros2_ws/src/first_stage/src/first_stage_endeffector/src/first_stage_endeffector.cpp:40:5:[m[K [01;31m[Kerror: [m[Kâ€˜[01m[Kgripper_status_subscription[m[Kâ€™ was not declared in this scope
[4.331s]    40 |     [01;31m[Kgripper_status_subscription[m[K = this->create_subscription<std_msgs::msg::String>(
[4.331s]       |     [01;31m[K^~~~~~~~~~~~~~~~~~~~~~~~~~~[m[K
[4.338s] [01m[K/home/steven/ros2_ws/src/first_stage/src/first_stage_endeffector/src/first_stage_endeffector.cpp:46:5:[m[K [01;31m[Kerror: [m[Kâ€˜[01m[Ktimer_[m[Kâ€™ was not declared in this scope; did you mean â€˜[01m[Ktimer_t[m[Kâ€™?
[4.338s]    46 |     [01;31m[Ktimer_[m[K = this->create_wall_timer(std::chrono::seconds(1),
[4.338s]       |     [01;31m[K^~~~~~[m[K
[4.338s]       |     [32m[Ktimer_t[m[K
[4.350s] [01m[K/home/steven/ros2_ws/src/first_stage/src/first_stage_endeffector/src/first_stage_endeffector.cpp:[m[K In member function â€˜[01m[Kvoid RobotController::initializeMoveGroup()[m[Kâ€™:
[4.350s] [01m[K/home/steven/ros2_ws/src/first_stage/src/first_stage_endeffector/src/first_stage_endeffector.cpp:53:5:[m[K [01;31m[Kerror: [m[Kâ€˜[01m[Ktimer_[m[Kâ€™ was not declared in this scope; did you mean â€˜[01m[Ktimer_t[m[Kâ€™?
[4.350s]    53 |     [01;31m[Ktimer_[m[K->cancel();
[4.350s]       |     [01;31m[K^~~~~~[m[K
[4.350s]       |     [32m[Ktimer_t[m[K
[4.359s] [01m[K/home/steven/ros2_ws/src/first_stage/src/first_stage_endeffector/src/first_stage_endeffector.cpp:55:5:[m[K [01;31m[Kerror: [m[Kâ€˜[01m[Kmove_group_arm[m[Kâ€™ was not declared in this scope
[4.359s]    55 |     [01;31m[Kmove_group_arm[m[K = std::make_shared<moveit::planning_interface::MoveGroupInterface>(shared_from_this(), "ur_manipulator");
[4.359s]       |     [01;31m[K^~~~~~~~~~~~~~[m[K
[4.370s] [01m[K/home/steven/ros2_ws/src/first_stage/src/first_stage_endeffector/src/first_stage_endeffector.cpp:[m[K In member function â€˜[01m[Kvoid RobotController::goHome()[m[Kâ€™:
[4.370s] [01m[K/home/steven/ros2_ws/src/first_stage/src/first_stage_endeffector/src/first_stage_endeffector.cpp:64:10:[m[K [01;31m[Kerror: [m[Kâ€˜[01m[Kmove_group_arm[m[Kâ€™ was not declared in this scope
[4.370s]    64 |     if (![01;31m[Kmove_group_arm[m[K) {
[4.370s]       |          [01;31m[K^~~~~~~~~~~~~~[m[K
[4.381s] [01m[K/home/steven/ros2_ws/src/first_stage/src/first_stage_endeffector/src/first_stage_endeffector.cpp:69:5:[m[K [01;31m[Kerror: [m[Kâ€˜[01m[Kmove_group_arm[m[Kâ€™ was not declared in this scope
[4.381s]    69 |     [01;31m[Kmove_group_arm[m[K->setStartStateToCurrentState();
[4.381s]       |     [01;31m[K^~~~~~~~~~~~~~[m[K
[4.391s] [01m[K/home/steven/ros2_ws/src/first_stage/src/first_stage_endeffector/src/first_stage_endeffector.cpp:[m[K In member function â€˜[01m[Kvoid RobotController::coordinatesCallback(geometry_msgs::msg::Point_<std::allocator<void> >::SharedPtr)[m[Kâ€™:
[4.391s] [01m[K/home/steven/ros2_ws/src/first_stage/src/first_stage_endeffector/src/first_stage_endeffector.cpp:82:5:[m[K [01;31m[Kerror: [m[Kâ€˜[01m[Ktarget_pose[m[Kâ€™ was not declared in this scope
[4.391s]    82 |     [01;31m[Ktarget_pose[m[K.position.x = msg->x;
[4.391s]       |     [01;31m[K^~~~~~~~~~~[m[K
[4.407s] [01m[K/home/steven/ros2_ws/src/first_stage/src/first_stage_endeffector/src/first_stage_endeffector.cpp:86:9:[m[K [01;31m[Kerror: [m[Kâ€˜[01m[Korientation_received[m[Kâ€™ was not declared in this scope
[4.407s]    86 |     if ([01;31m[Korientation_received[m[K) {
[4.408s]       |         [01;31m[K^~~~~~~~~~~~~~~~~~~~[m[K
[4.418s] [01m[K/home/steven/ros2_ws/src/first_stage/src/first_stage_endeffector/src/first_stage_endeffector.cpp:[m[K In member function â€˜[01m[Kvoid RobotController::orientationCallback(geometry_msgs::msg::Quaternion_<std::allocator<void> >::SharedPtr)[m[Kâ€™:
[4.418s] [01m[K/home/steven/ros2_ws/src/first_stage/src/first_stage_endeffector/src/first_stage_endeffector.cpp:93:5:[m[K [01;31m[Kerror: [m[Kâ€˜[01m[Ktarget_pose[m[Kâ€™ was not declared in this scope
[4.418s]    93 |     [01;31m[Ktarget_pose[m[K.orientation = *msg;
[4.418s]       |     [01;31m[K^~~~~~~~~~~[m[K
[4.431s] [01m[K/home/steven/ros2_ws/src/first_stage/src/first_stage_endeffector/src/first_stage_endeffector.cpp:94:5:[m[K [01;31m[Kerror: [m[Kâ€˜[01m[Korientation_received[m[Kâ€™ was not declared in this scope
[4.431s]    94 |     [01;31m[Korientation_received[m[K = true;
[4.431s]       |     [01;31m[K^~~~~~~~~~~~~~~~~~~~[m[K
[4.444s] [01m[K/home/steven/ros2_ws/src/first_stage/src/first_stage_endeffector/src/first_stage_endeffector.cpp:[m[K In member function â€˜[01m[Kvoid RobotController::orientationTypeCallback(std_msgs::msg::Int8_<std::allocator<void> >::SharedPtr)[m[Kâ€™:
[4.444s] [01m[K/home/steven/ros2_ws/src/first_stage/src/first_stage_endeffector/src/first_stage_endeffector.cpp:103:5:[m[K [01;31m[Kerror: [m[Kâ€˜[01m[Korientation_type[m[Kâ€™ was not declared in this scope
[4.444s]   103 |     [01;31m[Korientation_type[m[K = msg->data;
[4.444s]       |     [01;31m[K^~~~~~~~~~~~~~~~[m[K
[4.459s] [01m[K/home/steven/ros2_ws/src/first_stage/src/first_stage_endeffector/src/first_stage_endeffector.cpp:104:5:[m[K [01;31m[Kerror: [m[Kâ€˜[01m[Korientation_type_received[m[Kâ€™ was not declared in this scope
[4.459s]   104 |     [01;31m[Korientation_type_received[m[K = true;
[4.459s]       |     [01;31m[K^~~~~~~~~~~~~~~~~~~~~~~~~[m[K
[4.471s] [01m[K/home/steven/ros2_ws/src/first_stage/src/first_stage_endeffector/src/first_stage_endeffector.cpp:105:5:[m[K [01;31m[Kerror: [m[Kâ€˜[01m[KmoveToFinalPosition[m[Kâ€™ was not declared in this scope
[4.471s]   105 |     [01;31m[KmoveToFinalPosition[m[K();
[4.471s]       |     [01;31m[K^~~~~~~~~~~~~~~~~~~[m[K
[4.481s] [01m[K/home/steven/ros2_ws/src/first_stage/src/first_stage_endeffector/src/first_stage_endeffector.cpp:[m[K In member function â€˜[01m[Kvoid RobotController::gripperStatusCallback(std_msgs::msg::String_<std::allocator<void> >::SharedPtr)[m[Kâ€™:
[4.481s] [01m[K/home/steven/ros2_ws/src/first_stage/src/first_stage_endeffector/src/first_stage_endeffector.cpp:111:7:[m[K [01;31m[Kerror: [m[Kâ€˜[01m[Kgripper_status[m[Kâ€™ was not declared in this scope; did you mean â€˜[01m[KGripperStatus[m[Kâ€™?
[4.481s]   111 |       [01;31m[Kgripper_status[m[K.store(GripperStatus::OBJECT_GRIPPED);
[4.481s]       |       [01;31m[K^~~~~~~~~~~~~~[m[K
[4.481s]       |       [32m[KGripperStatus[m[K
[4.488s] [01m[K/home/steven/ros2_ws/src/first_stage/src/first_stage_endeffector/src/first_stage_endeffector.cpp:113:7:[m[K [01;31m[Kerror: [m[Kâ€˜[01m[Kgripper_status[m[Kâ€™ was not declared in this scope; did you mean â€˜[01m[KGripperStatus[m[Kâ€™?
[4.488s]   113 |       [01;31m[Kgripper_status[m[K.store(GripperStatus::GRIP_FAILED);
[4.488s]       |       [01;31m[K^~~~~~~~~~~~~~[m[K
[4.488s]       |       [32m[KGripperStatus[m[K
[4.497s] [01m[K/home/steven/ros2_ws/src/first_stage/src/first_stage_endeffector/src/first_stage_endeffector.cpp:[m[K In member function â€˜[01m[Kvoid RobotController::planAndExecute()[m[Kâ€™:
[4.497s] [01m[K/home/steven/ros2_ws/src/first_stage/src/first_stage_endeffector/src/first_stage_endeffector.cpp:119:10:[m[K [01;31m[Kerror: [m[Kâ€˜[01m[Kmove_group_arm[m[Kâ€™ was not declared in this scope
[4.497s]   119 |     if (![01;31m[Kmove_group_arm[m[K) {
[4.497s]       |          [01;31m[K^~~~~~~~~~~~~~[m[K
[4.504s] In file included from [01m[K/opt/ros/humble/include/rclcpp/rclcpp/logging.hpp:24[m[K,
[4.504s]                  from [01m[K/opt/ros/humble/include/rclcpp/rclcpp/client.hpp:40[m[K,
[4.504s]                  from [01m[K/opt/ros/humble/include/rclcpp/rclcpp/callback_group.hpp:24[m[K,
[4.505s]                  from [01m[K/opt/ros/humble/include/rclcpp/rclcpp/any_executable.hpp:20[m[K,
[4.505s]                  from [01m[K/opt/ros/humble/include/rclcpp/rclcpp/memory_strategy.hpp:25[m[K,
[4.505s]                  from [01m[K/opt/ros/humble/include/rclcpp/rclcpp/memory_strategies.hpp:18[m[K,
[4.505s]                  from [01m[K/opt/ros/humble/include/rclcpp/rclcpp/executor_options.hpp:20[m[K,
[4.505s]                  from [01m[K/opt/ros/humble/include/rclcpp/rclcpp/executor.hpp:37[m[K,
[4.505s]                  from [01m[K/opt/ros/humble/include/rclcpp/rclcpp/executors/multi_threaded_executor.hpp:25[m[K,
[4.505s]                  from [01m[K/opt/ros/humble/include/rclcpp/rclcpp/executors.hpp:21[m[K,
[4.505s]                  from [01m[K/opt/ros/humble/include/rclcpp/rclcpp/rclcpp.hpp:155[m[K,
[4.505s]                  from [01m[K/home/steven/ros2_ws/src/first_stage/src/first_stage_endeffector/src/first_stage_endeffector.cpp:1[m[K:
[4.505s] [01m[K/home/steven/ros2_ws/src/first_stage/src/first_stage_endeffector/src/first_stage_endeffector.cpp:125:17:[m[K [01;31m[Kerror: [m[Kâ€˜[01m[Ktarget_pose[m[Kâ€™ was not declared in this scope
[4.506s]   125 |                 [01;31m[Ktarget_pose[m[K.position.x, target_pose.position.y, target_pose.position.z,
[4.506s]       |                 [01;31m[K^~~~~~~~~~~[m[K
[4.513s] [01m[K/home/steven/ros2_ws/src/first_stage/src/first_stage_endeffector/src/first_stage_endeffector.cpp:128:5:[m[K [01;31m[Kerror: [m[Kâ€˜[01m[Kmove_group_arm[m[Kâ€™ was not declared in this scope
[4.513s]   128 |     [01;31m[Kmove_group_arm[m[K->setPoseTarget(target_pose);
[4.513s]       |     [01;31m[K^~~~~~~~~~~~~~[m[K
[4.519s] [01m[K/home/steven/ros2_ws/src/first_stage/src/first_stage_endeffector/src/first_stage_endeffector.cpp:128:35:[m[K [01;31m[Kerror: [m[Kâ€˜[01m[Ktarget_pose[m[Kâ€™ was not declared in this scope
[4.519s]   128 |     move_group_arm->setPoseTarget([01;31m[Ktarget_pose[m[K);
[4.519s]       |                                   [01;31m[K^~~~~~~~~~~[m[K
[4.526s] [01m[K/home/steven/ros2_ws/src/first_stage/src/first_stage_endeffector/src/first_stage_endeffector.cpp:132:7:[m[K [01;31m[Kerror: [m[Kâ€˜[01m[KmoveToCamera[m[Kâ€™ was not declared in this scope
[4.526s]   132 |       [01;31m[KmoveToCamera[m[K();
[4.526s]       |       [01;31m[K^~~~~~~~~~~~[m[K
[4.536s] [01m[K/home/steven/ros2_ws/src/first_stage/src/first_stage_endeffector/src/first_stage_endeffector.cpp:[m[K In member function â€˜[01m[Kbool RobotController::executePlan()[m[Kâ€™:
[4.536s] [01m[K/home/steven/ros2_ws/src/first_stage/src/first_stage_endeffector/src/first_stage_endeffector.cpp:139:21:[m[K [01;31m[Kerror: [m[Kâ€˜[01m[Kmove_group_arm[m[Kâ€™ was not declared in this scope
[4.536s]   139 |     bool success = ([01;31m[Kmove_group_arm[m[K->plan(my_plan) == moveit::core::MoveItErrorCode::SUCCESS);
[4.536s]       |                     [01;31m[K^~~~~~~~~~~~~~[m[K
[4.545s] [01m[K/home/steven/ros2_ws/src/first_stage/src/first_stage_endeffector/src/first_stage_endeffector.cpp:[m[K In member function â€˜[01m[Kvoid RobotController::performGraspSequence()[m[Kâ€™:
[4.545s] [01m[K/home/steven/ros2_ws/src/first_stage/src/first_stage_endeffector/src/first_stage_endeffector.cpp:161:7:[m[K [01;31m[Kerror: [m[Kâ€˜[01m[Kmove_group_arm[m[Kâ€™ was not declared in this scope
[4.545s]   161 |       [01;31m[Kmove_group_arm[m[K->setPoseTarget(target_pose);
[4.545s]       |       [01;31m[K^~~~~~~~~~~~~~[m[K
[4.552s] [01m[K/home/steven/ros2_ws/src/first_stage/src/first_stage_endeffector/src/first_stage_endeffector.cpp:161:37:[m[K [01;31m[Kerror: [m[Kâ€˜[01m[Ktarget_pose[m[Kâ€™ was not declared in this scope
[4.552s]   161 |       move_group_arm->setPoseTarget([01;31m[Ktarget_pose[m[K);
[4.552s]       |                                     [01;31m[K^~~~~~~~~~~[m[K
[4.566s] [01m[K/home/steven/ros2_ws/src/first_stage/src/first_stage_endeffector/src/first_stage_endeffector.cpp:169:7:[m[K [01;31m[Kerror: [m[Kâ€˜[01m[KpublishGripperCommand[m[Kâ€™ was not declared in this scope
[4.566s]   169 |       [01;31m[KpublishGripperCommand[m[K(0, 30, 10);
[4.566s]       |       [01;31m[K^~~~~~~~~~~~~~~~~~~~~[m[K
[4.578s] [01m[K/home/steven/ros2_ws/src/first_stage/src/first_stage_endeffector/src/first_stage_endeffector.cpp:170:7:[m[K [01;31m[Kerror: [m[Kâ€˜[01m[KwaitForGripperAction[m[Kâ€™ was not declared in this scope
[4.578s]   170 |       [01;31m[KwaitForGripperAction[m[K();
[4.578s]       |       [01;31m[K^~~~~~~~~~~~~~~~~~~~[m[K
[4.588s] [01m[K/home/steven/ros2_ws/src/first_stage/src/first_stage_endeffector/src/first_stage_endeffector.cpp:188:11:[m[K [01;31m[Kerror: [m[Kâ€˜[01m[KcheckGripSuccess[m[Kâ€™ was not declared in this scope; did you mean â€˜[01m[KgripSuccess[m[Kâ€™?
[4.588s]   188 |       if ([01;31m[KcheckGripSuccess[m[K()) {
[4.588s]       |           [01;31m[K^~~~~~~~~~~~~~~~[m[K
[4.588s]       |           [32m[KgripSuccess[m[K
[4.595s] [01m[K/home/steven/ros2_ws/src/first_stage/src/first_stage_endeffector/src/first_stage_endeffector.cpp:204:42:[m[K [01;31m[Kerror: [m[Kâ€˜[01m[Ktarget_pose[m[Kâ€™ was not declared in this scope
[4.595s]   204 |     geometry_msgs::msg::Pose lift_pose = [01;31m[Ktarget_pose[m[K;
[4.595s]       |                                          [01;31m[K^~~~~~~~~~~[m[K
[4.604s] [01m[K/home/steven/ros2_ws/src/first_stage/src/first_stage_endeffector/src/first_stage_endeffector.cpp:207:5:[m[K [01;31m[Kerror: [m[Kâ€˜[01m[Kmove_group_arm[m[Kâ€™ was not declared in this scope
[4.604s]   207 |     [01;31m[Kmove_group_arm[m[K->setPoseTarget(lift_pose);
[4.604s]       |     [01;31m[K^~~~~~~~~~~~~~[m[K
[4.604s] [01m[K/home/steven/ros2_ws/src/first_stage/src/first_stage_endeffector/src/first_stage_endeffector.cpp:216:3:[m[K [01;31m[Kerror: [m[Ka function-definition is not allowed here before â€˜[01m[K{[m[Kâ€™ token
[4.605s]   216 |   [01;31m[K{[m[K
[4.605s]       |   [01;31m[K^[m[K
[4.605s] [01m[K/home/steven/ros2_ws/src/first_stage/src/first_stage_endeffector/src/first_stage_endeffector.cpp:232:3:[m[K [01;31m[Kerror: [m[Ka function-definition is not allowed here before â€˜[01m[K{[m[Kâ€™ token
[4.605s]   232 |   [01;31m[K{[m[K
[4.605s]       |   [01;31m[K^[m[K
[4.605s] [01m[K/home/steven/ros2_ws/src/first_stage/src/first_stage_endeffector/src/first_stage_endeffector.cpp:281:3:[m[K [01;31m[Kerror: [m[Ka function-definition is not allowed here before â€˜[01m[K{[m[Kâ€™ token
[4.605s]   281 |   [01;31m[K{[m[K
[4.605s]       |   [01;31m[K^[m[K
[4.605s] [01m[K/home/steven/ros2_ws/src/first_stage/src/first_stage_endeffector/src/first_stage_endeffector.cpp:289:3:[m[K [01;31m[Kerror: [m[Ka function-definition is not allowed here before â€˜[01m[K{[m[Kâ€™ token
[4.605s]   289 |   [01;31m[K{[m[K
[4.605s]       |   [01;31m[K^[m[K
[4.605s] [01m[K/home/steven/ros2_ws/src/first_stage/src/first_stage_endeffector/src/first_stage_endeffector.cpp:293:24:[m[K [01;35m[Kwarning: [m[Kempty parentheses were disambiguated as a function declaration [[01;35m[K]8;;https://gcc.gnu.org/onlinedocs/gcc/Warning-Options.html#index-Wvexing-parse-Wvexing-parse]8;;[m[K]
[4.605s]   293 |   bool checkGripSuccess[01;35m[K()[m[K
[4.605s]       |                        [01;35m[K^~[m[K
[4.605s] [01m[K/home/steven/ros2_ws/src/first_stage/src/first_stage_endeffector/src/first_stage_endeffector.cpp:293:24:[m[K [01;36m[Knote: [m[Kremove parentheses to default-initialize a variable
[4.605s]   293 |   bool checkGripSuccess[01;36m[K()[m[K
[4.605s]       |                        [01;36m[K^~[m[K
[4.605s]       |                        [31m[K--[m[K
[4.605s] [01m[K/home/steven/ros2_ws/src/first_stage/src/first_stage_endeffector/src/first_stage_endeffector.cpp:293:24:[m[K [01;36m[Knote: [m[Kor replace parentheses with braces to value-initialize a variable
[4.605s] [01m[K/home/steven/ros2_ws/src/first_stage/src/first_stage_endeffector/src/first_stage_endeffector.cpp:294:3:[m[K [01;31m[Kerror: [m[Ka function-definition is not allowed here before â€˜[01m[K{[m[Kâ€™ token
[4.605s]   294 |   [01;31m[K{[m[K
[4.605s]       |   [01;31m[K^[m[K
[4.605s] [01m[K/home/steven/ros2_ws/src/first_stage/src/first_stage_endeffector/src/first_stage_endeffector.cpp:302:3:[m[K [01;31m[Kerror: [m[Ka function-definition is not allowed here before â€˜[01m[K{[m[Kâ€™ token
[4.605s]   302 |   [01;31m[K{[m[K
[4.605s]       |   [01;31m[K^[m[K
[4.608s] [01m[K/home/steven/ros2_ws/src/first_stage/src/first_stage_endeffector/src/first_stage_endeffector.cpp:324:8:[m[K [01;35m[Kwarning: [m[Kunused variable â€˜[01m[Korientation_received[m[Kâ€™ [[01;35m[K]8;;https://gcc.gnu.org/onlinedocs/gcc/Warning-Options.html#index-Wunused-variable-Wunused-variable]8;;[m[K]
[4.608s]   324 |   bool [01;35m[Korientation_received[m[K = false;
[4.608s]       |        [01;35m[K^~~~~~~~~~~~~~~~~~~~[m[K
[4.608s] [01m[K/home/steven/ros2_ws/src/first_stage/src/first_stage_endeffector/src/first_stage_endeffector.cpp:325:8:[m[K [01;35m[Kwarning: [m[Kunused variable â€˜[01m[Korientation_type_received[m[Kâ€™ [[01;35m[K]8;;https://gcc.gnu.org/onlinedocs/gcc/Warning-Options.html#index-Wunused-variable-Wunused-variable]8;;[m[K]
[4.608s]   325 |   bool [01;35m[Korientation_type_received[m[K = false;
[4.608s]       |        [01;35m[K^~~~~~~~~~~~~~~~~~~~~~~~~[m[K
[4.608s] [01m[K/home/steven/ros2_ws/src/first_stage/src/first_stage_endeffector/src/first_stage_endeffector.cpp:326:7:[m[K [01;35m[Kwarning: [m[Kunused variable â€˜[01m[Korientation_type[m[Kâ€™ [[01;35m[K]8;;https://gcc.gnu.org/onlinedocs/gcc/Warning-Options.html#index-Wunused-variable-Wunused-variable]8;;[m[K]
[4.608s]   326 |   int [01;35m[Korientation_type[m[K;
[4.608s]       |       [01;35m[K^~~~~~~~~~~~~~~~[m[K
[4.612s] [01m[K/home/steven/ros2_ws/src/first_stage/src/first_stage_endeffector/src/first_stage_endeffector.cpp:[m[K At global scope:
[4.612s] [01m[K/home/steven/ros2_ws/src/first_stage/src/first_stage_endeffector/src/first_stage_endeffector.cpp:337:2:[m[K [01;31m[Kerror: [m[Kexpected unqualified-id at end of input
[4.612s]   337 | }
[4.612s]       |  [01;31m[K^[m[K
[9.066s] gmake[2]: *** [CMakeFiles/first_stage_endeffector.dir/build.make:76ï¼šCMakeFiles/first_stage_endeffector.dir/src/first_stage_endeffector.cpp.o] éŒ¯èª¤ 1
[9.066s] gmake[1]: *** [CMakeFiles/Makefile2:137ï¼šCMakeFiles/first_stage_endeffector.dir/all] éŒ¯èª¤ 2
[9.066s] gmake: *** [Makefile:146ï¼šall] éŒ¯èª¤ 2
[9.067s] Invoked command in '/home/steven/ros2_ws/src/first_stage/build/first_stage_endeffector' returned '2': CMAKE_PREFIX_PATH=${CMAKE_PREFIX_PATH}:/home/steven/ros2_ws/src/first_stage/install/first_stage_rg2:/home/steven/ws_moveit2/install/moveit_configs_utils:/home/steven/ws_moveit2/install/launch_param_builder:/opt/ros/humble /usr/bin/cmake --build /home/steven/ros2_ws/src/first_stage/build/first_stage_endeffector -- -j32 -l32
