[01m[K/home/steven/ros2_ws/src/first_stage/src/first_stage_endeffector/src/first_stage_endeffector.cpp:270:2:[m[K [01;31m[Kerror: [m[Kexpected ‘[01m[K}[m[K’ at end of input
  270 | }
      |  [01;31m[K^[m[K
[01m[K/home/steven/ros2_ws/src/first_stage/src/first_stage_endeffector/src/first_stage_endeffector.cpp:15:1:[m[K [01;36m[Knote: [m[Kto match this ‘[01m[K{[m[K’
   15 | [01;36m[K{[m[K
      | [01;36m[K^[m[K
[01m[K/home/steven/ros2_ws/src/first_stage/src/first_stage_endeffector/src/first_stage_endeffector.cpp:[m[K In constructor ‘[01m[KRobotController::RobotController()[m[K’:
[01m[K/home/steven/ros2_ws/src/first_stage/src/first_stage_endeffector/src/first_stage_endeffector.cpp:19:5:[m[K [01;31m[Kerror: [m[K‘[01m[Kcoordinates_subscription[m[K’ was not declared in this scope; did you mean ‘[01m[Kcreate_subscription[m[K’?
   19 |     [01;31m[Kcoordinates_subscription[m[K = this->create_subscription<geometry_msgs::msg::Point>(
      |     [01;31m[K^~~~~~~~~~~~~~~~~~~~~~~~[m[K
      |     [32m[Kcreate_subscription[m[K
[01m[K/home/steven/ros2_ws/src/first_stage/src/first_stage_endeffector/src/first_stage_endeffector.cpp:23:5:[m[K [01;31m[Kerror: [m[K‘[01m[Korientation_subscription[m[K’ was not declared in this scope; did you mean ‘[01m[Kcreate_subscription[m[K’?
   23 |     [01;31m[Korientation_subscription[m[K = this->create_subscription<geometry_msgs::msg::Quaternion>(
      |     [01;31m[K^~~~~~~~~~~~~~~~~~~~~~~~[m[K
      |     [32m[Kcreate_subscription[m[K
[01m[K/home/steven/ros2_ws/src/first_stage/src/first_stage_endeffector/src/first_stage_endeffector.cpp:25:35:[m[K [01;31m[Kerror: [m[K‘[01m[KorientationCallback[m[K’ is not a member of ‘[01m[KRobotController[m[K’
   25 |       std::bind(&RobotController::[01;31m[KorientationCallback[m[K, this, std::placeholders::_1));
      |                                   [01;31m[K^~~~~~~~~~~~~~~~~~~[m[K
[01m[K/home/steven/ros2_ws/src/first_stage/src/first_stage_endeffector/src/first_stage_endeffector.cpp:27:5:[m[K [01;31m[Kerror: [m[K‘[01m[Kgripper_publisher[m[K’ was not declared in this scope; did you mean ‘[01m[Kcreate_publisher[m[K’?
   27 |     [01;31m[Kgripper_publisher[m[K = this->create_publisher<std_msgs::msg::Int32MultiArray>("custom_gripper", 10);
      |     [01;31m[K^~~~~~~~~~~~~~~~~[m[K
      |     [32m[Kcreate_publisher[m[K
[01m[K/home/steven/ros2_ws/src/first_stage/src/first_stage_endeffector/src/first_stage_endeffector.cpp:32:5:[m[K [01;31m[Kerror: [m[K‘[01m[Ktimer_[m[K’ was not declared in this scope; did you mean ‘[01m[Ktimer_t[m[K’?
   32 |     [01;31m[Ktimer_[m[K = this->create_wall_timer(std::chrono::seconds(1),
      |     [01;31m[K^~~~~~[m[K
      |     [32m[Ktimer_t[m[K
[01m[K/home/steven/ros2_ws/src/first_stage/src/first_stage_endeffector/src/first_stage_endeffector.cpp:[m[K In member function ‘[01m[Kvoid RobotController::initializeMoveGroup()[m[K’:
[01m[K/home/steven/ros2_ws/src/first_stage/src/first_stage_endeffector/src/first_stage_endeffector.cpp:40:5:[m[K [01;31m[Kerror: [m[K‘[01m[Ktimer_[m[K’ was not declared in this scope; did you mean ‘[01m[Ktimer_t[m[K’?
   40 |     [01;31m[Ktimer_[m[K->cancel();
      |     [01;31m[K^~~~~~[m[K
      |     [32m[Ktimer_t[m[K
[01m[K/home/steven/ros2_ws/src/first_stage/src/first_stage_endeffector/src/first_stage_endeffector.cpp:42:5:[m[K [01;31m[Kerror: [m[K‘[01m[Kmove_group_arm[m[K’ was not declared in this scope
   42 |     [01;31m[Kmove_group_arm[m[K = std::make_shared<moveit::planning_interface::MoveGroupInterface>(shared_from_this(), "ur_manipulator");
      |     [01;31m[K^~~~~~~~~~~~~~[m[K
[01m[K/home/steven/ros2_ws/src/first_stage/src/first_stage_endeffector/src/first_stage_endeffector.cpp:[m[K In member function ‘[01m[Kvoid RobotController::goHome()[m[K’:
[01m[K/home/steven/ros2_ws/src/first_stage/src/first_stage_endeffector/src/first_stage_endeffector.cpp:51:5:[m[K [01;31m[Kerror: [m[K‘[01m[Kmove_group_arm[m[K’ was not declared in this scope
   51 |     [01;31m[Kmove_group_arm[m[K->setStartStateToCurrentState();
      |     [01;31m[K^~~~~~~~~~~~~~[m[K
[01m[K/home/steven/ros2_ws/src/first_stage/src/first_stage_endeffector/src/first_stage_endeffector.cpp:[m[K In member function ‘[01m[Kvoid RobotController::coordinatesCallback(geometry_msgs::msg::Point_<std::allocator<void> >::SharedPtr)[m[K’:
[01m[K/home/steven/ros2_ws/src/first_stage/src/first_stage_endeffector/src/first_stage_endeffector.cpp:82:10:[m[K [01;31m[Kerror: [m[K‘[01m[Kmove_group_arm[m[K’ was not declared in this scope
   82 |     if (![01;31m[Kmove_group_arm[m[K) {
      |          [01;31m[K^~~~~~~~~~~~~~[m[K
[01m[K/home/steven/ros2_ws/src/first_stage/src/first_stage_endeffector/src/first_stage_endeffector.cpp:90:32:[m[K [01;31m[Kerror: [m[K‘[01m[Kcurrent_orientation[m[K’ was not declared in this scope
   90 |     target_pose1.orientation = [01;31m[Kcurrent_orientation[m[K;  // 使用接收到的方向
      |                                [01;31m[K^~~~~~~~~~~~~~~~~~~[m[K
[01m[K/home/steven/ros2_ws/src/first_stage/src/first_stage_endeffector/src/first_stage_endeffector.cpp:95:5:[m[K [01;31m[Kerror: [m[K‘[01m[Kmove_group_arm[m[K’ was not declared in this scope
   95 |     [01;31m[Kmove_group_arm[m[K->setPoseTarget(target_pose1);
      |     [01;31m[K^~~~~~~~~~~~~~[m[K
[01m[K/home/steven/ros2_ws/src/first_stage/src/first_stage_endeffector/src/first_stage_endeffector.cpp:242:3:[m[K [01;31m[Kerror: [m[Ka function-definition is not allowed here before ‘[01m[K{[m[K’ token
  242 |   [01;31m[K{[m[K
      |   [01;31m[K^[m[K
[01m[K/home/steven/ros2_ws/src/first_stage/src/first_stage_endeffector/src/first_stage_endeffector.cpp:98:10:[m[K [01;35m[Kwarning: [m[Kunused variable ‘[01m[Ksuccess[m[K’ [[01;35m[K]8;;https://gcc.gnu.org/onlinedocs/gcc/Warning-Options.html#index-Wunused-variable-Wunused-variable]8;;[m[K]
   98 |     bool [01;35m[Ksuccess[m[K = (move_group_arm->plan(my_plan) == moveit::core::MoveItErrorCode::SUCCESS);
      |          [01;35m[K^~~~~~~[m[K
[01m[K/home/steven/ros2_ws/src/first_stage/src/first_stage_endeffector/src/first_stage_endeffector.cpp:[m[K At global scope:
[01m[K/home/steven/ros2_ws/src/first_stage/src/first_stage_endeffector/src/first_stage_endeffector.cpp:270:2:[m[K [01;31m[Kerror: [m[Kexpected unqualified-id at end of input
  270 | }
      |  [01;31m[K^[m[K
gmake[2]: *** [CMakeFiles/first_stage_endeffector.dir/build.make:76：CMakeFiles/first_stage_endeffector.dir/src/first_stage_endeffector.cpp.o] 錯誤 1
gmake[1]: *** [CMakeFiles/Makefile2:137：CMakeFiles/first_stage_endeffector.dir/all] 錯誤 2
gmake: *** [Makefile:146：all] 錯誤 2
