[35m[1mConsolidate compiler generated dependencies of target ur5_ros2_cartesian[0m
[ 50%] [32mBuilding CXX object CMakeFiles/ur5_ros2_cartesian.dir/src/ur5_ros2_cartesian.cpp.o[0m
[01m[K/home/steven/Documents/IIIIIIIII_TEST/command_endeffector_cartesian/src/ur5_endeffector_cartesian/src/ur5_ros2_cartesian.cpp:[m[K In member function â€˜[01m[Kvoid DynamicMoveGroup::executeDynamically(const moveit::planning_interface::MoveGroupInterface::Plan&)[m[Kâ€™:
[01m[K/home/steven/Documents/IIIIIIIII_TEST/command_endeffector_cartesian/src/ur5_endeffector_cartesian/src/ur5_ros2_cartesian.cpp:108:64:[m[K [01;31m[Kerror: [m[Kno match for â€˜[01m[Koperator-[m[Kâ€™ (operand types are â€˜[01m[Ktrajectory_msgs::msg::JointTrajectoryPoint_<std::allocator<void> >::_time_from_start_type[m[Kâ€™ {aka â€˜[01m[Kbuiltin_interfaces::msg::Duration_<std::allocator<void> >[m[Kâ€™} and â€˜[01m[Krclcpp::Duration[m[Kâ€™)
  108 |       auto time_to_next = trajectory.points[i].time_from_start [01;31m[K-[m[K [32m[K(this->now() - start_time)[m[K;
      |                                                                [01;31m[K^[m[K [32m[K~~~~~~~~~~~~~~~~~~~~~~~~~~[m[K
      |                                                                               [32m[K|[m[K
      |                                                                               [32m[Krclcpp::Duration[m[K
In file included from [01m[K/usr/include/c++/11/bits/stl_algobase.h:67[m[K,
                 from [01m[K/usr/include/c++/11/memory:63[m[K,
                 from [01m[K/home/steven/ws_moveit2/install/moveit_core/include/moveit/macros/declare_ptr.h:37[m[K,
                 from [01m[K/home/steven/ws_moveit2/install/moveit_core/include/moveit/macros/class_forward.h:39[m[K,
                 from [01m[K/home/steven/ws_moveit2/install/moveit_ros_planning_interface/include/moveit/move_group_interface/move_group_interface.h:40[m[K,
                 from [01m[K/home/steven/Documents/IIIIIIIII_TEST/command_endeffector_cartesian/src/ur5_endeffector_cartesian/src/ur5_ros2_cartesian.cpp:1[m[K:
[01m[K/usr/include/c++/11/bits/stl_iterator.h:577:5:[m[K [01;36m[Knote: [m[Kcandidate: â€˜[01m[Ktemplate<class _IteratorL, class _IteratorR> constexpr decltype ((__y.base() - __x.base())) std::operator-(const std::reverse_iterator<_Iterator>&, const std::reverse_iterator<_IteratorR>&)[m[Kâ€™
  577 |     [01;36m[Koperator[m[K-(const reverse_iterator<_IteratorL>& __x,
      |     [01;36m[K^~~~~~~~[m[K
[01m[K/usr/include/c++/11/bits/stl_iterator.h:577:5:[m[K [01;36m[Knote: [m[K  template argument deduction/substitution failed:
[01m[K/home/steven/Documents/IIIIIIIII_TEST/command_endeffector_cartesian/src/ur5_endeffector_cartesian/src/ur5_ros2_cartesian.cpp:108:91:[m[K [01;36m[Knote: [m[K  â€˜[01m[Ktrajectory_msgs::msg::JointTrajectoryPoint_<std::allocator<void> >::_time_from_start_type[m[Kâ€™ {aka â€˜[01m[Kbuiltin_interfaces::msg::Duration_<std::allocator<void> >[m[Kâ€™} is not derived from â€˜[01m[Kconst std::reverse_iterator<_Iterator>[m[Kâ€™
  108 |       auto time_to_next = trajectory.points[i].time_from_start - (this->now() - start_time[01;36m[K)[m[K;
      |                                                                                           [01;36m[K^[m[K
In file included from [01m[K/usr/include/c++/11/bits/stl_algobase.h:67[m[K,
                 from [01m[K/usr/include/c++/11/memory:63[m[K,
                 from [01m[K/home/steven/ws_moveit2/install/moveit_core/include/moveit/macros/declare_ptr.h:37[m[K,
                 from [01m[K/home/steven/ws_moveit2/install/moveit_core/include/moveit/macros/class_forward.h:39[m[K,
                 from [01m[K/home/steven/ws_moveit2/install/moveit_ros_planning_interface/include/moveit/move_group_interface/move_group_interface.h:40[m[K,
                 from [01m[K/home/steven/Documents/IIIIIIIII_TEST/command_endeffector_cartesian/src/ur5_endeffector_cartesian/src/ur5_ros2_cartesian.cpp:1[m[K:
[01m[K/usr/include/c++/11/bits/stl_iterator.h:1693:5:[m[K [01;36m[Knote: [m[Kcandidate: â€˜[01m[Ktemplate<class _IteratorL, class _IteratorR> constexpr decltype ((__x.base() - __y.base())) std::operator-(const std::move_iterator<_IteratorL>&, const std::move_iterator<_IteratorR>&)[m[Kâ€™
 1693 |     [01;36m[Koperator[m[K-(const move_iterator<_IteratorL>& __x,
      |     [01;36m[K^~~~~~~~[m[K
[01m[K/usr/include/c++/11/bits/stl_iterator.h:1693:5:[m[K [01;36m[Knote: [m[K  template argument deduction/substitution failed:
[01m[K/home/steven/Documents/IIIIIIIII_TEST/command_endeffector_cartesian/src/ur5_endeffector_cartesian/src/ur5_ros2_cartesian.cpp:108:91:[m[K [01;36m[Knote: [m[K  â€˜[01m[Ktrajectory_msgs::msg::JointTrajectoryPoint_<std::allocator<void> >::_time_from_start_type[m[Kâ€™ {aka â€˜[01m[Kbuiltin_interfaces::msg::Duration_<std::allocator<void> >[m[Kâ€™} is not derived from â€˜[01m[Kconst std::move_iterator<_IteratorL>[m[Kâ€™
  108 |       auto time_to_next = trajectory.points[i].time_from_start - (this->now() - start_time[01;36m[K)[m[K;
      |                                                                                           [01;36m[K^[m[K
In file included from [01m[K/usr/include/eigen3/Eigen/Core:50[m[K,
                 from [01m[K/usr/include/eigen3/Eigen/Geometry:11[m[K,
                 from [01m[K/home/steven/ws_moveit2/install/moveit_core/include/moveit/robot_model/joint_model.h:46[m[K,
                 from [01m[K/home/steven/ws_moveit2/install/moveit_core/include/moveit/robot_model/joint_model_group.h:40[m[K,
                 from [01m[K/home/steven/ws_moveit2/install/moveit_core/include/moveit/robot_model/robot_model.h:45[m[K,
                 from [01m[K/home/steven/ws_moveit2/install/moveit_core/include/moveit/robot_state/robot_state.h:40[m[K,
                 from [01m[K/home/steven/ws_moveit2/install/moveit_ros_planning_interface/include/moveit/move_group_interface/move_group_interface.h:41[m[K,
                 from [01m[K/home/steven/Documents/IIIIIIIII_TEST/command_endeffector_cartesian/src/ur5_endeffector_cartesian/src/ur5_ros2_cartesian.cpp:1[m[K:
[01m[K/usr/include/c++/11/complex:362:5:[m[K [01;36m[Knote: [m[Kcandidate: â€˜[01m[Ktemplate<class _Tp> std::complex<_Tp> std::operator-(const std::complex<_Tp>&, const std::complex<_Tp>&)[m[Kâ€™
  362 |     [01;36m[Koperator[m[K-(const complex<_Tp>& __x, const complex<_Tp>& __y)
      |     [01;36m[K^~~~~~~~[m[K
[01m[K/usr/include/c++/11/complex:362:5:[m[K [01;36m[Knote: [m[K  template argument deduction/substitution failed:
[01m[K/home/steven/Documents/IIIIIIIII_TEST/command_endeffector_cartesian/src/ur5_endeffector_cartesian/src/ur5_ros2_cartesian.cpp:108:91:[m[K [01;36m[Knote: [m[K  â€˜[01m[Ktrajectory_msgs::msg::JointTrajectoryPoint_<std::allocator<void> >::_time_from_start_type[m[Kâ€™ {aka â€˜[01m[Kbuiltin_interfaces::msg::Duration_<std::allocator<void> >[m[Kâ€™} is not derived from â€˜[01m[Kconst std::complex<_Tp>[m[Kâ€™
  108 |       auto time_to_next = trajectory.points[i].time_from_start - (this->now() - start_time[01;36m[K)[m[K;
      |                                                                                           [01;36m[K^[m[K
In file included from [01m[K/usr/include/eigen3/Eigen/Core:50[m[K,
                 from [01m[K/usr/include/eigen3/Eigen/Geometry:11[m[K,
                 from [01m[K/home/steven/ws_moveit2/install/moveit_core/include/moveit/robot_model/joint_model.h:46[m[K,
                 from [01m[K/home/steven/ws_moveit2/install/moveit_core/include/moveit/robot_model/joint_model_group.h:40[m[K,
                 from [01m[K/home/steven/ws_moveit2/install/moveit_core/include/moveit/robot_model/robot_model.h:45[m[K,
                 from [01m[K/home/steven/ws_moveit2/install/moveit_core/include/moveit/robot_state/robot_state.h:40[m[K,
                 from [01m[K/home/steven/ws_moveit2/install/moveit_ros_planning_interface/include/moveit/move_group_interface/move_group_interface.h:41[m[K,
                 from [01m[K/home/steven/Documents/IIIIIIIII_TEST/command_endeffector_cartesian/src/ur5_endeffector_cartesian/src/ur5_ros2_cartesian.cpp:1[m[K:
[01m[K/usr/include/c++/11/complex:371:5:[m[K [01;36m[Knote: [m[Kcandidate: â€˜[01m[Ktemplate<class _Tp> std::complex<_Tp> std::operator-(const std::complex<_Tp>&, const _Tp&)[m[Kâ€™
  371 |     [01;36m[Koperator[m[K-(const complex<_Tp>& __x, const _Tp& __y)
      |     [01;36m[K^~~~~~~~[m[K
[01m[K/usr/include/c++/11/complex:371:5:[m[K [01;36m[Knote: [m[K  template argument deduction/substitution failed:
[01m[K/home/steven/Documents/IIIIIIIII_TEST/command_endeffector_cartesian/src/ur5_endeffector_cartesian/src/ur5_ros2_cartesian.cpp:108:91:[m[K [01;36m[Knote: [m[K  â€˜[01m[Ktrajectory_msgs::msg::JointTrajectoryPoint_<std::allocator<void> >::_time_from_start_type[m[Kâ€™ {aka â€˜[01m[Kbuiltin_interfaces::msg::Duration_<std::allocator<void> >[m[Kâ€™} is not derived from â€˜[01m[Kconst std::complex<_Tp>[m[Kâ€™
  108 |       auto time_to_next = trajectory.points[i].time_from_start - (this->now() - start_time[01;36m[K)[m[K;
      |                                                                                           [01;36m[K^[m[K
In file included from [01m[K/usr/include/eigen3/Eigen/Core:50[m[K,
                 from [01m[K/usr/include/eigen3/Eigen/Geometry:11[m[K,
                 from [01m[K/home/steven/ws_moveit2/install/moveit_core/include/moveit/robot_model/joint_model.h:46[m[K,
                 from [01m[K/home/steven/ws_moveit2/install/moveit_core/include/moveit/robot_model/joint_model_group.h:40[m[K,
                 from [01m[K/home/steven/ws_moveit2/install/moveit_core/include/moveit/robot_model/robot_model.h:45[m[K,
                 from [01m[K/home/steven/ws_moveit2/install/moveit_core/include/moveit/robot_state/robot_state.h:40[m[K,
                 from [01m[K/home/steven/ws_moveit2/install/moveit_ros_planning_interface/include/moveit/move_group_interface/move_group_interface.h:41[m[K,
                 from [01m[K/home/steven/Documents/IIIIIIIII_TEST/command_endeffector_cartesian/src/ur5_endeffector_cartesian/src/ur5_ros2_cartesian.cpp:1[m[K:
[01m[K/usr/include/c++/11/complex:380:5:[m[K [01;36m[Knote: [m[Kcandidate: â€˜[01m[Ktemplate<class _Tp> std::complex<_Tp> std::operator-(const _Tp&, const std::complex<_Tp>&)[m[Kâ€™
  380 |     [01;36m[Koperator[m[K-(const _Tp& __x, const complex<_Tp>& __y)
      |     [01;36m[K^~~~~~~~[m[K
[01m[K/usr/include/c++/11/complex:380:5:[m[K [01;36m[Knote: [m[K  template argument deduction/substitution failed:
[01m[K/home/steven/Documents/IIIIIIIII_TEST/command_endeffector_cartesian/src/ur5_endeffector_cartesian/src/ur5_ros2_cartesian.cpp:108:91:[m[K [01;36m[Knote: [m[K  â€˜[01m[Krclcpp::Duration[m[Kâ€™ is not derived from â€˜[01m[Kconst std::complex<_Tp>[m[Kâ€™
  108 |       auto time_to_next = trajectory.points[i].time_from_start - (this->now() - start_time[01;36m[K)[m[K;
      |                                                                                           [01;36m[K^[m[K
In file included from [01m[K/usr/include/eigen3/Eigen/Core:50[m[K,
                 from [01m[K/usr/include/eigen3/Eigen/Geometry:11[m[K,
                 from [01m[K/home/steven/ws_moveit2/install/moveit_core/include/moveit/robot_model/joint_model.h:46[m[K,
                 from [01m[K/home/steven/ws_moveit2/install/moveit_core/include/moveit/robot_model/joint_model_group.h:40[m[K,
                 from [01m[K/home/steven/ws_moveit2/install/moveit_core/include/moveit/robot_model/robot_model.h:45[m[K,
                 from [01m[K/home/steven/ws_moveit2/install/moveit_core/include/moveit/robot_state/robot_state.h:40[m[K,
                 from [01m[K/home/steven/ws_moveit2/install/moveit_ros_planning_interface/include/moveit/move_group_interface/move_group_interface.h:41[m[K,
                 from [01m[K/home/steven/Documents/IIIIIIIII_TEST/command_endeffector_cartesian/src/ur5_endeffector_cartesian/src/ur5_ros2_cartesian.cpp:1[m[K:
[01m[K/usr/include/c++/11/complex:457:5:[m[K [01;36m[Knote: [m[Kcandidate: â€˜[01m[Ktemplate<class _Tp> std::complex<_Tp> std::operator-(const std::complex<_Tp>&)[m[Kâ€™
  457 |     [01;36m[Koperator[m[K-(const complex<_Tp>& __x)
      |     [01;36m[K^~~~~~~~[m[K
[01m[K/usr/include/c++/11/complex:457:5:[m[K [01;36m[Knote: [m[K  template argument deduction/substitution failed:
[01m[K/home/steven/Documents/IIIIIIIII_TEST/command_endeffector_cartesian/src/ur5_endeffector_cartesian/src/ur5_ros2_cartesian.cpp:108:91:[m[K [01;36m[Knote: [m[K  â€˜[01m[Ktrajectory_msgs::msg::JointTrajectoryPoint_<std::allocator<void> >::_time_from_start_type[m[Kâ€™ {aka â€˜[01m[Kbuiltin_interfaces::msg::Duration_<std::allocator<void> >[m[Kâ€™} is not derived from â€˜[01m[Kconst std::complex<_Tp>[m[Kâ€™
  108 |       auto time_to_next = trajectory.points[i].time_from_start - (this->now() - start_time[01;36m[K)[m[K;
      |                                                                                           [01;36m[K^[m[K
gmake[2]: *** [CMakeFiles/ur5_ros2_cartesian.dir/build.make:76ï¼šCMakeFiles/ur5_ros2_cartesian.dir/src/ur5_ros2_cartesian.cpp.o] éŒ¯èª¤ 1
gmake[1]: *** [CMakeFiles/Makefile2:137ï¼šCMakeFiles/ur5_ros2_cartesian.dir/all] éŒ¯èª¤ 2
gmake: *** [Makefile:146ï¼šall] éŒ¯èª¤ 2
