[35m[1mConsolidate compiler generated dependencies of target ur5_ros2_cartesian[0m
[ 50%] [32mBuilding CXX object CMakeFiles/ur5_ros2_cartesian.dir/src/ur5_ros2_cartesian.cpp.o[0m
[01m[K/home/steven/Documents/IIIIIIIII_TEST/command_endeffector_cartesian/src/ur5_endeffector_cartesian/src/ur5_ros2_cartesian.cpp:[m[K In member function â€˜[01m[Kvoid UR5Control::setInitialForces()[m[Kâ€™:
[01m[K/home/steven/Documents/IIIIIIIII_TEST/command_endeffector_cartesian/src/ur5_endeffector_cartesian/src/ur5_ros2_cartesian.cpp:109:9:[m[K [01;31m[Kerror: [m[Kâ€˜[01m[Kinitial_forces[m[Kâ€™ was not declared in this scope; did you mean â€˜[01m[KsetInitialForces[m[Kâ€™?
  109 |         [01;31m[Kinitial_forces[m[K = forces;
      |         [01;31m[K^~~~~~~~~~~~~~[m[K
      |         [32m[KsetInitialForces[m[K
[01m[K/home/steven/Documents/IIIIIIIII_TEST/command_endeffector_cartesian/src/ur5_endeffector_cartesian/src/ur5_ros2_cartesian.cpp:110:9:[m[K [01;31m[Kerror: [m[Kâ€˜[01m[Kinitial_forces_set[m[Kâ€™ was not declared in this scope
  110 |         [01;31m[Kinitial_forces_set[m[K = true;
      |         [01;31m[K^~~~~~~~~~~~~~~~~~[m[K
[01m[K/home/steven/Documents/IIIIIIIII_TEST/command_endeffector_cartesian/src/ur5_endeffector_cartesian/src/ur5_ros2_cartesian.cpp:[m[K In member function â€˜[01m[Kvoid UR5Control::decelerateAndMove()[m[Kâ€™:
[01m[K/home/steven/Documents/IIIIIIIII_TEST/command_endeffector_cartesian/src/ur5_endeffector_cartesian/src/ur5_ros2_cartesian.cpp:296:13:[m[K [01;31m[Kerror: [m[Kâ€˜[01m[Kinitial_forces_set[m[Kâ€™ was not declared in this scope
  296 |             [01;31m[Kinitial_forces_set[m[K = false;
      |             [01;31m[K^~~~~~~~~~~~~~~~~~[m[K
gmake[2]: *** [CMakeFiles/ur5_ros2_cartesian.dir/build.make:76ï¼šCMakeFiles/ur5_ros2_cartesian.dir/src/ur5_ros2_cartesian.cpp.o] éŒ¯èª¤ 1
gmake[1]: *** [CMakeFiles/Makefile2:137ï¼šCMakeFiles/ur5_ros2_cartesian.dir/all] éŒ¯èª¤ 2
gmake: *** [Makefile:146ï¼šall] éŒ¯èª¤ 2
