[0.008s] Invoking command in '/home/steven/Documents/IIIIIIIII_TEST/command_endeffector_cartesian/build/ur5_endeffector_cartesian': CMAKE_PREFIX_PATH=${CMAKE_PREFIX_PATH}:/home/steven/ws_moveit2/install/moveit_configs_utils:/home/steven/ws_moveit2/install/launch_param_builder:/opt/ros/humble /usr/bin/cmake --build /home/steven/Documents/IIIIIIIII_TEST/command_endeffector_cartesian/build/ur5_endeffector_cartesian -- -j32 -l32
[0.046s] [35m[1mConsolidate compiler generated dependencies of target ur5_ros2_cartesian[0m
[0.062s] [ 50%] [32mBuilding CXX object CMakeFiles/ur5_ros2_cartesian.dir/src/ur5_ros2_cartesian.cpp.o[0m
[2.197s] [01m[K/home/steven/Documents/IIIIIIIII_TEST/command_endeffector_cartesian/src/ur5_endeffector_cartesian/src/ur5_ros2_cartesian.cpp:[m[K In member function â€˜[01m[Kbool UR5Control::switchToNextDirection()[m[Kâ€™:
[2.197s] [01m[K/home/steven/Documents/IIIIIIIII_TEST/command_endeffector_cartesian/src/ur5_endeffector_cartesian/src/ur5_ros2_cartesian.cpp:120:13:[m[K [01;31m[Kerror: [m[Kâ€˜[01m[KdisableForceMeasurement[m[Kâ€™ was not declared in this scope; did you mean â€˜[01m[KenableForceMeasurement[m[Kâ€™?
[2.197s]   120 |             [01;31m[KdisableForceMeasurement[m[K();
[2.197s]       |             [01;31m[K^~~~~~~~~~~~~~~~~~~~~~~[m[K
[2.197s]       |             [32m[KenableForceMeasurement[m[K
[2.205s] [01m[K/home/steven/Documents/IIIIIIIII_TEST/command_endeffector_cartesian/src/ur5_endeffector_cartesian/src/ur5_ros2_cartesian.cpp:[m[K In member function â€˜[01m[Kvoid UR5Control::decelerateAndMove()[m[Kâ€™:
[2.205s] [01m[K/home/steven/Documents/IIIIIIIII_TEST/command_endeffector_cartesian/src/ur5_endeffector_cartesian/src/ur5_ros2_cartesian.cpp:194:13:[m[K [01;31m[Kerror: [m[Kâ€˜[01m[KdisableForceMeasurement[m[Kâ€™ was not declared in this scope; did you mean â€˜[01m[KenableForceMeasurement[m[Kâ€™?
[2.205s]   194 |             [01;31m[KdisableForceMeasurement[m[K();
[2.205s]       |             [01;31m[K^~~~~~~~~~~~~~~~~~~~~~~[m[K
[2.205s]       |             [32m[KenableForceMeasurement[m[K
[4.267s] gmake[2]: *** [CMakeFiles/ur5_ros2_cartesian.dir/build.make:76ï¼šCMakeFiles/ur5_ros2_cartesian.dir/src/ur5_ros2_cartesian.cpp.o] éŒ¯èª¤ 1
[4.267s] gmake[1]: *** [CMakeFiles/Makefile2:137ï¼šCMakeFiles/ur5_ros2_cartesian.dir/all] éŒ¯èª¤ 2
[4.267s] gmake: *** [Makefile:146ï¼šall] éŒ¯èª¤ 2
[4.269s] Invoked command in '/home/steven/Documents/IIIIIIIII_TEST/command_endeffector_cartesian/build/ur5_endeffector_cartesian' returned '2': CMAKE_PREFIX_PATH=${CMAKE_PREFIX_PATH}:/home/steven/ws_moveit2/install/moveit_configs_utils:/home/steven/ws_moveit2/install/launch_param_builder:/opt/ros/humble /usr/bin/cmake --build /home/steven/Documents/IIIIIIIII_TEST/command_endeffector_cartesian/build/ur5_endeffector_cartesian -- -j32 -l32
