[0.008s] Invoking command in '/home/steven/Documents/IIIIIIIII_TEST/command_endeffector_cartesian/build/ur5_endeffector_cartesian': CMAKE_PREFIX_PATH=${CMAKE_PREFIX_PATH}:/home/steven/ws_moveit2/install/moveit_configs_utils:/home/steven/ws_moveit2/install/launch_param_builder:/opt/ros/humble /usr/bin/cmake --build /home/steven/Documents/IIIIIIIII_TEST/command_endeffector_cartesian/build/ur5_endeffector_cartesian -- -j32 -l32
[0.052s] [35m[1mConsolidate compiler generated dependencies of target ur5_ros2_cartesian[0m
[0.074s] [ 50%] [32mBuilding CXX object CMakeFiles/ur5_ros2_cartesian.dir/src/ur5_ros2_cartesian.cpp.o[0m
[3.686s] [01m[K/home/steven/Documents/IIIIIIIII_TEST/command_endeffector_cartesian/src/ur5_endeffector_cartesian/src/ur5_ros2_cartesian.cpp:[m[K In member function â€˜[01m[Kvoid ArmController::moveToPosition(const string&, const std::function<void()>&, double)[m[Kâ€™:
[3.686s] [01m[K/home/steven/Documents/IIIIIIIII_TEST/command_endeffector_cartesian/src/ur5_endeffector_cartesian/src/ur5_ros2_cartesian.cpp:54:13:[m[K [01;31m[Kerror: [m[Kâ€˜[01m[KexecuteMoveWithFixedVelocity[m[Kâ€™ was not declared in this scope; did you mean â€˜[01m[KexecuteMoveWithDynamicVelocity[m[Kâ€™?
[3.686s]    54 |             [01;31m[KexecuteMoveWithFixedVelocity[m[K(setTarget);
[3.686s]       |             [01;31m[K^~~~~~~~~~~~~~~~~~~~~~~~~~~~[m[K
[3.686s]       |             [32m[KexecuteMoveWithDynamicVelocity[m[K
[3.698s] [01m[K/home/steven/Documents/IIIIIIIII_TEST/command_endeffector_cartesian/src/ur5_endeffector_cartesian/src/ur5_ros2_cartesian.cpp:59:13:[m[K [01;31m[Kerror: [m[Kâ€˜[01m[KwaitForValidVelocity[m[Kâ€™ was not declared in this scope
[3.698s]    59 |             [01;31m[KwaitForValidVelocity[m[K();
[3.698s]       |             [01;31m[K^~~~~~~~~~~~~~~~~~~~[m[K
[3.702s] [01m[K/home/steven/Documents/IIIIIIIII_TEST/command_endeffector_cartesian/src/ur5_endeffector_cartesian/src/ur5_ros2_cartesian.cpp:[m[K In member function â€˜[01m[Kvoid ArmController::executeMoveWithDynamicVelocity(const std::function<void()>&)[m[Kâ€™:
[3.702s] [01m[K/home/steven/Documents/IIIIIIIII_TEST/command_endeffector_cartesian/src/ur5_endeffector_cartesian/src/ur5_ros2_cartesian.cpp:112:23:[m[K [01;31m[Kerror: [m[Kâ€˜[01m[KrobotStateMsgToRobotState[m[Kâ€™ is not a member of â€˜[01m[Kmoveit::core[m[Kâ€™
[3.702s]   112 |         moveit::core::[01;31m[KrobotStateMsgToRobotState[m[K(result->scene.robot_state, robot_state);
[3.702s]       |                       [01;31m[K^~~~~~~~~~~~~~~~~~~~~~~~~[m[K
[7.132s] gmake[2]: *** [CMakeFiles/ur5_ros2_cartesian.dir/build.make:76ï¼šCMakeFiles/ur5_ros2_cartesian.dir/src/ur5_ros2_cartesian.cpp.o] éŒ¯èª¤ 1
[7.133s] gmake[1]: *** [CMakeFiles/Makefile2:137ï¼šCMakeFiles/ur5_ros2_cartesian.dir/all] éŒ¯èª¤ 2
[7.133s] gmake: *** [Makefile:146ï¼šall] éŒ¯èª¤ 2
[7.135s] Invoked command in '/home/steven/Documents/IIIIIIIII_TEST/command_endeffector_cartesian/build/ur5_endeffector_cartesian' returned '2': CMAKE_PREFIX_PATH=${CMAKE_PREFIX_PATH}:/home/steven/ws_moveit2/install/moveit_configs_utils:/home/steven/ws_moveit2/install/launch_param_builder:/opt/ros/humble /usr/bin/cmake --build /home/steven/Documents/IIIIIIIII_TEST/command_endeffector_cartesian/build/ur5_endeffector_cartesian -- -j32 -l32
