[0.015s] Invoking command in '/home/steven/ros2_ws/src/first_stage/build/first_stage_endeffector': CMAKE_PREFIX_PATH=${CMAKE_PREFIX_PATH}:/home/steven/ros2_ws/src/first_stage/install/first_stage_rg2:/home/steven/ros2_ws/install/zed_receiver:/home/steven/ros2_ws/install/zed_camera_publisher:/home/steven/ros2_ws/install/yolov8_realsense:/home/steven/ros2_ws/install/ur5_control:/home/steven/ros2_ws/install/ur5:/home/steven/ros2_ws/install/udp_publisher:/home/steven/ros2_ws/install/rg2:/home/steven/ros2_ws/install/moveit_configs_utils:/home/steven/ros2_ws/install/lego_grasping:/home/steven/ros2_ws/install/first_stage_rg2:/home/steven/ws_moveit2/install/moveit_configs_utils:/home/steven/ws_moveit2/install/launch_param_builder:/opt/ros/humble /usr/bin/cmake --build /home/steven/ros2_ws/src/first_stage/build/first_stage_endeffector -- -j32 -l32
[0.061s] [35m[1mConsolidate compiler generated dependencies of target first_stage_endeffector[0m
[0.082s] [ 50%] [32mBuilding CXX object CMakeFiles/first_stage_endeffector.dir/src/first_stage_endeffector.cpp.o[0m
[4.218s] [01m[K/home/steven/ros2_ws/src/first_stage/src/first_stage_endeffector/src/first_stage_endeffector.cpp:[m[K In member function â€˜[01m[Kvoid RobotController::coordinatesCallback(geometry_msgs::msg::Point_<std::allocator<void> >::SharedPtr)[m[Kâ€™:
[4.218s] [01m[K/home/steven/ros2_ws/src/first_stage/src/first_stage_endeffector/src/first_stage_endeffector.cpp:182:7:[m[K [01;31m[Kerror: [m[Kâ€˜[01m[Ktarget_pose4[m[Kâ€™ was not declared in this scope; did you mean â€˜[01m[Ktarget_pose1[m[Kâ€™?
[4.218s]   182 |       [01;31m[Ktarget_pose4[m[K.orientation.x = 1.0;//quaternion.getX();
[4.218s]       |       [01;31m[K^~~~~~~~~~~~[m[K
[4.218s]       |       [32m[Ktarget_pose1[m[K
[4.218s] [01m[K/home/steven/ros2_ws/src/first_stage/src/first_stage_endeffector/src/first_stage_endeffector.cpp:190:22:[m[K [01;31m[Kerror: [m[Kâ€˜[01m[Kclass std::shared_ptr<moveit::planning_interface::MoveGroupInterface>[m[Kâ€™ has no member named â€˜[01m[KsetPoseTarget[m[Kâ€™
[4.218s]   190 |       move_group_arm.[01;31m[KsetPoseTarget[m[K(target_pose4);//è¨­å®šç›®æ¨™ æŒ‡ä»¤
[4.218s]       |                      [01;31m[K^~~~~~~~~~~~~[m[K
[4.224s] [01m[K/home/steven/ros2_ws/src/first_stage/src/first_stage_endeffector/src/first_stage_endeffector.cpp:191:7:[m[K [01;31m[Kerror: [m[Kâ€˜[01m[Ksuccess_arm[m[Kâ€™ was not declared in this scope; did you mean â€˜[01m[Ksuccess[m[Kâ€™?
[4.224s]   191 |       [01;31m[Ksuccess_arm[m[K = (move_group_arm.plan(my_plan_arm) == moveit::core::MoveItErrorCode::SUCCESS);
[4.224s]       |       [01;31m[K^~~~~~~~~~~[m[K
[4.224s]       |       [32m[Ksuccess[m[K
[4.224s] [01m[K/home/steven/ros2_ws/src/first_stage/src/first_stage_endeffector/src/first_stage_endeffector.cpp:191:37:[m[K [01;31m[Kerror: [m[Kâ€˜[01m[Kclass std::shared_ptr<moveit::planning_interface::MoveGroupInterface>[m[Kâ€™ has no member named â€˜[01m[Kplan[m[Kâ€™
[4.224s]   191 |       success_arm = (move_group_arm.[01;31m[Kplan[m[K(my_plan_arm) == moveit::core::MoveItErrorCode::SUCCESS);
[4.224s]       |                                     [01;31m[K^~~~[m[K
[4.230s] [01m[K/home/steven/ros2_ws/src/first_stage/src/first_stage_endeffector/src/first_stage_endeffector.cpp:191:42:[m[K [01;31m[Kerror: [m[Kâ€˜[01m[Kmy_plan_arm[m[Kâ€™ was not declared in this scope; did you mean â€˜[01m[Kmy_plan[m[Kâ€™?
[4.230s]   191 |       success_arm = (move_group_arm.plan([01;31m[Kmy_plan_arm[m[K) == moveit::core::MoveItErrorCode::SUCCESS);
[4.230s]       |                                          [01;31m[K^~~~~~~~~~~[m[K
[4.230s]       |                                          [32m[Kmy_plan[m[K
[4.230s] [01m[K/home/steven/ros2_ws/src/first_stage/src/first_stage_endeffector/src/first_stage_endeffector.cpp:196:22:[m[K [01;31m[Kerror: [m[Kâ€˜[01m[Kclass std::shared_ptr<moveit::planning_interface::MoveGroupInterface>[m[Kâ€™ has no member named â€˜[01m[Kexecute[m[Kâ€™
[4.230s]   196 |       move_group_arm.[01;31m[Kexecute[m[K(my_plan_arm);
[4.230s]       |                      [01;31m[K^~~~~~~[m[K
[4.236s] [01m[K/home/steven/ros2_ws/src/first_stage/src/first_stage_endeffector/src/first_stage_endeffector.cpp:199:51:[m[K [01;31m[Kerror: [m[Kâ€˜[01m[Kmax_attempts[m[Kâ€™ was not declared in this scope
[4.236s]   199 |         while(success_arm == false && attempts2 < [01;31m[Kmax_attempts[m[K){
[4.237s]       |                                                   [01;31m[K^~~~~~~~~~~~[m[K
[4.237s] [01m[K/home/steven/ros2_ws/src/first_stage/src/first_stage_endeffector/src/first_stage_endeffector.cpp:200:39:[m[K [01;31m[Kerror: [m[Kâ€˜[01m[Kclass std::shared_ptr<moveit::planning_interface::MoveGroupInterface>[m[Kâ€™ has no member named â€˜[01m[Kplan[m[Kâ€™
[4.237s]   200 |         success_arm = (move_group_arm.[01;31m[Kplan[m[K(my_plan_arm) == moveit::core::MoveItErrorCode::SUCCESS);
[4.237s]       |                                       [01;31m[K^~~~[m[K
[4.237s] [01m[K/home/steven/ros2_ws/src/first_stage/src/first_stage_endeffector/src/first_stage_endeffector.cpp:203:24:[m[K [01;31m[Kerror: [m[Kâ€˜[01m[Kclass std::shared_ptr<moveit::planning_interface::MoveGroupInterface>[m[Kâ€™ has no member named â€˜[01m[Kexecute[m[Kâ€™
[4.237s]   203 |         move_group_arm.[01;31m[Kexecute[m[K(my_plan_arm);
[4.237s]       |                        [01;31m[K^~~~~~~[m[K
[6.763s] gmake[2]: *** [CMakeFiles/first_stage_endeffector.dir/build.make:76ï¼šCMakeFiles/first_stage_endeffector.dir/src/first_stage_endeffector.cpp.o] éŒ¯èª¤ 1
[6.763s] gmake[1]: *** [CMakeFiles/Makefile2:137ï¼šCMakeFiles/first_stage_endeffector.dir/all] éŒ¯èª¤ 2
[6.763s] gmake: *** [Makefile:146ï¼šall] éŒ¯èª¤ 2
[6.765s] Invoked command in '/home/steven/ros2_ws/src/first_stage/build/first_stage_endeffector' returned '2': CMAKE_PREFIX_PATH=${CMAKE_PREFIX_PATH}:/home/steven/ros2_ws/src/first_stage/install/first_stage_rg2:/home/steven/ros2_ws/install/zed_receiver:/home/steven/ros2_ws/install/zed_camera_publisher:/home/steven/ros2_ws/install/yolov8_realsense:/home/steven/ros2_ws/install/ur5_control:/home/steven/ros2_ws/install/ur5:/home/steven/ros2_ws/install/udp_publisher:/home/steven/ros2_ws/install/rg2:/home/steven/ros2_ws/install/moveit_configs_utils:/home/steven/ros2_ws/install/lego_grasping:/home/steven/ros2_ws/install/first_stage_rg2:/home/steven/ws_moveit2/install/moveit_configs_utils:/home/steven/ws_moveit2/install/launch_param_builder:/opt/ros/humble /usr/bin/cmake --build /home/steven/ros2_ws/src/first_stage/build/first_stage_endeffector -- -j32 -l32
