[0.008s] Invoking command in '/home/steven/ros2_ws/src/first_stage/src/first_stage_endeffector/build/first_stage_endeffector': CMAKE_PREFIX_PATH=${CMAKE_PREFIX_PATH}:/home/steven/ws_moveit2/install/moveit_configs_utils:/home/steven/ws_moveit2/install/launch_param_builder:/opt/ros/humble /usr/bin/cmake --build /home/steven/ros2_ws/src/first_stage/src/first_stage_endeffector/build/first_stage_endeffector -- -j32 -l32
[0.044s] [35m[1mConsolidate compiler generated dependencies of target first_stage_endeffector[0m
[0.063s] [ 50%] [32mBuilding CXX object CMakeFiles/first_stage_endeffector.dir/src/first_stage_endeffector.cpp.o[0m
[3.221s] [01m[K/home/steven/ros2_ws/src/first_stage/src/first_stage_endeffector/src/first_stage_endeffector.cpp:240:8:[m[K [01;31m[Kerror: [m[Kâ€˜[01m[Kbool RobotController::moveRelativeZ(double, const string&)[m[Kâ€™ cannot be overloaded with â€˜[01m[Kbool RobotController::moveRelativeZ(double, const string&)[m[Kâ€™
[3.221s]   240 |   bool [01;31m[KmoveRelativeZ[m[K(double z_offset, const std::string& movement_name)
[3.221s]       |        [01;31m[K^~~~~~~~~~~~~[m[K
[3.221s] [01m[K/home/steven/ros2_ws/src/first_stage/src/first_stage_endeffector/src/first_stage_endeffector.cpp:83:8:[m[K [01;36m[Knote: [m[Kprevious declaration â€˜[01m[Kbool RobotController::moveRelativeZ(double, const string&)[m[Kâ€™
[3.221s]    83 |   bool [01;36m[KmoveRelativeZ[m[K(double z_offset, const std::string& movement_name);
[3.221s]       |        [01;36m[K^~~~~~~~~~~~~[m[K
[6.837s] gmake[2]: *** [CMakeFiles/first_stage_endeffector.dir/build.make:76ï¼šCMakeFiles/first_stage_endeffector.dir/src/first_stage_endeffector.cpp.o] éŒ¯èª¤ 1
[6.837s] gmake[1]: *** [CMakeFiles/Makefile2:137ï¼šCMakeFiles/first_stage_endeffector.dir/all] éŒ¯èª¤ 2
[6.837s] gmake: *** [Makefile:146ï¼šall] éŒ¯èª¤ 2
[6.839s] Invoked command in '/home/steven/ros2_ws/src/first_stage/src/first_stage_endeffector/build/first_stage_endeffector' returned '2': CMAKE_PREFIX_PATH=${CMAKE_PREFIX_PATH}:/home/steven/ws_moveit2/install/moveit_configs_utils:/home/steven/ws_moveit2/install/launch_param_builder:/opt/ros/humble /usr/bin/cmake --build /home/steven/ros2_ws/src/first_stage/src/first_stage_endeffector/build/first_stage_endeffector -- -j32 -l32
