[0.008s] Invoking command in '/home/steven/Documents/IIIIIIIII_TEST/command_endeffector_cartesian/build/ur5_endeffector_cartesian': CMAKE_PREFIX_PATH=${CMAKE_PREFIX_PATH}:/home/steven/ws_moveit2/install/moveit_configs_utils:/home/steven/ws_moveit2/install/launch_param_builder:/opt/ros/humble /usr/bin/cmake --build /home/steven/Documents/IIIIIIIII_TEST/command_endeffector_cartesian/build/ur5_endeffector_cartesian -- -j32 -l32
[0.052s] [35m[1mConsolidate compiler generated dependencies of target ur5_ros2_cartesian[0m
[0.074s] [ 50%] [32mBuilding CXX object CMakeFiles/ur5_ros2_cartesian.dir/src/ur5_ros2_cartesian.cpp.o[0m
[3.702s] [01m[K/home/steven/Documents/IIIIIIIII_TEST/command_endeffector_cartesian/src/ur5_endeffector_cartesian/src/ur5_ros2_cartesian.cpp:[m[K In member function â€˜[01m[Kvoid UR5ForceControl::run()[m[Kâ€™:
[3.703s] [01m[K/home/steven/Documents/IIIIIIIII_TEST/command_endeffector_cartesian/src/ur5_endeffector_cartesian/src/ur5_ros2_cartesian.cpp:101:26:[m[K [01;31m[Kerror: [m[Kâ€˜[01m[Kusing element_type = class moveit::planning_interface::MoveGroupInterface[m[Kâ€™ {aka â€˜[01m[Kclass moveit::planning_interface::MoveGroupInterface[m[Kâ€™} has no member named â€˜[01m[KwaitForCurrentRobotState[m[Kâ€™
[3.703s]   101 |         move_group_arm_->[01;31m[KwaitForCurrentRobotState[m[K(ros::Duration(10.0));
[3.703s]       |                          [01;31m[K^~~~~~~~~~~~~~~~~~~~~~~~[m[K
[3.703s] [01m[K/home/steven/Documents/IIIIIIIII_TEST/command_endeffector_cartesian/src/ur5_endeffector_cartesian/src/ur5_ros2_cartesian.cpp:101:51:[m[K [01;31m[Kerror: [m[Kâ€˜[01m[Kros[m[Kâ€™ has not been declared
[3.703s]   101 |         move_group_arm_->waitForCurrentRobotState([01;31m[Kros[m[K::Duration(10.0));
[3.703s]       |                                                   [01;31m[K^~~[m[K
[5.851s] gmake[2]: *** [CMakeFiles/ur5_ros2_cartesian.dir/build.make:76ï¼šCMakeFiles/ur5_ros2_cartesian.dir/src/ur5_ros2_cartesian.cpp.o] éŒ¯èª¤ 1
[5.852s] gmake[1]: *** [CMakeFiles/Makefile2:137ï¼šCMakeFiles/ur5_ros2_cartesian.dir/all] éŒ¯èª¤ 2
[5.852s] gmake: *** [Makefile:146ï¼šall] éŒ¯èª¤ 2
[5.853s] Invoked command in '/home/steven/Documents/IIIIIIIII_TEST/command_endeffector_cartesian/build/ur5_endeffector_cartesian' returned '2': CMAKE_PREFIX_PATH=${CMAKE_PREFIX_PATH}:/home/steven/ws_moveit2/install/moveit_configs_utils:/home/steven/ws_moveit2/install/launch_param_builder:/opt/ros/humble /usr/bin/cmake --build /home/steven/Documents/IIIIIIIII_TEST/command_endeffector_cartesian/build/ur5_endeffector_cartesian -- -j32 -l32
