[0.015s] Invoking command in '/home/steven/ros2_ws/src/first_stage/build/first_stage_endeffector': CMAKE_PREFIX_PATH=${CMAKE_PREFIX_PATH}:/home/steven/ros2_ws/src/first_stage/install/first_stage_rg2:/home/steven/ros2_ws/install/zed_receiver:/home/steven/ros2_ws/install/zed_camera_publisher:/home/steven/ros2_ws/install/yolov8_realsense:/home/steven/ros2_ws/install/ur5_control:/home/steven/ros2_ws/install/ur5:/home/steven/ros2_ws/install/udp_publisher:/home/steven/ros2_ws/install/rg2:/home/steven/ros2_ws/install/moveit_configs_utils:/home/steven/ros2_ws/install/lego_grasping:/home/steven/ros2_ws/install/first_stage_rg2:/home/steven/ws_moveit2/install/moveit_configs_utils:/home/steven/ws_moveit2/install/launch_param_builder:/opt/ros/humble /usr/bin/cmake --build /home/steven/ros2_ws/src/first_stage/build/first_stage_endeffector -- -j32 -l32
[0.060s] [35m[1mConsolidate compiler generated dependencies of target first_stage_endeffector[0m
[0.078s] [ 50%] [32mBuilding CXX object CMakeFiles/first_stage_endeffector.dir/src/first_stage_endeffector.cpp.o[0m
[4.186s] [01m[K/home/steven/ros2_ws/src/first_stage/src/first_stage_endeffector/src/first_stage_endeffector.cpp:[m[K In member function â€˜[01m[Kvoid RobotController::coordinatesCallback(geometry_msgs::msg::Point_<std::allocator<void> >::SharedPtr)[m[Kâ€™:
[4.186s] [01m[K/home/steven/ros2_ws/src/first_stage/src/first_stage_endeffector/src/first_stage_endeffector.cpp:110:36:[m[K [01;31m[Kerror: [m[Kâ€˜[01m[Kclass std::shared_ptr<moveit::planning_interface::MoveGroupInterface>[m[Kâ€™ has no member named â€˜[01m[KcomputeCartesianPath[m[Kâ€™
[4.186s]   110 |   double fraction = move_group_arm.[01;31m[KcomputeCartesianPath[m[K(approach_waypoints, eef_step, jump_threshold, trajectory_approach);
[4.186s]       |                                    [01;31m[K^~~~~~~~~~~~~~~~~~~~[m[K
[4.186s] [01m[K/home/steven/ros2_ws/src/first_stage/src/first_stage_endeffector/src/first_stage_endeffector.cpp:115:20:[m[K [01;31m[Kerror: [m[Kâ€˜[01m[Kclass std::shared_ptr<moveit::planning_interface::MoveGroupInterface>[m[Kâ€™ has no member named â€˜[01m[Kexecute[m[Kâ€™
[4.186s]   115 |     move_group_arm.[01;31m[Kexecute[m[K(trajectory_approach);
[4.186s]       |                    [01;31m[K^~~~~~~[m[K
[4.194s] [01m[K/home/steven/ros2_ws/src/first_stage/src/first_stage_endeffector/src/first_stage_endeffector.cpp:120:23:[m[K [01;31m[Kerror: [m[Kâ€˜[01m[Kmove_group_node[m[Kâ€™ was not declared in this scope; did you mean â€˜[01m[Kmove_group_arm[m[Kâ€™?
[4.194s]   120 |   gripper_publisher = [01;31m[Kmove_group_node[m[K->create_publisher<std_msgs::msg::Int32MultiArray>("custom_gripper", 10);
[4.194s]       |                       [01;31m[K^~~~~~~~~~~~~~~[m[K
[4.194s]       |                       [32m[Kmove_group_arm[m[K
[4.194s] [01m[K/home/steven/ros2_ws/src/first_stage/src/first_stage_endeffector/src/first_stage_endeffector.cpp:120:87:[m[K [01;31m[Kerror: [m[Kexpected primary-expression before â€˜[01m[K>[m[Kâ€™ token
[4.194s]   120 |   gripper_publisher = move_group_node->create_publisher<std_msgs::msg::Int32MultiArray[01;31m[K>[m[K("custom_gripper", 10);
[4.194s]       |                                                                                       [01;31m[K^[m[K
[4.194s] [01m[K/home/steven/ros2_ws/src/first_stage/src/first_stage_endeffector/src/first_stage_endeffector.cpp:120:89:[m[K [01;35m[Kwarning: [m[Kleft operand of comma operator has no effect [[01;35m[K]8;;https://gcc.gnu.org/onlinedocs/gcc/Warning-Options.html#index-Wunused-value-Wunused-value]8;;[m[K]
[4.194s]   120 |   gripper_publisher = move_group_node->create_publisher<std_msgs::msg::Int32MultiArray>([01;35m[K"custom_gripper"[m[K, 10);
[4.194s]       |                                                                                         [01;35m[K^~~~~~~~~~~~~~~~[m[K
[4.203s] [01m[K/home/steven/ros2_ws/src/first_stage/src/first_stage_endeffector/src/first_stage_endeffector.cpp:122:3:[m[K [01;31m[Kerror: [m[Kâ€˜[01m[Kgripper_width[m[Kâ€™ was not declared in this scope
[4.203s]   122 |   [01;31m[Kgripper_width[m[K = -8;
[4.203s]       |   [01;31m[K^~~~~~~~~~~~~[m[K
[4.211s] [01m[K/home/steven/ros2_ws/src/first_stage/src/first_stage_endeffector/src/first_stage_endeffector.cpp:123:3:[m[K [01;31m[Kerror: [m[Kâ€˜[01m[Kgripper_force[m[Kâ€™ was not declared in this scope
[4.211s]   123 |   [01;31m[Kgripper_force[m[K = 10;
[4.211s]       |   [01;31m[K^~~~~~~~~~~~~[m[K
[4.212s] [01m[K/home/steven/ros2_ws/src/first_stage/src/first_stage_endeffector/src/first_stage_endeffector.cpp:143:29:[m[K [01;31m[Kerror: [m[Kâ€˜[01m[Kclass std::shared_ptr<moveit::planning_interface::MoveGroupInterface>[m[Kâ€™ has no member named â€˜[01m[KcomputeCartesianPath[m[Kâ€™
[4.212s]   143 |   fraction = move_group_arm.[01;31m[KcomputeCartesianPath[m[K(post_grasp_waypoints, eef_step, jump_threshold, trajectory_post_grasp);
[4.212s]       |                             [01;31m[K^~~~~~~~~~~~~~~~~~~~[m[K
[4.212s] [01m[K/home/steven/ros2_ws/src/first_stage/src/first_stage_endeffector/src/first_stage_endeffector.cpp:148:20:[m[K [01;31m[Kerror: [m[Kâ€˜[01m[Kclass std::shared_ptr<moveit::planning_interface::MoveGroupInterface>[m[Kâ€™ has no member named â€˜[01m[Kexecute[m[Kâ€™
[4.212s]   148 |     move_group_arm.[01;31m[Kexecute[m[K(trajectory_post_grasp);
[4.212s]       |                    [01;31m[K^~~~~~~[m[K
[4.212s] [01m[K/home/steven/ros2_ws/src/first_stage/src/first_stage_endeffector/src/first_stage_endeffector.cpp:160:29:[m[K [01;31m[Kerror: [m[Kâ€˜[01m[Kclass std::shared_ptr<moveit::planning_interface::MoveGroupInterface>[m[Kâ€™ has no member named â€˜[01m[KcomputeCartesianPath[m[Kâ€™
[4.212s]   160 |   fraction = move_group_arm.[01;31m[KcomputeCartesianPath[m[K(move_x_waypoints, eef_step, jump_threshold, trajectory_move_x);
[4.212s]       |                             [01;31m[K^~~~~~~~~~~~~~~~~~~~[m[K
[4.212s] [01m[K/home/steven/ros2_ws/src/first_stage/src/first_stage_endeffector/src/first_stage_endeffector.cpp:165:20:[m[K [01;31m[Kerror: [m[Kâ€˜[01m[Kclass std::shared_ptr<moveit::planning_interface::MoveGroupInterface>[m[Kâ€™ has no member named â€˜[01m[Kexecute[m[Kâ€™
[4.212s]   165 |     move_group_arm.[01;31m[Kexecute[m[K(trajectory_move_x);
[4.212s]       |                    [01;31m[K^~~~~~~[m[K
[4.212s] [01m[K/home/steven/ros2_ws/src/first_stage/src/first_stage_endeffector/src/first_stage_endeffector.cpp:177:29:[m[K [01;31m[Kerror: [m[Kâ€˜[01m[Kclass std::shared_ptr<moveit::planning_interface::MoveGroupInterface>[m[Kâ€™ has no member named â€˜[01m[KcomputeCartesianPath[m[Kâ€™
[4.212s]   177 |   fraction = move_group_arm.[01;31m[KcomputeCartesianPath[m[K(move_z_down_waypoints, eef_step, jump_threshold, trajectory_move_z_down);
[4.212s]       |                             [01;31m[K^~~~~~~~~~~~~~~~~~~~[m[K
[4.212s] [01m[K/home/steven/ros2_ws/src/first_stage/src/first_stage_endeffector/src/first_stage_endeffector.cpp:182:20:[m[K [01;31m[Kerror: [m[Kâ€˜[01m[Kclass std::shared_ptr<moveit::planning_interface::MoveGroupInterface>[m[Kâ€™ has no member named â€˜[01m[Kexecute[m[Kâ€™
[4.212s]   182 |     move_group_arm.[01;31m[Kexecute[m[K(trajectory_move_z_down);
[4.213s]       |                    [01;31m[K^~~~~~~[m[K
[6.697s] gmake[2]: *** [CMakeFiles/first_stage_endeffector.dir/build.make:76ï¼šCMakeFiles/first_stage_endeffector.dir/src/first_stage_endeffector.cpp.o] éŒ¯èª¤ 1
[6.697s] gmake[1]: *** [CMakeFiles/Makefile2:137ï¼šCMakeFiles/first_stage_endeffector.dir/all] éŒ¯èª¤ 2
[6.697s] gmake: *** [Makefile:146ï¼šall] éŒ¯èª¤ 2
[6.699s] Invoked command in '/home/steven/ros2_ws/src/first_stage/build/first_stage_endeffector' returned '2': CMAKE_PREFIX_PATH=${CMAKE_PREFIX_PATH}:/home/steven/ros2_ws/src/first_stage/install/first_stage_rg2:/home/steven/ros2_ws/install/zed_receiver:/home/steven/ros2_ws/install/zed_camera_publisher:/home/steven/ros2_ws/install/yolov8_realsense:/home/steven/ros2_ws/install/ur5_control:/home/steven/ros2_ws/install/ur5:/home/steven/ros2_ws/install/udp_publisher:/home/steven/ros2_ws/install/rg2:/home/steven/ros2_ws/install/moveit_configs_utils:/home/steven/ros2_ws/install/lego_grasping:/home/steven/ros2_ws/install/first_stage_rg2:/home/steven/ws_moveit2/install/moveit_configs_utils:/home/steven/ws_moveit2/install/launch_param_builder:/opt/ros/humble /usr/bin/cmake --build /home/steven/ros2_ws/src/first_stage/build/first_stage_endeffector -- -j32 -l32
