[0.014s] Invoking command in '/home/steven/ros2_ws/src/first_stage/build/first_stage_endeffector': CMAKE_PREFIX_PATH=${CMAKE_PREFIX_PATH}:/home/steven/ros2_ws/src/first_stage/install/first_stage_rg2:/home/steven/ros2_ws/install/zed_receiver:/home/steven/ros2_ws/install/zed_camera_publisher:/home/steven/ros2_ws/install/yolov8_realsense:/home/steven/ros2_ws/install/ur5_control:/home/steven/ros2_ws/install/ur5:/home/steven/ros2_ws/install/udp_publisher:/home/steven/ros2_ws/install/rg2:/home/steven/ros2_ws/install/moveit_configs_utils:/home/steven/ros2_ws/install/lego_grasping:/home/steven/ros2_ws/install/first_stage_rg2:/home/steven/ws_moveit2/install/moveit_configs_utils:/home/steven/ws_moveit2/install/launch_param_builder:/opt/ros/humble /usr/bin/cmake --build /home/steven/ros2_ws/src/first_stage/build/first_stage_endeffector -- -j32 -l32
[0.060s] [35m[1mConsolidate compiler generated dependencies of target first_stage_endeffector[0m
[0.080s] [ 50%] [32mBuilding CXX object CMakeFiles/first_stage_endeffector.dir/src/first_stage_endeffector.cpp.o[0m
[4.353s] [01m[K/home/steven/ros2_ws/src/first_stage/src/first_stage_endeffector/src/first_stage_endeffector.cpp:[m[K In member function â€˜[01m[Kvoid RobotController::coordinatesCallback(geometry_msgs::msg::Point_<std::allocator<void> >::SharedPtr)[m[Kâ€™:
[4.353s] [01m[K/home/steven/ros2_ws/src/first_stage/src/first_stage_endeffector/src/first_stage_endeffector.cpp:142:11:[m[K [01;31m[Kerror: [m[Kredeclaration of â€˜[01m[Kint gripper_width[m[Kâ€™
[4.353s]   142 |       int [01;31m[Kgripper_width[m[K = -8;
[4.353s]       |           [01;31m[K^~~~~~~~~~~~~[m[K
[4.353s] [01m[K/home/steven/ros2_ws/src/first_stage/src/first_stage_endeffector/src/first_stage_endeffector.cpp:108:11:[m[K [01;36m[Knote: [m[Kâ€˜[01m[Kint gripper_width[m[Kâ€™ previously declared here
[4.353s]   108 |       int [01;36m[Kgripper_width[m[K = 30;
[4.353s]       |           [01;36m[K^~~~~~~~~~~~~[m[K
[4.353s] [01m[K/home/steven/ros2_ws/src/first_stage/src/first_stage_endeffector/src/first_stage_endeffector.cpp:143:11:[m[K [01;31m[Kerror: [m[Kredeclaration of â€˜[01m[Kint gripper_force[m[Kâ€™
[4.353s]   143 |       int [01;31m[Kgripper_force[m[K = 10;
[4.353s]       |           [01;31m[K^~~~~~~~~~~~~[m[K
[4.353s] [01m[K/home/steven/ros2_ws/src/first_stage/src/first_stage_endeffector/src/first_stage_endeffector.cpp:109:11:[m[K [01;36m[Knote: [m[Kâ€˜[01m[Kint gripper_force[m[Kâ€™ previously declared here
[4.353s]   109 |       int [01;36m[Kgripper_force[m[K = 10;
[4.353s]       |           [01;36m[K^~~~~~~~~~~~~[m[K
[4.354s] [01m[K/home/steven/ros2_ws/src/first_stage/src/first_stage_endeffector/src/first_stage_endeffector.cpp:224:11:[m[K [01;31m[Kerror: [m[Kredeclaration of â€˜[01m[Kint gripper_width[m[Kâ€™
[4.354s]   224 |       int [01;31m[Kgripper_width[m[K = 15; // é¬†é–‹å¤¾çˆªçš„å¯¬åº¦
[4.354s]       |           [01;31m[K^~~~~~~~~~~~~[m[K
[4.354s] [01m[K/home/steven/ros2_ws/src/first_stage/src/first_stage_endeffector/src/first_stage_endeffector.cpp:108:11:[m[K [01;36m[Knote: [m[Kâ€˜[01m[Kint gripper_width[m[Kâ€™ previously declared here
[4.354s]   108 |       int [01;36m[Kgripper_width[m[K = 30;
[4.354s]       |           [01;36m[K^~~~~~~~~~~~~[m[K
[4.354s] [01m[K/home/steven/ros2_ws/src/first_stage/src/first_stage_endeffector/src/first_stage_endeffector.cpp:225:11:[m[K [01;31m[Kerror: [m[Kredeclaration of â€˜[01m[Kint gripper_force[m[Kâ€™
[4.354s]   225 |       int [01;31m[Kgripper_force[m[K = 10; // é¬†é–‹å¤¾çˆªçš„åŠ›åº¦
[4.354s]       |           [01;31m[K^~~~~~~~~~~~~[m[K
[4.354s] [01m[K/home/steven/ros2_ws/src/first_stage/src/first_stage_endeffector/src/first_stage_endeffector.cpp:109:11:[m[K [01;36m[Knote: [m[Kâ€˜[01m[Kint gripper_force[m[Kâ€™ previously declared here
[4.354s]   109 |       int [01;36m[Kgripper_force[m[K = 10;
[4.354s]       |           [01;36m[K^~~~~~~~~~~~~[m[K
[7.314s] gmake[2]: *** [CMakeFiles/first_stage_endeffector.dir/build.make:76ï¼šCMakeFiles/first_stage_endeffector.dir/src/first_stage_endeffector.cpp.o] éŒ¯èª¤ 1
[7.315s] gmake[1]: *** [CMakeFiles/Makefile2:137ï¼šCMakeFiles/first_stage_endeffector.dir/all] éŒ¯èª¤ 2
[7.315s] gmake: *** [Makefile:146ï¼šall] éŒ¯èª¤ 2
[7.316s] Invoked command in '/home/steven/ros2_ws/src/first_stage/build/first_stage_endeffector' returned '2': CMAKE_PREFIX_PATH=${CMAKE_PREFIX_PATH}:/home/steven/ros2_ws/src/first_stage/install/first_stage_rg2:/home/steven/ros2_ws/install/zed_receiver:/home/steven/ros2_ws/install/zed_camera_publisher:/home/steven/ros2_ws/install/yolov8_realsense:/home/steven/ros2_ws/install/ur5_control:/home/steven/ros2_ws/install/ur5:/home/steven/ros2_ws/install/udp_publisher:/home/steven/ros2_ws/install/rg2:/home/steven/ros2_ws/install/moveit_configs_utils:/home/steven/ros2_ws/install/lego_grasping:/home/steven/ros2_ws/install/first_stage_rg2:/home/steven/ws_moveit2/install/moveit_configs_utils:/home/steven/ws_moveit2/install/launch_param_builder:/opt/ros/humble /usr/bin/cmake --build /home/steven/ros2_ws/src/first_stage/build/first_stage_endeffector -- -j32 -l32
