[0.010s] Invoking command in '/home/steven/ros2_ws/src/first_stage/build/first_stage_endeffector': CMAKE_PREFIX_PATH=${CMAKE_PREFIX_PATH}:/home/steven/ros2_ws/src/first_stage/install/first_stage_rg2:/home/steven/ws_moveit2/install/moveit_configs_utils:/home/steven/ws_moveit2/install/launch_param_builder:/opt/ros/humble /usr/bin/cmake --build /home/steven/ros2_ws/src/first_stage/build/first_stage_endeffector -- -j32 -l32
[0.046s] [35m[1mConsolidate compiler generated dependencies of target first_stage_endeffector[0m
[0.068s] [ 50%] [32mBuilding CXX object CMakeFiles/first_stage_endeffector.dir/src/first_stage_endeffector.cpp.o[0m
[4.196s] [01m[K/home/steven/ros2_ws/src/first_stage/src/first_stage_endeffector/src/first_stage_endeffector.cpp:[m[K In member function â€˜[01m[Kvoid RobotController::performGraspSequence()[m[Kâ€™:
[4.196s] [01m[K/home/steven/ros2_ws/src/first_stage/src/first_stage_endeffector/src/first_stage_endeffector.cpp:145:7:[m[K [01;31m[Kerror: [m[Kâ€˜[01m[KmoveToNextPosition[m[Kâ€™ was not declared in this scope; did you mean â€˜[01m[KmoveToFinalPosition[m[Kâ€™?
[4.196s]   145 |       [01;31m[KmoveToNextPosition[m[K();
[4.196s]       |       [01;31m[K^~~~~~~~~~~~~~~~~~[m[K
[4.196s]       |       [32m[KmoveToFinalPosition[m[K
[4.206s] [01m[K/home/steven/ros2_ws/src/first_stage/src/first_stage_endeffector/src/first_stage_endeffector.cpp:[m[K In member function â€˜[01m[Kvoid RobotController::moveToFinalPosition()[m[Kâ€™:
[4.207s] [01m[K/home/steven/ros2_ws/src/first_stage/src/first_stage_endeffector/src/first_stage_endeffector.cpp:195:13:[m[K [01;31m[Kerror: [m[Kâ€˜[01m[Korientation_type[m[Kâ€™ was not declared in this scope; did you mean â€˜[01m[Korientation_received[m[Kâ€™?
[4.207s]   195 |     switch ([01;31m[Korientation_type[m[K) {
[4.207s]       |             [01;31m[K^~~~~~~~~~~~~~~~[m[K
[4.207s]       |             [32m[Korientation_received[m[K
[8.542s] gmake[2]: *** [CMakeFiles/first_stage_endeffector.dir/build.make:76ï¼šCMakeFiles/first_stage_endeffector.dir/src/first_stage_endeffector.cpp.o] éŒ¯èª¤ 1
[8.542s] gmake[1]: *** [CMakeFiles/Makefile2:137ï¼šCMakeFiles/first_stage_endeffector.dir/all] éŒ¯èª¤ 2
[8.542s] gmake: *** [Makefile:146ï¼šall] éŒ¯èª¤ 2
[8.543s] Invoked command in '/home/steven/ros2_ws/src/first_stage/build/first_stage_endeffector' returned '2': CMAKE_PREFIX_PATH=${CMAKE_PREFIX_PATH}:/home/steven/ros2_ws/src/first_stage/install/first_stage_rg2:/home/steven/ws_moveit2/install/moveit_configs_utils:/home/steven/ws_moveit2/install/launch_param_builder:/opt/ros/humble /usr/bin/cmake --build /home/steven/ros2_ws/src/first_stage/build/first_stage_endeffector -- -j32 -l32
