[01m[K/home/steven/ros2_ws/src/first_stage/src/first_stage_endeffector/src/first_stage_endeffector.cpp:478:8:[m[K [01;31m[Kerror: [m[Kâ€˜[01m[Kvoid RobotController::coordinatesCallback(geometry_msgs::msg::Point_<std::allocator<void> >::SharedPtr)[m[Kâ€™ cannot be overloaded with â€˜[01m[Kvoid RobotController::coordinatesCallback(geometry_msgs::msg::Point_<std::allocator<void> >::SharedPtr)[m[Kâ€™
  478 |   void [01;31m[KcoordinatesCallback[m[K(const geometry_msgs::msg::Point::SharedPtr msg)
      |        [01;31m[K^~~~~~~~~~~~~~~~~~~[m[K
[01m[K/home/steven/ros2_ws/src/first_stage/src/first_stage_endeffector/src/first_stage_endeffector.cpp:465:8:[m[K [01;36m[Knote: [m[Kprevious declaration â€˜[01m[Kvoid RobotController::coordinatesCallback(geometry_msgs::msg::Point_<std::allocator<void> >::SharedPtr)[m[Kâ€™
  465 |   void [01;36m[KcoordinatesCallback[m[K(const geometry_msgs::msg::Point::SharedPtr msg)
      |        [01;36m[K^~~~~~~~~~~~~~~~~~~[m[K
[01m[K/home/steven/ros2_ws/src/first_stage/src/first_stage_endeffector/src/first_stage_endeffector.cpp:[m[K In constructor â€˜[01m[KRobotController::RobotController()[m[Kâ€™:
[01m[K/home/steven/ros2_ws/src/first_stage/src/first_stage_endeffector/src/first_stage_endeffector.cpp:33:35:[m[K [01;31m[Kerror: [m[Kâ€˜[01m[KorientationTypeCallback[m[Kâ€™ is not a member of â€˜[01m[KRobotController[m[Kâ€™
   33 |       std::bind(&RobotController::[01;31m[KorientationTypeCallback[m[K, this, std::placeholders::_1));
      |                                   [01;31m[K^~~~~~~~~~~~~~~~~~~~~~~[m[K
[01m[K/home/steven/ros2_ws/src/first_stage/src/first_stage_endeffector/src/first_stage_endeffector.cpp:[m[K In member function â€˜[01m[Kbool RobotController::graspObject()[m[Kâ€™:
[01m[K/home/steven/ros2_ws/src/first_stage/src/first_stage_endeffector/src/first_stage_endeffector.cpp:205:5:[m[K [01;31m[Kerror: [m[Kâ€˜[01m[KpublishGripperCommand[m[Kâ€™ was not declared in this scope
  205 |     [01;31m[KpublishGripperCommand[m[K(30, 10);  // å¼µé–‹å¤¾çˆª
      |     [01;31m[K^~~~~~~~~~~~~~~~~~~~~[m[K
[01m[K/home/steven/ros2_ws/src/first_stage/src/first_stage_endeffector/src/first_stage_endeffector.cpp:[m[K In member function â€˜[01m[Kbool RobotController::controlGripper(int, int, const string&)[m[Kâ€™:
[01m[K/home/steven/ros2_ws/src/first_stage/src/first_stage_endeffector/src/first_stage_endeffector.cpp:372:5:[m[K [01;31m[Kerror: [m[Kâ€˜[01m[KpublishGripperCommand[m[Kâ€™ was not declared in this scope
  372 |     [01;31m[KpublishGripperCommand[m[K(width, force);
      |     [01;31m[K^~~~~~~~~~~~~~~~~~~~~[m[K
[01m[K/home/steven/ros2_ws/src/first_stage/src/first_stage_endeffector/src/first_stage_endeffector.cpp:[m[K In member function â€˜[01m[Kbool RobotController::releaseObject()[m[Kâ€™:
[01m[K/home/steven/ros2_ws/src/first_stage/src/first_stage_endeffector/src/first_stage_endeffector.cpp:420:5:[m[K [01;31m[Kerror: [m[Kâ€˜[01m[KpublishGripperCommand[m[Kâ€™ was not declared in this scope
  420 |     [01;31m[KpublishGripperCommand[m[K(30, 10);
      |     [01;31m[K^~~~~~~~~~~~~~~~~~~~~[m[K
gmake[2]: *** [CMakeFiles/first_stage_endeffector.dir/build.make:76ï¼šCMakeFiles/first_stage_endeffector.dir/src/first_stage_endeffector.cpp.o] éŒ¯èª¤ 1
gmake[1]: *** [CMakeFiles/Makefile2:137ï¼šCMakeFiles/first_stage_endeffector.dir/all] éŒ¯èª¤ 2
gmake: *** [Makefile:146ï¼šall] éŒ¯èª¤ 2
