[0.013s] Invoking command in '/home/steven/ros2_ws/src/first_stage/build/first_stage_endeffector': CMAKE_PREFIX_PATH=${CMAKE_PREFIX_PATH}:/home/steven/ros2_ws/src/first_stage/install/first_stage_rg2:/home/steven/ws_moveit2/install/moveit_configs_utils:/home/steven/ws_moveit2/install/launch_param_builder:/opt/ros/humble /usr/bin/cmake --build /home/steven/ros2_ws/src/first_stage/build/first_stage_endeffector -- -j32 -l32
[0.061s] [35m[1mConsolidate compiler generated dependencies of target first_stage_endeffector[0m
[0.081s] [ 50%] [32mBuilding CXX object CMakeFiles/first_stage_endeffector.dir/src/first_stage_endeffector.cpp.o[0m
[4.351s] [01m[K/home/steven/ros2_ws/src/first_stage/src/first_stage_endeffector/src/first_stage_endeffector.cpp:478:8:[m[K [01;31m[Kerror: [m[Kâ€˜[01m[Kvoid RobotController::coordinatesCallback(geometry_msgs::msg::Point_<std::allocator<void> >::SharedPtr)[m[Kâ€™ cannot be overloaded with â€˜[01m[Kvoid RobotController::coordinatesCallback(geometry_msgs::msg::Point_<std::allocator<void> >::SharedPtr)[m[Kâ€™
[4.351s]   478 |   void [01;31m[KcoordinatesCallback[m[K(const geometry_msgs::msg::Point::SharedPtr msg)
[4.351s]       |        [01;31m[K^~~~~~~~~~~~~~~~~~~[m[K
[4.351s] [01m[K/home/steven/ros2_ws/src/first_stage/src/first_stage_endeffector/src/first_stage_endeffector.cpp:465:8:[m[K [01;36m[Knote: [m[Kprevious declaration â€˜[01m[Kvoid RobotController::coordinatesCallback(geometry_msgs::msg::Point_<std::allocator<void> >::SharedPtr)[m[Kâ€™
[4.351s]   465 |   void [01;36m[KcoordinatesCallback[m[K(const geometry_msgs::msg::Point::SharedPtr msg)
[4.351s]       |        [01;36m[K^~~~~~~~~~~~~~~~~~~[m[K
[4.359s] [01m[K/home/steven/ros2_ws/src/first_stage/src/first_stage_endeffector/src/first_stage_endeffector.cpp:[m[K In constructor â€˜[01m[KRobotController::RobotController()[m[Kâ€™:
[4.359s] [01m[K/home/steven/ros2_ws/src/first_stage/src/first_stage_endeffector/src/first_stage_endeffector.cpp:33:35:[m[K [01;31m[Kerror: [m[Kâ€˜[01m[KorientationTypeCallback[m[Kâ€™ is not a member of â€˜[01m[KRobotController[m[Kâ€™
[4.359s]    33 |       std::bind(&RobotController::[01;31m[KorientationTypeCallback[m[K, this, std::placeholders::_1));
[4.359s]       |                                   [01;31m[K^~~~~~~~~~~~~~~~~~~~~~~[m[K
[4.386s] [01m[K/home/steven/ros2_ws/src/first_stage/src/first_stage_endeffector/src/first_stage_endeffector.cpp:[m[K In member function â€˜[01m[Kbool RobotController::graspObject()[m[Kâ€™:
[4.386s] [01m[K/home/steven/ros2_ws/src/first_stage/src/first_stage_endeffector/src/first_stage_endeffector.cpp:205:5:[m[K [01;31m[Kerror: [m[Kâ€˜[01m[KpublishGripperCommand[m[Kâ€™ was not declared in this scope
[4.386s]   205 |     [01;31m[KpublishGripperCommand[m[K(30, 10);  // å¼µé–‹å¤¾çˆª
[4.386s]       |     [01;31m[K^~~~~~~~~~~~~~~~~~~~~[m[K
[4.405s] [01m[K/home/steven/ros2_ws/src/first_stage/src/first_stage_endeffector/src/first_stage_endeffector.cpp:[m[K In member function â€˜[01m[Kbool RobotController::controlGripper(int, int, const string&)[m[Kâ€™:
[4.406s] [01m[K/home/steven/ros2_ws/src/first_stage/src/first_stage_endeffector/src/first_stage_endeffector.cpp:372:5:[m[K [01;31m[Kerror: [m[Kâ€˜[01m[KpublishGripperCommand[m[Kâ€™ was not declared in this scope
[4.406s]   372 |     [01;31m[KpublishGripperCommand[m[K(width, force);
[4.406s]       |     [01;31m[K^~~~~~~~~~~~~~~~~~~~~[m[K
[4.420s] [01m[K/home/steven/ros2_ws/src/first_stage/src/first_stage_endeffector/src/first_stage_endeffector.cpp:[m[K In member function â€˜[01m[Kbool RobotController::releaseObject()[m[Kâ€™:
[4.420s] [01m[K/home/steven/ros2_ws/src/first_stage/src/first_stage_endeffector/src/first_stage_endeffector.cpp:420:5:[m[K [01;31m[Kerror: [m[Kâ€˜[01m[KpublishGripperCommand[m[Kâ€™ was not declared in this scope
[4.420s]   420 |     [01;31m[KpublishGripperCommand[m[K(30, 10);
[4.421s]       |     [01;31m[K^~~~~~~~~~~~~~~~~~~~~[m[K
[9.042s] gmake[2]: *** [CMakeFiles/first_stage_endeffector.dir/build.make:76ï¼šCMakeFiles/first_stage_endeffector.dir/src/first_stage_endeffector.cpp.o] éŒ¯èª¤ 1
[9.043s] gmake[1]: *** [CMakeFiles/Makefile2:137ï¼šCMakeFiles/first_stage_endeffector.dir/all] éŒ¯èª¤ 2
[9.043s] gmake: *** [Makefile:146ï¼šall] éŒ¯èª¤ 2
[9.045s] Invoked command in '/home/steven/ros2_ws/src/first_stage/build/first_stage_endeffector' returned '2': CMAKE_PREFIX_PATH=${CMAKE_PREFIX_PATH}:/home/steven/ros2_ws/src/first_stage/install/first_stage_rg2:/home/steven/ws_moveit2/install/moveit_configs_utils:/home/steven/ws_moveit2/install/launch_param_builder:/opt/ros/humble /usr/bin/cmake --build /home/steven/ros2_ws/src/first_stage/build/first_stage_endeffector -- -j32 -l32
