[01m[K/home/steven/Documents/IIIIIIIII_TEST/first_stage/src/first_stage_endeffector/src/first_stage_endeffector.cpp:[m[K In function â€˜[01m[Kint main(int, char**)[m[Kâ€™:
[01m[K/home/steven/Documents/IIIIIIIII_TEST/first_stage/src/first_stage_endeffector/src/first_stage_endeffector.cpp:102:45:[m[K [01;31m[Kerror: [m[Kâ€˜[01m[Kusing element_type = class RobotController[m[Kâ€™ {aka â€˜[01m[Kclass RobotController[m[Kâ€™} has no member named â€˜[01m[Kcoordinates_received[m[Kâ€™; did you mean â€˜[01m[Kbool RobotController::coordinates_ready[m[Kâ€™? (accessible via â€˜[01m[Kbool RobotController::are_coordinates_ready() const[m[Kâ€™)
  102 |   while (rclcpp::ok() && !robot_controller->[01;31m[Kcoordinates_received[m[K) {
      |                                             [01;31m[K^~~~~~~~~~~~~~~~~~~~[m[K
      |                                             [32m[Kare_coordinates_ready()[m[K
gmake[2]: *** [CMakeFiles/first_stage_endeffector.dir/build.make:76ï¼šCMakeFiles/first_stage_endeffector.dir/src/first_stage_endeffector.cpp.o] éŒ¯èª¤ 1
gmake[1]: *** [CMakeFiles/Makefile2:137ï¼šCMakeFiles/first_stage_endeffector.dir/all] éŒ¯èª¤ 2
gmake: *** [Makefile:146ï¼šall] éŒ¯èª¤ 2
