[01m[K/home/steven/ros2_ws/src/first_stage/src/first_stage_endeffector/src/first_stage_endeffector.cpp:423:8:[m[K [01;31m[Kerror: [m[Kâ€˜[01m[Kbool RobotController::releaseObject()[m[Kâ€™ cannot be overloaded with â€˜[01m[Kbool RobotController::releaseObject()[m[Kâ€™
  423 |   bool [01;31m[KreleaseObject[m[K()
      |        [01;31m[K^~~~~~~~~~~~~[m[K
[01m[K/home/steven/ros2_ws/src/first_stage/src/first_stage_endeffector/src/first_stage_endeffector.cpp:219:8:[m[K [01;36m[Knote: [m[Kprevious declaration â€˜[01m[Kbool RobotController::releaseObject()[m[Kâ€™
  219 |   bool [01;36m[KreleaseObject[m[K()
      |        [01;36m[K^~~~~~~~~~~~~[m[K
[01m[K/home/steven/ros2_ws/src/first_stage/src/first_stage_endeffector/src/first_stage_endeffector.cpp:[m[K In member function â€˜[01m[Kvoid RobotController::timerCallback()[m[Kâ€™:
[01m[K/home/steven/ros2_ws/src/first_stage/src/first_stage_endeffector/src/first_stage_endeffector.cpp:106:27:[m[K [01;31m[Kerror: [m[Kâ€˜[01m[KCHECK_GRASP[m[Kâ€™ is not a member of â€˜[01m[KRobotController::State[m[Kâ€™
  106 |           setState(State::[01;31m[KCHECK_GRASP[m[K);
      |                           [01;31m[K^~~~~~~~~~~[m[K
[01m[K/home/steven/ros2_ws/src/first_stage/src/first_stage_endeffector/src/first_stage_endeffector.cpp:110:19:[m[K [01;31m[Kerror: [m[Kâ€˜[01m[KCHECK_GRASP[m[Kâ€™ is not a member of â€˜[01m[KRobotController::State[m[Kâ€™
  110 |       case State::[01;31m[KCHECK_GRASP[m[K:
      |                   [01;31m[K^~~~~~~~~~~[m[K
gmake[2]: *** [CMakeFiles/first_stage_endeffector.dir/build.make:76ï¼šCMakeFiles/first_stage_endeffector.dir/src/first_stage_endeffector.cpp.o] éŒ¯èª¤ 1
gmake[1]: *** [CMakeFiles/Makefile2:137ï¼šCMakeFiles/first_stage_endeffector.dir/all] éŒ¯èª¤ 2
gmake: *** [Makefile:146ï¼šall] éŒ¯èª¤ 2
