[0.008s] Invoking command in '/home/steven/Documents/IIIIIIIII_TEST/command_endeffector_cartesian/build/ur5_endeffector_cartesian': CMAKE_PREFIX_PATH=${CMAKE_PREFIX_PATH}:/home/steven/ws_moveit2/install/moveit_configs_utils:/home/steven/ws_moveit2/install/launch_param_builder:/opt/ros/humble /usr/bin/cmake --build /home/steven/Documents/IIIIIIIII_TEST/command_endeffector_cartesian/build/ur5_endeffector_cartesian -- -j32 -l32
[0.054s] [35m[1mConsolidate compiler generated dependencies of target ur5_ros2_cartesian[0m
[0.077s] [ 50%] [32mBuilding CXX object CMakeFiles/ur5_ros2_cartesian.dir/src/ur5_ros2_cartesian.cpp.o[0m
[3.668s] [01m[K/home/steven/Documents/IIIIIIIII_TEST/command_endeffector_cartesian/src/ur5_endeffector_cartesian/src/ur5_ros2_cartesian.cpp:[m[K In member function â€˜[01m[Kvoid ArmController::executeMoveWithDynamicVelocity(const std::function<void()>&)[m[Kâ€™:
[3.668s] [01m[K/home/steven/Documents/IIIIIIIII_TEST/command_endeffector_cartesian/src/ur5_endeffector_cartesian/src/ur5_ros2_cartesian.cpp:144:58:[m[K [01;31m[Kerror: [m[Kcannot convert â€˜[01m[Kmoveit_msgs::msg::PlanningScene_<std::allocator<void> >::_robot_state_type[m[Kâ€™ {aka â€˜[01m[Kmoveit_msgs::msg::RobotState_<std::allocator<void> >[m[Kâ€™} to â€˜[01m[Kconst JointState&[m[Kâ€™ {aka â€˜[01m[Kconst sensor_msgs::msg::JointState_<std::allocator<void> >&[m[Kâ€™}
[3.668s]   144 |         if (!robot_state.setVariableValues([01;31m[Kresult->scene.robot_state[m[K))
[3.668s]       |                                            [01;31m[K~~~~~~~~~~~~~~^~~~~~~~~~~[m[K
[3.668s]       |                                                          [01;31m[K|[m[K
[3.668s]       |                                                          [01;31m[Kmoveit_msgs::msg::PlanningScene_<std::allocator<void> >::_robot_state_type {aka moveit_msgs::msg::RobotState_<std::allocator<void> >}[m[K
[3.668s] In file included from [01m[K/home/steven/ws_moveit2/install/moveit_ros_planning_interface/include/moveit/move_group_interface/move_group_interface.h:41[m[K,
[3.668s]                  from [01m[K/home/steven/Documents/IIIIIIIII_TEST/command_endeffector_cartesian/src/ur5_endeffector_cartesian/src/ur5_ros2_cartesian.cpp:2[m[K:
[3.668s] [01m[K/home/steven/ws_moveit2/install/moveit_core/include/moveit/robot_state/robot_state.h:1219:62:[m[K [01;36m[Knote: [m[K  initializing argument 1 of â€˜[01m[Kvoid moveit::core::RobotState::setVariableValues(const JointState&)[m[Kâ€™
[3.668s]  1219 |   void setVariableValues([01;36m[Kconst sensor_msgs::msg::JointState& msg[m[K)
[3.668s]       |                          [01;36m[K~~~~~~~~~~~~~~~~~~~~~~~~~~~~~~~~~~~~^~~[m[K
[3.670s] [01m[K/home/steven/Documents/IIIIIIIII_TEST/command_endeffector_cartesian/src/ur5_endeffector_cartesian/src/ur5_ros2_cartesian.cpp:149:23:[m[K [01;31m[Kerror: [m[Kâ€˜[01m[KrobotStateMsgToRobotState[m[Kâ€™ is not a member of â€˜[01m[Kmoveit::core[m[Kâ€™
[3.670s]   149 |         moveit::core::[01;31m[KrobotStateMsgToRobotState[m[K(result->scene.robot_state, robot_state);
[3.670s]       |                       [01;31m[K^~~~~~~~~~~~~~~~~~~~~~~~~[m[K
[7.067s] gmake[2]: *** [CMakeFiles/ur5_ros2_cartesian.dir/build.make:76ï¼šCMakeFiles/ur5_ros2_cartesian.dir/src/ur5_ros2_cartesian.cpp.o] éŒ¯èª¤ 1
[7.067s] gmake[1]: *** [CMakeFiles/Makefile2:137ï¼šCMakeFiles/ur5_ros2_cartesian.dir/all] éŒ¯èª¤ 2
[7.067s] gmake: *** [Makefile:146ï¼šall] éŒ¯èª¤ 2
[7.069s] Invoked command in '/home/steven/Documents/IIIIIIIII_TEST/command_endeffector_cartesian/build/ur5_endeffector_cartesian' returned '2': CMAKE_PREFIX_PATH=${CMAKE_PREFIX_PATH}:/home/steven/ws_moveit2/install/moveit_configs_utils:/home/steven/ws_moveit2/install/launch_param_builder:/opt/ros/humble /usr/bin/cmake --build /home/steven/Documents/IIIIIIIII_TEST/command_endeffector_cartesian/build/ur5_endeffector_cartesian -- -j32 -l32
