[0.010s] Invoking command in '/home/steven/ros2_ws/src/first_stage/build/first_stage_endeffector': CMAKE_PREFIX_PATH=${CMAKE_PREFIX_PATH}:/home/steven/ros2_ws/src/first_stage/install/first_stage_rg2:/home/steven/ws_moveit2/install/moveit_configs_utils:/home/steven/ws_moveit2/install/launch_param_builder:/opt/ros/humble /usr/bin/cmake --build /home/steven/ros2_ws/src/first_stage/build/first_stage_endeffector -- -j32 -l32
[0.057s] [35m[1mConsolidate compiler generated dependencies of target first_stage_endeffector[0m
[0.078s] [ 50%] [32mBuilding CXX object CMakeFiles/first_stage_endeffector.dir/src/first_stage_endeffector.cpp.o[0m
[4.421s] [01m[K/home/steven/ros2_ws/src/first_stage/src/first_stage_endeffector/src/first_stage_endeffector.cpp:259:8:[m[K [01;31m[Kerror: [m[Kâ€˜[01m[Kvoid RobotController::setState(RobotController::State)[m[Kâ€™ cannot be overloaded with â€˜[01m[Kvoid RobotController::setState(RobotController::State)[m[Kâ€™
[4.421s]   259 |   void [01;31m[KsetState[m[K(State new_state)
[4.421s]       |        [01;31m[K^~~~~~~~[m[K
[4.421s] [01m[K/home/steven/ros2_ws/src/first_stage/src/first_stage_endeffector/src/first_stage_endeffector.cpp:138:8:[m[K [01;36m[Knote: [m[Kprevious declaration â€˜[01m[Kvoid RobotController::setState(RobotController::State)[m[Kâ€™
[4.421s]   138 |   void [01;36m[KsetState[m[K(State new_state)
[4.421s]       |        [01;36m[K^~~~~~~~[m[K
[9.572s] gmake[2]: *** [CMakeFiles/first_stage_endeffector.dir/build.make:76ï¼šCMakeFiles/first_stage_endeffector.dir/src/first_stage_endeffector.cpp.o] éŒ¯èª¤ 1
[9.572s] gmake[1]: *** [CMakeFiles/Makefile2:137ï¼šCMakeFiles/first_stage_endeffector.dir/all] éŒ¯èª¤ 2
[9.573s] gmake: *** [Makefile:146ï¼šall] éŒ¯èª¤ 2
[9.575s] Invoked command in '/home/steven/ros2_ws/src/first_stage/build/first_stage_endeffector' returned '2': CMAKE_PREFIX_PATH=${CMAKE_PREFIX_PATH}:/home/steven/ros2_ws/src/first_stage/install/first_stage_rg2:/home/steven/ws_moveit2/install/moveit_configs_utils:/home/steven/ws_moveit2/install/launch_param_builder:/opt/ros/humble /usr/bin/cmake --build /home/steven/ros2_ws/src/first_stage/build/first_stage_endeffector -- -j32 -l32
