[0.013s] Invoking command in '/home/steven/ros2_ws/src/first_stage/build/first_stage_endeffector': CMAKE_PREFIX_PATH=${CMAKE_PREFIX_PATH}:/home/steven/ros2_ws/src/first_stage/install/first_stage_rg2:/home/steven/ws_moveit2/install/moveit_configs_utils:/home/steven/ws_moveit2/install/launch_param_builder:/opt/ros/humble /usr/bin/cmake --build /home/steven/ros2_ws/src/first_stage/build/first_stage_endeffector -- -j32 -l32
[0.079s] [ 50%] [32mBuilding CXX object CMakeFiles/first_stage_endeffector.dir/src/first_stage_endeffector.cpp.o[0m
[4.214s] [01m[K/home/steven/ros2_ws/src/first_stage/src/first_stage_endeffector/src/first_stage_endeffector.cpp:[m[K In member function â€˜[01m[Kvoid RobotController::timerCallback()[m[Kâ€™:
[4.214s] [01m[K/home/steven/ros2_ws/src/first_stage/src/first_stage_endeffector/src/first_stage_endeffector.cpp:104:32:[m[K [01;31m[Kerror: [m[Kcould not convert â€˜[01m[K((RobotController*)this)->RobotController::moveToFinalPosition()[m[Kâ€™ from â€˜[01m[Kvoid[m[Kâ€™ to â€˜[01m[Kbool[m[Kâ€™
[4.214s]   104 |         if ([01;31m[KmoveToFinalPosition()[m[K) {
[4.214s]       |             [01;31m[K~~~~~~~~~~~~~~~~~~~^~[m[K
[4.214s]       |                                [01;31m[K|[m[K
[4.214s]       |                                [01;31m[Kvoid[m[K
[4.222s] [01m[K/home/steven/ros2_ws/src/first_stage/src/first_stage_endeffector/src/first_stage_endeffector.cpp:[m[K In member function â€˜[01m[Kvoid RobotController::moveToFinalPosition()[m[Kâ€™:
[4.222s] [01m[K/home/steven/ros2_ws/src/first_stage/src/first_stage_endeffector/src/first_stage_endeffector.cpp:215:13:[m[K [01;31m[Kerror: [m[Kâ€˜[01m[Korientation_type[m[Kâ€™ was not declared in this scope; did you mean â€˜[01m[Korientation_type_[m[Kâ€™?
[4.222s]   215 |     switch ([01;31m[Korientation_type[m[K) {
[4.222s]       |             [01;31m[K^~~~~~~~~~~~~~~~[m[K
[4.222s]       |             [32m[Korientation_type_[m[K
[4.226s] [01m[K/home/steven/ros2_ws/src/first_stage/src/first_stage_endeffector/src/first_stage_endeffector.cpp:223:13:[m[K [01;31m[Kerror: [m[Kâ€˜[01m[Kmove_group_arm[m[Kâ€™ was not declared in this scope; did you mean â€˜[01m[Kmove_group_arm_[m[Kâ€™?
[4.226s]   223 |             [01;31m[Kmove_group_arm[m[K->setJointValueTarget(home1);
[4.227s]       |             [01;31m[K^~~~~~~~~~~~~~[m[K
[4.227s]       |             [32m[Kmove_group_arm_[m[K
[4.227s] [01m[K/home/steven/ros2_ws/src/first_stage/src/first_stage_endeffector/src/first_stage_endeffector.cpp:224:24:[m[K [01;31m[Kerror: [m[Kno matching function for call to â€˜[01m[KRobotController::executePlan(const char [6])[m[Kâ€™
[4.227s]   224 |             [01;31m[KexecutePlan("home1")[m[K;
[4.227s]       |             [01;31m[K~~~~~~~~~~~^~~~~~~~~[m[K
[4.227s] [01m[K/home/steven/ros2_ws/src/first_stage/src/first_stage_endeffector/src/first_stage_endeffector.cpp:310:8:[m[K [01;36m[Knote: [m[Kcandidate: â€˜[01m[Kbool RobotController::executePlan()[m[Kâ€™
[4.227s]   310 |   bool [01;36m[KexecutePlan[m[K()
[4.227s]       |        [01;36m[K^~~~~~~~~~~[m[K
[4.227s] [01m[K/home/steven/ros2_ws/src/first_stage/src/first_stage_endeffector/src/first_stage_endeffector.cpp:310:8:[m[K [01;36m[Knote: [m[K  candidate expects 0 arguments, 1 provided
[4.235s] [01m[K/home/steven/ros2_ws/src/first_stage/src/first_stage_endeffector/src/first_stage_endeffector.cpp:225:13:[m[K [01;31m[Kerror: [m[Kâ€˜[01m[KcontrolGripper[m[Kâ€™ was not declared in this scope
[4.235s]   225 |             [01;31m[KcontrolGripper[m[K(50, 10);
[4.235s]       |             [01;31m[K^~~~~~~~~~~~~~[m[K
[4.235s] [01m[K/home/steven/ros2_ws/src/first_stage/src/first_stage_endeffector/src/first_stage_endeffector.cpp:228:24:[m[K [01;31m[Kerror: [m[Kno matching function for call to â€˜[01m[KRobotController::executePlan(const char [6])[m[Kâ€™
[4.235s]   228 |             [01;31m[KexecutePlan("home2")[m[K;
[4.235s]       |             [01;31m[K~~~~~~~~~~~^~~~~~~~~[m[K
[4.236s] [01m[K/home/steven/ros2_ws/src/first_stage/src/first_stage_endeffector/src/first_stage_endeffector.cpp:310:8:[m[K [01;36m[Knote: [m[Kcandidate: â€˜[01m[Kbool RobotController::executePlan()[m[Kâ€™
[4.236s]   310 |   bool [01;36m[KexecutePlan[m[K()
[4.236s]       |        [01;36m[K^~~~~~~~~~~[m[K
[4.236s] [01m[K/home/steven/ros2_ws/src/first_stage/src/first_stage_endeffector/src/first_stage_endeffector.cpp:310:8:[m[K [01;36m[Knote: [m[K  candidate expects 0 arguments, 1 provided
[4.236s] [01m[K/home/steven/ros2_ws/src/first_stage/src/first_stage_endeffector/src/first_stage_endeffector.cpp:232:24:[m[K [01;31m[Kerror: [m[Kno matching function for call to â€˜[01m[KRobotController::executePlan(const char [6])[m[Kâ€™
[4.236s]   232 |             [01;31m[KexecutePlan("home3")[m[K;
[4.236s]       |             [01;31m[K~~~~~~~~~~~^~~~~~~~~[m[K
[4.236s] [01m[K/home/steven/ros2_ws/src/first_stage/src/first_stage_endeffector/src/first_stage_endeffector.cpp:310:8:[m[K [01;36m[Knote: [m[Kcandidate: â€˜[01m[Kbool RobotController::executePlan()[m[Kâ€™
[4.236s]   310 |   bool [01;36m[KexecutePlan[m[K()
[4.236s]       |        [01;36m[K^~~~~~~~~~~[m[K
[4.236s] [01m[K/home/steven/ros2_ws/src/first_stage/src/first_stage_endeffector/src/first_stage_endeffector.cpp:310:8:[m[K [01;36m[Knote: [m[K  candidate expects 0 arguments, 1 provided
[4.240s] [01m[K/home/steven/ros2_ws/src/first_stage/src/first_stage_endeffector/src/first_stage_endeffector.cpp:245:13:[m[K [01;31m[Kerror: [m[Kâ€˜[01m[Kmove_group_arm[m[Kâ€™ was not declared in this scope; did you mean â€˜[01m[Kmove_group_arm_[m[Kâ€™?
[4.240s]   245 |             [01;31m[Kmove_group_arm[m[K->setJointValueTarget(home1);
[4.240s]       |             [01;31m[K^~~~~~~~~~~~~~[m[K
[4.240s]       |             [32m[Kmove_group_arm_[m[K
[4.240s] [01m[K/home/steven/ros2_ws/src/first_stage/src/first_stage_endeffector/src/first_stage_endeffector.cpp:246:24:[m[K [01;31m[Kerror: [m[Kno matching function for call to â€˜[01m[KRobotController::executePlan(const char [6])[m[Kâ€™
[4.240s]   246 |             [01;31m[KexecutePlan("home1")[m[K;
[4.240s]       |             [01;31m[K~~~~~~~~~~~^~~~~~~~~[m[K
[4.240s] [01m[K/home/steven/ros2_ws/src/first_stage/src/first_stage_endeffector/src/first_stage_endeffector.cpp:310:8:[m[K [01;36m[Knote: [m[Kcandidate: â€˜[01m[Kbool RobotController::executePlan()[m[Kâ€™
[4.240s]   310 |   bool [01;36m[KexecutePlan[m[K()
[4.240s]       |        [01;36m[K^~~~~~~~~~~[m[K
[4.240s] [01m[K/home/steven/ros2_ws/src/first_stage/src/first_stage_endeffector/src/first_stage_endeffector.cpp:310:8:[m[K [01;36m[Knote: [m[K  candidate expects 0 arguments, 1 provided
[4.248s] [01m[K/home/steven/ros2_ws/src/first_stage/src/first_stage_endeffector/src/first_stage_endeffector.cpp:247:13:[m[K [01;31m[Kerror: [m[Kâ€˜[01m[KcontrolGripper[m[Kâ€™ was not declared in this scope
[4.248s]   247 |             [01;31m[KcontrolGripper[m[K(50, 10);
[4.248s]       |             [01;31m[K^~~~~~~~~~~~~~[m[K
[4.248s] [01m[K/home/steven/ros2_ws/src/first_stage/src/first_stage_endeffector/src/first_stage_endeffector.cpp:250:24:[m[K [01;31m[Kerror: [m[Kno matching function for call to â€˜[01m[KRobotController::executePlan(const char [6])[m[Kâ€™
[4.248s]   250 |             [01;31m[KexecutePlan("home2")[m[K;
[4.248s]       |             [01;31m[K~~~~~~~~~~~^~~~~~~~~[m[K
[4.248s] [01m[K/home/steven/ros2_ws/src/first_stage/src/first_stage_endeffector/src/first_stage_endeffector.cpp:310:8:[m[K [01;36m[Knote: [m[Kcandidate: â€˜[01m[Kbool RobotController::executePlan()[m[Kâ€™
[4.248s]   310 |   bool [01;36m[KexecutePlan[m[K()
[4.248s]       |        [01;36m[K^~~~~~~~~~~[m[K
[4.248s] [01m[K/home/steven/ros2_ws/src/first_stage/src/first_stage_endeffector/src/first_stage_endeffector.cpp:310:8:[m[K [01;36m[Knote: [m[K  candidate expects 0 arguments, 1 provided
[4.248s] [01m[K/home/steven/ros2_ws/src/first_stage/src/first_stage_endeffector/src/first_stage_endeffector.cpp:254:24:[m[K [01;31m[Kerror: [m[Kno matching function for call to â€˜[01m[KRobotController::executePlan(const char [6])[m[Kâ€™
[4.248s]   254 |             [01;31m[KexecutePlan("home3")[m[K;
[4.248s]       |             [01;31m[K~~~~~~~~~~~^~~~~~~~~[m[K
[4.248s] [01m[K/home/steven/ros2_ws/src/first_stage/src/first_stage_endeffector/src/first_stage_endeffector.cpp:310:8:[m[K [01;36m[Knote: [m[Kcandidate: â€˜[01m[Kbool RobotController::executePlan()[m[Kâ€™
[4.248s]   310 |   bool [01;36m[KexecutePlan[m[K()
[4.248s]       |        [01;36m[K^~~~~~~~~~~[m[K
[4.248s] [01m[K/home/steven/ros2_ws/src/first_stage/src/first_stage_endeffector/src/first_stage_endeffector.cpp:310:8:[m[K [01;36m[Knote: [m[K  candidate expects 0 arguments, 1 provided
[4.254s] [01m[K/home/steven/ros2_ws/src/first_stage/src/first_stage_endeffector/src/first_stage_endeffector.cpp:270:13:[m[K [01;31m[Kerror: [m[Kâ€˜[01m[Kmove_group_arm[m[Kâ€™ was not declared in this scope; did you mean â€˜[01m[Kmove_group_arm_[m[Kâ€™?
[4.254s]   270 |             [01;31m[Kmove_group_arm[m[K->setJointValueTarget(home1);
[4.254s]       |             [01;31m[K^~~~~~~~~~~~~~[m[K
[4.254s]       |             [32m[Kmove_group_arm_[m[K
[4.254s] [01m[K/home/steven/ros2_ws/src/first_stage/src/first_stage_endeffector/src/first_stage_endeffector.cpp:271:24:[m[K [01;31m[Kerror: [m[Kno matching function for call to â€˜[01m[KRobotController::executePlan(const char [6])[m[Kâ€™
[4.254s]   271 |             [01;31m[KexecutePlan("home1")[m[K;
[4.254s]       |             [01;31m[K~~~~~~~~~~~^~~~~~~~~[m[K
[4.254s] [01m[K/home/steven/ros2_ws/src/first_stage/src/first_stage_endeffector/src/first_stage_endeffector.cpp:310:8:[m[K [01;36m[Knote: [m[Kcandidate: â€˜[01m[Kbool RobotController::executePlan()[m[Kâ€™
[4.254s]   310 |   bool [01;36m[KexecutePlan[m[K()
[4.254s]       |        [01;36m[K^~~~~~~~~~~[m[K
[4.254s] [01m[K/home/steven/ros2_ws/src/first_stage/src/first_stage_endeffector/src/first_stage_endeffector.cpp:310:8:[m[K [01;36m[Knote: [m[K  candidate expects 0 arguments, 1 provided
[4.263s] [01m[K/home/steven/ros2_ws/src/first_stage/src/first_stage_endeffector/src/first_stage_endeffector.cpp:272:13:[m[K [01;31m[Kerror: [m[Kâ€˜[01m[KcontrolGripper[m[Kâ€™ was not declared in this scope
[4.263s]   272 |             [01;31m[KcontrolGripper[m[K(50, 10);
[4.263s]       |             [01;31m[K^~~~~~~~~~~~~~[m[K
[4.263s] [01m[K/home/steven/ros2_ws/src/first_stage/src/first_stage_endeffector/src/first_stage_endeffector.cpp:275:24:[m[K [01;31m[Kerror: [m[Kno matching function for call to â€˜[01m[KRobotController::executePlan(const char [6])[m[Kâ€™
[4.263s]   275 |             [01;31m[KexecutePlan("home2")[m[K;
[4.263s]       |             [01;31m[K~~~~~~~~~~~^~~~~~~~~[m[K
[4.263s] [01m[K/home/steven/ros2_ws/src/first_stage/src/first_stage_endeffector/src/first_stage_endeffector.cpp:310:8:[m[K [01;36m[Knote: [m[Kcandidate: â€˜[01m[Kbool RobotController::executePlan()[m[Kâ€™
[4.263s]   310 |   bool [01;36m[KexecutePlan[m[K()
[4.263s]       |        [01;36m[K^~~~~~~~~~~[m[K
[4.263s] [01m[K/home/steven/ros2_ws/src/first_stage/src/first_stage_endeffector/src/first_stage_endeffector.cpp:310:8:[m[K [01;36m[Knote: [m[K  candidate expects 0 arguments, 1 provided
[4.263s] [01m[K/home/steven/ros2_ws/src/first_stage/src/first_stage_endeffector/src/first_stage_endeffector.cpp:279:24:[m[K [01;31m[Kerror: [m[Kno matching function for call to â€˜[01m[KRobotController::executePlan(const char [6])[m[Kâ€™
[4.263s]   279 |             [01;31m[KexecutePlan("home3")[m[K;
[4.263s]       |             [01;31m[K~~~~~~~~~~~^~~~~~~~~[m[K
[4.263s] [01m[K/home/steven/ros2_ws/src/first_stage/src/first_stage_endeffector/src/first_stage_endeffector.cpp:310:8:[m[K [01;36m[Knote: [m[Kcandidate: â€˜[01m[Kbool RobotController::executePlan()[m[Kâ€™
[4.263s]   310 |   bool [01;36m[KexecutePlan[m[K()
[4.263s]       |        [01;36m[K^~~~~~~~~~~[m[K
[4.263s] [01m[K/home/steven/ros2_ws/src/first_stage/src/first_stage_endeffector/src/first_stage_endeffector.cpp:310:8:[m[K [01;36m[Knote: [m[K  candidate expects 0 arguments, 1 provided
[4.263s] [01m[K/home/steven/ros2_ws/src/first_stage/src/first_stage_endeffector/src/first_stage_endeffector.cpp:283:24:[m[K [01;31m[Kerror: [m[Kno matching function for call to â€˜[01m[KRobotController::executePlan(const char [6])[m[Kâ€™
[4.263s]   283 |             [01;31m[KexecutePlan("home4")[m[K;
[4.263s]       |             [01;31m[K~~~~~~~~~~~^~~~~~~~~[m[K
[4.263s] [01m[K/home/steven/ros2_ws/src/first_stage/src/first_stage_endeffector/src/first_stage_endeffector.cpp:310:8:[m[K [01;36m[Knote: [m[Kcandidate: â€˜[01m[Kbool RobotController::executePlan()[m[Kâ€™
[4.263s]   310 |   bool [01;36m[KexecutePlan[m[K()
[4.263s]       |        [01;36m[K^~~~~~~~~~~[m[K
[4.263s] [01m[K/home/steven/ros2_ws/src/first_stage/src/first_stage_endeffector/src/first_stage_endeffector.cpp:310:8:[m[K [01;36m[Knote: [m[K  candidate expects 0 arguments, 1 provided
[4.263s] [01m[K/home/steven/ros2_ws/src/first_stage/src/first_stage_endeffector/src/first_stage_endeffector.cpp:286:24:[m[K [01;31m[Kerror: [m[Kno matching function for call to â€˜[01m[KRobotController::executePlan(const char [6])[m[Kâ€™
[4.263s]   286 |             [01;31m[KexecutePlan("home5")[m[K;
[4.263s]       |             [01;31m[K~~~~~~~~~~~^~~~~~~~~[m[K
[4.263s] [01m[K/home/steven/ros2_ws/src/first_stage/src/first_stage_endeffector/src/first_stage_endeffector.cpp:310:8:[m[K [01;36m[Knote: [m[Kcandidate: â€˜[01m[Kbool RobotController::executePlan()[m[Kâ€™
[4.263s]   310 |   bool [01;36m[KexecutePlan[m[K()
[4.263s]       |        [01;36m[K^~~~~~~~~~~[m[K
[4.263s] [01m[K/home/steven/ros2_ws/src/first_stage/src/first_stage_endeffector/src/first_stage_endeffector.cpp:310:8:[m[K [01;36m[Knote: [m[K  candidate expects 0 arguments, 1 provided
[4.263s] [01m[K/home/steven/ros2_ws/src/first_stage/src/first_stage_endeffector/src/first_stage_endeffector.cpp:290:24:[m[K [01;31m[Kerror: [m[Kno matching function for call to â€˜[01m[KRobotController::executePlan(const char [6])[m[Kâ€™
[4.263s]   290 |             [01;31m[KexecutePlan("home6")[m[K;
[4.263s]       |             [01;31m[K~~~~~~~~~~~^~~~~~~~~[m[K
[4.263s] [01m[K/home/steven/ros2_ws/src/first_stage/src/first_stage_endeffector/src/first_stage_endeffector.cpp:310:8:[m[K [01;36m[Knote: [m[Kcandidate: â€˜[01m[Kbool RobotController::executePlan()[m[Kâ€™
[4.263s]   310 |   bool [01;36m[KexecutePlan[m[K()
[4.263s]       |        [01;36m[K^~~~~~~~~~~[m[K
[4.264s] [01m[K/home/steven/ros2_ws/src/first_stage/src/first_stage_endeffector/src/first_stage_endeffector.cpp:310:8:[m[K [01;36m[Knote: [m[K  candidate expects 0 arguments, 1 provided
[8.678s] gmake[2]: *** [CMakeFiles/first_stage_endeffector.dir/build.make:76ï¼šCMakeFiles/first_stage_endeffector.dir/src/first_stage_endeffector.cpp.o] éŒ¯èª¤ 1
[8.678s] gmake[1]: *** [CMakeFiles/Makefile2:137ï¼šCMakeFiles/first_stage_endeffector.dir/all] éŒ¯èª¤ 2
[8.678s] gmake: *** [Makefile:146ï¼šall] éŒ¯èª¤ 2
[8.680s] Invoked command in '/home/steven/ros2_ws/src/first_stage/build/first_stage_endeffector' returned '2': CMAKE_PREFIX_PATH=${CMAKE_PREFIX_PATH}:/home/steven/ros2_ws/src/first_stage/install/first_stage_rg2:/home/steven/ws_moveit2/install/moveit_configs_utils:/home/steven/ws_moveit2/install/launch_param_builder:/opt/ros/humble /usr/bin/cmake --build /home/steven/ros2_ws/src/first_stage/build/first_stage_endeffector -- -j32 -l32
