[01m[K/home/steven/ros2_ws/src/first_stage/src/first_stage_endeffector/src/first_stage_endeffector.cpp:472:8:[m[K [01;31m[Kerror: [m[Kâ€˜[01m[Kvoid RobotController::coordinatesCallback(geometry_msgs::msg::Point_<std::allocator<void> >::SharedPtr)[m[Kâ€™ cannot be overloaded with â€˜[01m[Kvoid RobotController::coordinatesCallback(geometry_msgs::msg::Point_<std::allocator<void> >::SharedPtr)[m[Kâ€™
  472 |   void [01;31m[KcoordinatesCallback[m[K(const geometry_msgs::msg::Point::SharedPtr msg)
      |        [01;31m[K^~~~~~~~~~~~~~~~~~~[m[K
[01m[K/home/steven/ros2_ws/src/first_stage/src/first_stage_endeffector/src/first_stage_endeffector.cpp:459:8:[m[K [01;36m[Knote: [m[Kprevious declaration â€˜[01m[Kvoid RobotController::coordinatesCallback(geometry_msgs::msg::Point_<std::allocator<void> >::SharedPtr)[m[Kâ€™
  459 |   void [01;36m[KcoordinatesCallback[m[K(const geometry_msgs::msg::Point::SharedPtr msg)
      |        [01;36m[K^~~~~~~~~~~~~~~~~~~[m[K
[01m[K/home/steven/ros2_ws/src/first_stage/src/first_stage_endeffector/src/first_stage_endeffector.cpp:[m[K In constructor â€˜[01m[KRobotController::RobotController()[m[Kâ€™:
[01m[K/home/steven/ros2_ws/src/first_stage/src/first_stage_endeffector/src/first_stage_endeffector.cpp:33:35:[m[K [01;31m[Kerror: [m[Kâ€˜[01m[KorientationTypeCallback[m[Kâ€™ is not a member of â€˜[01m[KRobotController[m[Kâ€™
   33 |       std::bind(&RobotController::[01;31m[KorientationTypeCallback[m[K, this, std::placeholders::_1));
      |                                   [01;31m[K^~~~~~~~~~~~~~~~~~~~~~~[m[K
[01m[K/home/steven/ros2_ws/src/first_stage/src/first_stage_endeffector/src/first_stage_endeffector.cpp:[m[K In member function â€˜[01m[Kvoid RobotController::timerCallback()[m[Kâ€™:
[01m[K/home/steven/ros2_ws/src/first_stage/src/first_stage_endeffector/src/first_stage_endeffector.cpp:95:11:[m[K [01;31m[Kerror: [m[Kâ€˜[01m[KsetState[m[Kâ€™ was not declared in this scope; did you mean â€˜[01m[Ksetstate[m[Kâ€™?
   95 |           [01;31m[KsetState[m[K(State::WAIT_FOR_COORDINATES);
      |           [01;31m[K^~~~~~~~[m[K
      |           [32m[Ksetstate[m[K
[01m[K/home/steven/ros2_ws/src/first_stage/src/first_stage_endeffector/src/first_stage_endeffector.cpp:103:11:[m[K [01;31m[Kerror: [m[Kâ€˜[01m[KsetState[m[Kâ€™ was not declared in this scope; did you mean â€˜[01m[Ksetstate[m[Kâ€™?
  103 |           [01;31m[KsetState[m[K(State::GRASP_OBJECT);
      |           [01;31m[K^~~~~~~~[m[K
      |           [32m[Ksetstate[m[K
[01m[K/home/steven/ros2_ws/src/first_stage/src/first_stage_endeffector/src/first_stage_endeffector.cpp:109:11:[m[K [01;31m[Kerror: [m[Kâ€˜[01m[KsetState[m[Kâ€™ was not declared in this scope; did you mean â€˜[01m[Ksetstate[m[Kâ€™?
  109 |           [01;31m[KsetState[m[K(State::CHECK_GRASP);
      |           [01;31m[K^~~~~~~~[m[K
      |           [32m[Ksetstate[m[K
[01m[K/home/steven/ros2_ws/src/first_stage/src/first_stage_endeffector/src/first_stage_endeffector.cpp:117:13:[m[K [01;31m[Kerror: [m[Kâ€˜[01m[KsetState[m[Kâ€™ was not declared in this scope; did you mean â€˜[01m[Ksetstate[m[Kâ€™?
  117 |             [01;31m[KsetState[m[K(State::MOVE_TO_CAMERA);
      |             [01;31m[K^~~~~~~~[m[K
      |             [32m[Ksetstate[m[K
[01m[K/home/steven/ros2_ws/src/first_stage/src/first_stage_endeffector/src/first_stage_endeffector.cpp:133:11:[m[K [01;31m[Kerror: [m[Kâ€˜[01m[KsetState[m[Kâ€™ was not declared in this scope; did you mean â€˜[01m[Ksetstate[m[Kâ€™?
  133 |           [01;31m[KsetState[m[K(State::WAIT_FOR_ORIENTATION);
      |           [01;31m[K^~~~~~~~[m[K
      |           [32m[Ksetstate[m[K
[01m[K/home/steven/ros2_ws/src/first_stage/src/first_stage_endeffector/src/first_stage_endeffector.cpp:139:11:[m[K [01;31m[Kerror: [m[Kâ€˜[01m[KsetState[m[Kâ€™ was not declared in this scope; did you mean â€˜[01m[Ksetstate[m[Kâ€™?
  139 |           [01;31m[KsetState[m[K(State::MOVE_TO_FINAL_POSITION);
      |           [01;31m[K^~~~~~~~[m[K
      |           [32m[Ksetstate[m[K
[01m[K/home/steven/ros2_ws/src/first_stage/src/first_stage_endeffector/src/first_stage_endeffector.cpp:144:11:[m[K [01;31m[Kerror: [m[Kâ€˜[01m[KsetState[m[Kâ€™ was not declared in this scope; did you mean â€˜[01m[Ksetstate[m[Kâ€™?
  144 |           [01;31m[KsetState[m[K(State::RELEASE_OBJECT);
      |           [01;31m[K^~~~~~~~[m[K
      |           [32m[Ksetstate[m[K
[01m[K/home/steven/ros2_ws/src/first_stage/src/first_stage_endeffector/src/first_stage_endeffector.cpp:149:11:[m[K [01;31m[Kerror: [m[Kâ€˜[01m[KsetState[m[Kâ€™ was not declared in this scope; did you mean â€˜[01m[Ksetstate[m[Kâ€™?
  149 |           [01;31m[KsetState[m[K(State::FINISHED);
      |           [01;31m[K^~~~~~~~[m[K
      |           [32m[Ksetstate[m[K
[01m[K/home/steven/ros2_ws/src/first_stage/src/first_stage_endeffector/src/first_stage_endeffector.cpp:[m[K In member function â€˜[01m[Kvoid RobotController::resetState()[m[Kâ€™:
[01m[K/home/steven/ros2_ws/src/first_stage/src/first_stage_endeffector/src/first_stage_endeffector.cpp:160:5:[m[K [01;31m[Kerror: [m[Kâ€˜[01m[KsetState[m[Kâ€™ was not declared in this scope; did you mean â€˜[01m[Ksetstate[m[Kâ€™?
  160 |     [01;31m[KsetState[m[K(State::WAIT_FOR_COORDINATES);
      |     [01;31m[K^~~~~~~~[m[K
      |     [32m[Ksetstate[m[K
[01m[K/home/steven/ros2_ws/src/first_stage/src/first_stage_endeffector/src/first_stage_endeffector.cpp:[m[K In member function â€˜[01m[Kvoid RobotController::initializeMoveGroup()[m[Kâ€™:
[01m[K/home/steven/ros2_ws/src/first_stage/src/first_stage_endeffector/src/first_stage_endeffector.cpp:172:5:[m[K [01;31m[Kerror: [m[Kâ€˜[01m[KsetState[m[Kâ€™ was not declared in this scope; did you mean â€˜[01m[Ksetstate[m[Kâ€™?
  172 |     [01;31m[KsetState[m[K(State::MOVE_TO_HOME);
      |     [01;31m[K^~~~~~~~[m[K
      |     [32m[Ksetstate[m[K
[01m[K/home/steven/ros2_ws/src/first_stage/src/first_stage_endeffector/src/first_stage_endeffector.cpp:[m[K In member function â€˜[01m[Kbool RobotController::graspObject()[m[Kâ€™:
[01m[K/home/steven/ros2_ws/src/first_stage/src/first_stage_endeffector/src/first_stage_endeffector.cpp:208:5:[m[K [01;31m[Kerror: [m[Kâ€˜[01m[KpublishGripperCommand[m[Kâ€™ was not declared in this scope
  208 |     [01;31m[KpublishGripperCommand[m[K(30, 10);  // å¼µé–‹å¤¾çˆª
      |     [01;31m[K^~~~~~~~~~~~~~~~~~~~~[m[K
[01m[K/home/steven/ros2_ws/src/first_stage/src/first_stage_endeffector/src/first_stage_endeffector.cpp:[m[K In member function â€˜[01m[Kbool RobotController::controlGripper(int, int, const string&)[m[Kâ€™:
[01m[K/home/steven/ros2_ws/src/first_stage/src/first_stage_endeffector/src/first_stage_endeffector.cpp:375:5:[m[K [01;31m[Kerror: [m[Kâ€˜[01m[KpublishGripperCommand[m[Kâ€™ was not declared in this scope
  375 |     [01;31m[KpublishGripperCommand[m[K(width, force);
      |     [01;31m[K^~~~~~~~~~~~~~~~~~~~~[m[K
[01m[K/home/steven/ros2_ws/src/first_stage/src/first_stage_endeffector/src/first_stage_endeffector.cpp:[m[K In member function â€˜[01m[Kbool RobotController::releaseObject()[m[Kâ€™:
[01m[K/home/steven/ros2_ws/src/first_stage/src/first_stage_endeffector/src/first_stage_endeffector.cpp:423:5:[m[K [01;31m[Kerror: [m[Kâ€˜[01m[KpublishGripperCommand[m[Kâ€™ was not declared in this scope
  423 |     [01;31m[KpublishGripperCommand[m[K(30, 10);
      |     [01;31m[K^~~~~~~~~~~~~~~~~~~~~[m[K
[01m[K/home/steven/ros2_ws/src/first_stage/src/first_stage_endeffector/src/first_stage_endeffector.cpp:[m[K In member function â€˜[01m[Kvoid RobotController::coordinatesCallback(geometry_msgs::msg::Point_<std::allocator<void> >::SharedPtr)[m[Kâ€™:
[01m[K/home/steven/ros2_ws/src/first_stage/src/first_stage_endeffector/src/first_stage_endeffector.cpp:467:9:[m[K [01;31m[Kerror: [m[Kâ€˜[01m[KsetState[m[Kâ€™ was not declared in this scope; did you mean â€˜[01m[Ksetstate[m[Kâ€™?
  467 |         [01;31m[KsetState[m[K(State::MOVE_TO_OBJECT);
      |         [01;31m[K^~~~~~~~[m[K
      |         [32m[Ksetstate[m[K
[01m[K/home/steven/ros2_ws/src/first_stage/src/first_stage_endeffector/src/first_stage_endeffector.cpp:[m[K In member function â€˜[01m[Kvoid RobotController::checkStateTransition()[m[Kâ€™:
[01m[K/home/steven/ros2_ws/src/first_stage/src/first_stage_endeffector/src/first_stage_endeffector.cpp:500:7:[m[K [01;31m[Kerror: [m[Kâ€˜[01m[KsetState[m[Kâ€™ was not declared in this scope; did you mean â€˜[01m[Ksetstate[m[Kâ€™?
  500 |       [01;31m[KsetState[m[K(State::MOVE_TO_OBJECT);
      |       [01;31m[K^~~~~~~~[m[K
      |       [32m[Ksetstate[m[K
gmake[2]: *** [CMakeFiles/first_stage_endeffector.dir/build.make:76ï¼šCMakeFiles/first_stage_endeffector.dir/src/first_stage_endeffector.cpp.o] éŒ¯èª¤ 1
gmake[1]: *** [CMakeFiles/Makefile2:137ï¼šCMakeFiles/first_stage_endeffector.dir/all] éŒ¯èª¤ 2
gmake: *** [Makefile:146ï¼šall] éŒ¯èª¤ 2
