[0.011s] Invoking command in '/home/steven/ros2_ws/src/first_stage/build/first_stage_endeffector': CMAKE_PREFIX_PATH=${CMAKE_PREFIX_PATH}:/home/steven/ros2_ws/src/first_stage/install/first_stage_rg2:/home/steven/ws_moveit2/install/moveit_configs_utils:/home/steven/ws_moveit2/install/launch_param_builder:/opt/ros/humble /usr/bin/cmake --build /home/steven/ros2_ws/src/first_stage/build/first_stage_endeffector -- -j32 -l32
[0.056s] [35m[1mConsolidate compiler generated dependencies of target first_stage_endeffector[0m
[0.077s] [ 50%] [32mBuilding CXX object CMakeFiles/first_stage_endeffector.dir/src/first_stage_endeffector.cpp.o[0m
[4.390s] [01m[K/home/steven/ros2_ws/src/first_stage/src/first_stage_endeffector/src/first_stage_endeffector.cpp:472:8:[m[K [01;31m[Kerror: [m[Kâ€˜[01m[Kvoid RobotController::coordinatesCallback(geometry_msgs::msg::Point_<std::allocator<void> >::SharedPtr)[m[Kâ€™ cannot be overloaded with â€˜[01m[Kvoid RobotController::coordinatesCallback(geometry_msgs::msg::Point_<std::allocator<void> >::SharedPtr)[m[Kâ€™
[4.390s]   472 |   void [01;31m[KcoordinatesCallback[m[K(const geometry_msgs::msg::Point::SharedPtr msg)
[4.390s]       |        [01;31m[K^~~~~~~~~~~~~~~~~~~[m[K
[4.390s] [01m[K/home/steven/ros2_ws/src/first_stage/src/first_stage_endeffector/src/first_stage_endeffector.cpp:459:8:[m[K [01;36m[Knote: [m[Kprevious declaration â€˜[01m[Kvoid RobotController::coordinatesCallback(geometry_msgs::msg::Point_<std::allocator<void> >::SharedPtr)[m[Kâ€™
[4.390s]   459 |   void [01;36m[KcoordinatesCallback[m[K(const geometry_msgs::msg::Point::SharedPtr msg)
[4.390s]       |        [01;36m[K^~~~~~~~~~~~~~~~~~~[m[K
[4.400s] [01m[K/home/steven/ros2_ws/src/first_stage/src/first_stage_endeffector/src/first_stage_endeffector.cpp:[m[K In constructor â€˜[01m[KRobotController::RobotController()[m[Kâ€™:
[4.400s] [01m[K/home/steven/ros2_ws/src/first_stage/src/first_stage_endeffector/src/first_stage_endeffector.cpp:33:35:[m[K [01;31m[Kerror: [m[Kâ€˜[01m[KorientationTypeCallback[m[Kâ€™ is not a member of â€˜[01m[KRobotController[m[Kâ€™
[4.400s]    33 |       std::bind(&RobotController::[01;31m[KorientationTypeCallback[m[K, this, std::placeholders::_1));
[4.400s]       |                                   [01;31m[K^~~~~~~~~~~~~~~~~~~~~~~[m[K
[4.415s] [01m[K/home/steven/ros2_ws/src/first_stage/src/first_stage_endeffector/src/first_stage_endeffector.cpp:[m[K In member function â€˜[01m[Kvoid RobotController::timerCallback()[m[Kâ€™:
[4.416s] [01m[K/home/steven/ros2_ws/src/first_stage/src/first_stage_endeffector/src/first_stage_endeffector.cpp:95:11:[m[K [01;31m[Kerror: [m[Kâ€˜[01m[KsetState[m[Kâ€™ was not declared in this scope; did you mean â€˜[01m[Ksetstate[m[Kâ€™?
[4.416s]    95 |           [01;31m[KsetState[m[K(State::WAIT_FOR_COORDINATES);
[4.416s]       |           [01;31m[K^~~~~~~~[m[K
[4.416s]       |           [32m[Ksetstate[m[K
[4.420s] [01m[K/home/steven/ros2_ws/src/first_stage/src/first_stage_endeffector/src/first_stage_endeffector.cpp:103:11:[m[K [01;31m[Kerror: [m[Kâ€˜[01m[KsetState[m[Kâ€™ was not declared in this scope; did you mean â€˜[01m[Ksetstate[m[Kâ€™?
[4.421s]   103 |           [01;31m[KsetState[m[K(State::GRASP_OBJECT);
[4.421s]       |           [01;31m[K^~~~~~~~[m[K
[4.421s]       |           [32m[Ksetstate[m[K
[4.425s] [01m[K/home/steven/ros2_ws/src/first_stage/src/first_stage_endeffector/src/first_stage_endeffector.cpp:109:11:[m[K [01;31m[Kerror: [m[Kâ€˜[01m[KsetState[m[Kâ€™ was not declared in this scope; did you mean â€˜[01m[Ksetstate[m[Kâ€™?
[4.425s]   109 |           [01;31m[KsetState[m[K(State::CHECK_GRASP);
[4.426s]       |           [01;31m[K^~~~~~~~[m[K
[4.426s]       |           [32m[Ksetstate[m[K
[4.430s] [01m[K/home/steven/ros2_ws/src/first_stage/src/first_stage_endeffector/src/first_stage_endeffector.cpp:117:13:[m[K [01;31m[Kerror: [m[Kâ€˜[01m[KsetState[m[Kâ€™ was not declared in this scope; did you mean â€˜[01m[Ksetstate[m[Kâ€™?
[4.430s]   117 |             [01;31m[KsetState[m[K(State::MOVE_TO_CAMERA);
[4.430s]       |             [01;31m[K^~~~~~~~[m[K
[4.430s]       |             [32m[Ksetstate[m[K
[4.436s] [01m[K/home/steven/ros2_ws/src/first_stage/src/first_stage_endeffector/src/first_stage_endeffector.cpp:133:11:[m[K [01;31m[Kerror: [m[Kâ€˜[01m[KsetState[m[Kâ€™ was not declared in this scope; did you mean â€˜[01m[Ksetstate[m[Kâ€™?
[4.436s]   133 |           [01;31m[KsetState[m[K(State::WAIT_FOR_ORIENTATION);
[4.436s]       |           [01;31m[K^~~~~~~~[m[K
[4.436s]       |           [32m[Ksetstate[m[K
[4.440s] [01m[K/home/steven/ros2_ws/src/first_stage/src/first_stage_endeffector/src/first_stage_endeffector.cpp:139:11:[m[K [01;31m[Kerror: [m[Kâ€˜[01m[KsetState[m[Kâ€™ was not declared in this scope; did you mean â€˜[01m[Ksetstate[m[Kâ€™?
[4.440s]   139 |           [01;31m[KsetState[m[K(State::MOVE_TO_FINAL_POSITION);
[4.440s]       |           [01;31m[K^~~~~~~~[m[K
[4.440s]       |           [32m[Ksetstate[m[K
[4.444s] [01m[K/home/steven/ros2_ws/src/first_stage/src/first_stage_endeffector/src/first_stage_endeffector.cpp:144:11:[m[K [01;31m[Kerror: [m[Kâ€˜[01m[KsetState[m[Kâ€™ was not declared in this scope; did you mean â€˜[01m[Ksetstate[m[Kâ€™?
[4.444s]   144 |           [01;31m[KsetState[m[K(State::RELEASE_OBJECT);
[4.444s]       |           [01;31m[K^~~~~~~~[m[K
[4.444s]       |           [32m[Ksetstate[m[K
[4.448s] [01m[K/home/steven/ros2_ws/src/first_stage/src/first_stage_endeffector/src/first_stage_endeffector.cpp:149:11:[m[K [01;31m[Kerror: [m[Kâ€˜[01m[KsetState[m[Kâ€™ was not declared in this scope; did you mean â€˜[01m[Ksetstate[m[Kâ€™?
[4.448s]   149 |           [01;31m[KsetState[m[K(State::FINISHED);
[4.448s]       |           [01;31m[K^~~~~~~~[m[K
[4.448s]       |           [32m[Ksetstate[m[K
[4.454s] [01m[K/home/steven/ros2_ws/src/first_stage/src/first_stage_endeffector/src/first_stage_endeffector.cpp:[m[K In member function â€˜[01m[Kvoid RobotController::resetState()[m[Kâ€™:
[4.454s] [01m[K/home/steven/ros2_ws/src/first_stage/src/first_stage_endeffector/src/first_stage_endeffector.cpp:160:5:[m[K [01;31m[Kerror: [m[Kâ€˜[01m[KsetState[m[Kâ€™ was not declared in this scope; did you mean â€˜[01m[Ksetstate[m[Kâ€™?
[4.454s]   160 |     [01;31m[KsetState[m[K(State::WAIT_FOR_COORDINATES);
[4.454s]       |     [01;31m[K^~~~~~~~[m[K
[4.454s]       |     [32m[Ksetstate[m[K
[4.458s] [01m[K/home/steven/ros2_ws/src/first_stage/src/first_stage_endeffector/src/first_stage_endeffector.cpp:[m[K In member function â€˜[01m[Kvoid RobotController::initializeMoveGroup()[m[Kâ€™:
[4.459s] [01m[K/home/steven/ros2_ws/src/first_stage/src/first_stage_endeffector/src/first_stage_endeffector.cpp:172:5:[m[K [01;31m[Kerror: [m[Kâ€˜[01m[KsetState[m[Kâ€™ was not declared in this scope; did you mean â€˜[01m[Ksetstate[m[Kâ€™?
[4.459s]   172 |     [01;31m[KsetState[m[K(State::MOVE_TO_HOME);
[4.459s]       |     [01;31m[K^~~~~~~~[m[K
[4.459s]       |     [32m[Ksetstate[m[K
[4.474s] [01m[K/home/steven/ros2_ws/src/first_stage/src/first_stage_endeffector/src/first_stage_endeffector.cpp:[m[K In member function â€˜[01m[Kbool RobotController::graspObject()[m[Kâ€™:
[4.474s] [01m[K/home/steven/ros2_ws/src/first_stage/src/first_stage_endeffector/src/first_stage_endeffector.cpp:208:5:[m[K [01;31m[Kerror: [m[Kâ€˜[01m[KpublishGripperCommand[m[Kâ€™ was not declared in this scope
[4.474s]   208 |     [01;31m[KpublishGripperCommand[m[K(30, 10);  // å¼µé–‹å¤¾çˆª
[4.474s]       |     [01;31m[K^~~~~~~~~~~~~~~~~~~~~[m[K
[4.494s] [01m[K/home/steven/ros2_ws/src/first_stage/src/first_stage_endeffector/src/first_stage_endeffector.cpp:[m[K In member function â€˜[01m[Kbool RobotController::controlGripper(int, int, const string&)[m[Kâ€™:
[4.494s] [01m[K/home/steven/ros2_ws/src/first_stage/src/first_stage_endeffector/src/first_stage_endeffector.cpp:375:5:[m[K [01;31m[Kerror: [m[Kâ€˜[01m[KpublishGripperCommand[m[Kâ€™ was not declared in this scope
[4.494s]   375 |     [01;31m[KpublishGripperCommand[m[K(width, force);
[4.494s]       |     [01;31m[K^~~~~~~~~~~~~~~~~~~~~[m[K
[4.510s] [01m[K/home/steven/ros2_ws/src/first_stage/src/first_stage_endeffector/src/first_stage_endeffector.cpp:[m[K In member function â€˜[01m[Kbool RobotController::releaseObject()[m[Kâ€™:
[4.510s] [01m[K/home/steven/ros2_ws/src/first_stage/src/first_stage_endeffector/src/first_stage_endeffector.cpp:423:5:[m[K [01;31m[Kerror: [m[Kâ€˜[01m[KpublishGripperCommand[m[Kâ€™ was not declared in this scope
[4.510s]   423 |     [01;31m[KpublishGripperCommand[m[K(30, 10);
[4.510s]       |     [01;31m[K^~~~~~~~~~~~~~~~~~~~~[m[K
[4.519s] [01m[K/home/steven/ros2_ws/src/first_stage/src/first_stage_endeffector/src/first_stage_endeffector.cpp:[m[K In member function â€˜[01m[Kvoid RobotController::coordinatesCallback(geometry_msgs::msg::Point_<std::allocator<void> >::SharedPtr)[m[Kâ€™:
[4.520s] [01m[K/home/steven/ros2_ws/src/first_stage/src/first_stage_endeffector/src/first_stage_endeffector.cpp:467:9:[m[K [01;31m[Kerror: [m[Kâ€˜[01m[KsetState[m[Kâ€™ was not declared in this scope; did you mean â€˜[01m[Ksetstate[m[Kâ€™?
[4.520s]   467 |         [01;31m[KsetState[m[K(State::MOVE_TO_OBJECT);
[4.520s]       |         [01;31m[K^~~~~~~~[m[K
[4.520s]       |         [32m[Ksetstate[m[K
[4.527s] [01m[K/home/steven/ros2_ws/src/first_stage/src/first_stage_endeffector/src/first_stage_endeffector.cpp:[m[K In member function â€˜[01m[Kvoid RobotController::checkStateTransition()[m[Kâ€™:
[4.527s] [01m[K/home/steven/ros2_ws/src/first_stage/src/first_stage_endeffector/src/first_stage_endeffector.cpp:500:7:[m[K [01;31m[Kerror: [m[Kâ€˜[01m[KsetState[m[Kâ€™ was not declared in this scope; did you mean â€˜[01m[Ksetstate[m[Kâ€™?
[4.527s]   500 |       [01;31m[KsetState[m[K(State::MOVE_TO_OBJECT);
[4.528s]       |       [01;31m[K^~~~~~~~[m[K
[4.528s]       |       [32m[Ksetstate[m[K
[9.019s] gmake[2]: *** [CMakeFiles/first_stage_endeffector.dir/build.make:76ï¼šCMakeFiles/first_stage_endeffector.dir/src/first_stage_endeffector.cpp.o] éŒ¯èª¤ 1
[9.019s] gmake[1]: *** [CMakeFiles/Makefile2:137ï¼šCMakeFiles/first_stage_endeffector.dir/all] éŒ¯èª¤ 2
[9.020s] gmake: *** [Makefile:146ï¼šall] éŒ¯èª¤ 2
[9.021s] Invoked command in '/home/steven/ros2_ws/src/first_stage/build/first_stage_endeffector' returned '2': CMAKE_PREFIX_PATH=${CMAKE_PREFIX_PATH}:/home/steven/ros2_ws/src/first_stage/install/first_stage_rg2:/home/steven/ws_moveit2/install/moveit_configs_utils:/home/steven/ws_moveit2/install/launch_param_builder:/opt/ros/humble /usr/bin/cmake --build /home/steven/ros2_ws/src/first_stage/build/first_stage_endeffector -- -j32 -l32
