[35m[1mConsolidate compiler generated dependencies of target first_stage_endeffector[0m
[ 50%] [32mBuilding CXX object CMakeFiles/first_stage_endeffector.dir/src/first_stage_endeffector.cpp.o[0m
[01m[K/home/steven/ros2_ws/src/first_stage/src/first_stage_endeffector/src/first_stage_endeffector.cpp:[m[K In member function â€˜[01m[Kvoid RobotController::timerCallback()[m[Kâ€™:
[01m[K/home/steven/ros2_ws/src/first_stage/src/first_stage_endeffector/src/first_stage_endeffector.cpp:70:12:[m[K [01;35m[Kwarning: [m[Kenumeration value â€˜[01m[KRELEASE_OBJECT[m[Kâ€™ not handled in switch [[01;35m[K]8;;https://gcc.gnu.org/onlinedocs/gcc/Warning-Options.html#index-Wswitch-Wswitch]8;;[m[K]
   70 |     switch [01;35m[K([m[Kstate_) {
      |            [01;35m[K^[m[K
[01m[K/home/steven/ros2_ws/src/first_stage/src/first_stage_endeffector/src/first_stage_endeffector.cpp:[m[K In member function â€˜[01m[Kbool RobotController::moveToFinalPosition()[m[Kâ€™:
[01m[K/home/steven/ros2_ws/src/first_stage/src/first_stage_endeffector/src/first_stage_endeffector.cpp:278:36:[m[K [01;31m[Kerror: [m[Kâ€˜[01m[Khome[m[Kâ€™ was not declared in this scope; did you mean â€˜[01m[Khome6[m[Kâ€™?
  278 |           if (!moveToJointPosition([01;31m[Khome[m[K, "Home 5")) return false;
      |                                    [01;31m[K^~~~[m[K
      |                                    [32m[Khome6[m[K
[01m[K/home/steven/ros2_ws/src/first_stage/src/first_stage_endeffector/src/first_stage_endeffector.cpp:314:36:[m[K [01;31m[Kerror: [m[Kâ€˜[01m[Khome[m[Kâ€™ was not declared in this scope; did you mean â€˜[01m[Khome6[m[Kâ€™?
  314 |           if (!moveToJointPosition([01;31m[Khome[m[K, "Home 5")) return false;
      |                                    [01;31m[K^~~~[m[K
      |                                    [32m[Khome6[m[K
gmake[2]: *** [CMakeFiles/first_stage_endeffector.dir/build.make:76ï¼šCMakeFiles/first_stage_endeffector.dir/src/first_stage_endeffector.cpp.o] éŒ¯èª¤ 1
gmake[1]: *** [CMakeFiles/Makefile2:137ï¼šCMakeFiles/first_stage_endeffector.dir/all] éŒ¯èª¤ 2
gmake: *** [Makefile:146ï¼šall] éŒ¯èª¤ 2
