[0.013s] Invoking command in '/home/steven/ros2_ws/src/first_stage/build/first_stage_endeffector': CMAKE_PREFIX_PATH=${CMAKE_PREFIX_PATH}:/home/steven/ros2_ws/src/first_stage/install/first_stage_rg2:/home/steven/ws_moveit2/install/moveit_configs_utils:/home/steven/ws_moveit2/install/launch_param_builder:/opt/ros/humble /usr/bin/cmake --build /home/steven/ros2_ws/src/first_stage/build/first_stage_endeffector -- -j32 -l32
[0.060s] [35m[1mConsolidate compiler generated dependencies of target first_stage_endeffector[0m
[0.081s] [ 50%] [32mBuilding CXX object CMakeFiles/first_stage_endeffector.dir/src/first_stage_endeffector.cpp.o[0m
[4.299s] [01m[K/home/steven/ros2_ws/src/first_stage/src/first_stage_endeffector/src/first_stage_endeffector.cpp:[m[K In member function â€˜[01m[Kvoid RobotController::timerCallback()[m[Kâ€™:
[4.299s] [01m[K/home/steven/ros2_ws/src/first_stage/src/first_stage_endeffector/src/first_stage_endeffector.cpp:70:12:[m[K [01;35m[Kwarning: [m[Kenumeration value â€˜[01m[KRELEASE_OBJECT[m[Kâ€™ not handled in switch [[01;35m[K]8;;https://gcc.gnu.org/onlinedocs/gcc/Warning-Options.html#index-Wswitch-Wswitch]8;;[m[K]
[4.299s]    70 |     switch [01;35m[K([m[Kstate_) {
[4.299s]       |            [01;35m[K^[m[K
[4.307s] [01m[K/home/steven/ros2_ws/src/first_stage/src/first_stage_endeffector/src/first_stage_endeffector.cpp:[m[K In member function â€˜[01m[Kbool RobotController::moveToFinalPosition()[m[Kâ€™:
[4.307s] [01m[K/home/steven/ros2_ws/src/first_stage/src/first_stage_endeffector/src/first_stage_endeffector.cpp:278:36:[m[K [01;31m[Kerror: [m[Kâ€˜[01m[Khome[m[Kâ€™ was not declared in this scope; did you mean â€˜[01m[Khome6[m[Kâ€™?
[4.307s]   278 |           if (!moveToJointPosition([01;31m[Khome[m[K, "Home 5")) return false;
[4.307s]       |                                    [01;31m[K^~~~[m[K
[4.307s]       |                                    [32m[Khome6[m[K
[4.313s] [01m[K/home/steven/ros2_ws/src/first_stage/src/first_stage_endeffector/src/first_stage_endeffector.cpp:314:36:[m[K [01;31m[Kerror: [m[Kâ€˜[01m[Khome[m[Kâ€™ was not declared in this scope; did you mean â€˜[01m[Khome6[m[Kâ€™?
[4.313s]   314 |           if (!moveToJointPosition([01;31m[Khome[m[K, "Home 5")) return false;
[4.313s]       |                                    [01;31m[K^~~~[m[K
[4.313s]       |                                    [32m[Khome6[m[K
[8.844s] gmake[2]: *** [CMakeFiles/first_stage_endeffector.dir/build.make:76ï¼šCMakeFiles/first_stage_endeffector.dir/src/first_stage_endeffector.cpp.o] éŒ¯èª¤ 1
[8.844s] gmake[1]: *** [CMakeFiles/Makefile2:137ï¼šCMakeFiles/first_stage_endeffector.dir/all] éŒ¯èª¤ 2
[8.845s] gmake: *** [Makefile:146ï¼šall] éŒ¯èª¤ 2
[8.848s] Invoked command in '/home/steven/ros2_ws/src/first_stage/build/first_stage_endeffector' returned '2': CMAKE_PREFIX_PATH=${CMAKE_PREFIX_PATH}:/home/steven/ros2_ws/src/first_stage/install/first_stage_rg2:/home/steven/ws_moveit2/install/moveit_configs_utils:/home/steven/ws_moveit2/install/launch_param_builder:/opt/ros/humble /usr/bin/cmake --build /home/steven/ros2_ws/src/first_stage/build/first_stage_endeffector -- -j32 -l32
