[0.009s] Invoking command in '/home/steven/Documents/IIIIIIIII_TEST/command_endeffector_cartesian/build/ur5_endeffector_cartesian': CMAKE_PREFIX_PATH=${CMAKE_PREFIX_PATH}:/home/steven/ws_moveit2/install/moveit_configs_utils:/home/steven/ws_moveit2/install/launch_param_builder:/opt/ros/humble /usr/bin/cmake --build /home/steven/Documents/IIIIIIIII_TEST/command_endeffector_cartesian/build/ur5_endeffector_cartesian -- -j32 -l32
[0.054s] [35m[1mConsolidate compiler generated dependencies of target ur5_ros2_cartesian[0m
[0.074s] [ 50%] [32mBuilding CXX object CMakeFiles/ur5_ros2_cartesian.dir/src/ur5_ros2_cartesian.cpp.o[0m
[0.816s] In file included from [01m[K/opt/ros/humble/include/moveit_servo/servo.h:47[m[K,
[0.816s]                  from [01m[K/home/steven/Documents/IIIIIIIII_TEST/command_endeffector_cartesian/src/ur5_endeffector_cartesian/src/ur5_ros2_cartesian.cpp:3[m[K:
[0.816s] [01m[K/opt/ros/humble/include/moveit_servo/servo_calcs.h:48:10:[m[K [01;31m[Kfatal error: [m[Kcontrol_msgs/msg/joint_jog.hpp: æ²’æœ‰æ­¤ä¸€æª”æ¡ˆæˆ–ç›®éŒ„
[0.816s]    48 | #include [01;31m[K<control_msgs/msg/joint_jog.hpp>[m[K
[0.816s]       |          [01;31m[K^~~~~~~~~~~~~~~~~~~~~~~~~~~~~~~~[m[K
[0.816s] compilation terminated.
[0.819s] gmake[2]: *** [CMakeFiles/ur5_ros2_cartesian.dir/build.make:76ï¼šCMakeFiles/ur5_ros2_cartesian.dir/src/ur5_ros2_cartesian.cpp.o] éŒ¯èª¤ 1
[0.819s] gmake[1]: *** [CMakeFiles/Makefile2:137ï¼šCMakeFiles/ur5_ros2_cartesian.dir/all] éŒ¯èª¤ 2
[0.819s] gmake: *** [Makefile:146ï¼šall] éŒ¯èª¤ 2
[0.821s] Invoked command in '/home/steven/Documents/IIIIIIIII_TEST/command_endeffector_cartesian/build/ur5_endeffector_cartesian' returned '2': CMAKE_PREFIX_PATH=${CMAKE_PREFIX_PATH}:/home/steven/ws_moveit2/install/moveit_configs_utils:/home/steven/ws_moveit2/install/launch_param_builder:/opt/ros/humble /usr/bin/cmake --build /home/steven/Documents/IIIIIIIII_TEST/command_endeffector_cartesian/build/ur5_endeffector_cartesian -- -j32 -l32
