[0.010s] Invoking command in '/home/steven/ros2_ws/src/first_stage/build/first_stage_endeffector': CMAKE_PREFIX_PATH=${CMAKE_PREFIX_PATH}:/home/steven/ros2_ws/src/first_stage/install/first_stage_rg2:/home/steven/ws_moveit2/install/moveit_configs_utils:/home/steven/ws_moveit2/install/launch_param_builder:/opt/ros/humble /usr/bin/cmake --build /home/steven/ros2_ws/src/first_stage/build/first_stage_endeffector -- -j32 -l32
[0.061s] [35m[1mConsolidate compiler generated dependencies of target first_stage_endeffector[0m
[0.084s] [ 50%] [32mBuilding CXX object CMakeFiles/first_stage_endeffector.dir/src/first_stage_endeffector.cpp.o[0m
[4.261s] [01m[K/home/steven/ros2_ws/src/first_stage/src/first_stage_endeffector/src/first_stage_endeffector.cpp:[m[K In member function â€˜[01m[Kbool RobotController::moveToFinalPosition()[m[Kâ€™:
[4.261s] [01m[K/home/steven/ros2_ws/src/first_stage/src/first_stage_endeffector/src/first_stage_endeffector.cpp:224:14:[m[K [01;31m[Kerror: [m[Kâ€˜[01m[KmoveToJointPosition[m[Kâ€™ was not declared in this scope; did you mean â€˜[01m[KmoveToFinalPosition[m[Kâ€™?
[4.261s]   224 |         if (![01;31m[KmoveToJointPosition[m[K(home1)) return false;
[4.261s]       |              [01;31m[K^~~~~~~~~~~~~~~~~~~[m[K
[4.261s]       |              [32m[KmoveToFinalPosition[m[K
[4.269s] [01m[K/home/steven/ros2_ws/src/first_stage/src/first_stage_endeffector/src/first_stage_endeffector.cpp:229:14:[m[K [01;31m[Kerror: [m[Kâ€˜[01m[KmoveToJointPosition[m[Kâ€™ was not declared in this scope; did you mean â€˜[01m[KmoveToFinalPosition[m[Kâ€™?
[4.269s]   229 |         if (![01;31m[KmoveToJointPosition[m[K(home2)) return false;
[4.269s]       |              [01;31m[K^~~~~~~~~~~~~~~~~~~[m[K
[4.269s]       |              [32m[KmoveToFinalPosition[m[K
[4.278s] [01m[K/home/steven/ros2_ws/src/first_stage/src/first_stage_endeffector/src/first_stage_endeffector.cpp:234:14:[m[K [01;31m[Kerror: [m[Kâ€˜[01m[KmoveToJointPosition[m[Kâ€™ was not declared in this scope; did you mean â€˜[01m[KmoveToFinalPosition[m[Kâ€™?
[4.278s]   234 |         if (![01;31m[KmoveToJointPosition[m[K(home3)) return false;
[4.278s]       |              [01;31m[K^~~~~~~~~~~~~~~~~~~[m[K
[4.278s]       |              [32m[KmoveToFinalPosition[m[K
[4.286s] [01m[K/home/steven/ros2_ws/src/first_stage/src/first_stage_endeffector/src/first_stage_endeffector.cpp:243:14:[m[K [01;31m[Kerror: [m[Kâ€˜[01m[KmoveToJointPosition[m[Kâ€™ was not declared in this scope; did you mean â€˜[01m[KmoveToFinalPosition[m[Kâ€™?
[4.286s]   243 |         if (![01;31m[KmoveToJointPosition[m[K(home1)) return false;
[4.286s]       |              [01;31m[K^~~~~~~~~~~~~~~~~~~[m[K
[4.286s]       |              [32m[KmoveToFinalPosition[m[K
[4.295s] [01m[K/home/steven/ros2_ws/src/first_stage/src/first_stage_endeffector/src/first_stage_endeffector.cpp:248:14:[m[K [01;31m[Kerror: [m[Kâ€˜[01m[KmoveToJointPosition[m[Kâ€™ was not declared in this scope; did you mean â€˜[01m[KmoveToFinalPosition[m[Kâ€™?
[4.295s]   248 |         if (![01;31m[KmoveToJointPosition[m[K(home2)) return false;
[4.295s]       |              [01;31m[K^~~~~~~~~~~~~~~~~~~[m[K
[4.295s]       |              [32m[KmoveToFinalPosition[m[K
[4.303s] [01m[K/home/steven/ros2_ws/src/first_stage/src/first_stage_endeffector/src/first_stage_endeffector.cpp:253:14:[m[K [01;31m[Kerror: [m[Kâ€˜[01m[KmoveToJointPosition[m[Kâ€™ was not declared in this scope; did you mean â€˜[01m[KmoveToFinalPosition[m[Kâ€™?
[4.303s]   253 |         if (![01;31m[KmoveToJointPosition[m[K(home3)) return false;
[4.303s]       |              [01;31m[K^~~~~~~~~~~~~~~~~~~[m[K
[4.303s]       |              [32m[KmoveToFinalPosition[m[K
[4.310s] [01m[K/home/steven/ros2_ws/src/first_stage/src/first_stage_endeffector/src/first_stage_endeffector.cpp:262:14:[m[K [01;31m[Kerror: [m[Kâ€˜[01m[KmoveToJointPosition[m[Kâ€™ was not declared in this scope; did you mean â€˜[01m[KmoveToFinalPosition[m[Kâ€™?
[4.311s]   262 |         if (![01;31m[KmoveToJointPosition[m[K(home1)) return false;
[4.311s]       |              [01;31m[K^~~~~~~~~~~~~~~~~~~[m[K
[4.311s]       |              [32m[KmoveToFinalPosition[m[K
[4.319s] [01m[K/home/steven/ros2_ws/src/first_stage/src/first_stage_endeffector/src/first_stage_endeffector.cpp:267:14:[m[K [01;31m[Kerror: [m[Kâ€˜[01m[KmoveToJointPosition[m[Kâ€™ was not declared in this scope; did you mean â€˜[01m[KmoveToFinalPosition[m[Kâ€™?
[4.319s]   267 |         if (![01;31m[KmoveToJointPosition[m[K(home2)) return false;
[4.319s]       |              [01;31m[K^~~~~~~~~~~~~~~~~~~[m[K
[4.319s]       |              [32m[KmoveToFinalPosition[m[K
[4.327s] [01m[K/home/steven/ros2_ws/src/first_stage/src/first_stage_endeffector/src/first_stage_endeffector.cpp:272:14:[m[K [01;31m[Kerror: [m[Kâ€˜[01m[KmoveToJointPosition[m[Kâ€™ was not declared in this scope; did you mean â€˜[01m[KmoveToFinalPosition[m[Kâ€™?
[4.328s]   272 |         if (![01;31m[KmoveToJointPosition[m[K(home3)) return false;
[4.328s]       |              [01;31m[K^~~~~~~~~~~~~~~~~~~[m[K
[4.328s]       |              [32m[KmoveToFinalPosition[m[K
[4.339s] [01m[K/home/steven/ros2_ws/src/first_stage/src/first_stage_endeffector/src/first_stage_endeffector.cpp:277:14:[m[K [01;31m[Kerror: [m[Kâ€˜[01m[KmoveToJointPosition[m[Kâ€™ was not declared in this scope; did you mean â€˜[01m[KmoveToFinalPosition[m[Kâ€™?
[4.339s]   277 |         if (![01;31m[KmoveToJointPosition[m[K(home4)) return false;
[4.339s]       |              [01;31m[K^~~~~~~~~~~~~~~~~~~[m[K
[4.339s]       |              [32m[KmoveToFinalPosition[m[K
[4.347s] [01m[K/home/steven/ros2_ws/src/first_stage/src/first_stage_endeffector/src/first_stage_endeffector.cpp:281:14:[m[K [01;31m[Kerror: [m[Kâ€˜[01m[KmoveToJointPosition[m[Kâ€™ was not declared in this scope; did you mean â€˜[01m[KmoveToFinalPosition[m[Kâ€™?
[4.347s]   281 |         if (![01;31m[KmoveToJointPosition[m[K(home5)) return false;
[4.347s]       |              [01;31m[K^~~~~~~~~~~~~~~~~~~[m[K
[4.347s]       |              [32m[KmoveToFinalPosition[m[K
[4.356s] [01m[K/home/steven/ros2_ws/src/first_stage/src/first_stage_endeffector/src/first_stage_endeffector.cpp:286:14:[m[K [01;31m[Kerror: [m[Kâ€˜[01m[KmoveToJointPosition[m[Kâ€™ was not declared in this scope; did you mean â€˜[01m[KmoveToFinalPosition[m[Kâ€™?
[4.356s]   286 |         if (![01;31m[KmoveToJointPosition[m[K(home6)) return false;
[4.356s]       |              [01;31m[K^~~~~~~~~~~~~~~~~~~[m[K
[4.356s]       |              [32m[KmoveToFinalPosition[m[K
[8.783s] gmake[2]: *** [CMakeFiles/first_stage_endeffector.dir/build.make:76ï¼šCMakeFiles/first_stage_endeffector.dir/src/first_stage_endeffector.cpp.o] éŒ¯èª¤ 1
[8.783s] gmake[1]: *** [CMakeFiles/Makefile2:137ï¼šCMakeFiles/first_stage_endeffector.dir/all] éŒ¯èª¤ 2
[8.784s] gmake: *** [Makefile:146ï¼šall] éŒ¯èª¤ 2
[8.786s] Invoked command in '/home/steven/ros2_ws/src/first_stage/build/first_stage_endeffector' returned '2': CMAKE_PREFIX_PATH=${CMAKE_PREFIX_PATH}:/home/steven/ros2_ws/src/first_stage/install/first_stage_rg2:/home/steven/ws_moveit2/install/moveit_configs_utils:/home/steven/ws_moveit2/install/launch_param_builder:/opt/ros/humble /usr/bin/cmake --build /home/steven/ros2_ws/src/first_stage/build/first_stage_endeffector -- -j32 -l32
