[0.010s] Invoking command in '/home/steven/ros2_ws/src/first_stage/build/first_stage_endeffector': CMAKE_PREFIX_PATH=${CMAKE_PREFIX_PATH}:/home/steven/ros2_ws/src/first_stage/install/first_stage_rg2:/home/steven/ws_moveit2/install/moveit_configs_utils:/home/steven/ws_moveit2/install/launch_param_builder:/opt/ros/humble /usr/bin/cmake --build /home/steven/ros2_ws/src/first_stage/build/first_stage_endeffector -- -j32 -l32
[0.069s] [ 50%] [32mBuilding CXX object CMakeFiles/first_stage_endeffector.dir/src/first_stage_endeffector.cpp.o[0m
[0.840s] [01m[K/home/steven/ros2_ws/src/first_stage/src/first_stage_endeffector/src/first_stage_endeffector.cpp:115:11:[m[K [01;31m[Kerror: [m[Kinvalid preprocessing directive #\U00006253\U00005f00\U00005939\U0000722a
[0.841s]   115 |         # [01;31m[Kæ‰“å¼€å¤¹çˆª[m[K
[0.841s]       |           [01;31m[K^~~~~~~~[m[K
[0.841s] [01m[K/home/steven/ros2_ws/src/first_stage/src/first_stage_endeffector/src/first_stage_endeffector.cpp:119:11:[m[K [01;31m[Kerror: [m[Kinvalid preprocessing directive #\U000063a5\U00008fd1\U00007269\U00004f53
[0.841s]   119 |         # [01;31m[Kæ¥è¿‘ç‰©ä½“[m[K
[0.841s]       |           [01;31m[K^~~~~~~~[m[K
[0.841s] [01m[K/home/steven/ros2_ws/src/first_stage/src/first_stage_endeffector/src/first_stage_endeffector.cpp:122:43:[m[K [01;31m[Kerror: [m[Kstray â€˜[01m[K#[m[Kâ€™ in program
[0.841s]   122 |         approach_pose.position.z -= 0.04  [01;31m[K#[m[K æ¥è¿‘ç‰©ä½“æ—¶å‘ä¸‹ç§»åŠ¨
[0.841s]       |                                           [01;31m[K^[m[K
[0.841s] [01m[K/home/steven/ros2_ws/src/first_stage/src/first_stage_endeffector/src/first_stage_endeffector.cpp:126:11:[m[K [01;31m[Kerror: [m[Kinvalid preprocessing directive #\U00006293\U000053d6\U00007269\U00004f53
[0.841s]   126 |         # [01;31m[KæŠ“å–ç‰©ä½“[m[K
[0.841s]       |           [01;31m[K^~~~~~~~[m[K
[0.841s] [01m[K/home/steven/ros2_ws/src/first_stage/src/first_stage_endeffector/src/first_stage_endeffector.cpp:130:11:[m[K [01;31m[Kerror: [m[Kinvalid preprocessing directive #\U00006293\U000053d6\U0000540e\U00005411\U00004e0a\U000079fb\U000052a8
[0.841s]   130 |         # [01;31m[KæŠ“å–åå‘ä¸Šç§»åŠ¨[m[K
[0.841s]       |           [01;31m[K^~~~~~~~~~~~~~[m[K
[0.841s] [01m[K/home/steven/ros2_ws/src/first_stage/src/first_stage_endeffector/src/first_stage_endeffector.cpp:132:62:[m[K [01;31m[Kerror: [m[Kstray â€˜[01m[K#[m[Kâ€™ in program
[0.841s]   132 |         self.move_group_arm.setPoseTarget(self.target_pose)  [01;31m[K#[m[K å›åˆ°åŸå§‹é«˜åº¦
[0.841s]       |                                                              [01;31m[K^[m[K
[4.200s] [01m[K/home/steven/ros2_ws/src/first_stage/src/first_stage_endeffector/src/first_stage_endeffector.cpp:99:5:[m[K [01;31m[Kerror: [m[Kâ€˜[01m[Kdef[m[Kâ€™ does not name a type
[4.200s]    99 |     [01;31m[Kdef[m[K planAndExecute(self):
[4.200s]       |     [01;31m[K^~~[m[K
[4.200s] In file included from [01m[K/opt/ros/humble/include/rclcpp/rclcpp/client.hpp:40[m[K,
[4.200s]                  from [01m[K/opt/ros/humble/include/rclcpp/rclcpp/callback_group.hpp:24[m[K,
[4.200s]                  from [01m[K/opt/ros/humble/include/rclcpp/rclcpp/any_executable.hpp:20[m[K,
[4.200s]                  from [01m[K/opt/ros/humble/include/rclcpp/rclcpp/memory_strategy.hpp:25[m[K,
[4.200s]                  from [01m[K/opt/ros/humble/include/rclcpp/rclcpp/memory_strategies.hpp:18[m[K,
[4.200s]                  from [01m[K/opt/ros/humble/include/rclcpp/rclcpp/executor_options.hpp:20[m[K,
[4.200s]                  from [01m[K/opt/ros/humble/include/rclcpp/rclcpp/executor.hpp:37[m[K,
[4.200s]                  from [01m[K/opt/ros/humble/include/rclcpp/rclcpp/executors/multi_threaded_executor.hpp:25[m[K,
[4.200s]                  from [01m[K/opt/ros/humble/include/rclcpp/rclcpp/executors.hpp:21[m[K,
[4.200s]                  from [01m[K/opt/ros/humble/include/rclcpp/rclcpp/rclcpp.hpp:155[m[K,
[4.200s]                  from [01m[K/home/steven/ros2_ws/src/first_stage/src/first_stage_endeffector/src/first_stage_endeffector.cpp:1[m[K:
[4.200s] [01m[K/home/steven/ros2_ws/src/first_stage/src/first_stage_endeffector/src/first_stage_endeffector.cpp:101:13:[m[K [01;31m[Kerror: [m[Kexpected unqualified-id before â€˜[01m[Kwhile[m[Kâ€™
[4.200s]   101 |             [01;31m[KRCLCPP_WARN[m[K(self.get_logger(), "MoveGroupInterface not initialized yet. Ignoring coordinates.")
[4.200s]       |             [01;31m[K^~~~~~~~~~~[m[K
[4.200s] [01m[K/home/steven/ros2_ws/src/first_stage/src/first_stage_endeffector/src/first_stage_endeffector.cpp:104:9:[m[K [01;31m[Kerror: [m[Kexpected unqualified-id before â€˜[01m[Kwhile[m[Kâ€™
[4.200s]   104 |         [01;31m[KRCLCPP_INFO[m[K(self.get_logger(), "Received target pose: position(x=%f, y=%f, z=%f), orientation(x=%f, y=%f, z=%f, w=%f)",
[4.201s]       |         [01;31m[K^~~~~~~~~~~[m[K
[4.201s] [01m[K/home/steven/ros2_ws/src/first_stage/src/first_stage_endeffector/src/first_stage_endeffector.cpp:120:9:[m[K [01;31m[Kerror: [m[Kexpected unqualified-id before â€˜[01m[Kwhile[m[Kâ€™
[4.201s]   120 |         [01;31m[KRCLCPP_INFO[m[K(LOGGER, "Approaching object")
[4.201s]       |         [01;31m[K^~~~~~~~~~~[m[K
[4.201s] [01m[K/home/steven/ros2_ws/src/first_stage/src/first_stage_endeffector/src/first_stage_endeffector.cpp:131:9:[m[K [01;31m[Kerror: [m[Kexpected unqualified-id before â€˜[01m[Kwhile[m[Kâ€™
[4.201s]   131 |         [01;31m[KRCLCPP_INFO[m[K(LOGGER, "Moving up after grasp")
[4.201s]       |         [01;31m[K^~~~~~~~~~~[m[K
[4.309s] [01m[K/home/steven/ros2_ws/src/first_stage/src/first_stage_endeffector/src/first_stage_endeffector.cpp:[m[K In member function â€˜[01m[Kvoid RobotController::goHome()[m[Kâ€™:
[4.309s] [01m[K/home/steven/ros2_ws/src/first_stage/src/first_stage_endeffector/src/first_stage_endeffector.cpp:67:5:[m[K [01;31m[Kerror: [m[Kâ€˜[01m[KexecutePlan[m[Kâ€™ was not declared in this scope
[4.309s]    67 |     [01;31m[KexecutePlan[m[K();
[4.309s]       |     [01;31m[K^~~~~~~~~~~[m[K
[4.322s] [01m[K/home/steven/ros2_ws/src/first_stage/src/first_stage_endeffector/src/first_stage_endeffector.cpp:[m[K In member function â€˜[01m[Kvoid RobotController::coordinatesCallback(geometry_msgs::msg::Point_<std::allocator<void> >::SharedPtr)[m[Kâ€™:
[4.322s] [01m[K/home/steven/ros2_ws/src/first_stage/src/first_stage_endeffector/src/first_stage_endeffector.cpp:78:7:[m[K [01;31m[Kerror: [m[Kâ€˜[01m[KplanAndExecute[m[Kâ€™ was not declared in this scope
[4.322s]    78 |       [01;31m[KplanAndExecute[m[K();
[4.322s]       |       [01;31m[K^~~~~~~~~~~~~~[m[K
[4.334s] [01m[K/home/steven/ros2_ws/src/first_stage/src/first_stage_endeffector/src/first_stage_endeffector.cpp:[m[K In member function â€˜[01m[Kvoid RobotController::orientationCallback(geometry_msgs::msg::Quaternion_<std::allocator<void> >::SharedPtr)[m[Kâ€™:
[4.334s] [01m[K/home/steven/ros2_ws/src/first_stage/src/first_stage_endeffector/src/first_stage_endeffector.cpp:88:7:[m[K [01;31m[Kerror: [m[Kâ€˜[01m[KplanAndExecute[m[Kâ€™ was not declared in this scope
[4.334s]    88 |       [01;31m[KplanAndExecute[m[K();
[4.334s]       |       [01;31m[K^~~~~~~~~~~~~~[m[K
[4.345s] [01m[K/home/steven/ros2_ws/src/first_stage/src/first_stage_endeffector/src/first_stage_endeffector.cpp:[m[K In member function â€˜[01m[Kvoid RobotController::moveToFinalPosition()[m[Kâ€™:
[4.345s] [01m[K/home/steven/ros2_ws/src/first_stage/src/first_stage_endeffector/src/first_stage_endeffector.cpp:197:5:[m[K [01;31m[Kerror: [m[Kâ€˜[01m[KexecutePlan[m[Kâ€™ was not declared in this scope
[4.345s]   197 |     [01;31m[KexecutePlan[m[K();
[4.345s]       |     [01;31m[K^~~~~~~~~~~[m[K
[8.692s] gmake[2]: *** [CMakeFiles/first_stage_endeffector.dir/build.make:76ï¼šCMakeFiles/first_stage_endeffector.dir/src/first_stage_endeffector.cpp.o] éŒ¯èª¤ 1
[8.692s] gmake[1]: *** [CMakeFiles/Makefile2:137ï¼šCMakeFiles/first_stage_endeffector.dir/all] éŒ¯èª¤ 2
[8.692s] gmake: *** [Makefile:146ï¼šall] éŒ¯èª¤ 2
[8.694s] Invoked command in '/home/steven/ros2_ws/src/first_stage/build/first_stage_endeffector' returned '2': CMAKE_PREFIX_PATH=${CMAKE_PREFIX_PATH}:/home/steven/ros2_ws/src/first_stage/install/first_stage_rg2:/home/steven/ws_moveit2/install/moveit_configs_utils:/home/steven/ws_moveit2/install/launch_param_builder:/opt/ros/humble /usr/bin/cmake --build /home/steven/ros2_ws/src/first_stage/build/first_stage_endeffector -- -j32 -l32
