[0.011s] Invoking command in '/home/steven/ros2_ws/src/first_stage/build/first_stage_endeffector': CMAKE_PREFIX_PATH=${CMAKE_PREFIX_PATH}:/home/steven/ros2_ws/src/first_stage/install/first_stage_rg2:/home/steven/ws_moveit2/install/moveit_configs_utils:/home/steven/ws_moveit2/install/launch_param_builder:/opt/ros/humble /usr/bin/cmake --build /home/steven/ros2_ws/src/first_stage/build/first_stage_endeffector -- -j32 -l32
[0.073s] [ 50%] [32mBuilding CXX object CMakeFiles/first_stage_endeffector.dir/src/first_stage_endeffector.cpp.o[0m
[4.272s] [01m[K/home/steven/ros2_ws/src/first_stage/src/first_stage_endeffector/src/first_stage_endeffector.cpp:521:32:[m[K [01;31m[Kerror: [m[Kredeclaration of â€˜[01m[Kbool RobotController::orientation_received_[m[Kâ€™
[4.272s]   521 |   bool orientation_received_ = [01;31m[Kfalse[m[K;
[4.272s]       |                                [01;31m[K^~~~~[m[K
[4.272s] [01m[K/home/steven/ros2_ws/src/first_stage/src/first_stage_endeffector/src/first_stage_endeffector.cpp:64:8:[m[K [01;36m[Knote: [m[Kprevious declaration â€˜[01m[Kbool RobotController::orientation_received_[m[Kâ€™
[4.272s]    64 |   bool [01;36m[Korientation_received_[m[K = false;
[4.272s]       |        [01;36m[K^~~~~~~~~~~~~~~~~~~~~[m[K
[4.299s] [01m[K/home/steven/ros2_ws/src/first_stage/src/first_stage_endeffector/src/first_stage_endeffector.cpp:[m[K In member function â€˜[01m[Kvoid RobotController::timerCallback()[m[Kâ€™:
[4.299s] [01m[K/home/steven/ros2_ws/src/first_stage/src/first_stage_endeffector/src/first_stage_endeffector.cpp:130:19:[m[K [01;31m[Kerror: [m[Kâ€˜[01m[KresubscribeToTopics[m[Kâ€™ was not declared in this scope; did you mean â€˜[01m[KsubscribeToTopics[m[Kâ€™?
[4.299s]   130 |                   [01;31m[KresubscribeToTopics[m[K();
[4.299s]       |                   [01;31m[K^~~~~~~~~~~~~~~~~~~[m[K
[4.299s]       |                   [32m[KsubscribeToTopics[m[K
[9.418s] gmake[2]: *** [CMakeFiles/first_stage_endeffector.dir/build.make:76ï¼šCMakeFiles/first_stage_endeffector.dir/src/first_stage_endeffector.cpp.o] éŒ¯èª¤ 1
[9.419s] gmake[1]: *** [CMakeFiles/Makefile2:137ï¼šCMakeFiles/first_stage_endeffector.dir/all] éŒ¯èª¤ 2
[9.419s] gmake: *** [Makefile:146ï¼šall] éŒ¯èª¤ 2
[9.421s] Invoked command in '/home/steven/ros2_ws/src/first_stage/build/first_stage_endeffector' returned '2': CMAKE_PREFIX_PATH=${CMAKE_PREFIX_PATH}:/home/steven/ros2_ws/src/first_stage/install/first_stage_rg2:/home/steven/ws_moveit2/install/moveit_configs_utils:/home/steven/ws_moveit2/install/launch_param_builder:/opt/ros/humble /usr/bin/cmake --build /home/steven/ros2_ws/src/first_stage/build/first_stage_endeffector -- -j32 -l32
