[0.008s] Invoking command in '/home/steven/Documents/IIIIIIIII_TEST/command_endeffector_cartesian/build/ur5_endeffector_cartesian': CMAKE_PREFIX_PATH=${CMAKE_PREFIX_PATH}:/home/steven/ws_moveit2/install/moveit_configs_utils:/home/steven/ws_moveit2/install/launch_param_builder:/opt/ros/humble /usr/bin/cmake --build /home/steven/Documents/IIIIIIIII_TEST/command_endeffector_cartesian/build/ur5_endeffector_cartesian -- -j32 -l32
[0.047s] [35m[1mConsolidate compiler generated dependencies of target ur5_ros2_cartesian[0m
[0.064s] [ 50%] [32mBuilding CXX object CMakeFiles/ur5_ros2_cartesian.dir/src/ur5_ros2_cartesian.cpp.o[0m
[2.303s] [01m[K/home/steven/Documents/IIIIIIIII_TEST/command_endeffector_cartesian/src/ur5_endeffector_cartesian/src/ur5_ros2_cartesian.cpp:[m[K In member function â€˜[01m[Kvoid UR5Control::decelerateAndMove()[m[Kâ€™:
[2.303s] [01m[K/home/steven/Documents/IIIIIIIII_TEST/command_endeffector_cartesian/src/ur5_endeffector_cartesian/src/ur5_ros2_cartesian.cpp:197:27:[m[K [01;31m[Kerror: [m[Kno matching function for call to â€˜[01m[KUR5Control::recordPose(bool)[m[Kâ€™
[2.303s]   197 |                 [01;31m[KrecordPose(true)[m[K;
[2.303s]       |                 [01;31m[K~~~~~~~~~~^~~~~~[m[K
[2.303s] [01m[K/home/steven/Documents/IIIIIIIII_TEST/command_endeffector_cartesian/src/ur5_endeffector_cartesian/src/ur5_ros2_cartesian.cpp:215:10:[m[K [01;36m[Knote: [m[Kcandidate: â€˜[01m[Kvoid UR5Control::recordPose(bool, bool)[m[Kâ€™
[2.303s]   215 |     void [01;36m[KrecordPose[m[K(bool is_positive, bool is_x_axis) {
[2.303s]       |          [01;36m[K^~~~~~~~~~[m[K
[2.303s] [01m[K/home/steven/Documents/IIIIIIIII_TEST/command_endeffector_cartesian/src/ur5_endeffector_cartesian/src/ur5_ros2_cartesian.cpp:215:10:[m[K [01;36m[Knote: [m[K  candidate expects 2 arguments, 1 provided
[2.303s] [01m[K/home/steven/Documents/IIIIIIIII_TEST/command_endeffector_cartesian/src/ur5_endeffector_cartesian/src/ur5_ros2_cartesian.cpp:199:27:[m[K [01;31m[Kerror: [m[Kno matching function for call to â€˜[01m[KUR5Control::recordPose(bool)[m[Kâ€™
[2.303s]   199 |                 [01;31m[KrecordPose(false)[m[K;
[2.303s]       |                 [01;31m[K~~~~~~~~~~^~~~~~~[m[K
[2.303s] [01m[K/home/steven/Documents/IIIIIIIII_TEST/command_endeffector_cartesian/src/ur5_endeffector_cartesian/src/ur5_ros2_cartesian.cpp:215:10:[m[K [01;36m[Knote: [m[Kcandidate: â€˜[01m[Kvoid UR5Control::recordPose(bool, bool)[m[Kâ€™
[2.303s]   215 |     void [01;36m[KrecordPose[m[K(bool is_positive, bool is_x_axis) {
[2.303s]       |          [01;36m[K^~~~~~~~~~[m[K
[2.303s] [01m[K/home/steven/Documents/IIIIIIIII_TEST/command_endeffector_cartesian/src/ur5_endeffector_cartesian/src/ur5_ros2_cartesian.cpp:215:10:[m[K [01;36m[Knote: [m[K  candidate expects 2 arguments, 1 provided
[4.512s] gmake[2]: *** [CMakeFiles/ur5_ros2_cartesian.dir/build.make:76ï¼šCMakeFiles/ur5_ros2_cartesian.dir/src/ur5_ros2_cartesian.cpp.o] éŒ¯èª¤ 1
[4.512s] gmake[1]: *** [CMakeFiles/Makefile2:137ï¼šCMakeFiles/ur5_ros2_cartesian.dir/all] éŒ¯èª¤ 2
[4.512s] gmake: *** [Makefile:146ï¼šall] éŒ¯èª¤ 2
[4.514s] Invoked command in '/home/steven/Documents/IIIIIIIII_TEST/command_endeffector_cartesian/build/ur5_endeffector_cartesian' returned '2': CMAKE_PREFIX_PATH=${CMAKE_PREFIX_PATH}:/home/steven/ws_moveit2/install/moveit_configs_utils:/home/steven/ws_moveit2/install/launch_param_builder:/opt/ros/humble /usr/bin/cmake --build /home/steven/Documents/IIIIIIIII_TEST/command_endeffector_cartesian/build/ur5_endeffector_cartesian -- -j32 -l32
