[ 14%] Built target test_trajectory
[ 21%] [32mBuilding CXX object CMakeFiles/pick_place2.dir/src/pick_place2.cpp.o[0m
[01m[K/home/user/ros2_ws/src/moveit2_scripts/src/pick_place2.cpp:[m[K In function '[01m[Kint main(int, char**)[m[K':
[01m[K/home/user/ros2_ws/src/moveit2_scripts/src/pick_place2.cpp:153:3:[m[K [01;31m[Kerror: [m[K'[01m[Ktarget_pose[m[K' was not declared in this scope; did you mean '[01m[Ktarget_pose1[m[K'?
  153 |   [01;31m[Ktarget_pose[m[K.position.x -= 0.02;
      |   [01;31m[K^~~~~~~~~~~[m[K
      |   [32m[Ktarget_pose1[m[K
[01m[K/home/user/ros2_ws/src/moveit2_scripts/src/pick_place2.cpp:200:55:[m[K [01;31m[Kerror: [m[K'[01m[Kdelta[m[K' was not declared in this scope
  200 |   target_pose1.position.z = target_pose1.position.z + [01;31m[Kdelta[m[K;
      |                                                       [01;31m[K^~~~~[m[K
[01m[K/home/user/ros2_ws/src/moveit2_scripts/src/pick_place2.cpp:160:10:[m[K [01;35m[Kwarning: [m[Kunused variable '[01m[Kfraction[m[K' [[01;35m[K]8;;https://gcc.gnu.org/onlinedocs/gcc/Warning-Options.html#index-Wunused-variable-Wunused-variable]8;;[m[K]
  160 |   double [01;35m[Kfraction[m[K = move_group_arm.computeCartesianPath(
      |          [01;35m[K^~~~~~~~[m[K
gmake[2]: *** [CMakeFiles/pick_place2.dir/build.make:76: CMakeFiles/pick_place2.dir/src/pick_place2.cpp.o] Error 1
gmake[1]: *** [CMakeFiles/Makefile2:305: CMakeFiles/pick_place2.dir/all] Error 2
gmake: *** [Makefile:146: all] Error 2
