[0.007s] Invoking command in '/home/steven/Documents/IIIIIIIII_TEST/command_endeffector_cartesian/build/ur5_endeffector_cartesian': CMAKE_PREFIX_PATH=${CMAKE_PREFIX_PATH}:/home/steven/ws_moveit2/install/moveit_configs_utils:/home/steven/ws_moveit2/install/launch_param_builder:/opt/ros/humble /usr/bin/cmake --build /home/steven/Documents/IIIIIIIII_TEST/command_endeffector_cartesian/build/ur5_endeffector_cartesian -- -j32 -l32
[0.067s] [ 50%] [32mBuilding CXX object CMakeFiles/ur5_ros2_cartesian.dir/src/ur5_ros2_cartesian.cpp.o[0m
[2.192s] [01m[K/home/steven/Documents/IIIIIIIII_TEST/command_endeffector_cartesian/src/ur5_endeffector_cartesian/src/ur5_ros2_cartesian.cpp:[m[K In member function â€˜[01m[Kvoid UR5Control::setupDirections()[m[Kâ€™:
[2.192s] [01m[K/home/steven/Documents/IIIIIIIII_TEST/command_endeffector_cartesian/src/ur5_endeffector_cartesian/src/ur5_ros2_cartesian.cpp:53:9:[m[K [01;31m[Kerror: [m[Kâ€˜[01m[Kfixed_distance_move[m[Kâ€™ was not declared in this scope
[2.192s]    53 |         [01;31m[Kfixed_distance_move[m[K = false;  // æ–°å¢æˆå“¡è®Šæ•¸
[2.192s]       |         [01;31m[K^~~~~~~~~~~~~~~~~~~[m[K
[2.202s] [01m[K/home/steven/Documents/IIIIIIIII_TEST/command_endeffector_cartesian/src/ur5_endeffector_cartesian/src/ur5_ros2_cartesian.cpp:[m[K In member function â€˜[01m[Kbool UR5Control::switchToNextDirection()[m[Kâ€™:
[2.202s] [01m[K/home/steven/Documents/IIIIIIIII_TEST/command_endeffector_cartesian/src/ur5_endeffector_cartesian/src/ur5_ros2_cartesian.cpp:100:13:[m[K [01;31m[Kerror: [m[Kâ€˜[01m[Kfixed_distance_move[m[Kâ€™ was not declared in this scope
[2.202s]   100 |             [01;31m[Kfixed_distance_move[m[K = true;
[2.202s]       |             [01;31m[K^~~~~~~~~~~~~~~~~~~[m[K
[2.210s] [01m[K/home/steven/Documents/IIIIIIIII_TEST/command_endeffector_cartesian/src/ur5_endeffector_cartesian/src/ur5_ros2_cartesian.cpp:108:9:[m[K [01;31m[Kerror: [m[Kâ€˜[01m[Kfixed_distance_move[m[Kâ€™ was not declared in this scope
[2.210s]   108 |         [01;31m[Kfixed_distance_move[m[K = false;
[2.210s]       |         [01;31m[K^~~~~~~~~~~~~~~~~~~[m[K
[4.285s] gmake[2]: *** [CMakeFiles/ur5_ros2_cartesian.dir/build.make:76ï¼šCMakeFiles/ur5_ros2_cartesian.dir/src/ur5_ros2_cartesian.cpp.o] éŒ¯èª¤ 1
[4.285s] gmake[1]: *** [CMakeFiles/Makefile2:137ï¼šCMakeFiles/ur5_ros2_cartesian.dir/all] éŒ¯èª¤ 2
[4.285s] gmake: *** [Makefile:146ï¼šall] éŒ¯èª¤ 2
[4.287s] Invoked command in '/home/steven/Documents/IIIIIIIII_TEST/command_endeffector_cartesian/build/ur5_endeffector_cartesian' returned '2': CMAKE_PREFIX_PATH=${CMAKE_PREFIX_PATH}:/home/steven/ws_moveit2/install/moveit_configs_utils:/home/steven/ws_moveit2/install/launch_param_builder:/opt/ros/humble /usr/bin/cmake --build /home/steven/Documents/IIIIIIIII_TEST/command_endeffector_cartesian/build/ur5_endeffector_cartesian -- -j32 -l32
