[0.008s] Invoking command in '/home/steven/Documents/IIIIIIIII_TEST/command_endeffector_cartesian/build/ur5_endeffector_cartesian': CMAKE_PREFIX_PATH=${CMAKE_PREFIX_PATH}:/home/steven/ws_moveit2/install/moveit_configs_utils:/home/steven/ws_moveit2/install/launch_param_builder:/opt/ros/humble /usr/bin/cmake --build /home/steven/Documents/IIIIIIIII_TEST/command_endeffector_cartesian/build/ur5_endeffector_cartesian -- -j32 -l32
[0.057s] [35m[1mConsolidate compiler generated dependencies of target ur5_ros2_cartesian[0m
[0.078s] [ 50%] [32mBuilding CXX object CMakeFiles/ur5_ros2_cartesian.dir/src/ur5_ros2_cartesian.cpp.o[0m
[3.626s] [01m[K/home/steven/Documents/IIIIIIIII_TEST/command_endeffector_cartesian/src/ur5_endeffector_cartesian/src/ur5_ros2_cartesian.cpp:[m[K In lambda function:
[3.627s] [01m[K/home/steven/Documents/IIIIIIIII_TEST/command_endeffector_cartesian/src/ur5_endeffector_cartesian/src/ur5_ros2_cartesian.cpp:88:25:[m[K [01;31m[Kerror: [m[Kâ€˜[01m[Kstd::shared_ptr<moveit::planning_interface::MoveGroupInterface> ArmController::move_group_arm_[m[Kâ€™ is private within this context
[3.627s]    88 |         arm_controller->[01;31m[Kmove_group_arm_[m[K->setJointValueTarget(home_joints_);
[3.627s]       |                         [01;31m[K^~~~~~~~~~~~~~~[m[K
[3.627s] [01m[K/home/steven/Documents/IIIIIIIII_TEST/command_endeffector_cartesian/src/ur5_endeffector_cartesian/src/ur5_ros2_cartesian.cpp:60:69:[m[K [01;36m[Knote: [m[Kdeclared private here
[3.627s]    60 |     std::shared_ptr<moveit::planning_interface::MoveGroupInterface> [01;36m[Kmove_group_arm_[m[K;
[3.627s]       |                                                                     [01;36m[K^~~~~~~~~~~~~~~[m[K
[3.628s] [01m[K/home/steven/Documents/IIIIIIIII_TEST/command_endeffector_cartesian/src/ur5_endeffector_cartesian/src/ur5_ros2_cartesian.cpp:[m[K In lambda function:
[3.628s] [01m[K/home/steven/Documents/IIIIIIIII_TEST/command_endeffector_cartesian/src/ur5_endeffector_cartesian/src/ur5_ros2_cartesian.cpp:93:25:[m[K [01;31m[Kerror: [m[Kâ€˜[01m[Kstd::shared_ptr<moveit::planning_interface::MoveGroupInterface> ArmController::move_group_arm_[m[Kâ€™ is private within this context
[3.628s]    93 |         arm_controller->[01;31m[Kmove_group_arm_[m[K->setPoseTarget(pose_0_);
[3.628s]       |                         [01;31m[K^~~~~~~~~~~~~~~[m[K
[3.628s] [01m[K/home/steven/Documents/IIIIIIIII_TEST/command_endeffector_cartesian/src/ur5_endeffector_cartesian/src/ur5_ros2_cartesian.cpp:60:69:[m[K [01;36m[Knote: [m[Kdeclared private here
[3.628s]    60 |     std::shared_ptr<moveit::planning_interface::MoveGroupInterface> [01;36m[Kmove_group_arm_[m[K;
[3.628s]       |                                                                     [01;36m[K^~~~~~~~~~~~~~~[m[K
[3.629s] [01m[K/home/steven/Documents/IIIIIIIII_TEST/command_endeffector_cartesian/src/ur5_endeffector_cartesian/src/ur5_ros2_cartesian.cpp:[m[K In lambda function:
[3.629s] [01m[K/home/steven/Documents/IIIIIIIII_TEST/command_endeffector_cartesian/src/ur5_endeffector_cartesian/src/ur5_ros2_cartesian.cpp:98:25:[m[K [01;31m[Kerror: [m[Kâ€˜[01m[Kstd::shared_ptr<moveit::planning_interface::MoveGroupInterface> ArmController::move_group_arm_[m[Kâ€™ is private within this context
[3.629s]    98 |         arm_controller->[01;31m[Kmove_group_arm_[m[K->setPoseTarget(pose_1_);
[3.629s]       |                         [01;31m[K^~~~~~~~~~~~~~~[m[K
[3.629s] [01m[K/home/steven/Documents/IIIIIIIII_TEST/command_endeffector_cartesian/src/ur5_endeffector_cartesian/src/ur5_ros2_cartesian.cpp:60:69:[m[K [01;36m[Knote: [m[Kdeclared private here
[3.629s]    60 |     std::shared_ptr<moveit::planning_interface::MoveGroupInterface> [01;36m[Kmove_group_arm_[m[K;
[3.629s]       |                                                                     [01;36m[K^~~~~~~~~~~~~~~[m[K
[5.710s] gmake[2]: *** [CMakeFiles/ur5_ros2_cartesian.dir/build.make:76ï¼šCMakeFiles/ur5_ros2_cartesian.dir/src/ur5_ros2_cartesian.cpp.o] éŒ¯èª¤ 1
[5.710s] gmake[1]: *** [CMakeFiles/Makefile2:137ï¼šCMakeFiles/ur5_ros2_cartesian.dir/all] éŒ¯èª¤ 2
[5.710s] gmake: *** [Makefile:146ï¼šall] éŒ¯èª¤ 2
[5.713s] Invoked command in '/home/steven/Documents/IIIIIIIII_TEST/command_endeffector_cartesian/build/ur5_endeffector_cartesian' returned '2': CMAKE_PREFIX_PATH=${CMAKE_PREFIX_PATH}:/home/steven/ws_moveit2/install/moveit_configs_utils:/home/steven/ws_moveit2/install/launch_param_builder:/opt/ros/humble /usr/bin/cmake --build /home/steven/Documents/IIIIIIIII_TEST/command_endeffector_cartesian/build/ur5_endeffector_cartesian -- -j32 -l32
