[35m[1mConsolidate compiler generated dependencies of target first_stage_endeffector[0m
[ 50%] [32mBuilding CXX object CMakeFiles/first_stage_endeffector.dir/src/first_stage_endeffector.cpp.o[0m
[01m[K/home/steven/ros2_ws/src/first_stage/src/first_stage_endeffector/src/first_stage_endeffector.cpp:262:8:[m[K [01;31m[Kerror: [m[Kâ€˜[01m[Kbool RobotController::retrySequence()[m[Kâ€™ cannot be overloaded with â€˜[01m[Kbool RobotController::retrySequence()[m[Kâ€™
  262 |   bool [01;31m[KretrySequence[m[K()
      |        [01;31m[K^~~~~~~~~~~~~[m[K
[01m[K/home/steven/ros2_ws/src/first_stage/src/first_stage_endeffector/src/first_stage_endeffector.cpp:84:8:[m[K [01;36m[Knote: [m[Kprevious declaration â€˜[01m[Kbool RobotController::retrySequence()[m[Kâ€™
   84 |   bool [01;36m[KretrySequence[m[K();
      |        [01;36m[K^~~~~~~~~~~~~[m[K
gmake[2]: *** [CMakeFiles/first_stage_endeffector.dir/build.make:76ï¼šCMakeFiles/first_stage_endeffector.dir/src/first_stage_endeffector.cpp.o] éŒ¯èª¤ 1
gmake[1]: *** [CMakeFiles/Makefile2:137ï¼šCMakeFiles/first_stage_endeffector.dir/all] éŒ¯èª¤ 2
gmake: *** [Makefile:146ï¼šall] éŒ¯èª¤ 2
