[0.007s] Invoking command in '/home/steven/ros2_ws/src/first_stage/src/first_stage_endeffector/build/first_stage_endeffector': CMAKE_PREFIX_PATH=${CMAKE_PREFIX_PATH}:/home/steven/ws_moveit2/install/moveit_configs_utils:/home/steven/ws_moveit2/install/launch_param_builder:/opt/ros/humble /usr/bin/cmake --build /home/steven/ros2_ws/src/first_stage/src/first_stage_endeffector/build/first_stage_endeffector -- -j32 -l32
[0.045s] [35m[1mConsolidate compiler generated dependencies of target first_stage_endeffector[0m
[0.066s] [ 50%] [32mBuilding CXX object CMakeFiles/first_stage_endeffector.dir/src/first_stage_endeffector.cpp.o[0m
[4.038s] [01m[K/home/steven/ros2_ws/src/first_stage/src/first_stage_endeffector/src/first_stage_endeffector.cpp:102:53:[m[K [01;31m[Kerror: [m[Kâ€˜[01m[KInt8[m[Kâ€™ in namespace â€˜[01m[Kstd_msgs::msg[m[Kâ€™ does not name a type
[4.038s]   102 |   void orientationTypeCallback(const std_msgs::msg::[01;31m[KInt8[m[K::SharedPtr msg)
[4.038s]       |                                                     [01;31m[K^~~~[m[K
[4.038s] [01m[K/home/steven/ros2_ws/src/first_stage/src/first_stage_endeffector/src/first_stage_endeffector.cpp:102:69:[m[K [01;31m[Kerror: [m[Kexpected unqualified-id before â€˜[01m[Kmsg[m[Kâ€™
[4.038s]   102 |   void orientationTypeCallback(const std_msgs::msg::Int8::SharedPtr [01;31m[Kmsg[m[K)
[4.038s]       |                                                                     [01;31m[K^~~[m[K
[4.038s] [01m[K/home/steven/ros2_ws/src/first_stage/src/first_stage_endeffector/src/first_stage_endeffector.cpp:102:68:[m[K [01;31m[Kerror: [m[Kexpected â€˜[01m[K)[m[Kâ€™ before â€˜[01m[Kmsg[m[Kâ€™
[4.038s]   102 |   void orientationTypeCallback[34m[K([m[Kconst std_msgs::msg::Int8::SharedPtr[01;31m[K [m[K[32m[Kmsg[m[K)
[4.038s]       |                               [34m[K~[m[K                                    [01;31m[K^[m[K[32m[K~~~[m[K
[4.038s]       |                                                                    [32m[K)[m[K
[4.038s] [01m[K/home/steven/ros2_ws/src/first_stage/src/first_stage_endeffector/src/first_stage_endeffector.cpp:102:59:[m[K [01;31m[Kerror: [m[Kexpected â€˜[01m[K;[m[Kâ€™ at end of member declaration
[4.038s]   102 |   void orientationTypeCallback(const std_msgs::msg::Int8::[01;31m[KSharedPtr[m[K msg)
[4.038s]       |                                                           [01;31m[K^~~~~~~~~[m[K
[4.038s]       |                                                                    [32m[K;[m[K
[4.039s] [01m[K/home/steven/ros2_ws/src/first_stage/src/first_stage_endeffector/src/first_stage_endeffector.cpp:102:69:[m[K [01;31m[Kerror: [m[Kâ€˜[01m[Kmsg[m[Kâ€™ does not name a type
[4.039s]   102 |   void orientationTypeCallback(const std_msgs::msg::Int8::SharedPtr [01;31m[Kmsg[m[K)
[4.039s]       |                                                                     [01;31m[K^~~[m[K
[4.039s] [01m[K/home/steven/ros2_ws/src/first_stage/src/first_stage_endeffector/src/first_stage_endeffector.cpp:245:8:[m[K [01;31m[Kerror: [m[Kâ€˜[01m[Kvoid RobotController::publishGripperCommand(int, int)[m[Kâ€™ cannot be overloaded with â€˜[01m[Kvoid RobotController::publishGripperCommand(int, int)[m[Kâ€™
[4.039s]   245 |   void [01;31m[KpublishGripperCommand[m[K(int width, int force)
[4.039s]       |        [01;31m[K^~~~~~~~~~~~~~~~~~~~~[m[K
[4.039s] [01m[K/home/steven/ros2_ws/src/first_stage/src/first_stage_endeffector/src/first_stage_endeffector.cpp:42:8:[m[K [01;36m[Knote: [m[Kprevious declaration â€˜[01m[Kvoid RobotController::publishGripperCommand(int, int)[m[Kâ€™
[4.039s]    42 |   void [01;36m[KpublishGripperCommand[m[K(int width, int force)
[4.039s]       |        [01;36m[K^~~~~~~~~~~~~~~~~~~~~[m[K
[4.092s] [01m[K/home/steven/ros2_ws/src/first_stage/src/first_stage_endeffector/src/first_stage_endeffector.cpp:275:39:[m[K [01;31m[Kerror: [m[Kâ€˜[01m[KInt8[m[Kâ€™ is not a member of â€˜[01m[Kstd_msgs::msg[m[Kâ€™
[4.092s]   275 |   rclcpp::Subscription<std_msgs::msg::[01;31m[KInt8[m[K>::SharedPtr orientation_type_subscription;
[4.092s]       |                                       [01;31m[K^~~~[m[K
[4.092s] [01m[K/home/steven/ros2_ws/src/first_stage/src/first_stage_endeffector/src/first_stage_endeffector.cpp:275:43:[m[K [01;31m[Kerror: [m[Ktemplate argument 1 is invalid
[4.092s]   275 |   rclcpp::Subscription<std_msgs::msg::Int8[01;31m[K>[m[K::SharedPtr orientation_type_subscription;
[4.092s]       |                                           [01;31m[K^[m[K
[4.092s] [01m[K/home/steven/ros2_ws/src/first_stage/src/first_stage_endeffector/src/first_stage_endeffector.cpp:275:43:[m[K [01;31m[Kerror: [m[Ktemplate argument 3 is invalid
[4.092s] [01m[K/home/steven/ros2_ws/src/first_stage/src/first_stage_endeffector/src/first_stage_endeffector.cpp:275:43:[m[K [01;31m[Kerror: [m[Ktemplate argument 4 is invalid
[4.092s] [01m[K/home/steven/ros2_ws/src/first_stage/src/first_stage_endeffector/src/first_stage_endeffector.cpp:275:43:[m[K [01;31m[Kerror: [m[Ktemplate argument 5 is invalid
[4.092s] [01m[K/home/steven/ros2_ws/src/first_stage/src/first_stage_endeffector/src/first_stage_endeffector.cpp:275:46:[m[K [01;31m[Kerror: [m[Kexpected â€˜[01m[K;[m[Kâ€™ at end of member declaration
[4.092s]   275 |   rclcpp::Subscription<std_msgs::msg::Int8>::[01;31m[KSharedPtr[m[K orientation_type_subscription;
[4.092s]       |                                              [01;31m[K^~~~~~~~~[m[K
[4.092s]       |                                                       [32m[K;[m[K
[4.101s] [01m[K/home/steven/ros2_ws/src/first_stage/src/first_stage_endeffector/src/first_stage_endeffector.cpp:275:56:[m[K [01;31m[Kerror: [m[Kâ€˜[01m[Korientation_type_subscription[m[Kâ€™ does not name a type
[4.101s]   275 |   rclcpp::Subscription<std_msgs::msg::Int8>::SharedPtr [01;31m[Korientation_type_subscription[m[K;
[4.101s]       |                                                        [01;31m[K^~~~~~~~~~~~~~~~~~~~~~~~~~~~~[m[K
[4.101s] [01m[K/home/steven/ros2_ws/src/first_stage/src/first_stage_endeffector/src/first_stage_endeffector.cpp:276:64:[m[K [01;31m[Kerror: [m[Kredeclaration of â€˜[01m[Krclcpp::Publisher<std_msgs::msg::Int32MultiArray_<std::allocator<void> > >::SharedPtr RobotController::gripper_publisher[m[Kâ€™
[4.101s]   276 |   rclcpp::Publisher<std_msgs::msg::Int32MultiArray>::SharedPtr [01;31m[Kgripper_publisher[m[K;
[4.101s]       |                                                                [01;31m[K^~~~~~~~~~~~~~~~~[m[K
[4.101s] [01m[K/home/steven/ros2_ws/src/first_stage/src/first_stage_endeffector/src/first_stage_endeffector.cpp:50:64:[m[K [01;36m[Knote: [m[Kprevious declaration â€˜[01m[Krclcpp::Publisher<std_msgs::msg::Int32MultiArray_<std::allocator<void> > >::SharedPtr RobotController::gripper_publisher[m[Kâ€™
[4.101s]    50 |   rclcpp::Publisher<std_msgs::msg::Int32MultiArray>::SharedPtr [01;36m[Kgripper_publisher[m[K;
[4.101s]       |                                                                [01;36m[K^~~~~~~~~~~~~~~~~[m[K
[4.118s] [01m[K/home/steven/ros2_ws/src/first_stage/src/first_stage_endeffector/src/first_stage_endeffector.cpp:[m[K In constructor â€˜[01m[KRobotController::RobotController()[m[Kâ€™:
[4.118s] [01m[K/home/steven/ros2_ws/src/first_stage/src/first_stage_endeffector/src/first_stage_endeffector.cpp:28:5:[m[K [01;31m[Kerror: [m[Kâ€˜[01m[Korientation_type_subscription[m[Kâ€™ was not declared in this scope; did you mean â€˜[01m[Korientation_subscription[m[Kâ€™?
[4.118s]    28 |     [01;31m[Korientation_type_subscription[m[K = this->create_subscription<std_msgs::msg::Int8>(
[4.118s]       |     [01;31m[K^~~~~~~~~~~~~~~~~~~~~~~~~~~~~[m[K
[4.118s]       |     [32m[Korientation_subscription[m[K
[4.119s] [01m[K/home/steven/ros2_ws/src/first_stage/src/first_stage_endeffector/src/first_stage_endeffector.cpp:28:78:[m[K [01;31m[Kerror: [m[Kâ€˜[01m[KInt8[m[Kâ€™ is not a member of â€˜[01m[Kstd_msgs::msg[m[Kâ€™
[4.119s]    28 |     orientation_type_subscription = this->create_subscription<std_msgs::msg::[01;31m[KInt8[m[K>(
[4.119s]       |                                                                              [01;31m[K^~~~[m[K
[4.120s] [01m[K/home/steven/ros2_ws/src/first_stage/src/first_stage_endeffector/src/first_stage_endeffector.cpp:28:83:[m[K [01;31m[Kerror: [m[Kno matching function for call to â€˜[01m[KRobotController::create_subscription<<expression error> >(const char [23], int, std::_Bind_helper<false, void (RobotController::*)(...), RobotController*, const std::_Placeholder<1>&>::type)[m[Kâ€™
[4.120s]    28 |     orientation_type_subscription = [01;31m[Kthis->create_subscription<std_msgs::msg::Int8>([m[K
[4.120s]       |                                     [01;31m[K~~~~~~~~~~~~~~~~~~~~~~~~~~~~~~~~~~~~~~~~~~~~~~^[m[K
[4.120s]    29 | [01;31m[K      "/lego_orientation_type", 10,[m[K
[4.120s]       |       [01;31m[K~~~~~~~~~~~~~~~~~~~~~~~~~~~~~[m[K                                                
[4.120s]    30 | [01;31m[K      std::bind(&RobotController::orientationTypeCallback, this, std::placeholders::_1))[m[K;
[4.120s]       |       [01;31m[K~~~~~~~~~~~~~~~~~~~~~~~~~~~~~~~~~~~~~~~~~~~~~~~~~~~~~~~~~~~~~~~~~~~~~~~~~~~~~~~~~~[m[K
[4.120s] In file included from [01m[K/opt/ros/humble/include/rclcpp/rclcpp/node.hpp:1321[m[K,
[4.120s]                  from [01m[K/opt/ros/humble/include/rclcpp/rclcpp/executors/single_threaded_executor.hpp:28[m[K,
[4.120s]                  from [01m[K/opt/ros/humble/include/rclcpp/rclcpp/executors.hpp:22[m[K,
[4.120s]                  from [01m[K/opt/ros/humble/include/rclcpp/rclcpp/rclcpp.hpp:155[m[K,
[4.120s]                  from [01m[K/home/steven/ros2_ws/src/first_stage/src/first_stage_endeffector/src/first_stage_endeffector.cpp:1[m[K:
[4.120s] [01m[K/opt/ros/humble/include/rclcpp/rclcpp/node_impl.hpp:92:1:[m[K [01;36m[Knote: [m[Kcandidate: â€˜[01m[Ktemplate<class MessageT, class CallbackT, class AllocatorT, class SubscriptionT, class MessageMemoryStrategyT> std::shared_ptr<ROSMessageT> rclcpp::Node::create_subscription(const string&, const rclcpp::QoS&, CallbackT&&, const rclcpp::SubscriptionOptionsWithAllocator<AllocatorT>&, typename MessageMemoryStrategyT::SharedPtr)[m[Kâ€™
[4.120s]    92 | [01;36m[KNode[m[K::create_subscription(
[4.121s]       | [01;36m[K^~~~[m[K
[4.121s] [01m[K/opt/ros/humble/include/rclcpp/rclcpp/node_impl.hpp:92:1:[m[K [01;36m[Knote: [m[K  template argument deduction/substitution failed:
[4.121s] [01m[K/home/steven/ros2_ws/src/first_stage/src/first_stage_endeffector/src/first_stage_endeffector.cpp:28:83:[m[K [01;31m[Kerror: [m[Ktemplate argument 1 is invalid
[4.121s]    28 |     orientation_type_subscription = [01;31m[Kthis->create_subscription<std_msgs::msg::Int8>([m[K
[4.121s]       |                                     [01;31m[K~~~~~~~~~~~~~~~~~~~~~~~~~~~~~~~~~~~~~~~~~~~~~~^[m[K
[4.121s]    29 | [01;31m[K      "/lego_orientation_type", 10,[m[K
[4.121s]       |       [01;31m[K~~~~~~~~~~~~~~~~~~~~~~~~~~~~~[m[K                                                
[4.121s]    30 | [01;31m[K      std::bind(&RobotController::orientationTypeCallback, this, std::placeholders::_1))[m[K;
[4.121s]       |       [01;31m[K~~~~~~~~~~~~~~~~~~~~~~~~~~~~~~~~~~~~~~~~~~~~~~~~~~~~~~~~~~~~~~~~~~~~~~~~~~~~~~~~~~[m[K
[4.141s] [01m[K/home/steven/ros2_ws/src/first_stage/src/first_stage_endeffector/src/first_stage_endeffector.cpp:[m[K In member function â€˜[01m[Kvoid RobotController::performFrontAction()[m[Kâ€™:
[4.141s] [01m[K/home/steven/ros2_ws/src/first_stage/src/first_stage_endeffector/src/first_stage_endeffector.cpp:208:5:[m[K [01;31m[Kerror: [m[Kâ€˜[01m[Knew_pose[m[Kâ€™ was not declared in this scope; did you mean â€˜[01m[Knew_pose_id0[m[Kâ€™?
[4.141s]   208 |     [01;31m[Knew_pose[m[K.orientation.x = 0.0;
[4.141s]       |     [01;31m[K^~~~~~~~[m[K
[4.141s]       |     [32m[Knew_pose_id0[m[K
[4.146s] [01m[K/home/steven/ros2_ws/src/first_stage/src/first_stage_endeffector/src/first_stage_endeffector.cpp:[m[K In member function â€˜[01m[Kvoid RobotController::performSideAction()[m[Kâ€™:
[4.146s] [01m[K/home/steven/ros2_ws/src/first_stage/src/first_stage_endeffector/src/first_stage_endeffector.cpp:222:5:[m[K [01;31m[Kerror: [m[Kâ€˜[01m[Knew_pose[m[Kâ€™ was not declared in this scope; did you mean â€˜[01m[Knew_pose_id1[m[Kâ€™?
[4.146s]   222 |     [01;31m[Knew_pose[m[K.orientation.x = 0.0;
[4.147s]       |     [01;31m[K^~~~~~~~[m[K
[4.147s]       |     [32m[Knew_pose_id1[m[K
[4.153s] [01m[K/home/steven/ros2_ws/src/first_stage/src/first_stage_endeffector/src/first_stage_endeffector.cpp:[m[K In member function â€˜[01m[Kvoid RobotController::performBackAction()[m[Kâ€™:
[4.153s] [01m[K/home/steven/ros2_ws/src/first_stage/src/first_stage_endeffector/src/first_stage_endeffector.cpp:236:5:[m[K [01;31m[Kerror: [m[Kâ€˜[01m[Knew_pose[m[Kâ€™ was not declared in this scope; did you mean â€˜[01m[Knew_pose_id2[m[Kâ€™?
[4.153s]   236 |     [01;31m[Knew_pose[m[K.orientation.x = 0.0;
[4.153s]       |     [01;31m[K^~~~~~~~[m[K
[4.153s]       |     [32m[Knew_pose_id2[m[K
[7.064s] gmake[2]: *** [CMakeFiles/first_stage_endeffector.dir/build.make:76ï¼šCMakeFiles/first_stage_endeffector.dir/src/first_stage_endeffector.cpp.o] éŒ¯èª¤ 1
[7.064s] gmake[1]: *** [CMakeFiles/Makefile2:137ï¼šCMakeFiles/first_stage_endeffector.dir/all] éŒ¯èª¤ 2
[7.064s] gmake: *** [Makefile:146ï¼šall] éŒ¯èª¤ 2
[7.065s] Invoked command in '/home/steven/ros2_ws/src/first_stage/src/first_stage_endeffector/build/first_stage_endeffector' returned '2': CMAKE_PREFIX_PATH=${CMAKE_PREFIX_PATH}:/home/steven/ws_moveit2/install/moveit_configs_utils:/home/steven/ws_moveit2/install/launch_param_builder:/opt/ros/humble /usr/bin/cmake --build /home/steven/ros2_ws/src/first_stage/src/first_stage_endeffector/build/first_stage_endeffector -- -j32 -l32
