[0.009s] Invoking command in '/home/steven/Documents/IIIIIIIII_TEST/command_endeffector_cartesian/build/ur5_endeffector_cartesian': CMAKE_PREFIX_PATH=${CMAKE_PREFIX_PATH}:/home/steven/ws_moveit2/install/moveit_configs_utils:/home/steven/ws_moveit2/install/launch_param_builder:/opt/ros/humble /usr/bin/cmake --build /home/steven/Documents/IIIIIIIII_TEST/command_endeffector_cartesian/build/ur5_endeffector_cartesian -- -j32 -l32
[0.047s] [35m[1mConsolidate compiler generated dependencies of target ur5_ros2_cartesian[0m
[0.066s] [ 50%] [32mBuilding CXX object CMakeFiles/ur5_ros2_cartesian.dir/src/ur5_ros2_cartesian.cpp.o[0m
[3.394s] [01m[K/home/steven/Documents/IIIIIIIII_TEST/command_endeffector_cartesian/src/ur5_endeffector_cartesian/src/ur5_ros2_cartesian.cpp:[m[K In function â€˜[01m[Kvoid performMainOperations(moveit::planning_interface::MoveGroupInterface&, rclcpp::Node::SharedPtr, const std::vector<geometry_msgs::msg::Pose_<std::allocator<void> > >&)[m[Kâ€™:
[3.394s] [01m[K/home/steven/Documents/IIIIIIIII_TEST/command_endeffector_cartesian/src/ur5_endeffector_cartesian/src/ur5_ros2_cartesian.cpp:317:71:[m[K [01;31m[Kerror: [m[Kâ€˜[01m[Krobot_control_node[m[Kâ€™ was not declared in this scope
[3.394s]   317 |         moveWithCustomSpeed(move_group_arm, -0.1, 0.1, 0.1, 0.1, 0.1, [01;31m[Krobot_control_node[m[K);
[3.394s]       |                                                                       [01;31m[K^~~~~~~~~~~~~~~~~~[m[K
[5.500s] gmake[2]: *** [CMakeFiles/ur5_ros2_cartesian.dir/build.make:76ï¼šCMakeFiles/ur5_ros2_cartesian.dir/src/ur5_ros2_cartesian.cpp.o] éŒ¯èª¤ 1
[5.500s] gmake[1]: *** [CMakeFiles/Makefile2:137ï¼šCMakeFiles/ur5_ros2_cartesian.dir/all] éŒ¯èª¤ 2
[5.500s] gmake: *** [Makefile:146ï¼šall] éŒ¯èª¤ 2
[5.503s] Invoked command in '/home/steven/Documents/IIIIIIIII_TEST/command_endeffector_cartesian/build/ur5_endeffector_cartesian' returned '2': CMAKE_PREFIX_PATH=${CMAKE_PREFIX_PATH}:/home/steven/ws_moveit2/install/moveit_configs_utils:/home/steven/ws_moveit2/install/launch_param_builder:/opt/ros/humble /usr/bin/cmake --build /home/steven/Documents/IIIIIIIII_TEST/command_endeffector_cartesian/build/ur5_endeffector_cartesian -- -j32 -l32
