[0.012s] Invoking command in '/home/steven/Documents/IIIIIIIII_TEST/first_stage/src/first_stage_endeffector/build/first_stage_endeffector': CMAKE_PREFIX_PATH=${CMAKE_PREFIX_PATH}:/home/steven/ws_moveit2/install/moveit_configs_utils:/home/steven/ws_moveit2/install/launch_param_builder:/opt/ros/humble /usr/bin/cmake --build /home/steven/Documents/IIIIIIIII_TEST/first_stage/src/first_stage_endeffector/build/first_stage_endeffector -- -j32 -l32
[0.050s] [35m[1mConsolidate compiler generated dependencies of target first_stage_endeffector[0m
[0.070s] [ 50%] [32mBuilding CXX object CMakeFiles/first_stage_endeffector.dir/src/first_stage_endeffector.cpp.o[0m
[4.152s] [01m[K/home/steven/Documents/IIIIIIIII_TEST/first_stage/src/first_stage_endeffector/src/first_stage_endeffector.cpp:[m[K In lambda function:
[4.152s] [01m[K/home/steven/Documents/IIIIIIIII_TEST/first_stage/src/first_stage_endeffector/src/first_stage_endeffector.cpp:24:9:[m[K [01;31m[Kerror: [m[Kâ€˜[01m[Ktarget_pose1[m[Kâ€™ was not declared in this scope
[4.152s]    24 |         [01;31m[Ktarget_pose1[m[K.position.x = msg->x;
[4.152s]       |         [01;31m[K^~~~~~~~~~~~[m[K
[4.159s] [01m[K/home/steven/Documents/IIIIIIIII_TEST/first_stage/src/first_stage_endeffector/src/first_stage_endeffector.cpp:28:9:[m[K [01;31m[Kerror: [m[Kâ€˜[01m[Kmove_group_arm[m[Kâ€™ was not declared in this scope; did you mean â€˜[01m[Kmove_group_node[m[Kâ€™?
[4.159s]    28 |         [01;31m[Kmove_group_arm[m[K.setPoseTarget(target_pose1);
[4.159s]       |         [01;31m[K^~~~~~~~~~~~~~[m[K
[4.159s]       |         [32m[Kmove_group_node[m[K
[6.631s] gmake[2]: *** [CMakeFiles/first_stage_endeffector.dir/build.make:76ï¼šCMakeFiles/first_stage_endeffector.dir/src/first_stage_endeffector.cpp.o] éŒ¯èª¤ 1
[6.631s] gmake[1]: *** [CMakeFiles/Makefile2:137ï¼šCMakeFiles/first_stage_endeffector.dir/all] éŒ¯èª¤ 2
[6.631s] gmake: *** [Makefile:146ï¼šall] éŒ¯èª¤ 2
[6.634s] Invoked command in '/home/steven/Documents/IIIIIIIII_TEST/first_stage/src/first_stage_endeffector/build/first_stage_endeffector' returned '2': CMAKE_PREFIX_PATH=${CMAKE_PREFIX_PATH}:/home/steven/ws_moveit2/install/moveit_configs_utils:/home/steven/ws_moveit2/install/launch_param_builder:/opt/ros/humble /usr/bin/cmake --build /home/steven/Documents/IIIIIIIII_TEST/first_stage/src/first_stage_endeffector/build/first_stage_endeffector -- -j32 -l32
