[0.007s] Invoking command in '/home/steven/ros2_ws/src/first_stage/src/first_stage_endeffector/build/first_stage_endeffector': CMAKE_PREFIX_PATH=${CMAKE_PREFIX_PATH}:/home/steven/ws_moveit2/install/moveit_configs_utils:/home/steven/ws_moveit2/install/launch_param_builder:/opt/ros/humble /usr/bin/cmake --build /home/steven/ros2_ws/src/first_stage/src/first_stage_endeffector/build/first_stage_endeffector -- -j32 -l32
[0.041s] [35m[1mConsolidate compiler generated dependencies of target first_stage_endeffector[0m
[0.057s] [ 50%] [32mBuilding CXX object CMakeFiles/first_stage_endeffector.dir/src/first_stage_endeffector.cpp.o[0m
[10.225s] [100%] [32m[1mLinking CXX executable first_stage_endeffector[0m
[10.831s] /usr/bin/ld: CMakeFiles/first_stage_endeffector.dir/src/first_stage_endeffector.cpp.o: in function `RobotController::moveToObservation()':
[10.831s] first_stage_endeffector.cpp:(.text._ZN15RobotController17moveToObservationEv[_ZN15RobotController17moveToObservationEv]+0x809): undefined reference to `RobotController::moveToPose(geometry_msgs::msg::Pose_<std::allocator<void> > const&, std::__cxx11::basic_string<char, std::char_traits<char>, std::allocator<char> > const&)'
[10.831s] /usr/bin/ld: first_stage_endeffector.cpp:(.text._ZN15RobotController17moveToObservationEv[_ZN15RobotController17moveToObservationEv]+0x911): undefined reference to `RobotController::moveRelativeZ(double, std::__cxx11::basic_string<char, std::char_traits<char>, std::allocator<char> > const&)'
[10.832s] /usr/bin/ld: first_stage_endeffector.cpp:(.text._ZN15RobotController17moveToObservationEv[_ZN15RobotController17moveToObservationEv]+0xaa7): undefined reference to `RobotController::moveToPose(geometry_msgs::msg::Pose_<std::allocator<void> > const&, std::__cxx11::basic_string<char, std::char_traits<char>, std::allocator<char> > const&)'
[10.832s] /usr/bin/ld: first_stage_endeffector.cpp:(.text._ZN15RobotController17moveToObservationEv[_ZN15RobotController17moveToObservationEv]+0xbaf): undefined reference to `RobotController::moveRelativeZ(double, std::__cxx11::basic_string<char, std::char_traits<char>, std::allocator<char> > const&)'
[10.873s] collect2: error: ld returned 1 exit status
[10.875s] gmake[2]: *** [CMakeFiles/first_stage_endeffector.dir/build.make:423ï¼šfirst_stage_endeffector] éŒ¯èª¤ 1
[10.875s] gmake[1]: *** [CMakeFiles/Makefile2:137ï¼šCMakeFiles/first_stage_endeffector.dir/all] éŒ¯èª¤ 2
[10.875s] gmake: *** [Makefile:146ï¼šall] éŒ¯èª¤ 2
[10.877s] Invoked command in '/home/steven/ros2_ws/src/first_stage/src/first_stage_endeffector/build/first_stage_endeffector' returned '2': CMAKE_PREFIX_PATH=${CMAKE_PREFIX_PATH}:/home/steven/ws_moveit2/install/moveit_configs_utils:/home/steven/ws_moveit2/install/launch_param_builder:/opt/ros/humble /usr/bin/cmake --build /home/steven/ros2_ws/src/first_stage/src/first_stage_endeffector/build/first_stage_endeffector -- -j32 -l32
