[0.009s] Invoking command in '/home/steven/ros2_ws/src/first_stage/build/first_stage_endeffector': CMAKE_PREFIX_PATH=${CMAKE_PREFIX_PATH}:/home/steven/ros2_ws/src/first_stage/install/first_stage_rg2:/home/steven/ws_moveit2/install/moveit_configs_utils:/home/steven/ws_moveit2/install/launch_param_builder:/opt/ros/humble /usr/bin/cmake --build /home/steven/ros2_ws/src/first_stage/build/first_stage_endeffector -- -j32 -l32
[0.055s] [35m[1mConsolidate compiler generated dependencies of target first_stage_endeffector[0m
[0.074s] [ 50%] [32mBuilding CXX object CMakeFiles/first_stage_endeffector.dir/src/first_stage_endeffector.cpp.o[0m
[3.394s] [01m[K/home/steven/ros2_ws/src/first_stage/src/first_stage_endeffector/src/first_stage_endeffector.cpp:170:8:[m[K [01;31m[Kerror: [m[Kextra qualification â€˜[01m[KRobotController::[m[Kâ€™ on member â€˜[01m[KopenGripper[m[Kâ€™ [[01;31m[K]8;;https://gcc.gnu.org/onlinedocs/gcc/Warning-Options.html#index-fpermissive-fpermissive]8;;[m[K]
[3.394s]   170 |   bool [01;31m[KRobotController[m[K::openGripper()
[3.394s]       |        [01;31m[K^~~~~~~~~~~~~~~[m[K
[3.394s] [01m[K/home/steven/ros2_ws/src/first_stage/src/first_stage_endeffector/src/first_stage_endeffector.cpp:178:8:[m[K [01;31m[Kerror: [m[Kextra qualification â€˜[01m[KRobotController::[m[Kâ€™ on member â€˜[01m[KcloseGripper[m[Kâ€™ [[01;31m[K]8;;https://gcc.gnu.org/onlinedocs/gcc/Warning-Options.html#index-fpermissive-fpermissive]8;;[m[K]
[3.394s]   178 |   bool [01;31m[KRobotController[m[K::closeGripper()
[3.394s]       |        [01;31m[K^~~~~~~~~~~~~~~[m[K
[3.394s] [01m[K/home/steven/ros2_ws/src/first_stage/src/first_stage_endeffector/src/first_stage_endeffector.cpp:186:8:[m[K [01;31m[Kerror: [m[Kextra qualification â€˜[01m[KRobotController::[m[Kâ€™ on member â€˜[01m[KapproachObject[m[Kâ€™ [[01;31m[K]8;;https://gcc.gnu.org/onlinedocs/gcc/Warning-Options.html#index-fpermissive-fpermissive]8;;[m[K]
[3.394s]   186 |   bool [01;31m[KRobotController[m[K::approachObject()
[3.394s]       |        [01;31m[K^~~~~~~~~~~~~~~[m[K
[3.394s] [01m[K/home/steven/ros2_ws/src/first_stage/src/first_stage_endeffector/src/first_stage_endeffector.cpp:195:8:[m[K [01;31m[Kerror: [m[Kextra qualification â€˜[01m[KRobotController::[m[Kâ€™ on member â€˜[01m[KleaveObject[m[Kâ€™ [[01;31m[K]8;;https://gcc.gnu.org/onlinedocs/gcc/Warning-Options.html#index-fpermissive-fpermissive]8;;[m[K]
[3.394s]   195 |   bool [01;31m[KRobotController[m[K::leaveObject()
[3.394s]       |        [01;31m[K^~~~~~~~~~~~~~~[m[K
[3.394s] [01m[K/home/steven/ros2_ws/src/first_stage/src/first_stage_endeffector/src/first_stage_endeffector.cpp:204:8:[m[K [01;31m[Kerror: [m[Kextra qualification â€˜[01m[KRobotController::[m[Kâ€™ on member â€˜[01m[KgoHome[m[Kâ€™ [[01;31m[K]8;;https://gcc.gnu.org/onlinedocs/gcc/Warning-Options.html#index-fpermissive-fpermissive]8;;[m[K]
[3.394s]   204 |   bool [01;31m[KRobotController[m[K::goHome()
[3.394s]       |        [01;31m[K^~~~~~~~~~~~~~~[m[K
[3.400s] [01m[K/home/steven/ros2_ws/src/first_stage/src/first_stage_endeffector/src/first_stage_endeffector.cpp:[m[K In constructor â€˜[01m[KRobotController::RobotController()[m[Kâ€™:
[3.400s] [01m[K/home/steven/ros2_ws/src/first_stage/src/first_stage_endeffector/src/first_stage_endeffector.cpp:37:35:[m[K [01;31m[Kerror: [m[Kâ€˜[01m[KgripperStateCallback[m[Kâ€™ is not a member of â€˜[01m[KRobotController[m[Kâ€™
[3.400s]    37 |       std::bind(&RobotController::[01;31m[KgripperStateCallback[m[K, this, std::placeholders::_1));
[3.400s]       |                                   [01;31m[K^~~~~~~~~~~~~~~~~~~~[m[K
[3.420s] [01m[K/home/steven/ros2_ws/src/first_stage/src/first_stage_endeffector/src/first_stage_endeffector.cpp:[m[K In member function â€˜[01m[Kstd::string RobotController::stateToString(RobotController::State)[m[Kâ€™:
[3.420s] [01m[K/home/steven/ros2_ws/src/first_stage/src/first_stage_endeffector/src/first_stage_endeffector.cpp:526:19:[m[K [01;31m[Kerror: [m[Kâ€˜[01m[KGRASP_OBJECT[m[Kâ€™ is not a member of â€˜[01m[KRobotController::State[m[Kâ€™; did you mean â€˜[01m[KRELEASE_OBJECT[m[Kâ€™?
[3.420s]   526 |       case State::[01;31m[KGRASP_OBJECT[m[K: return "GRASP_OBJECT";
[3.420s]       |                   [01;31m[K^~~~~~~~~~~~[m[K
[3.420s]       |                   [32m[KRELEASE_OBJECT[m[K
[6.921s] gmake[2]: *** [CMakeFiles/first_stage_endeffector.dir/build.make:76ï¼šCMakeFiles/first_stage_endeffector.dir/src/first_stage_endeffector.cpp.o] éŒ¯èª¤ 1
[6.921s] gmake[1]: *** [CMakeFiles/Makefile2:137ï¼šCMakeFiles/first_stage_endeffector.dir/all] éŒ¯èª¤ 2
[6.922s] gmake: *** [Makefile:146ï¼šall] éŒ¯èª¤ 2
[6.923s] Invoked command in '/home/steven/ros2_ws/src/first_stage/build/first_stage_endeffector' returned '2': CMAKE_PREFIX_PATH=${CMAKE_PREFIX_PATH}:/home/steven/ros2_ws/src/first_stage/install/first_stage_rg2:/home/steven/ws_moveit2/install/moveit_configs_utils:/home/steven/ws_moveit2/install/launch_param_builder:/opt/ros/humble /usr/bin/cmake --build /home/steven/ros2_ws/src/first_stage/build/first_stage_endeffector -- -j32 -l32
