[01m[K/home/steven/Documents/IIIIIIIII_TEST/command_endeffector_cartesian/src/ur5_endeffector_cartesian/src/ur5_ros2_cartesian.cpp:[m[K In lambda function:
[01m[K/home/steven/Documents/IIIIIIIII_TEST/command_endeffector_cartesian/src/ur5_endeffector_cartesian/src/ur5_ros2_cartesian.cpp:104:50:[m[K [01;31m[Kerror: [m[Kâ€˜[01m[Kclass moveit::core::MoveItErrorCode[m[Kâ€™ has no member named â€˜[01m[Kwait_for[m[Kâ€™
  104 |       while (rclcpp::ok() && !move_result_future.[01;31m[Kwait_for[m[K(std::chrono::milliseconds(1)) == std::future_status::ready) {
      |                                                  [01;31m[K^~~~~~~~[m[K
[01m[K/home/steven/Documents/IIIIIIIII_TEST/command_endeffector_cartesian/src/ur5_endeffector_cartesian/src/ur5_ros2_cartesian.cpp:108:30:[m[K [01;31m[Kerror: [m[Kâ€˜[01m[Kclass moveit::core::MoveItErrorCode[m[Kâ€™ has no member named â€˜[01m[Kget[m[Kâ€™
  108 |       if (move_result_future.[01;31m[Kget[m[K() != moveit::core::MoveItErrorCode::SUCCESS) {
      |                              [01;31m[K^~~[m[K
gmake[2]: *** [CMakeFiles/ur5_ros2_cartesian.dir/build.make:76ï¼šCMakeFiles/ur5_ros2_cartesian.dir/src/ur5_ros2_cartesian.cpp.o] éŒ¯èª¤ 1
gmake[1]: *** [CMakeFiles/Makefile2:137ï¼šCMakeFiles/ur5_ros2_cartesian.dir/all] éŒ¯èª¤ 2
gmake: *** [Makefile:146ï¼šall] éŒ¯èª¤ 2
