[0.008s] Invoking command in '/home/steven/Documents/IIIIIIIII_TEST/command_endeffector_cartesian/build/ur5_endeffector_cartesian': CMAKE_PREFIX_PATH=${CMAKE_PREFIX_PATH}:/home/steven/ws_moveit2/install/moveit_configs_utils:/home/steven/ws_moveit2/install/launch_param_builder:/opt/ros/humble /usr/bin/cmake --build /home/steven/Documents/IIIIIIIII_TEST/command_endeffector_cartesian/build/ur5_endeffector_cartesian -- -j32 -l32
[0.053s] [35m[1mConsolidate compiler generated dependencies of target ur5_ros2_cartesian[0m
[0.071s] [ 50%] [32mBuilding CXX object CMakeFiles/ur5_ros2_cartesian.dir/src/ur5_ros2_cartesian.cpp.o[0m
[3.627s] [01m[K/home/steven/Documents/IIIIIIIII_TEST/command_endeffector_cartesian/src/ur5_endeffector_cartesian/src/ur5_ros2_cartesian.cpp:[m[K In lambda function:
[3.627s] [01m[K/home/steven/Documents/IIIIIIIII_TEST/command_endeffector_cartesian/src/ur5_endeffector_cartesian/src/ur5_ros2_cartesian.cpp:104:50:[m[K [01;31m[Kerror: [m[Kâ€˜[01m[Kclass moveit::core::MoveItErrorCode[m[Kâ€™ has no member named â€˜[01m[Kwait_for[m[Kâ€™
[3.627s]   104 |       while (rclcpp::ok() && !move_result_future.[01;31m[Kwait_for[m[K(std::chrono::milliseconds(1)) == std::future_status::ready) {
[3.627s]       |                                                  [01;31m[K^~~~~~~~[m[K
[3.627s] [01m[K/home/steven/Documents/IIIIIIIII_TEST/command_endeffector_cartesian/src/ur5_endeffector_cartesian/src/ur5_ros2_cartesian.cpp:108:30:[m[K [01;31m[Kerror: [m[Kâ€˜[01m[Kclass moveit::core::MoveItErrorCode[m[Kâ€™ has no member named â€˜[01m[Kget[m[Kâ€™
[3.627s]   108 |       if (move_result_future.[01;31m[Kget[m[K() != moveit::core::MoveItErrorCode::SUCCESS) {
[3.627s]       |                              [01;31m[K^~~[m[K
[5.704s] gmake[2]: *** [CMakeFiles/ur5_ros2_cartesian.dir/build.make:76ï¼šCMakeFiles/ur5_ros2_cartesian.dir/src/ur5_ros2_cartesian.cpp.o] éŒ¯èª¤ 1
[5.704s] gmake[1]: *** [CMakeFiles/Makefile2:137ï¼šCMakeFiles/ur5_ros2_cartesian.dir/all] éŒ¯èª¤ 2
[5.705s] gmake: *** [Makefile:146ï¼šall] éŒ¯èª¤ 2
[5.706s] Invoked command in '/home/steven/Documents/IIIIIIIII_TEST/command_endeffector_cartesian/build/ur5_endeffector_cartesian' returned '2': CMAKE_PREFIX_PATH=${CMAKE_PREFIX_PATH}:/home/steven/ws_moveit2/install/moveit_configs_utils:/home/steven/ws_moveit2/install/launch_param_builder:/opt/ros/humble /usr/bin/cmake --build /home/steven/Documents/IIIIIIIII_TEST/command_endeffector_cartesian/build/ur5_endeffector_cartesian -- -j32 -l32
