[0.010s] Invoking command in '/home/steven/ros2_ws/src/first_stage/build/first_stage_endeffector': CMAKE_PREFIX_PATH=${CMAKE_PREFIX_PATH}:/home/steven/ros2_ws/src/first_stage/install/first_stage_rg2:/home/steven/ws_moveit2/install/moveit_configs_utils:/home/steven/ws_moveit2/install/launch_param_builder:/opt/ros/humble /usr/bin/cmake --build /home/steven/ros2_ws/src/first_stage/build/first_stage_endeffector -- -j32 -l32
[0.049s] [35m[1mConsolidate compiler generated dependencies of target first_stage_endeffector[0m
[0.068s] [ 50%] [32mBuilding CXX object CMakeFiles/first_stage_endeffector.dir/src/first_stage_endeffector.cpp.o[0m
[4.319s] [01m[K/home/steven/ros2_ws/src/first_stage/src/first_stage_endeffector/src/first_stage_endeffector.cpp:[m[K In constructor â€˜[01m[KRobotController::RobotController()[m[Kâ€™:
[4.319s] [01m[K/home/steven/ros2_ws/src/first_stage/src/first_stage_endeffector/src/first_stage_endeffector.cpp:34:5:[m[K [01;31m[Kerror: [m[Kâ€˜[01m[Kgripper_publisher[m[Kâ€™ was not declared in this scope; did you mean â€˜[01m[Kcreate_publisher[m[Kâ€™?
[4.319s]    34 |     [01;31m[Kgripper_publisher[m[K = this->create_publisher<std_msgs::msg::Int32MultiArray>("custom_gripper", 10);
[4.320s]       |     [01;31m[K^~~~~~~~~~~~~~~~~[m[K
[4.320s]       |     [32m[Kcreate_publisher[m[K
[4.331s] [01m[K/home/steven/ros2_ws/src/first_stage/src/first_stage_endeffector/src/first_stage_endeffector.cpp:36:5:[m[K [01;31m[Kerror: [m[Kâ€˜[01m[Kgrasp_status_client[m[Kâ€™ was not declared in this scope
[4.331s]    36 |     [01;31m[Kgrasp_status_client[m[K = this->create_client<std_srvs::srv::Trigger>("get_grasp_status");
[4.331s]       |     [01;31m[K^~~~~~~~~~~~~~~~~~~[m[K
[4.367s] [01m[K/home/steven/ros2_ws/src/first_stage/src/first_stage_endeffector/src/first_stage_endeffector.cpp:37:91:[m[K [01;31m[Kerror: [m[Kno match for â€˜[01m[Koperator=[m[Kâ€™ (operand types are â€˜[01m[Krclcpp::Publisher<std_msgs::msg::Int32MultiArray_<std::allocator<void> > >::SharedPtr[m[Kâ€™ {aka â€˜[01m[Kstd::shared_ptr<rclcpp::Publisher<std_msgs::msg::Int32MultiArray_<std::allocator<void> > > >[m[Kâ€™} and â€˜[01m[Krclcpp::Client<std_srvs::srv::Trigger>::SharedPtr[m[Kâ€™ {aka â€˜[01m[Kstd::shared_ptr<rclcpp::Client<std_srvs::srv::Trigger> >[m[Kâ€™})
[4.367s]    37 |     gripper_width_client = this->create_client<std_srvs::srv::Trigger>("get_gripper_width"[01;31m[K)[m[K;
[4.367s]       |                                                                                           [01;31m[K^[m[K
[4.367s] In file included from [01m[K/usr/include/c++/11/memory:77[m[K,
[4.367s]                  from [01m[K/opt/ros/humble/include/rclcpp/rclcpp/rclcpp.hpp:153[m[K,
[4.367s]                  from [01m[K/home/steven/ros2_ws/src/first_stage/src/first_stage_endeffector/src/first_stage_endeffector.cpp:1[m[K:
[4.367s] [01m[K/usr/include/c++/11/bits/shared_ptr.h:363:9:[m[K [01;36m[Knote: [m[Kcandidate: â€˜[01m[Ktemplate<class _Yp> std::shared_ptr<_Tp>::_Assignable<const std::shared_ptr<_Yp>&> std::shared_ptr<_Tp>::operator=(const std::shared_ptr<_Yp>&) [with _Yp = _Yp; _Tp = rclcpp::Publisher<std_msgs::msg::Int32MultiArray_<std::allocator<void> > >][m[Kâ€™
[4.367s]   363 |         [01;36m[Koperator[m[K=(const shared_ptr<_Yp>& __r) noexcept
[4.367s]       |         [01;36m[K^~~~~~~~[m[K
[4.367s] [01m[K/usr/include/c++/11/bits/shared_ptr.h:363:9:[m[K [01;36m[Knote: [m[K  template argument deduction/substitution failed:
[4.368s] /usr/include/c++/11/bits/shared_ptr.h: In substitution of â€˜[01m[Ktemplate<class _Tp> template<class _Arg> using _Assignable = typename std::enable_if<std::is_assignable<std::__shared_ptr<_Tp>&, _Arg>::value, std::shared_ptr<_Tp>&>::type [with _Arg = const std::shared_ptr<rclcpp::Client<std_srvs::srv::Trigger> >&; _Tp = rclcpp::Publisher<std_msgs::msg::Int32MultiArray_<std::allocator<void> > >][m[Kâ€™:
[4.368s] [01m[K/usr/include/c++/11/bits/shared_ptr.h:363:2:[m[K   required by substitution of â€˜[01m[Ktemplate<class _Yp> std::shared_ptr<rclcpp::Publisher<std_msgs::msg::Int32MultiArray_<std::allocator<void> > > >::_Assignable<const std::shared_ptr<_Tp>&> std::shared_ptr<rclcpp::Publisher<std_msgs::msg::Int32MultiArray_<std::allocator<void> > > >::operator=<_Yp>(const std::shared_ptr<_Tp>&) [with _Yp = rclcpp::Client<std_srvs::srv::Trigger>][m[Kâ€™
[4.368s] [01m[K/home/steven/ros2_ws/src/first_stage/src/first_stage_endeffector/src/first_stage_endeffector.cpp:37:91:[m[K   required from here
[4.368s] [01m[K/usr/include/c++/11/bits/shared_ptr.h:130:15:[m[K [01;31m[Kerror: [m[Kno type named â€˜[01m[Ktype[m[Kâ€™ in â€˜[01m[Kstruct std::enable_if<false, std::shared_ptr<rclcpp::Publisher<std_msgs::msg::Int32MultiArray_<std::allocator<void> > > >&>[m[Kâ€™
[4.368s]   130 |         using [01;31m[K_Assignable[m[K = typename enable_if<
[4.368s]       |               [01;31m[K^~~~~~~~~~~[m[K
[4.368s] [01m[K/usr/include/c++/11/bits/shared_ptr.h:374:9:[m[K [01;36m[Knote: [m[Kcandidate: â€˜[01m[Ktemplate<class _Yp> std::shared_ptr<_Tp>::_Assignable<std::auto_ptr<_Up> > std::shared_ptr<_Tp>::operator=(std::auto_ptr<_Up>&&) [with _Yp = _Yp; _Tp = rclcpp::Publisher<std_msgs::msg::Int32MultiArray_<std::allocator<void> > >][m[Kâ€™
[4.368s]   374 |         [01;36m[Koperator[m[K=(auto_ptr<_Yp>&& __r)
[4.368s]       |         [01;36m[K^~~~~~~~[m[K
[4.368s] [01m[K/usr/include/c++/11/bits/shared_ptr.h:374:9:[m[K [01;36m[Knote: [m[K  template argument deduction/substitution failed:
[4.368s] [01m[K/home/steven/ros2_ws/src/first_stage/src/first_stage_endeffector/src/first_stage_endeffector.cpp:37:91:[m[K [01;36m[Knote: [m[K  â€˜[01m[Krclcpp::Client<std_srvs::srv::Trigger>::SharedPtr[m[Kâ€™ {aka â€˜[01m[Kstd::shared_ptr<rclcpp::Client<std_srvs::srv::Trigger> >[m[Kâ€™} is not derived from â€˜[01m[Kstd::auto_ptr<_Up>[m[Kâ€™
[4.368s]    37 |     gripper_width_client = this->create_client<std_srvs::srv::Trigger>("get_gripper_width"[01;36m[K)[m[K;
[4.368s]       |                                                                                           [01;36m[K^[m[K
[4.368s] In file included from [01m[K/usr/include/c++/11/memory:77[m[K,
[4.368s]                  from [01m[K/opt/ros/humble/include/rclcpp/rclcpp/rclcpp.hpp:153[m[K,
[4.368s]                  from [01m[K/home/steven/ros2_ws/src/first_stage/src/first_stage_endeffector/src/first_stage_endeffector.cpp:1[m[K:
[4.368s] [01m[K/usr/include/c++/11/bits/shared_ptr.h:391:9:[m[K [01;36m[Knote: [m[Kcandidate: â€˜[01m[Ktemplate<class _Yp> std::shared_ptr<_Tp>::_Assignable<std::shared_ptr<_Yp> > std::shared_ptr<_Tp>::operator=(std::shared_ptr<_Yp>&&) [with _Yp = _Yp; _Tp = rclcpp::Publisher<std_msgs::msg::Int32MultiArray_<std::allocator<void> > >][m[Kâ€™
[4.368s]   391 |         [01;36m[Koperator[m[K=(shared_ptr<_Yp>&& __r) noexcept
[4.368s]       |         [01;36m[K^~~~~~~~[m[K
[4.368s] [01m[K/usr/include/c++/11/bits/shared_ptr.h:391:9:[m[K [01;36m[Knote: [m[K  template argument deduction/substitution failed:
[4.368s] /usr/include/c++/11/bits/shared_ptr.h: In substitution of â€˜[01m[Ktemplate<class _Tp> template<class _Arg> using _Assignable = typename std::enable_if<std::is_assignable<std::__shared_ptr<_Tp>&, _Arg>::value, std::shared_ptr<_Tp>&>::type [with _Arg = std::shared_ptr<rclcpp::Client<std_srvs::srv::Trigger> >; _Tp = rclcpp::Publisher<std_msgs::msg::Int32MultiArray_<std::allocator<void> > >][m[Kâ€™:
[4.368s] [01m[K/usr/include/c++/11/bits/shared_ptr.h:391:2:[m[K   required by substitution of â€˜[01m[Ktemplate<class _Yp> std::shared_ptr<rclcpp::Publisher<std_msgs::msg::Int32MultiArray_<std::allocator<void> > > >::_Assignable<std::shared_ptr<_Tp> > std::shared_ptr<rclcpp::Publisher<std_msgs::msg::Int32MultiArray_<std::allocator<void> > > >::operator=<_Yp>(std::shared_ptr<_Tp>&&) [with _Yp = rclcpp::Client<std_srvs::srv::Trigger>][m[Kâ€™
[4.368s] [01m[K/home/steven/ros2_ws/src/first_stage/src/first_stage_endeffector/src/first_stage_endeffector.cpp:37:91:[m[K   required from here
[4.368s] [01m[K/usr/include/c++/11/bits/shared_ptr.h:130:15:[m[K [01;31m[Kerror: [m[Kno type named â€˜[01m[Ktype[m[Kâ€™ in â€˜[01m[Kstruct std::enable_if<false, std::shared_ptr<rclcpp::Publisher<std_msgs::msg::Int32MultiArray_<std::allocator<void> > > >&>[m[Kâ€™
[4.368s]   130 |         using [01;31m[K_Assignable[m[K = typename enable_if<
[4.368s]       |               [01;31m[K^~~~~~~~~~~[m[K
[4.368s] [01m[K/usr/include/c++/11/bits/shared_ptr.h:399:9:[m[K [01;36m[Knote: [m[Kcandidate: â€˜[01m[Ktemplate<class _Yp, class _Del> std::shared_ptr<_Tp>::_Assignable<std::unique_ptr<_Up, _Ep> > std::shared_ptr<_Tp>::operator=(std::unique_ptr<_Up, _Ep>&&) [with _Yp = _Yp; _Del = _Del; _Tp = rclcpp::Publisher<std_msgs::msg::Int32MultiArray_<std::allocator<void> > >][m[Kâ€™
[4.368s]   399 |         [01;36m[Koperator[m[K=(unique_ptr<_Yp, _Del>&& __r)
[4.368s]       |         [01;36m[K^~~~~~~~[m[K
[4.368s] [01m[K/usr/include/c++/11/bits/shared_ptr.h:399:9:[m[K [01;36m[Knote: [m[K  template argument deduction/substitution failed:
[4.368s] [01m[K/home/steven/ros2_ws/src/first_stage/src/first_stage_endeffector/src/first_stage_endeffector.cpp:37:91:[m[K [01;36m[Knote: [m[K  â€˜[01m[Krclcpp::Client<std_srvs::srv::Trigger>::SharedPtr[m[Kâ€™ {aka â€˜[01m[Kstd::shared_ptr<rclcpp::Client<std_srvs::srv::Trigger> >[m[Kâ€™} is not derived from â€˜[01m[Kstd::unique_ptr<_Tp, _Dp>[m[Kâ€™
[4.368s]    37 |     gripper_width_client = this->create_client<std_srvs::srv::Trigger>("get_gripper_width"[01;36m[K)[m[K;
[4.368s]       |                                                                                           [01;36m[K^[m[K
[4.368s] In file included from [01m[K/usr/include/c++/11/memory:77[m[K,
[4.368s]                  from [01m[K/opt/ros/humble/include/rclcpp/rclcpp/rclcpp.hpp:153[m[K,
[4.368s]                  from [01m[K/home/steven/ros2_ws/src/first_stage/src/first_stage_endeffector/src/first_stage_endeffector.cpp:1[m[K:
[4.368s] [01m[K/usr/include/c++/11/bits/shared_ptr.h:359:19:[m[K [01;36m[Knote: [m[Kcandidate: â€˜[01m[Kstd::shared_ptr<_Tp>& std::shared_ptr<_Tp>::operator=(const std::shared_ptr<_Tp>&) [with _Tp = rclcpp::Publisher<std_msgs::msg::Int32MultiArray_<std::allocator<void> > >][m[Kâ€™
[4.368s]   359 |       shared_ptr& [01;36m[Koperator[m[K=(const shared_ptr&) noexcept = default;
[4.368s]       |                   [01;36m[K^~~~~~~~[m[K
[4.369s] [01m[K/usr/include/c++/11/bits/shared_ptr.h:359:29:[m[K [01;36m[Knote: [m[K  no known conversion for argument 1 from â€˜[01m[Krclcpp::Client<std_srvs::srv::Trigger>::SharedPtr[m[Kâ€™ {aka â€˜[01m[Kstd::shared_ptr<rclcpp::Client<std_srvs::srv::Trigger> >[m[Kâ€™} to â€˜[01m[Kconst std::shared_ptr<rclcpp::Publisher<std_msgs::msg::Int32MultiArray_<std::allocator<void> > > >&[m[Kâ€™
[4.369s]   359 |       shared_ptr& operator=([01;36m[Kconst shared_ptr&[m[K) noexcept = default;
[4.369s]       |                             [01;36m[K^~~~~~~~~~~~~~~~~[m[K
[4.369s] [01m[K/usr/include/c++/11/bits/shared_ptr.h:383:7:[m[K [01;36m[Knote: [m[Kcandidate: â€˜[01m[Kstd::shared_ptr<_Tp>& std::shared_ptr<_Tp>::operator=(std::shared_ptr<_Tp>&&) [with _Tp = rclcpp::Publisher<std_msgs::msg::Int32MultiArray_<std::allocator<void> > >][m[Kâ€™
[4.369s]   383 |       [01;36m[Koperator[m[K=(shared_ptr&& __r) noexcept
[4.369s]       |       [01;36m[K^~~~~~~~[m[K
[4.369s] [01m[K/usr/include/c++/11/bits/shared_ptr.h:383:30:[m[K [01;36m[Knote: [m[K  no known conversion for argument 1 from â€˜[01m[Krclcpp::Client<std_srvs::srv::Trigger>::SharedPtr[m[Kâ€™ {aka â€˜[01m[Kstd::shared_ptr<rclcpp::Client<std_srvs::srv::Trigger> >[m[Kâ€™} to â€˜[01m[Kstd::shared_ptr<rclcpp::Publisher<std_msgs::msg::Int32MultiArray_<std::allocator<void> > > >&&[m[Kâ€™
[4.369s]   383 |       operator=([01;36m[Kshared_ptr&& __r[m[K) noexcept
[4.369s]       |                 [01;36m[K~~~~~~~~~~~~~^~~[m[K
[4.393s] [01m[K/home/steven/ros2_ws/src/first_stage/src/first_stage_endeffector/src/first_stage_endeffector.cpp:[m[K In member function â€˜[01m[Kvoid RobotController::publishGripperCommand(int, int)[m[Kâ€™:
[4.393s] [01m[K/home/steven/ros2_ws/src/first_stage/src/first_stage_endeffector/src/first_stage_endeffector.cpp:274:5:[m[K [01;31m[Kerror: [m[Kâ€˜[01m[Kgripper_publisher[m[Kâ€™ was not declared in this scope; did you mean â€˜[01m[Kcreate_publisher[m[Kâ€™?
[4.393s]   274 |     [01;31m[Kgripper_publisher[m[K->publish(gripper_command);
[4.393s]       |     [01;31m[K^~~~~~~~~~~~~~~~~[m[K
[4.393s]       |     [32m[Kcreate_publisher[m[K
[4.405s] [01m[K/home/steven/ros2_ws/src/first_stage/src/first_stage_endeffector/src/first_stage_endeffector.cpp:[m[K In member function â€˜[01m[Kbool RobotController::checkGraspSuccess()[m[Kâ€™:
[4.405s] [01m[K/home/steven/ros2_ws/src/first_stage/src/first_stage_endeffector/src/first_stage_endeffector.cpp:306:26:[m[K [01;31m[Kerror: [m[Kâ€˜[01m[Kgrasp_status_client[m[Kâ€™ was not declared in this scope
[4.405s]   306 |     auto future_status = [01;31m[Kgrasp_status_client[m[K->async_send_request(request);
[4.405s]       |                          [01;31m[K^~~~~~~~~~~~~~~~~~~[m[K
[4.405s] [01m[K/home/steven/ros2_ws/src/first_stage/src/first_stage_endeffector/src/first_stage_endeffector.cpp:314:49:[m[K [01;31m[Kerror: [m[Kâ€˜[01m[Kusing element_type = class rclcpp::Publisher<std_msgs::msg::Int32MultiArray_<std::allocator<void> > >[m[Kâ€™ {aka â€˜[01m[Kclass rclcpp::Publisher<std_msgs::msg::Int32MultiArray_<std::allocator<void> > >[m[Kâ€™} has no member named â€˜[01m[Kasync_send_request[m[Kâ€™
[4.405s]   314 |       auto future_width = gripper_width_client->[01;31m[Kasync_send_request[m[K(width_request);
[4.405s]       |                                                 [01;31m[K^~~~~~~~~~~~~~~~~~[m[K
[8.842s] gmake[2]: *** [CMakeFiles/first_stage_endeffector.dir/build.make:76ï¼šCMakeFiles/first_stage_endeffector.dir/src/first_stage_endeffector.cpp.o] éŒ¯èª¤ 1
[8.842s] gmake[1]: *** [CMakeFiles/Makefile2:137ï¼šCMakeFiles/first_stage_endeffector.dir/all] éŒ¯èª¤ 2
[8.842s] gmake: *** [Makefile:146ï¼šall] éŒ¯èª¤ 2
[8.844s] Invoked command in '/home/steven/ros2_ws/src/first_stage/build/first_stage_endeffector' returned '2': CMAKE_PREFIX_PATH=${CMAKE_PREFIX_PATH}:/home/steven/ros2_ws/src/first_stage/install/first_stage_rg2:/home/steven/ws_moveit2/install/moveit_configs_utils:/home/steven/ws_moveit2/install/launch_param_builder:/opt/ros/humble /usr/bin/cmake --build /home/steven/ros2_ws/src/first_stage/build/first_stage_endeffector -- -j32 -l32
