[0.012s] Invoking command in '/home/steven/ros2_ws/src/first_stage/build/first_stage_endeffector': CMAKE_PREFIX_PATH=${CMAKE_PREFIX_PATH}:/home/steven/ros2_ws/src/first_stage/install/first_stage_rg2:/home/steven/ws_moveit2/install/moveit_configs_utils:/home/steven/ws_moveit2/install/launch_param_builder:/opt/ros/humble /usr/bin/cmake --build /home/steven/ros2_ws/src/first_stage/build/first_stage_endeffector -- -j32 -l32
[0.068s] [ 50%] [32mBuilding CXX object CMakeFiles/first_stage_endeffector.dir/src/first_stage_endeffector.cpp.o[0m
[4.278s] [01m[K/home/steven/ros2_ws/src/first_stage/src/first_stage_endeffector/src/first_stage_endeffector.cpp:330:18:[m[K [01;31m[Kerror: [m[Kâ€˜[01m[Kexample_interfaces[m[Kâ€™ was not declared in this scope; did you mean â€˜[01m[Krcl_interfaces[m[Kâ€™?
[4.278s]   330 |   rclcpp::Client<[01;31m[Kexample_interfaces[m[K::srv::GetFloat64>::SharedPtr gripper_width_client;
[4.278s]       |                  [01;31m[K^~~~~~~~~~~~~~~~~~[m[K
[4.278s]       |                  [32m[Krcl_interfaces[m[K
[4.278s] [01m[K/home/steven/ros2_ws/src/first_stage/src/first_stage_endeffector/src/first_stage_endeffector.cpp:330:53:[m[K [01;31m[Kerror: [m[Ktemplate argument 1 is invalid
[4.278s]   330 |   rclcpp::Client<example_interfaces::srv::GetFloat64[01;31m[K>[m[K::SharedPtr gripper_width_client;
[4.278s]       |                                                     [01;31m[K^[m[K
[4.278s] [01m[K/home/steven/ros2_ws/src/first_stage/src/first_stage_endeffector/src/first_stage_endeffector.cpp:330:56:[m[K [01;31m[Kerror: [m[Kexpected â€˜[01m[K;[m[Kâ€™ at end of member declaration
[4.278s]   330 |   rclcpp::Client<example_interfaces::srv::GetFloat64>::[01;31m[KSharedPtr[m[K gripper_width_client;
[4.278s]       |                                                        [01;31m[K^~~~~~~~~[m[K
[4.278s]       |                                                                 [32m[K;[m[K
[4.285s] [01m[K/home/steven/ros2_ws/src/first_stage/src/first_stage_endeffector/src/first_stage_endeffector.cpp:330:66:[m[K [01;31m[Kerror: [m[Kâ€˜[01m[Kgripper_width_client[m[Kâ€™ does not name a type
[4.285s]   330 |   rclcpp::Client<example_interfaces::srv::GetFloat64>::SharedPtr [01;31m[Kgripper_width_client[m[K;
[4.285s]       |                                                                  [01;31m[K^~~~~~~~~~~~~~~~~~~~[m[K
[4.305s] [01m[K/home/steven/ros2_ws/src/first_stage/src/first_stage_endeffector/src/first_stage_endeffector.cpp:[m[K In constructor â€˜[01m[KRobotController::RobotController()[m[Kâ€™:
[4.305s] [01m[K/home/steven/ros2_ws/src/first_stage/src/first_stage_endeffector/src/first_stage_endeffector.cpp:37:5:[m[K [01;31m[Kerror: [m[Kâ€˜[01m[Kgripper_width_client[m[Kâ€™ was not declared in this scope
[4.305s]    37 |     [01;31m[Kgripper_width_client[m[K = this->create_client<example_interfaces::srv::GetFloat64>("get_gripper_width");
[4.305s]       |     [01;31m[K^~~~~~~~~~~~~~~~~~~~[m[K
[4.314s] [01m[K/home/steven/ros2_ws/src/first_stage/src/first_stage_endeffector/src/first_stage_endeffector.cpp:37:48:[m[K [01;31m[Kerror: [m[Kâ€˜[01m[Kexample_interfaces[m[Kâ€™ was not declared in this scope; did you mean â€˜[01m[Krcl_interfaces[m[Kâ€™?
[4.314s]    37 |     gripper_width_client = this->create_client<[01;31m[Kexample_interfaces[m[K::srv::GetFloat64>("get_gripper_width");
[4.315s]       |                                                [01;31m[K^~~~~~~~~~~~~~~~~~[m[K
[4.315s]       |                                                [32m[Krcl_interfaces[m[K
[4.315s] [01m[K/home/steven/ros2_ws/src/first_stage/src/first_stage_endeffector/src/first_stage_endeffector.cpp:37:34:[m[K [01;31m[Kerror: [m[Kparse error in template argument list
[4.315s]    37 |     gripper_width_client = this->[01;31m[Kcreate_client<example_interfaces::srv::GetFloat64>[m[K("get_gripper_width");
[4.315s]       |                                  [01;31m[K^~~~~~~~~~~~~~~~~~~~~~~~~~~~~~~~~~~~~~~~~~~~~~~~~~[m[K
[4.315s] [01m[K/home/steven/ros2_ws/src/first_stage/src/first_stage_endeffector/src/first_stage_endeffector.cpp:37:84:[m[K [01;31m[Kerror: [m[Kno matching function for call to â€˜[01m[KRobotController::create_client<<expression error> >(const char [18])[m[Kâ€™
[4.315s]    37 |     gripper_width_client = [01;31m[Kthis->create_client<example_interfaces::srv::GetFloat64>("get_gripper_width")[m[K;
[4.315s]       |                            [01;31m[K~~~~~~~~~~~~~~~~~~~~~~~~~~~~~~~~~~~~~~~~~~~~~~~~~~~~~~~~^~~~~~~~~~~~~~~~~~~~~[m[K
[4.315s] In file included from [01m[K/opt/ros/humble/include/rclcpp/rclcpp/executors/single_threaded_executor.hpp:28[m[K,
[4.315s]                  from [01m[K/opt/ros/humble/include/rclcpp/rclcpp/executors.hpp:22[m[K,
[4.315s]                  from [01m[K/opt/ros/humble/include/rclcpp/rclcpp/rclcpp.hpp:155[m[K,
[4.315s]                  from [01m[K/home/steven/ros2_ws/src/first_stage/src/first_stage_endeffector/src/first_stage_endeffector.cpp:1[m[K:
[4.315s] [01m[K/opt/ros/humble/include/rclcpp/rclcpp/node.hpp:252:3:[m[K [01;36m[Knote: [m[Kcandidate: â€˜[01m[Ktemplate<class ServiceT> typename rclcpp::Client<ServiceT>::SharedPtr rclcpp::Node::create_client(const string&, const rmw_qos_profile_t&, rclcpp::CallbackGroup::SharedPtr)[m[Kâ€™
[4.315s]   252 |   [01;36m[Kcreate_client[m[K(
[4.315s]       |   [01;36m[K^~~~~~~~~~~~~[m[K
[4.315s] [01m[K/opt/ros/humble/include/rclcpp/rclcpp/node.hpp:252:3:[m[K [01;36m[Knote: [m[K  template argument deduction/substitution failed:
[4.315s] [01m[K/home/steven/ros2_ws/src/first_stage/src/first_stage_endeffector/src/first_stage_endeffector.cpp:37:84:[m[K [01;31m[Kerror: [m[Ktemplate argument 1 is invalid
[4.315s]    37 |     gripper_width_client = [01;31m[Kthis->create_client<example_interfaces::srv::GetFloat64>("get_gripper_width")[m[K;
[4.315s]       |                            [01;31m[K~~~~~~~~~~~~~~~~~~~~~~~~~~~~~~~~~~~~~~~~~~~~~~~~~~~~~~~~^~~~~~~~~~~~~~~~~~~~~[m[K
[4.346s] [01m[K/home/steven/ros2_ws/src/first_stage/src/first_stage_endeffector/src/first_stage_endeffector.cpp:[m[K In member function â€˜[01m[Kdouble RobotController::getCurrentGripperWidth()[m[Kâ€™:
[4.346s] [01m[K/home/steven/ros2_ws/src/first_stage/src/first_stage_endeffector/src/first_stage_endeffector.cpp:309:37:[m[K [01;31m[Kerror: [m[Kâ€˜[01m[Kexample_interfaces[m[Kâ€™ was not declared in this scope; did you mean â€˜[01m[Krcl_interfaces[m[Kâ€™?
[4.346s]   309 |     auto request = std::make_shared<[01;31m[Kexample_interfaces[m[K::srv::GetFloat64::Request>();
[4.346s]       |                                     [01;31m[K^~~~~~~~~~~~~~~~~~[m[K
[4.346s]       |                                     [32m[Krcl_interfaces[m[K
[4.346s] [01m[K/home/steven/ros2_ws/src/first_stage/src/first_stage_endeffector/src/first_stage_endeffector.cpp:309:25:[m[K [01;31m[Kerror: [m[Kparse error in template argument list
[4.346s]   309 |     auto request = std::[01;31m[Kmake_shared<example_interfaces::srv::GetFloat64::Request>[m[K();
[4.346s]       |                         [01;31m[K^~~~~~~~~~~~~~~~~~~~~~~~~~~~~~~~~~~~~~~~~~~~~~~~~~~~~~~~~[m[K
[4.346s] [01m[K/home/steven/ros2_ws/src/first_stage/src/first_stage_endeffector/src/first_stage_endeffector.cpp:309:82:[m[K [01;31m[Kerror: [m[Kno matching function for call to â€˜[01m[Kmake_shared<<expression error> >()[m[Kâ€™
[4.346s]   309 |     auto request = [01;31m[Kstd::make_shared<example_interfaces::srv::GetFloat64::Request>()[m[K;
[4.346s]       |                    [01;31m[K~~~~~~~~~~~~~~~~~~~~~~~~~~~~~~~~~~~~~~~~~~~~~~~~~~~~~~~~~~~~~~^~[m[K
[4.346s] In file included from [01m[K/usr/include/c++/11/memory:77[m[K,
[4.346s]                  from [01m[K/opt/ros/humble/include/rclcpp/rclcpp/rclcpp.hpp:153[m[K,
[4.346s]                  from [01m[K/home/steven/ros2_ws/src/first_stage/src/first_stage_endeffector/src/first_stage_endeffector.cpp:1[m[K:
[4.346s] [01m[K/usr/include/c++/11/bits/shared_ptr.h:875:5:[m[K [01;36m[Knote: [m[Kcandidate: â€˜[01m[Ktemplate<class _Tp, class ... _Args> std::shared_ptr<_Tp> std::make_shared(_Args&& ...)[m[Kâ€™
[4.346s]   875 |     [01;36m[Kmake_shared[m[K(_Args&&... __args)
[4.346s]       |     [01;36m[K^~~~~~~~~~~[m[K
[4.347s] [01m[K/usr/include/c++/11/bits/shared_ptr.h:875:5:[m[K [01;36m[Knote: [m[K  template argument deduction/substitution failed:
[4.347s] [01m[K/home/steven/ros2_ws/src/first_stage/src/first_stage_endeffector/src/first_stage_endeffector.cpp:309:82:[m[K [01;31m[Kerror: [m[Ktemplate argument 1 is invalid
[4.347s]   309 |     auto request = [01;31m[Kstd::make_shared<example_interfaces::srv::GetFloat64::Request>()[m[K;
[4.347s]       |                    [01;31m[K~~~~~~~~~~~~~~~~~~~~~~~~~~~~~~~~~~~~~~~~~~~~~~~~~~~~~~~~~~~~~~^~[m[K
[4.358s] [01m[K/home/steven/ros2_ws/src/first_stage/src/first_stage_endeffector/src/first_stage_endeffector.cpp:310:19:[m[K [01;31m[Kerror: [m[Kâ€˜[01m[Kgripper_width_client[m[Kâ€™ was not declared in this scope
[4.358s]   310 |     auto future = [01;31m[Kgripper_width_client[m[K->async_send_request(request);
[4.358s]       |                   [01;31m[K^~~~~~~~~~~~~~~~~~~~[m[K
[8.701s] gmake[2]: *** [CMakeFiles/first_stage_endeffector.dir/build.make:76ï¼šCMakeFiles/first_stage_endeffector.dir/src/first_stage_endeffector.cpp.o] éŒ¯èª¤ 1
[8.701s] gmake[1]: *** [CMakeFiles/Makefile2:137ï¼šCMakeFiles/first_stage_endeffector.dir/all] éŒ¯èª¤ 2
[8.701s] gmake: *** [Makefile:146ï¼šall] éŒ¯èª¤ 2
[8.703s] Invoked command in '/home/steven/ros2_ws/src/first_stage/build/first_stage_endeffector' returned '2': CMAKE_PREFIX_PATH=${CMAKE_PREFIX_PATH}:/home/steven/ros2_ws/src/first_stage/install/first_stage_rg2:/home/steven/ws_moveit2/install/moveit_configs_utils:/home/steven/ws_moveit2/install/launch_param_builder:/opt/ros/humble /usr/bin/cmake --build /home/steven/ros2_ws/src/first_stage/build/first_stage_endeffector -- -j32 -l32
