[0.010s] Invoking command in '/home/steven/ros2_ws/src/first_stage/build/first_stage_endeffector': CMAKE_PREFIX_PATH=${CMAKE_PREFIX_PATH}:/home/steven/ros2_ws/src/first_stage/install/first_stage_rg2:/home/steven/ws_moveit2/install/moveit_configs_utils:/home/steven/ws_moveit2/install/launch_param_builder:/opt/ros/humble /usr/bin/cmake --build /home/steven/ros2_ws/src/first_stage/build/first_stage_endeffector -- -j32 -l32
[0.067s] [ 50%] [32mBuilding CXX object CMakeFiles/first_stage_endeffector.dir/src/first_stage_endeffector.cpp.o[0m
[4.134s] [01m[K/home/steven/ros2_ws/src/first_stage/src/first_stage_endeffector/src/first_stage_endeffector.cpp:187:51:[m[K [01;31m[Kerror: [m[Kâ€˜[01m[KBool[m[Kâ€™ in namespace â€˜[01m[Kstd_msgs::msg[m[Kâ€™ does not name a type
[4.134s]   187 |   void gripperStatusCallback(const std_msgs::msg::[01;31m[KBool[m[K::SharedPtr msg)
[4.134s]       |                                                   [01;31m[K^~~~[m[K
[4.134s] [01m[K/home/steven/ros2_ws/src/first_stage/src/first_stage_endeffector/src/first_stage_endeffector.cpp:187:67:[m[K [01;31m[Kerror: [m[Kexpected unqualified-id before â€˜[01m[Kmsg[m[Kâ€™
[4.134s]   187 |   void gripperStatusCallback(const std_msgs::msg::Bool::SharedPtr [01;31m[Kmsg[m[K)
[4.134s]       |                                                                   [01;31m[K^~~[m[K
[4.134s] [01m[K/home/steven/ros2_ws/src/first_stage/src/first_stage_endeffector/src/first_stage_endeffector.cpp:187:66:[m[K [01;31m[Kerror: [m[Kexpected â€˜[01m[K)[m[Kâ€™ before â€˜[01m[Kmsg[m[Kâ€™
[4.134s]   187 |   void gripperStatusCallback[34m[K([m[Kconst std_msgs::msg::Bool::SharedPtr[01;31m[K [m[K[32m[Kmsg[m[K)
[4.134s]       |                             [34m[K~[m[K                                    [01;31m[K^[m[K[32m[K~~~[m[K
[4.134s]       |                                                                  [32m[K)[m[K
[4.134s] [01m[K/home/steven/ros2_ws/src/first_stage/src/first_stage_endeffector/src/first_stage_endeffector.cpp:187:57:[m[K [01;31m[Kerror: [m[Kexpected â€˜[01m[K;[m[Kâ€™ at end of member declaration
[4.134s]   187 |   void gripperStatusCallback(const std_msgs::msg::Bool::[01;31m[KSharedPtr[m[K msg)
[4.134s]       |                                                         [01;31m[K^~~~~~~~~[m[K
[4.134s]       |                                                                  [32m[K;[m[K
[4.135s] [01m[K/home/steven/ros2_ws/src/first_stage/src/first_stage_endeffector/src/first_stage_endeffector.cpp:187:67:[m[K [01;31m[Kerror: [m[Kâ€˜[01m[Kmsg[m[Kâ€™ does not name a type
[4.135s]   187 |   void gripperStatusCallback(const std_msgs::msg::Bool::SharedPtr [01;31m[Kmsg[m[K)
[4.135s]       |                                                                   [01;31m[K^~~[m[K
[4.217s] [01m[K/home/steven/ros2_ws/src/first_stage/src/first_stage_endeffector/src/first_stage_endeffector.cpp:313:39:[m[K [01;31m[Kerror: [m[Kâ€˜[01m[KBool[m[Kâ€™ is not a member of â€˜[01m[Kstd_msgs::msg[m[Kâ€™
[4.217s]   313 |   rclcpp::Subscription<std_msgs::msg::[01;31m[KBool[m[K>::SharedPtr gripper_status_subscription;
[4.217s]       |                                       [01;31m[K^~~~[m[K
[4.217s] [01m[K/home/steven/ros2_ws/src/first_stage/src/first_stage_endeffector/src/first_stage_endeffector.cpp:313:43:[m[K [01;31m[Kerror: [m[Ktemplate argument 1 is invalid
[4.217s]   313 |   rclcpp::Subscription<std_msgs::msg::Bool[01;31m[K>[m[K::SharedPtr gripper_status_subscription;
[4.217s]       |                                           [01;31m[K^[m[K
[4.217s] [01m[K/home/steven/ros2_ws/src/first_stage/src/first_stage_endeffector/src/first_stage_endeffector.cpp:313:43:[m[K [01;31m[Kerror: [m[Ktemplate argument 3 is invalid
[4.217s] [01m[K/home/steven/ros2_ws/src/first_stage/src/first_stage_endeffector/src/first_stage_endeffector.cpp:313:43:[m[K [01;31m[Kerror: [m[Ktemplate argument 4 is invalid
[4.217s] [01m[K/home/steven/ros2_ws/src/first_stage/src/first_stage_endeffector/src/first_stage_endeffector.cpp:313:43:[m[K [01;31m[Kerror: [m[Ktemplate argument 5 is invalid
[4.217s] [01m[K/home/steven/ros2_ws/src/first_stage/src/first_stage_endeffector/src/first_stage_endeffector.cpp:313:46:[m[K [01;31m[Kerror: [m[Kexpected â€˜[01m[K;[m[Kâ€™ at end of member declaration
[4.217s]   313 |   rclcpp::Subscription<std_msgs::msg::Bool>::[01;31m[KSharedPtr[m[K gripper_status_subscription;
[4.218s]       |                                              [01;31m[K^~~~~~~~~[m[K
[4.218s]       |                                                       [32m[K;[m[K
[4.226s] [01m[K/home/steven/ros2_ws/src/first_stage/src/first_stage_endeffector/src/first_stage_endeffector.cpp:313:56:[m[K [01;31m[Kerror: [m[Kâ€˜[01m[Kgripper_status_subscription[m[Kâ€™ does not name a type
[4.226s]   313 |   rclcpp::Subscription<std_msgs::msg::Bool>::SharedPtr [01;31m[Kgripper_status_subscription[m[K;
[4.226s]       |                                                        [01;31m[K^~~~~~~~~~~~~~~~~~~~~~~~~~~[m[K
[4.250s] [01m[K/home/steven/ros2_ws/src/first_stage/src/first_stage_endeffector/src/first_stage_endeffector.cpp:[m[K In constructor â€˜[01m[KRobotController::RobotController()[m[Kâ€™:
[4.250s] [01m[K/home/steven/ros2_ws/src/first_stage/src/first_stage_endeffector/src/first_stage_endeffector.cpp:37:5:[m[K [01;31m[Kerror: [m[Kâ€˜[01m[Kgripper_status_subscription[m[Kâ€™ was not declared in this scope; did you mean â€˜[01m[Korientation_subscription[m[Kâ€™?
[4.250s]    37 |     [01;31m[Kgripper_status_subscription[m[K = this->create_subscription<std_msgs::msg::Bool>(
[4.250s]       |     [01;31m[K^~~~~~~~~~~~~~~~~~~~~~~~~~~[m[K
[4.250s]       |     [32m[Korientation_subscription[m[K
[4.251s] [01m[K/home/steven/ros2_ws/src/first_stage/src/first_stage_endeffector/src/first_stage_endeffector.cpp:37:76:[m[K [01;31m[Kerror: [m[Kâ€˜[01m[KBool[m[Kâ€™ is not a member of â€˜[01m[Kstd_msgs::msg[m[Kâ€™
[4.251s]    37 |     gripper_status_subscription = this->create_subscription<std_msgs::msg::[01;31m[KBool[m[K>(
[4.251s]       |                                                                            [01;31m[K^~~~[m[K
[4.253s] [01m[K/home/steven/ros2_ws/src/first_stage/src/first_stage_endeffector/src/first_stage_endeffector.cpp:37:81:[m[K [01;31m[Kerror: [m[Kno matching function for call to â€˜[01m[KRobotController::create_subscription<<expression error> >(const char [16], int, std::_Bind_helper<false, void (RobotController::*)(...), RobotController*, const std::_Placeholder<1>&>::type)[m[Kâ€™
[4.253s]    37 |     gripper_status_subscription = [01;31m[Kthis->create_subscription<std_msgs::msg::Bool>([m[K
[4.253s]       |                                   [01;31m[K~~~~~~~~~~~~~~~~~~~~~~~~~~~~~~~~~~~~~~~~~~~~~~^[m[K
[4.253s]    38 | [01;31m[K      "/gripper_status", 10,[m[K
[4.253s]       |       [01;31m[K~~~~~~~~~~~~~~~~~~~~~~[m[K                                                     
[4.253s]    39 | [01;31m[K      std::bind(&RobotController::gripperStatusCallback, this, std::placeholders::_1))[m[K;
[4.253s]       |       [01;31m[K~~~~~~~~~~~~~~~~~~~~~~~~~~~~~~~~~~~~~~~~~~~~~~~~~~~~~~~~~~~~~~~~~~~~~~~~~~~~~~~~[m[K
[4.253s] In file included from [01m[K/opt/ros/humble/include/rclcpp/rclcpp/node.hpp:1321[m[K,
[4.253s]                  from [01m[K/opt/ros/humble/include/rclcpp/rclcpp/executors/single_threaded_executor.hpp:28[m[K,
[4.253s]                  from [01m[K/opt/ros/humble/include/rclcpp/rclcpp/executors.hpp:22[m[K,
[4.253s]                  from [01m[K/opt/ros/humble/include/rclcpp/rclcpp/rclcpp.hpp:155[m[K,
[4.253s]                  from [01m[K/home/steven/ros2_ws/src/first_stage/src/first_stage_endeffector/src/first_stage_endeffector.cpp:1[m[K:
[4.253s] [01m[K/opt/ros/humble/include/rclcpp/rclcpp/node_impl.hpp:92:1:[m[K [01;36m[Knote: [m[Kcandidate: â€˜[01m[Ktemplate<class MessageT, class CallbackT, class AllocatorT, class SubscriptionT, class MessageMemoryStrategyT> std::shared_ptr<ROSMessageT> rclcpp::Node::create_subscription(const string&, const rclcpp::QoS&, CallbackT&&, const rclcpp::SubscriptionOptionsWithAllocator<AllocatorT>&, typename MessageMemoryStrategyT::SharedPtr)[m[Kâ€™
[4.253s]    92 | [01;36m[KNode[m[K::create_subscription(
[4.253s]       | [01;36m[K^~~~[m[K
[4.253s] [01m[K/opt/ros/humble/include/rclcpp/rclcpp/node_impl.hpp:92:1:[m[K [01;36m[Knote: [m[K  template argument deduction/substitution failed:
[4.253s] [01m[K/home/steven/ros2_ws/src/first_stage/src/first_stage_endeffector/src/first_stage_endeffector.cpp:37:81:[m[K [01;31m[Kerror: [m[Ktemplate argument 1 is invalid
[4.253s]    37 |     gripper_status_subscription = [01;31m[Kthis->create_subscription<std_msgs::msg::Bool>([m[K
[4.253s]       |                                   [01;31m[K~~~~~~~~~~~~~~~~~~~~~~~~~~~~~~~~~~~~~~~~~~~~~~^[m[K
[4.253s]    38 | [01;31m[K      "/gripper_status", 10,[m[K
[4.253s]       |       [01;31m[K~~~~~~~~~~~~~~~~~~~~~~[m[K                                                     
[4.253s]    39 | [01;31m[K      std::bind(&RobotController::gripperStatusCallback, this, std::placeholders::_1))[m[K;
[4.253s]       |       [01;31m[K~~~~~~~~~~~~~~~~~~~~~~~~~~~~~~~~~~~~~~~~~~~~~~~~~~~~~~~~~~~~~~~~~~~~~~~~~~~~~~~~[m[K
[8.618s] gmake[2]: *** [CMakeFiles/first_stage_endeffector.dir/build.make:76ï¼šCMakeFiles/first_stage_endeffector.dir/src/first_stage_endeffector.cpp.o] éŒ¯èª¤ 1
[8.618s] gmake[1]: *** [CMakeFiles/Makefile2:137ï¼šCMakeFiles/first_stage_endeffector.dir/all] éŒ¯èª¤ 2
[8.618s] gmake: *** [Makefile:146ï¼šall] éŒ¯èª¤ 2
[8.620s] Invoked command in '/home/steven/ros2_ws/src/first_stage/build/first_stage_endeffector' returned '2': CMAKE_PREFIX_PATH=${CMAKE_PREFIX_PATH}:/home/steven/ros2_ws/src/first_stage/install/first_stage_rg2:/home/steven/ws_moveit2/install/moveit_configs_utils:/home/steven/ws_moveit2/install/launch_param_builder:/opt/ros/humble /usr/bin/cmake --build /home/steven/ros2_ws/src/first_stage/build/first_stage_endeffector -- -j32 -l32
