[0.008s] Invoking command in '/home/steven/ros2_ws/src/first_stage/src/first_stage_endeffector/build/first_stage_endeffector': CMAKE_PREFIX_PATH=${CMAKE_PREFIX_PATH}:/home/steven/ws_moveit2/install/moveit_configs_utils:/home/steven/ws_moveit2/install/launch_param_builder:/opt/ros/humble /usr/bin/cmake --build /home/steven/ros2_ws/src/first_stage/src/first_stage_endeffector/build/first_stage_endeffector -- -j32 -l32
[0.044s] [35m[1mConsolidate compiler generated dependencies of target first_stage_endeffector[0m
[0.059s] [ 50%] [32mBuilding CXX object CMakeFiles/first_stage_endeffector.dir/src/first_stage_endeffector.cpp.o[0m
[3.294s] [01m[K/home/steven/ros2_ws/src/first_stage/src/first_stage_endeffector/src/first_stage_endeffector.cpp:93:39:[m[K [01;31m[Kerror: [m[Kâ€˜[01m[KFloat64MultiArray[m[Kâ€™ is not a member of â€˜[01m[Kstd_msgs::msg[m[Kâ€™; did you mean â€˜[01m[KInt32MultiArray[m[Kâ€™?
[3.294s]    93 |   rclcpp::Subscription<std_msgs::msg::[01;31m[KFloat64MultiArray[m[K>::SharedPtr force_subscription_;
[3.294s]       |                                       [01;31m[K^~~~~~~~~~~~~~~~~[m[K
[3.294s]       |                                       [32m[KInt32MultiArray[m[K
[3.294s] [01m[K/home/steven/ros2_ws/src/first_stage/src/first_stage_endeffector/src/first_stage_endeffector.cpp:93:56:[m[K [01;31m[Kerror: [m[Ktemplate argument 1 is invalid
[3.294s]    93 |   rclcpp::Subscription<std_msgs::msg::Float64MultiArray[01;31m[K>[m[K::SharedPtr force_subscription_;
[3.294s]       |                                                        [01;31m[K^[m[K
[3.294s] [01m[K/home/steven/ros2_ws/src/first_stage/src/first_stage_endeffector/src/first_stage_endeffector.cpp:93:56:[m[K [01;31m[Kerror: [m[Ktemplate argument 3 is invalid
[3.294s] [01m[K/home/steven/ros2_ws/src/first_stage/src/first_stage_endeffector/src/first_stage_endeffector.cpp:93:56:[m[K [01;31m[Kerror: [m[Ktemplate argument 4 is invalid
[3.294s] [01m[K/home/steven/ros2_ws/src/first_stage/src/first_stage_endeffector/src/first_stage_endeffector.cpp:93:56:[m[K [01;31m[Kerror: [m[Ktemplate argument 5 is invalid
[3.294s] [01m[K/home/steven/ros2_ws/src/first_stage/src/first_stage_endeffector/src/first_stage_endeffector.cpp:93:59:[m[K [01;31m[Kerror: [m[Kexpected â€˜[01m[K;[m[Kâ€™ at end of member declaration
[3.294s]    93 |   rclcpp::Subscription<std_msgs::msg::Float64MultiArray>::[01;31m[KSharedPtr[m[K force_subscription_;
[3.294s]       |                                                           [01;31m[K^~~~~~~~~[m[K
[3.294s]       |                                                                    [32m[K;[m[K
[3.297s] [01m[K/home/steven/ros2_ws/src/first_stage/src/first_stage_endeffector/src/first_stage_endeffector.cpp:93:69:[m[K [01;31m[Kerror: [m[Kâ€˜[01m[Kforce_subscription_[m[Kâ€™ does not name a type; did you mean â€˜[01m[Krcl_subscription_t[m[Kâ€™?
[3.298s]    93 |   rclcpp::Subscription<std_msgs::msg::Float64MultiArray>::SharedPtr [01;31m[Kforce_subscription_[m[K;
[3.298s]       |                                                                     [01;31m[K^~~~~~~~~~~~~~~~~~~[m[K
[3.298s]       |                                                                     [32m[Krcl_subscription_t[m[K
[3.299s] [01m[K/home/steven/ros2_ws/src/first_stage/src/first_stage_endeffector/src/first_stage_endeffector.cpp:94:36:[m[K [01;31m[Kerror: [m[Kâ€˜[01m[KBool[m[Kâ€™ is not a member of â€˜[01m[Kstd_msgs::msg[m[Kâ€™
[3.299s]    94 |   rclcpp::Publisher<std_msgs::msg::[01;31m[KBool[m[K>::SharedPtr force_result_publisher_;
[3.299s]       |                                    [01;31m[K^~~~[m[K
[3.299s] [01m[K/home/steven/ros2_ws/src/first_stage/src/first_stage_endeffector/src/first_stage_endeffector.cpp:94:40:[m[K [01;31m[Kerror: [m[Ktemplate argument 1 is invalid
[3.299s]    94 |   rclcpp::Publisher<std_msgs::msg::Bool[01;31m[K>[m[K::SharedPtr force_result_publisher_;
[3.299s]       |                                        [01;31m[K^[m[K
[3.299s] [01m[K/home/steven/ros2_ws/src/first_stage/src/first_stage_endeffector/src/first_stage_endeffector.cpp:94:43:[m[K [01;31m[Kerror: [m[Kexpected â€˜[01m[K;[m[Kâ€™ at end of member declaration
[3.299s]    94 |   rclcpp::Publisher<std_msgs::msg::Bool>::[01;31m[KSharedPtr[m[K force_result_publisher_;
[3.299s]       |                                           [01;31m[K^~~~~~~~~[m[K
[3.299s]       |                                                    [32m[K;[m[K
[3.299s] [01m[K/home/steven/ros2_ws/src/first_stage/src/first_stage_endeffector/src/first_stage_endeffector.cpp:94:43:[m[K [01;31m[Kerror: [m[Kredeclaration of â€˜[01m[Kint RobotController::SharedPtr[m[Kâ€™
[3.299s] [01m[K/home/steven/ros2_ws/src/first_stage/src/first_stage_endeffector/src/first_stage_endeffector.cpp:93:59:[m[K [01;36m[Knote: [m[Kprevious declaration â€˜[01m[Kint RobotController::SharedPtr[m[Kâ€™
[3.299s]    93 |   rclcpp::Subscription<std_msgs::msg::Float64MultiArray>::[01;36m[KSharedPtr[m[K force_subscription_;
[3.299s]       |                                                           [01;36m[K^~~~~~~~~[m[K
[3.305s] [01m[K/home/steven/ros2_ws/src/first_stage/src/first_stage_endeffector/src/first_stage_endeffector.cpp:94:53:[m[K [01;31m[Kerror: [m[Kâ€˜[01m[Kforce_result_publisher_[m[Kâ€™ does not name a type
[3.305s]    94 |   rclcpp::Publisher<std_msgs::msg::Bool>::SharedPtr [01;31m[Kforce_result_publisher_[m[K;
[3.305s]       |                                                     [01;31m[K^~~~~~~~~~~~~~~~~~~~~~~[m[K
[3.305s] [01m[K/home/steven/ros2_ws/src/first_stage/src/first_stage_endeffector/src/first_stage_endeffector.cpp:306:43:[m[K [01;31m[Kerror: [m[Kâ€˜[01m[KFloat64MultiArray[m[Kâ€™ in namespace â€˜[01m[Kstd_msgs::msg[m[Kâ€™ does not name a type; did you mean â€˜[01m[KInt32MultiArray[m[Kâ€™?
[3.305s]   306 |   void forceCallback(const std_msgs::msg::[01;31m[KFloat64MultiArray[m[K::SharedPtr msg) {
[3.305s]       |                                           [01;31m[K^~~~~~~~~~~~~~~~~[m[K
[3.305s]       |                                           [32m[KInt32MultiArray[m[K
[3.305s] [01m[K/home/steven/ros2_ws/src/first_stage/src/first_stage_endeffector/src/first_stage_endeffector.cpp:306:72:[m[K [01;31m[Kerror: [m[Kexpected unqualified-id before â€˜[01m[Kmsg[m[Kâ€™
[3.305s]   306 |   void forceCallback(const std_msgs::msg::Float64MultiArray::SharedPtr [01;31m[Kmsg[m[K) {
[3.305s]       |                                                                        [01;31m[K^~~[m[K
[3.305s] [01m[K/home/steven/ros2_ws/src/first_stage/src/first_stage_endeffector/src/first_stage_endeffector.cpp:306:71:[m[K [01;31m[Kerror: [m[Kexpected â€˜[01m[K)[m[Kâ€™ before â€˜[01m[Kmsg[m[Kâ€™
[3.305s]   306 |   void forceCallback[34m[K([m[Kconst std_msgs::msg::Float64MultiArray::SharedPtr[01;31m[K [m[K[32m[Kmsg[m[K) {
[3.305s]       |                     [34m[K~[m[K                                                 [01;31m[K^[m[K[32m[K~~~[m[K
[3.305s]       |                                                                       [32m[K)[m[K
[3.305s] [01m[K/home/steven/ros2_ws/src/first_stage/src/first_stage_endeffector/src/first_stage_endeffector.cpp:306:62:[m[K [01;31m[Kerror: [m[Kexpected â€˜[01m[K;[m[Kâ€™ at end of member declaration
[3.305s]   306 |   void forceCallback(const std_msgs::msg::Float64MultiArray::[01;31m[KSharedPtr[m[K msg) {
[3.305s]       |                                                              [01;31m[K^~~~~~~~~[m[K
[3.305s]       |                                                                       [32m[K;[m[K
[3.306s] [01m[K/home/steven/ros2_ws/src/first_stage/src/first_stage_endeffector/src/first_stage_endeffector.cpp:306:72:[m[K [01;31m[Kerror: [m[Kâ€˜[01m[Kmsg[m[Kâ€™ does not name a type
[3.306s]   306 |   void forceCallback(const std_msgs::msg::Float64MultiArray::SharedPtr [01;31m[Kmsg[m[K) {
[3.306s]       |                                                                        [01;31m[K^~~[m[K
[3.326s] [01m[K/home/steven/ros2_ws/src/first_stage/src/first_stage_endeffector/src/first_stage_endeffector.cpp:[m[K In constructor â€˜[01m[KRobotController::RobotController()[m[Kâ€™:
[3.326s] [01m[K/home/steven/ros2_ws/src/first_stage/src/first_stage_endeffector/src/first_stage_endeffector.cpp:42:5:[m[K [01;31m[Kerror: [m[Kâ€˜[01m[Kforce_subscription_[m[Kâ€™ was not declared in this scope; did you mean â€˜[01m[Krcl_subscription_t[m[Kâ€™?
[3.326s]    42 |     [01;31m[Kforce_subscription_[m[K = this->create_subscription<std_msgs::msg::Float64MultiArray>(
[3.326s]       |     [01;31m[K^~~~~~~~~~~~~~~~~~~[m[K
[3.326s]       |     [32m[Krcl_subscription_t[m[K
[3.326s] [01m[K/home/steven/ros2_ws/src/first_stage/src/first_stage_endeffector/src/first_stage_endeffector.cpp:42:68:[m[K [01;31m[Kerror: [m[Kâ€˜[01m[KFloat64MultiArray[m[Kâ€™ is not a member of â€˜[01m[Kstd_msgs::msg[m[Kâ€™; did you mean â€˜[01m[KInt32MultiArray[m[Kâ€™?
[3.326s]    42 |     force_subscription_ = this->create_subscription<std_msgs::msg::[01;31m[KFloat64MultiArray[m[K>(
[3.326s]       |                                                                    [01;31m[K^~~~~~~~~~~~~~~~~[m[K
[3.326s]       |                                                                    [32m[KInt32MultiArray[m[K
[3.326s] [01m[K/home/steven/ros2_ws/src/first_stage/src/first_stage_endeffector/src/first_stage_endeffector.cpp:42:86:[m[K [01;31m[Kerror: [m[Kno matching function for call to â€˜[01m[KRobotController::create_subscription<<expression error> >(const char [13], int, std::_Bind_helper<false, void (RobotController::*)(...), RobotController*, const std::_Placeholder<1>&>::type)[m[Kâ€™
[3.326s]    42 |     force_subscription_ = [01;31m[Kthis->create_subscription<std_msgs::msg::Float64MultiArray>([m[K
[3.327s]       |                           [01;31m[K~~~~~~~~~~~~~~~~~~~~~~~~~~~~~~~~~~~~~~~~~~~~~~~~~~~~~~~~~~~^[m[K
[3.327s]    43 | [01;31m[K        "/sensor_data", 10,[m[K
[3.327s]       |         [01;31m[K~~~~~~~~~~~~~~~~~~~[m[K                                                           
[3.327s]    44 | [01;31m[K      std::bind(&RobotController::forceCallback, this, std::placeholders::_1))[m[K;
[3.327s]       |       [01;31m[K~~~~~~~~~~~~~~~~~~~~~~~~~~~~~~~~~~~~~~~~~~~~~~~~~~~~~~~~~~~~~~~~~~~~~~~~[m[K        
[3.327s] In file included from [01m[K/opt/ros/humble/include/rclcpp/rclcpp/node.hpp:1321[m[K,
[3.327s]                  from [01m[K/opt/ros/humble/include/rclcpp/rclcpp/executors/single_threaded_executor.hpp:28[m[K,
[3.327s]                  from [01m[K/opt/ros/humble/include/rclcpp/rclcpp/executors.hpp:22[m[K,
[3.327s]                  from [01m[K/opt/ros/humble/include/rclcpp/rclcpp/rclcpp.hpp:155[m[K,
[3.327s]                  from [01m[K/home/steven/ros2_ws/src/first_stage/src/first_stage_endeffector/src/first_stage_endeffector.cpp:1[m[K:
[3.327s] [01m[K/opt/ros/humble/include/rclcpp/rclcpp/node_impl.hpp:92:1:[m[K [01;36m[Knote: [m[Kcandidate: â€˜[01m[Ktemplate<class MessageT, class CallbackT, class AllocatorT, class SubscriptionT, class MessageMemoryStrategyT> std::shared_ptr<ROSMessageT> rclcpp::Node::create_subscription(const string&, const rclcpp::QoS&, CallbackT&&, const rclcpp::SubscriptionOptionsWithAllocator<AllocatorT>&, typename MessageMemoryStrategyT::SharedPtr)[m[Kâ€™
[3.327s]    92 | [01;36m[KNode[m[K::create_subscription(
[3.327s]       | [01;36m[K^~~~[m[K
[3.327s] [01m[K/opt/ros/humble/include/rclcpp/rclcpp/node_impl.hpp:92:1:[m[K [01;36m[Knote: [m[K  template argument deduction/substitution failed:
[3.327s] [01m[K/home/steven/ros2_ws/src/first_stage/src/first_stage_endeffector/src/first_stage_endeffector.cpp:42:86:[m[K [01;31m[Kerror: [m[Ktemplate argument 1 is invalid
[3.327s]    42 |     force_subscription_ = [01;31m[Kthis->create_subscription<std_msgs::msg::Float64MultiArray>([m[K
[3.327s]       |                           [01;31m[K~~~~~~~~~~~~~~~~~~~~~~~~~~~~~~~~~~~~~~~~~~~~~~~~~~~~~~~~~~~^[m[K
[3.327s]    43 | [01;31m[K        "/sensor_data", 10,[m[K
[3.327s]       |         [01;31m[K~~~~~~~~~~~~~~~~~~~[m[K                                                           
[3.327s]    44 | [01;31m[K      std::bind(&RobotController::forceCallback, this, std::placeholders::_1))[m[K;
[3.327s]       |       [01;31m[K~~~~~~~~~~~~~~~~~~~~~~~~~~~~~~~~~~~~~~~~~~~~~~~~~~~~~~~~~~~~~~~~~~~~~~~~[m[K        
[3.336s] [01m[K/home/steven/ros2_ws/src/first_stage/src/first_stage_endeffector/src/first_stage_endeffector.cpp:46:5:[m[K [01;31m[Kerror: [m[Kâ€˜[01m[Kforce_result_publisher_[m[Kâ€™ was not declared in this scope; did you mean â€˜[01m[Krcl_count_publishers[m[Kâ€™?
[3.336s]    46 |     [01;31m[Kforce_result_publisher_[m[K = this->create_publisher<std_msgs::msg::Bool>("force_change_result", 10);
[3.336s]       |     [01;31m[K^~~~~~~~~~~~~~~~~~~~~~~[m[K
[3.336s]       |     [32m[Krcl_count_publishers[m[K
[3.336s] [01m[K/home/steven/ros2_ws/src/first_stage/src/first_stage_endeffector/src/first_stage_endeffector.cpp:46:69:[m[K [01;31m[Kerror: [m[Kâ€˜[01m[KBool[m[Kâ€™ is not a member of â€˜[01m[Kstd_msgs::msg[m[Kâ€™
[3.336s]    46 |     force_result_publisher_ = this->create_publisher<std_msgs::msg::[01;31m[KBool[m[K>("force_change_result", 10);
[3.336s]       |                                                                     [01;31m[K^~~~[m[K
[3.337s] [01m[K/home/steven/ros2_ws/src/first_stage/src/first_stage_endeffector/src/first_stage_endeffector.cpp:46:74:[m[K [01;31m[Kerror: [m[Kno matching function for call to â€˜[01m[KRobotController::create_publisher<<expression error> >(const char [20], int)[m[Kâ€™
[3.337s]    46 |     force_result_publisher_ = [01;31m[Kthis->create_publisher<std_msgs::msg::Bool>("force_change_result", 10)[m[K;
[3.337s]       |                               [01;31m[K~~~~~~~~~~~~~~~~~~~~~~~~~~~~~~~~~~~~~~~~~~~^~~~~~~~~~~~~~~~~~~~~~~~~~~[m[K
[3.337s] In file included from [01m[K/opt/ros/humble/include/rclcpp/rclcpp/executors/single_threaded_executor.hpp:28[m[K,
[3.337s]                  from [01m[K/opt/ros/humble/include/rclcpp/rclcpp/executors.hpp:22[m[K,
[3.337s]                  from [01m[K/opt/ros/humble/include/rclcpp/rclcpp/rclcpp.hpp:155[m[K,
[3.337s]                  from [01m[K/home/steven/ros2_ws/src/first_stage/src/first_stage_endeffector/src/first_stage_endeffector.cpp:1[m[K:
[3.337s] [01m[K/opt/ros/humble/include/rclcpp/rclcpp/node.hpp:195:3:[m[K [01;36m[Knote: [m[Kcandidate: â€˜[01m[Ktemplate<class MessageT, class AllocatorT, class PublisherT> std::shared_ptr<PublisherT> rclcpp::Node::create_publisher(const string&, const rclcpp::QoS&, const rclcpp::PublisherOptionsWithAllocator<AllocatorT>&)[m[Kâ€™
[3.337s]   195 |   [01;36m[Kcreate_publisher[m[K(
[3.337s]       |   [01;36m[K^~~~~~~~~~~~~~~~[m[K
[3.337s] [01m[K/opt/ros/humble/include/rclcpp/rclcpp/node.hpp:195:3:[m[K [01;36m[Knote: [m[K  template argument deduction/substitution failed:
[3.337s] [01m[K/home/steven/ros2_ws/src/first_stage/src/first_stage_endeffector/src/first_stage_endeffector.cpp:46:74:[m[K [01;31m[Kerror: [m[Ktemplate argument 1 is invalid
[3.337s]    46 |     force_result_publisher_ = [01;31m[Kthis->create_publisher<std_msgs::msg::Bool>("force_change_result", 10)[m[K;
[3.337s]       |                               [01;31m[K~~~~~~~~~~~~~~~~~~~~~~~~~~~~~~~~~~~~~~~~~~~^~~~~~~~~~~~~~~~~~~~~~~~~~~[m[K
[3.338s] [01m[K/home/steven/ros2_ws/src/first_stage/src/first_stage_endeffector/src/first_stage_endeffector.cpp:[m[K In member function â€˜[01m[Kvoid RobotController::timerCallback()[m[Kâ€™:
[3.338s] [01m[K/home/steven/ros2_ws/src/first_stage/src/first_stage_endeffector/src/first_stage_endeffector.cpp:102:12:[m[K [01;35m[Kwarning: [m[Kenumeration value â€˜[01m[KMOVE_TO_INTERMEDIATE[m[Kâ€™ not handled in switch [[01;35m[K]8;;https://gcc.gnu.org/onlinedocs/gcc/Warning-Options.html#index-Wswitch-Wswitch]8;;[m[K]
[3.338s]   102 |     switch [01;35m[K([m[Kstate_) {
[3.338s]       |            [01;35m[K^[m[K
[3.338s] [01m[K/home/steven/ros2_ws/src/first_stage/src/first_stage_endeffector/src/first_stage_endeffector.cpp:102:12:[m[K [01;35m[Kwarning: [m[Kenumeration value â€˜[01m[KWAIT_AFTER_INTERMEDIATE[m[Kâ€™ not handled in switch [[01;35m[K]8;;https://gcc.gnu.org/onlinedocs/gcc/Warning-Options.html#index-Wswitch-Wswitch]8;;[m[K]
[3.338s] [01m[K/home/steven/ros2_ws/src/first_stage/src/first_stage_endeffector/src/first_stage_endeffector.cpp:102:12:[m[K [01;35m[Kwarning: [m[Kenumeration value â€˜[01m[KWAIT_FOR_COORDINATES[m[Kâ€™ not handled in switch [[01;35m[K]8;;https://gcc.gnu.org/onlinedocs/gcc/Warning-Options.html#index-Wswitch-Wswitch]8;;[m[K]
[3.338s] [01m[K/home/steven/ros2_ws/src/first_stage/src/first_stage_endeffector/src/first_stage_endeffector.cpp:102:12:[m[K [01;35m[Kwarning: [m[Kenumeration value â€˜[01m[KMOVE_TO_OBJECT[m[Kâ€™ not handled in switch [[01;35m[K]8;;https://gcc.gnu.org/onlinedocs/gcc/Warning-Options.html#index-Wswitch-Wswitch]8;;[m[K]
[3.338s] [01m[K/home/steven/ros2_ws/src/first_stage/src/first_stage_endeffector/src/first_stage_endeffector.cpp:102:12:[m[K [01;35m[Kwarning: [m[Kenumeration value â€˜[01m[KGRASP_OBJECT[m[Kâ€™ not handled in switch [[01;35m[K]8;;https://gcc.gnu.org/onlinedocs/gcc/Warning-Options.html#index-Wswitch-Wswitch]8;;[m[K]
[3.338s] [01m[K/home/steven/ros2_ws/src/first_stage/src/first_stage_endeffector/src/first_stage_endeffector.cpp:102:12:[m[K [01;35m[Kwarning: [m[Kenumeration value â€˜[01m[KCHECK_GRASP[m[Kâ€™ not handled in switch [[01;35m[K]8;;https://gcc.gnu.org/onlinedocs/gcc/Warning-Options.html#index-Wswitch-Wswitch]8;;[m[K]
[3.338s] [01m[K/home/steven/ros2_ws/src/first_stage/src/first_stage_endeffector/src/first_stage_endeffector.cpp:102:12:[m[K [01;35m[Kwarning: [m[Kenumeration value â€˜[01m[KMOVE_TO_OBSERVATION[m[Kâ€™ not handled in switch [[01;35m[K]8;;https://gcc.gnu.org/onlinedocs/gcc/Warning-Options.html#index-Wswitch-Wswitch]8;;[m[K]
[3.338s] [01m[K/home/steven/ros2_ws/src/first_stage/src/first_stage_endeffector/src/first_stage_endeffector.cpp:102:12:[m[K [01;35m[Kwarning: [m[Kenumeration value â€˜[01m[KWAIT_FOR_ORIENTATION[m[Kâ€™ not handled in switch [[01;35m[K]8;;https://gcc.gnu.org/onlinedocs/gcc/Warning-Options.html#index-Wswitch-Wswitch]8;;[m[K]
[3.338s] [01m[K/home/steven/ros2_ws/src/first_stage/src/first_stage_endeffector/src/first_stage_endeffector.cpp:102:12:[m[K [01;35m[Kwarning: [m[Kenumeration value â€˜[01m[KMOVE_TO_FINAL_POSITION[m[Kâ€™ not handled in switch [[01;35m[K]8;;https://gcc.gnu.org/onlinedocs/gcc/Warning-Options.html#index-Wswitch-Wswitch]8;;[m[K]
[3.340s] [01m[K/home/steven/ros2_ws/src/first_stage/src/first_stage_endeffector/src/first_stage_endeffector.cpp:[m[K In member function â€˜[01m[Kvoid RobotController::publishForceResult(bool)[m[Kâ€™:
[3.340s] [01m[K/home/steven/ros2_ws/src/first_stage/src/first_stage_endeffector/src/first_stage_endeffector.cpp:300:22:[m[K [01;31m[Kerror: [m[Kâ€˜[01m[KBool[m[Kâ€™ is not a member of â€˜[01m[Kstd_msgs::msg[m[Kâ€™
[3.340s]   300 |       std_msgs::msg::[01;31m[KBool[m[K msg;
[3.340s]       |                      [01;31m[K^~~~[m[K
[3.341s] [01m[K/home/steven/ros2_ws/src/first_stage/src/first_stage_endeffector/src/first_stage_endeffector.cpp:301:7:[m[K [01;31m[Kerror: [m[Kâ€˜[01m[Kmsg[m[Kâ€™ was not declared in this scope
[3.341s]   301 |       [01;31m[Kmsg[m[K.data = result;
[3.341s]       |       [01;31m[K^~~[m[K
[3.341s] [01m[K/home/steven/ros2_ws/src/first_stage/src/first_stage_endeffector/src/first_stage_endeffector.cpp:301:7:[m[K [01;36m[Knote: [m[Ksuggested alternatives:
[3.341s] In file included from [01m[K/opt/ros/humble/include/builtin_interfaces/builtin_interfaces/msg/duration.hpp:7[m[K,
[3.341s]                  from [01m[K/opt/ros/humble/include/rclcpp/rclcpp/duration.hpp:20[m[K,
[3.342s]                  from [01m[K/opt/ros/humble/include/rclcpp/rclcpp/qos.hpp:20[m[K,
[3.342s]                  from [01m[K/opt/ros/humble/include/rclcpp/rclcpp/node_interfaces/node_graph_interface.hpp:32[m[K,
[3.342s]                  from [01m[K/opt/ros/humble/include/rclcpp/rclcpp/client.hpp:42[m[K,
[3.342s]                  from [01m[K/opt/ros/humble/include/rclcpp/rclcpp/callback_group.hpp:24[m[K,
[3.342s]                  from [01m[K/opt/ros/humble/include/rclcpp/rclcpp/any_executable.hpp:20[m[K,
[3.342s]                  from [01m[K/opt/ros/humble/include/rclcpp/rclcpp/memory_strategy.hpp:25[m[K,
[3.342s]                  from [01m[K/opt/ros/humble/include/rclcpp/rclcpp/memory_strategies.hpp:18[m[K,
[3.342s]                  from [01m[K/opt/ros/humble/include/rclcpp/rclcpp/executor_options.hpp:20[m[K,
[3.342s]                  from [01m[K/opt/ros/humble/include/rclcpp/rclcpp/executor.hpp:37[m[K,
[3.342s]                  from [01m[K/opt/ros/humble/include/rclcpp/rclcpp/executors/multi_threaded_executor.hpp:25[m[K,
[3.342s]                  from [01m[K/opt/ros/humble/include/rclcpp/rclcpp/executors.hpp:21[m[K,
[3.342s]                  from [01m[K/opt/ros/humble/include/rclcpp/rclcpp/rclcpp.hpp:155[m[K,
[3.342s]                  from [01m[K/home/steven/ros2_ws/src/first_stage/src/first_stage_endeffector/src/first_stage_endeffector.cpp:1[m[K:
[3.342s] [01m[K/opt/ros/humble/include/builtin_interfaces/builtin_interfaces/msg/detail/duration__struct.hpp:27:11:[m[K [01;36m[Knote: [m[K  â€˜[01m[Kbuiltin_interfaces::msg[m[Kâ€™
[3.342s]    27 | namespace [01;36m[Kmsg[m[K
[3.342s]       |           [01;36m[K^~~[m[K
[3.342s] In file included from [01m[K/opt/ros/humble/include/rcl_interfaces/rcl_interfaces/msg/set_parameters_result.hpp:7[m[K,
[3.342s]                  from [01m[K/opt/ros/humble/include/rclcpp/rclcpp/qos_overriding_options.hpp:28[m[K,
[3.343s]                  from [01m[K/opt/ros/humble/include/rclcpp/rclcpp/subscription_options.hpp:30[m[K,
[3.343s]                  from [01m[K/opt/ros/humble/include/rclcpp/rclcpp/subscription.hpp:45[m[K,
[3.343s]                  from [01m[K/opt/ros/humble/include/rclcpp/rclcpp/any_executable.hpp:25[m[K,
[3.343s]                  from [01m[K/opt/ros/humble/include/rclcpp/rclcpp/memory_strategy.hpp:25[m[K,
[3.343s]                  from [01m[K/opt/ros/humble/include/rclcpp/rclcpp/memory_strategies.hpp:18[m[K,
[3.343s]                  from [01m[K/opt/ros/humble/include/rclcpp/rclcpp/executor_options.hpp:20[m[K,
[3.343s]                  from [01m[K/opt/ros/humble/include/rclcpp/rclcpp/executor.hpp:37[m[K,
[3.343s]                  from [01m[K/opt/ros/humble/include/rclcpp/rclcpp/executors/multi_threaded_executor.hpp:25[m[K,
[3.343s]                  from [01m[K/opt/ros/humble/include/rclcpp/rclcpp/executors.hpp:21[m[K,
[3.343s]                  from [01m[K/opt/ros/humble/include/rclcpp/rclcpp/rclcpp.hpp:155[m[K,
[3.343s]                  from [01m[K/home/steven/ros2_ws/src/first_stage/src/first_stage_endeffector/src/first_stage_endeffector.cpp:1[m[K:
[3.343s] [01m[K/opt/ros/humble/include/rcl_interfaces/rcl_interfaces/msg/detail/set_parameters_result__struct.hpp:27:11:[m[K [01;36m[Knote: [m[K  â€˜[01m[Krcl_interfaces::msg[m[Kâ€™
[3.343s]    27 | namespace [01;36m[Kmsg[m[K
[3.343s]       |           [01;36m[K^~~[m[K
[3.343s] In file included from [01m[K/opt/ros/humble/include/statistics_msgs/statistics_msgs/msg/detail/metrics_message__struct.hpp:23[m[K,
[3.343s]                  from [01m[K/opt/ros/humble/include/statistics_msgs/statistics_msgs/msg/metrics_message.hpp:7[m[K,
[3.343s]                  from [01m[K/opt/ros/humble/include/libstatistics_collector/libstatistics_collector/collector/generate_statistics_message.hpp:21[m[K,
[3.343s]                  from [01m[K/opt/ros/humble/include/rclcpp/rclcpp/topic_statistics/subscription_topic_statistics.hpp:23[m[K,
[3.343s]                  from [01m[K/opt/ros/humble/include/rclcpp/rclcpp/subscription.hpp:50[m[K,
[3.343s]                  from [01m[K/opt/ros/humble/include/rclcpp/rclcpp/any_executable.hpp:25[m[K,
[3.343s]                  from [01m[K/opt/ros/humble/include/rclcpp/rclcpp/memory_strategy.hpp:25[m[K,
[3.343s]                  from [01m[K/opt/ros/humble/include/rclcpp/rclcpp/memory_strategies.hpp:18[m[K,
[3.343s]                  from [01m[K/opt/ros/humble/include/rclcpp/rclcpp/executor_options.hpp:20[m[K,
[3.343s]                  from [01m[K/opt/ros/humble/include/rclcpp/rclcpp/executor.hpp:37[m[K,
[3.343s]                  from [01m[K/opt/ros/humble/include/rclcpp/rclcpp/executors/multi_threaded_executor.hpp:25[m[K,
[3.343s]                  from [01m[K/opt/ros/humble/include/rclcpp/rclcpp/executors.hpp:21[m[K,
[3.343s]                  from [01m[K/opt/ros/humble/include/rclcpp/rclcpp/rclcpp.hpp:155[m[K,
[3.343s]                  from [01m[K/home/steven/ros2_ws/src/first_stage/src/first_stage_endeffector/src/first_stage_endeffector.cpp:1[m[K:
[3.343s] [01m[K/opt/ros/humble/include/statistics_msgs/statistics_msgs/msg/detail/statistic_data_point__struct.hpp:27:11:[m[K [01;36m[Knote: [m[K  â€˜[01m[Kstatistics_msgs::msg[m[Kâ€™
[3.343s]    27 | namespace [01;36m[Kmsg[m[K
[3.343s]       |           [01;36m[K^~~[m[K
[3.343s] In file included from [01m[K/opt/ros/humble/include/moveit_msgs/moveit_msgs/msg/joint_limits.hpp:7[m[K,
[3.343s]                  from [01m[K/home/steven/ws_moveit2/install/moveit_core/include/moveit/robot_model/joint_model.h:44[m[K,
[3.343s]                  from [01m[K/home/steven/ws_moveit2/install/moveit_core/include/moveit/robot_model/joint_model_group.h:40[m[K,
[3.343s]                  from [01m[K/home/steven/ws_moveit2/install/moveit_core/include/moveit/robot_model/robot_model.h:45[m[K,
[3.343s]                  from [01m[K/home/steven/ws_moveit2/install/moveit_core/include/moveit/robot_state/robot_state.h:40[m[K,
[3.343s]                  from [01m[K/home/steven/ws_moveit2/install/moveit_ros_planning_interface/include/moveit/move_group_interface/move_group_interface.h:41[m[K,
[3.343s]                  from [01m[K/home/steven/ros2_ws/src/first_stage/src/first_stage_endeffector/src/first_stage_endeffector.cpp:2[m[K:
[3.343s] [01m[K/opt/ros/humble/include/moveit_msgs/moveit_msgs/msg/detail/joint_limits__struct.hpp:27:11:[m[K [01;36m[Knote: [m[K  â€˜[01m[Kmoveit_msgs::msg[m[Kâ€™
[3.343s]    27 | namespace [01;36m[Kmsg[m[K
[3.344s]       |           [01;36m[K^~~[m[K
[3.344s] In file included from [01m[K/opt/ros/humble/include/geometry_msgs/geometry_msgs/msg/detail/pose__struct.hpp:20[m[K,
[3.344s]                  from [01m[K/opt/ros/humble/include/geometry_msgs/geometry_msgs/msg/pose.hpp:7[m[K,
[3.344s]                  from [01m[K/home/steven/ws_moveit2/install/moveit_core/include/moveit/kinematics_base/kinematics_base.h:39[m[K,
[3.344s]                  from [01m[K/home/steven/ws_moveit2/install/moveit_core/include/moveit/robot_model/joint_model_group.h:42[m[K,
[3.344s]                  from [01m[K/home/steven/ws_moveit2/install/moveit_core/include/moveit/robot_model/robot_model.h:45[m[K,
[3.344s]                  from [01m[K/home/steven/ws_moveit2/install/moveit_core/include/moveit/robot_state/robot_state.h:40[m[K,
[3.344s]                  from [01m[K/home/steven/ws_moveit2/install/moveit_ros_planning_interface/include/moveit/move_group_interface/move_group_interface.h:41[m[K,
[3.344s]                  from [01m[K/home/steven/ros2_ws/src/first_stage/src/first_stage_endeffector/src/first_stage_endeffector.cpp:2[m[K:
[3.344s] [01m[K/opt/ros/humble/include/geometry_msgs/geometry_msgs/msg/detail/point__struct.hpp:27:11:[m[K [01;36m[Knote: [m[K  â€˜[01m[Kgeometry_msgs::msg[m[Kâ€™
[3.344s]    27 | namespace [01;36m[Kmsg[m[K
[3.344s]       |           [01;36m[K^~~[m[K
[3.344s] In file included from [01m[K/opt/ros/humble/include/geometry_msgs/geometry_msgs/msg/detail/transform_stamped__struct.hpp:20[m[K,
[3.344s]                  from [01m[K/opt/ros/humble/include/geometry_msgs/geometry_msgs/msg/transform_stamped.hpp:7[m[K,
[3.344s]                  from [01m[K/home/steven/ws_moveit2/install/moveit_core/include/moveit/transforms/transforms.h:39[m[K,
[3.344s]                  from [01m[K/home/steven/ws_moveit2/install/moveit_core/include/moveit/robot_state/attached_body.h:40[m[K,
[3.344s]                  from [01m[K/home/steven/ws_moveit2/install/moveit_core/include/moveit/robot_state/robot_state.h:41[m[K,
[3.344s]                  from [01m[K/home/steven/ws_moveit2/install/moveit_ros_planning_interface/include/moveit/move_group_interface/move_group_interface.h:41[m[K,
[3.344s]                  from [01m[K/home/steven/ros2_ws/src/first_stage/src/first_stage_endeffector/src/first_stage_endeffector.cpp:2[m[K:
[3.344s] [01m[K/opt/ros/humble/include/std_msgs/std_msgs/msg/detail/header__struct.hpp:31:11:[m[K [01;36m[Knote: [m[K  â€˜[01m[Kstd_msgs::msg[m[Kâ€™
[3.344s]    31 | namespace [01;36m[Kmsg[m[K
[3.344s]       |           [01;36m[K^~~[m[K
[3.344s] In file included from [01m[K/opt/ros/humble/include/trajectory_msgs/trajectory_msgs/msg/detail/joint_trajectory__struct.hpp:22[m[K,
[3.344s]                  from [01m[K/opt/ros/humble/include/trajectory_msgs/trajectory_msgs/msg/joint_trajectory.hpp:7[m[K,
[3.344s]                  from [01m[K/home/steven/ws_moveit2/install/moveit_core/include/moveit/robot_state/attached_body.h:43[m[K,
[3.344s]                  from [01m[K/home/steven/ws_moveit2/install/moveit_core/include/moveit/robot_state/robot_state.h:41[m[K,
[3.344s]                  from [01m[K/home/steven/ws_moveit2/install/moveit_ros_planning_interface/include/moveit/move_group_interface/move_group_interface.h:41[m[K,
[3.344s]                  from [01m[K/home/steven/ros2_ws/src/first_stage/src/first_stage_endeffector/src/first_stage_endeffector.cpp:2[m[K:
[3.344s] [01m[K/opt/ros/humble/include/trajectory_msgs/trajectory_msgs/msg/detail/joint_trajectory_point__struct.hpp:31:11:[m[K [01;36m[Knote: [m[K  â€˜[01m[Ktrajectory_msgs::msg[m[Kâ€™
[3.344s]    31 | namespace [01;36m[Kmsg[m[K
[3.344s]       |           [01;36m[K^~~[m[K
[3.344s] In file included from [01m[K/opt/ros/humble/include/sensor_msgs/sensor_msgs/msg/joint_state.hpp:7[m[K,
[3.344s]                  from [01m[K/home/steven/ws_moveit2/install/moveit_core/include/moveit/robot_state/robot_state.h:43[m[K,
[3.344s]                  from [01m[K/home/steven/ws_moveit2/install/moveit_ros_planning_interface/include/moveit/move_group_interface/move_group_interface.h:41[m[K,
[3.344s]                  from [01m[K/home/steven/ros2_ws/src/first_stage/src/first_stage_endeffector/src/first_stage_endeffector.cpp:2[m[K:
[3.344s] [01m[K/opt/ros/humble/include/sensor_msgs/sensor_msgs/msg/detail/joint_state__struct.hpp:31:11:[m[K [01;36m[Knote: [m[K  â€˜[01m[Ksensor_msgs::msg[m[Kâ€™
[3.344s]    31 | namespace [01;36m[Kmsg[m[K
[3.344s]       |           [01;36m[K^~~[m[K
[3.344s] In file included from [01m[K/opt/ros/humble/include/visualization_msgs/visualization_msgs/msg/detail/marker__struct.hpp:35[m[K,
[3.344s]                  from [01m[K/opt/ros/humble/include/visualization_msgs/visualization_msgs/msg/detail/marker_array__struct.hpp:20[m[K,
[3.344s]                  from [01m[K/opt/ros/humble/include/visualization_msgs/visualization_msgs/msg/marker_array.hpp:7[m[K,
[3.344s]                  from [01m[K/home/steven/ws_moveit2/install/moveit_core/include/moveit/robot_state/robot_state.h:44[m[K,
[3.344s]                  from [01m[K/home/steven/ws_moveit2/install/moveit_ros_planning_interface/include/moveit/move_group_interface/move_group_interface.h:41[m[K,
[3.344s]                  from [01m[K/home/steven/ros2_ws/src/first_stage/src/first_stage_endeffector/src/first_stage_endeffector.cpp:2[m[K:
[3.344s] [01m[K/opt/ros/humble/include/visualization_msgs/visualization_msgs/msg/detail/uv_coordinate__struct.hpp:27:11:[m[K [01;36m[Knote: [m[K  â€˜[01m[Kvisualization_msgs::msg[m[Kâ€™
[3.344s]    27 | namespace [01;36m[Kmsg[m[K
[3.344s]       |           [01;36m[K^~~[m[K
[3.344s] In file included from [01m[K/opt/ros/humble/include/moveit_msgs/moveit_msgs/msg/detail/collision_object__struct.hpp:28[m[K,
[3.344s]                  from [01m[K/opt/ros/humble/include/moveit_msgs/moveit_msgs/msg/detail/attached_collision_object__struct.hpp:20[m[K,
[3.344s]                  from [01m[K/opt/ros/humble/include/moveit_msgs/moveit_msgs/msg/detail/robot_state__struct.hpp:24[m[K,
[3.344s]                  from [01m[K/opt/ros/humble/include/moveit_msgs/moveit_msgs/msg/robot_state.hpp:7[m[K,
[3.344s]                  from [01m[K/home/steven/ws_moveit2/install/moveit_ros_planning_interface/include/moveit/move_group_interface/move_group_interface.h:44[m[K,
[3.344s]                  from [01m[K/home/steven/ros2_ws/src/first_stage/src/first_stage_endeffector/src/first_stage_endeffector.cpp:2[m[K:
[3.344s] [01m[K/opt/ros/humble/include/object_recognition_msgs/object_recognition_msgs/msg/detail/object_type__struct.hpp:27:11:[m[K [01;36m[Knote: [m[K  â€˜[01m[Kobject_recognition_msgs::msg[m[Kâ€™
[3.344s]    27 | namespace [01;36m[Kmsg[m[K
[3.344s]       |           [01;36m[K^~~[m[K
[3.344s] In file included from [01m[K/opt/ros/humble/include/moveit_msgs/moveit_msgs/msg/detail/collision_object__struct.hpp:30[m[K,
[3.344s]                  from [01m[K/opt/ros/humble/include/moveit_msgs/moveit_msgs/msg/detail/attached_collision_object__struct.hpp:20[m[K,
[3.344s]                  from [01m[K/opt/ros/humble/include/moveit_msgs/moveit_msgs/msg/detail/robot_state__struct.hpp:24[m[K,
[3.344s]                  from [01m[K/opt/ros/humble/include/moveit_msgs/moveit_msgs/msg/robot_state.hpp:7[m[K,
[3.344s]                  from [01m[K/home/steven/ws_moveit2/install/moveit_ros_planning_interface/include/moveit/move_group_interface/move_group_interface.h:44[m[K,
[3.344s]                  from [01m[K/home/steven/ros2_ws/src/first_stage/src/first_stage_endeffector/src/first_stage_endeffector.cpp:2[m[K:
[3.344s] [01m[K/opt/ros/humble/include/shape_msgs/shape_msgs/msg/detail/solid_primitive__struct.hpp:31:11:[m[K [01;36m[Knote: [m[K  â€˜[01m[Kshape_msgs::msg[m[Kâ€™
[3.345s]    31 | namespace [01;36m[Kmsg[m[K
[3.345s]       |           [01;36m[K^~~[m[K
[3.345s] In file included from [01m[K/opt/ros/humble/include/octomap_msgs/octomap_msgs/msg/detail/octomap_with_pose__struct.hpp:24[m[K,
[3.345s]                  from [01m[K/opt/ros/humble/include/moveit_msgs/moveit_msgs/msg/detail/planning_scene_world__struct.hpp:22[m[K,
[3.345s]                  from [01m[K/opt/ros/humble/include/moveit_msgs/moveit_msgs/msg/detail/planning_scene__struct.hpp:32[m[K,
[3.345s]                  from [01m[K/opt/ros/humble/include/moveit_msgs/moveit_msgs/msg/detail/planning_options__struct.hpp:20[m[K,
[3.345s]                  from [01m[K/opt/ros/humble/include/moveit_msgs/moveit_msgs/action/detail/move_group__struct.hpp:22[m[K,
[3.345s]                  from [01m[K/opt/ros/humble/include/moveit_msgs/moveit_msgs/action/move_group.hpp:7[m[K,
[3.345s]                  from [01m[K/home/steven/ws_moveit2/install/moveit_ros_planning_interface/include/moveit/move_group_interface/move_group_interface.h:52[m[K,
[3.345s]                  from [01m[K/home/steven/ros2_ws/src/first_stage/src/first_stage_endeffector/src/first_stage_endeffector.cpp:2[m[K:
[3.345s] [01m[K/opt/ros/humble/include/octomap_msgs/octomap_msgs/msg/detail/octomap__struct.hpp:31:11:[m[K [01;36m[Knote: [m[K  â€˜[01m[Koctomap_msgs::msg[m[Kâ€™
[3.345s]    31 | namespace [01;36m[Kmsg[m[K
[3.345s]       |           [01;36m[K^~~[m[K
[3.345s] In file included from [01m[K/opt/ros/humble/include/moveit_msgs/moveit_msgs/action/detail/move_group__struct.hpp:439[m[K,
[3.345s]                  from [01m[K/opt/ros/humble/include/moveit_msgs/moveit_msgs/action/move_group.hpp:7[m[K,
[3.345s]                  from [01m[K/home/steven/ws_moveit2/install/moveit_ros_planning_interface/include/moveit/move_group_interface/move_group_interface.h:52[m[K,
[3.345s]                  from [01m[K/home/steven/ros2_ws/src/first_stage/src/first_stage_endeffector/src/first_stage_endeffector.cpp:2[m[K:
[3.345s] [01m[K/opt/ros/humble/include/unique_identifier_msgs/unique_identifier_msgs/msg/detail/uuid__struct.hpp:27:11:[m[K [01;36m[Knote: [m[K  â€˜[01m[Kunique_identifier_msgs::msg[m[Kâ€™
[3.345s]    27 | namespace [01;36m[Kmsg[m[K
[3.345s]       |           [01;36m[K^~~[m[K
[3.345s] In file included from [01m[K/opt/ros/humble/include/action_msgs/action_msgs/srv/detail/cancel_goal__struct.hpp:20[m[K,
[3.345s]                  from [01m[K/opt/ros/humble/include/action_msgs/action_msgs/srv/cancel_goal.hpp:7[m[K,
[3.345s]                  from [01m[K/opt/ros/humble/include/moveit_msgs/moveit_msgs/action/detail/move_group__struct.hpp:1099[m[K,
[3.345s]                  from [01m[K/opt/ros/humble/include/moveit_msgs/moveit_msgs/action/move_group.hpp:7[m[K,
[3.345s]                  from [01m[K/home/steven/ws_moveit2/install/moveit_ros_planning_interface/include/moveit/move_group_interface/move_group_interface.h:52[m[K,
[3.345s]                  from [01m[K/home/steven/ros2_ws/src/first_stage/src/first_stage_endeffector/src/first_stage_endeffector.cpp:2[m[K:
[3.345s] [01m[K/opt/ros/humble/include/action_msgs/action_msgs/msg/detail/goal_info__struct.hpp:33:11:[m[K [01;36m[Knote: [m[K  â€˜[01m[Kaction_msgs::msg[m[Kâ€™
[3.345s]    33 | namespace [01;36m[Kmsg[m[K
[3.345s]       |           [01;36m[K^~~[m[K
[3.345s] In file included from [01m[K/opt/ros/humble/include/tf2_msgs/tf2_msgs/msg/tf_message.hpp:7[m[K,
[3.345s]                  from [01m[K/opt/ros/humble/include/tf2_ros/tf2_ros/transform_listener.h:44[m[K,
[3.345s]                  from [01m[K/home/steven/ws_moveit2/install/moveit_ros_planning/include/moveit/planning_scene_monitor/planning_scene_monitor.h:41[m[K,
[3.345s]                  from [01m[K/home/steven/ws_moveit2/install/moveit_visual_tools/include/moveit_visual_tools/moveit_visual_tools.h:41[m[K,
[3.345s]                  from [01m[K/home/steven/ros2_ws/src/first_stage/src/first_stage_endeffector/src/first_stage_endeffector.cpp:6[m[K:
[3.345s] [01m[K/opt/ros/humble/include/tf2_msgs/tf2_msgs/msg/detail/tf_message__struct.hpp:31:11:[m[K [01;36m[Knote: [m[K  â€˜[01m[Ktf2_msgs::msg[m[Kâ€™
[3.345s]    31 | namespace [01;36m[Kmsg[m[K
[3.345s]       |           [01;36m[K^~~[m[K
[3.345s] In file included from [01m[K/opt/ros/humble/include/graph_msgs/graph_msgs/msg/detail/geometry_graph__struct.hpp:24[m[K,
[3.345s]                  from [01m[K/opt/ros/humble/include/graph_msgs/graph_msgs/msg/geometry_graph.hpp:7[m[K,
[3.345s]                  from [01m[K/home/steven/ws_moveit2/install/moveit_visual_tools/include/moveit_visual_tools/moveit_visual_tools.h:52[m[K,
[3.345s]                  from [01m[K/home/steven/ros2_ws/src/first_stage/src/first_stage_endeffector/src/first_stage_endeffector.cpp:6[m[K:
[3.345s] [01m[K/opt/ros/humble/include/graph_msgs/graph_msgs/msg/detail/edges__struct.hpp:27:11:[m[K [01;36m[Knote: [m[K  â€˜[01m[Kgraph_msgs::msg[m[Kâ€™
[3.345s]    27 | namespace [01;36m[Kmsg[m[K
[3.345s]       |           [01;36m[K^~~[m[K
[3.350s] [01m[K/home/steven/ros2_ws/src/first_stage/src/first_stage_endeffector/src/first_stage_endeffector.cpp:302:7:[m[K [01;31m[Kerror: [m[Kâ€˜[01m[Kforce_result_publisher_[m[Kâ€™ was not declared in this scope; did you mean â€˜[01m[Krcl_count_publishers[m[Kâ€™?
[3.350s]   302 |       [01;31m[Kforce_result_publisher_[m[K->publish(msg);
[3.350s]       |       [01;31m[K^~~~~~~~~~~~~~~~~~~~~~~[m[K
[3.350s]       |       [32m[Krcl_count_publishers[m[K
[3.362s] [01m[K/home/steven/ros2_ws/src/first_stage/src/first_stage_endeffector/src/first_stage_endeffector.cpp:[m[K In member function â€˜[01m[Kbool RobotController::moveToAssemble()[m[Kâ€™:
[3.362s] [01m[K/home/steven/ros2_ws/src/first_stage/src/first_stage_endeffector/src/first_stage_endeffector.cpp:939:15:[m[K [01;31m[Kerror: [m[Kâ€˜[01m[KmoveAlongYAxis[m[Kâ€™ was not declared in this scope; did you mean â€˜[01m[KmoveAlongZAxis[m[Kâ€™?
[3.362s]   939 |               [01;31m[KmoveAlongYAxis[m[K(*move_group_arm_, 0.005);
[3.362s]       |               [01;31m[K^~~~~~~~~~~~~~[m[K
[3.362s]       |               [32m[KmoveAlongZAxis[m[K
[7.005s] gmake[2]: *** [CMakeFiles/first_stage_endeffector.dir/build.make:76ï¼šCMakeFiles/first_stage_endeffector.dir/src/first_stage_endeffector.cpp.o] éŒ¯èª¤ 1
[7.006s] gmake[1]: *** [CMakeFiles/Makefile2:137ï¼šCMakeFiles/first_stage_endeffector.dir/all] éŒ¯èª¤ 2
[7.006s] gmake: *** [Makefile:146ï¼šall] éŒ¯èª¤ 2
[7.007s] Invoked command in '/home/steven/ros2_ws/src/first_stage/src/first_stage_endeffector/build/first_stage_endeffector' returned '2': CMAKE_PREFIX_PATH=${CMAKE_PREFIX_PATH}:/home/steven/ws_moveit2/install/moveit_configs_utils:/home/steven/ws_moveit2/install/launch_param_builder:/opt/ros/humble /usr/bin/cmake --build /home/steven/ros2_ws/src/first_stage/src/first_stage_endeffector/build/first_stage_endeffector -- -j32 -l32
