[35m[1mConsolidate compiler generated dependencies of target first_stage_endeffector[0m
[ 50%] [32mBuilding CXX object CMakeFiles/first_stage_endeffector.dir/src/first_stage_endeffector.cpp.o[0m
[01m[K/home/steven/ros2_ws/src/first_stage/src/first_stage_endeffector/src/first_stage_endeffector.cpp:[m[K In member function â€˜[01m[Kvoid RobotController::performGraspSequence()[m[Kâ€™:
[01m[K/home/steven/ros2_ws/src/first_stage/src/first_stage_endeffector/src/first_stage_endeffector.cpp:145:26:[m[K [01;31m[Kerror: [m[Kno matching function for call to â€˜[01m[KRobotController::publishGripperCommand(int, int)[m[Kâ€™
  145 |     [01;31m[KpublishGripperCommand(30, 10)[m[K;
      |     [01;31m[K~~~~~~~~~~~~~~~~~~~~~^~~~~~~~[m[K
[01m[K/home/steven/ros2_ws/src/first_stage/src/first_stage_endeffector/src/first_stage_endeffector.cpp:243:8:[m[K [01;36m[Knote: [m[Kcandidate: â€˜[01m[Kvoid RobotController::publishGripperCommand(int, int, int)[m[Kâ€™
  243 |   void [01;36m[KpublishGripperCommand[m[K(int command, int width, int force)
      |        [01;36m[K^~~~~~~~~~~~~~~~~~~~~[m[K
[01m[K/home/steven/ros2_ws/src/first_stage/src/first_stage_endeffector/src/first_stage_endeffector.cpp:243:8:[m[K [01;36m[Knote: [m[K  candidate expects 3 arguments, 2 provided
gmake[2]: *** [CMakeFiles/first_stage_endeffector.dir/build.make:76ï¼šCMakeFiles/first_stage_endeffector.dir/src/first_stage_endeffector.cpp.o] éŒ¯èª¤ 1
gmake[1]: *** [CMakeFiles/Makefile2:137ï¼šCMakeFiles/first_stage_endeffector.dir/all] éŒ¯èª¤ 2
gmake: *** [Makefile:146ï¼šall] éŒ¯èª¤ 2
