[0.010s] Invoking command in '/home/steven/ros2_ws/src/first_stage/build/first_stage_endeffector': CMAKE_PREFIX_PATH=${CMAKE_PREFIX_PATH}:/home/steven/ros2_ws/src/first_stage/install/first_stage_rg2:/home/steven/ws_moveit2/install/moveit_configs_utils:/home/steven/ws_moveit2/install/launch_param_builder:/opt/ros/humble /usr/bin/cmake --build /home/steven/ros2_ws/src/first_stage/build/first_stage_endeffector -- -j32 -l32
[0.049s] [35m[1mConsolidate compiler generated dependencies of target first_stage_endeffector[0m
[0.067s] [ 50%] [32mBuilding CXX object CMakeFiles/first_stage_endeffector.dir/src/first_stage_endeffector.cpp.o[0m
[4.252s] [01m[K/home/steven/ros2_ws/src/first_stage/src/first_stage_endeffector/src/first_stage_endeffector.cpp:[m[K In member function â€˜[01m[Kvoid RobotController::performGraspSequence()[m[Kâ€™:
[4.252s] [01m[K/home/steven/ros2_ws/src/first_stage/src/first_stage_endeffector/src/first_stage_endeffector.cpp:145:26:[m[K [01;31m[Kerror: [m[Kno matching function for call to â€˜[01m[KRobotController::publishGripperCommand(int, int)[m[Kâ€™
[4.252s]   145 |     [01;31m[KpublishGripperCommand(30, 10)[m[K;
[4.252s]       |     [01;31m[K~~~~~~~~~~~~~~~~~~~~~^~~~~~~~[m[K
[4.252s] [01m[K/home/steven/ros2_ws/src/first_stage/src/first_stage_endeffector/src/first_stage_endeffector.cpp:243:8:[m[K [01;36m[Knote: [m[Kcandidate: â€˜[01m[Kvoid RobotController::publishGripperCommand(int, int, int)[m[Kâ€™
[4.252s]   243 |   void [01;36m[KpublishGripperCommand[m[K(int command, int width, int force)
[4.252s]       |        [01;36m[K^~~~~~~~~~~~~~~~~~~~~[m[K
[4.252s] [01m[K/home/steven/ros2_ws/src/first_stage/src/first_stage_endeffector/src/first_stage_endeffector.cpp:243:8:[m[K [01;36m[Knote: [m[K  candidate expects 3 arguments, 2 provided
[8.554s] gmake[2]: *** [CMakeFiles/first_stage_endeffector.dir/build.make:76ï¼šCMakeFiles/first_stage_endeffector.dir/src/first_stage_endeffector.cpp.o] éŒ¯èª¤ 1
[8.554s] gmake[1]: *** [CMakeFiles/Makefile2:137ï¼šCMakeFiles/first_stage_endeffector.dir/all] éŒ¯èª¤ 2
[8.554s] gmake: *** [Makefile:146ï¼šall] éŒ¯èª¤ 2
[8.557s] Invoked command in '/home/steven/ros2_ws/src/first_stage/build/first_stage_endeffector' returned '2': CMAKE_PREFIX_PATH=${CMAKE_PREFIX_PATH}:/home/steven/ros2_ws/src/first_stage/install/first_stage_rg2:/home/steven/ws_moveit2/install/moveit_configs_utils:/home/steven/ws_moveit2/install/launch_param_builder:/opt/ros/humble /usr/bin/cmake --build /home/steven/ros2_ws/src/first_stage/build/first_stage_endeffector -- -j32 -l32
