[01m[K/home/steven/Documents/IIIIIIIII_TEST/command_endeffector_cartesian/src/ur5_endeffector_cartesian/src/ur5_ros2_cartesian.cpp:276:10:[m[K [01;31m[Kerror: [m[Kâ€˜[01m[Kvoid UR5Control::calculatePose1()[m[Kâ€™ cannot be overloaded with â€˜[01m[Kvoid UR5Control::calculatePose1()[m[Kâ€™
  276 |     void [01;31m[KcalculatePose1[m[K() {
      |          [01;31m[K^~~~~~~~~~~~~~[m[K
[01m[K/home/steven/Documents/IIIIIIIII_TEST/command_endeffector_cartesian/src/ur5_endeffector_cartesian/src/ur5_ros2_cartesian.cpp:238:10:[m[K [01;36m[Knote: [m[Kprevious declaration â€˜[01m[Kvoid UR5Control::calculatePose1()[m[Kâ€™
  238 |     void [01;36m[KcalculatePose1[m[K() {
      |          [01;36m[K^~~~~~~~~~~~~~[m[K
[01m[K/home/steven/Documents/IIIIIIIII_TEST/command_endeffector_cartesian/src/ur5_endeffector_cartesian/src/ur5_ros2_cartesian.cpp:[m[K In member function â€˜[01m[Kvoid UR5Control::calculatePose1()[m[Kâ€™:
[01m[K/home/steven/Documents/IIIIIIIII_TEST/command_endeffector_cartesian/src/ur5_endeffector_cartesian/src/ur5_ros2_cartesian.cpp:261:9:[m[K [01;31m[Kerror: [m[Kâ€˜[01m[KmoveToPose1[m[Kâ€™ was not declared in this scope; did you mean â€˜[01m[KmoveToPose0[m[Kâ€™?
  261 |         [01;31m[KmoveToPose1[m[K();
      |         [01;31m[K^~~~~~~~~~~[m[K
      |         [32m[KmoveToPose0[m[K
gmake[2]: *** [CMakeFiles/ur5_ros2_cartesian.dir/build.make:76ï¼šCMakeFiles/ur5_ros2_cartesian.dir/src/ur5_ros2_cartesian.cpp.o] éŒ¯èª¤ 1
gmake[1]: *** [CMakeFiles/Makefile2:137ï¼šCMakeFiles/ur5_ros2_cartesian.dir/all] éŒ¯èª¤ 2
gmake: *** [Makefile:146ï¼šall] éŒ¯èª¤ 2
