[35m[1mConsolidate compiler generated dependencies of target first_stage_endeffector[0m
[ 50%] [32mBuilding CXX object CMakeFiles/first_stage_endeffector.dir/src/first_stage_endeffector.cpp.o[0m
[01m[K/home/steven/ros2_ws/src/first_stage/src/first_stage_endeffector/src/first_stage_endeffector.cpp:[m[K In member function â€˜[01m[Kvoid RobotController::timerCallback()[m[Kâ€™:
[01m[K/home/steven/ros2_ws/src/first_stage/src/first_stage_endeffector/src/first_stage_endeffector.cpp:166:33:[m[K [01;31m[Kerror: [m[Kâ€˜[01m[KRELEASE_OBJECT[m[Kâ€™ is not a member of â€˜[01m[KRobotController::State[m[Kâ€™; did you mean â€˜[01m[KGRASP_OBJECT[m[Kâ€™?
  166 |                 setState(State::[01;31m[KRELEASE_OBJECT[m[K);
      |                                 [01;31m[K^~~~~~~~~~~~~~[m[K
      |                                 [32m[KGRASP_OBJECT[m[K
[01m[K/home/steven/ros2_ws/src/first_stage/src/first_stage_endeffector/src/first_stage_endeffector.cpp:170:19:[m[K [01;31m[Kerror: [m[Kâ€˜[01m[KRELEASE_OBJECT[m[Kâ€™ is not a member of â€˜[01m[KRobotController::State[m[Kâ€™; did you mean â€˜[01m[KGRASP_OBJECT[m[Kâ€™?
  170 |       case State::[01;31m[KRELEASE_OBJECT[m[K:
      |                   [01;31m[K^~~~~~~~~~~~~~[m[K
      |                   [32m[KGRASP_OBJECT[m[K
[01m[K/home/steven/ros2_ws/src/first_stage/src/first_stage_endeffector/src/first_stage_endeffector.cpp:[m[K In member function â€˜[01m[Kstd::string RobotController::stateToString(RobotController::State)[m[Kâ€™:
[01m[K/home/steven/ros2_ws/src/first_stage/src/first_stage_endeffector/src/first_stage_endeffector.cpp:941:19:[m[K [01;31m[Kerror: [m[Kâ€˜[01m[KRELEASE_OBJECT[m[Kâ€™ is not a member of â€˜[01m[KRobotController::State[m[Kâ€™; did you mean â€˜[01m[KGRASP_OBJECT[m[Kâ€™?
  941 |       case State::[01;31m[KRELEASE_OBJECT[m[K: return "RELEASE_OBJECT";
      |                   [01;31m[K^~~~~~~~~~~~~~[m[K
      |                   [32m[KGRASP_OBJECT[m[K
gmake[2]: *** [CMakeFiles/first_stage_endeffector.dir/build.make:76ï¼šCMakeFiles/first_stage_endeffector.dir/src/first_stage_endeffector.cpp.o] éŒ¯èª¤ 1
gmake[1]: *** [CMakeFiles/Makefile2:137ï¼šCMakeFiles/first_stage_endeffector.dir/all] éŒ¯èª¤ 2
gmake: *** [Makefile:146ï¼šall] éŒ¯èª¤ 2
