[0.009s] Invoking command in '/home/steven/ros2_ws/src/first_stage/src/first_stage_endeffector/build/first_stage_endeffector': CMAKE_PREFIX_PATH=${CMAKE_PREFIX_PATH}:/home/steven/ws_moveit2/install/moveit_configs_utils:/home/steven/ws_moveit2/install/launch_param_builder:/opt/ros/humble /usr/bin/cmake --build /home/steven/ros2_ws/src/first_stage/src/first_stage_endeffector/build/first_stage_endeffector -- -j32 -l32
[0.045s] [35m[1mConsolidate compiler generated dependencies of target first_stage_endeffector[0m
[0.060s] [ 50%] [32mBuilding CXX object CMakeFiles/first_stage_endeffector.dir/src/first_stage_endeffector.cpp.o[0m
[3.303s] [01m[K/home/steven/ros2_ws/src/first_stage/src/first_stage_endeffector/src/first_stage_endeffector.cpp:[m[K In member function â€˜[01m[Kvoid RobotController::timerCallback()[m[Kâ€™:
[3.303s] [01m[K/home/steven/ros2_ws/src/first_stage/src/first_stage_endeffector/src/first_stage_endeffector.cpp:166:33:[m[K [01;31m[Kerror: [m[Kâ€˜[01m[KRELEASE_OBJECT[m[Kâ€™ is not a member of â€˜[01m[KRobotController::State[m[Kâ€™; did you mean â€˜[01m[KGRASP_OBJECT[m[Kâ€™?
[3.303s]   166 |                 setState(State::[01;31m[KRELEASE_OBJECT[m[K);
[3.303s]       |                                 [01;31m[K^~~~~~~~~~~~~~[m[K
[3.303s]       |                                 [32m[KGRASP_OBJECT[m[K
[3.303s] [01m[K/home/steven/ros2_ws/src/first_stage/src/first_stage_endeffector/src/first_stage_endeffector.cpp:170:19:[m[K [01;31m[Kerror: [m[Kâ€˜[01m[KRELEASE_OBJECT[m[Kâ€™ is not a member of â€˜[01m[KRobotController::State[m[Kâ€™; did you mean â€˜[01m[KGRASP_OBJECT[m[Kâ€™?
[3.303s]   170 |       case State::[01;31m[KRELEASE_OBJECT[m[K:
[3.303s]       |                   [01;31m[K^~~~~~~~~~~~~~[m[K
[3.303s]       |                   [32m[KGRASP_OBJECT[m[K
[3.319s] [01m[K/home/steven/ros2_ws/src/first_stage/src/first_stage_endeffector/src/first_stage_endeffector.cpp:[m[K In member function â€˜[01m[Kstd::string RobotController::stateToString(RobotController::State)[m[Kâ€™:
[3.319s] [01m[K/home/steven/ros2_ws/src/first_stage/src/first_stage_endeffector/src/first_stage_endeffector.cpp:941:19:[m[K [01;31m[Kerror: [m[Kâ€˜[01m[KRELEASE_OBJECT[m[Kâ€™ is not a member of â€˜[01m[KRobotController::State[m[Kâ€™; did you mean â€˜[01m[KGRASP_OBJECT[m[Kâ€™?
[3.319s]   941 |       case State::[01;31m[KRELEASE_OBJECT[m[K: return "RELEASE_OBJECT";
[3.319s]       |                   [01;31m[K^~~~~~~~~~~~~~[m[K
[3.319s]       |                   [32m[KGRASP_OBJECT[m[K
[6.999s] gmake[2]: *** [CMakeFiles/first_stage_endeffector.dir/build.make:76ï¼šCMakeFiles/first_stage_endeffector.dir/src/first_stage_endeffector.cpp.o] éŒ¯èª¤ 1
[6.999s] gmake[1]: *** [CMakeFiles/Makefile2:137ï¼šCMakeFiles/first_stage_endeffector.dir/all] éŒ¯èª¤ 2
[7.000s] gmake: *** [Makefile:146ï¼šall] éŒ¯èª¤ 2
[7.002s] Invoked command in '/home/steven/ros2_ws/src/first_stage/src/first_stage_endeffector/build/first_stage_endeffector' returned '2': CMAKE_PREFIX_PATH=${CMAKE_PREFIX_PATH}:/home/steven/ws_moveit2/install/moveit_configs_utils:/home/steven/ws_moveit2/install/launch_param_builder:/opt/ros/humble /usr/bin/cmake --build /home/steven/ros2_ws/src/first_stage/src/first_stage_endeffector/build/first_stage_endeffector -- -j32 -l32
