[35m[1mConsolidate compiler generated dependencies of target first_stage_endeffector[0m
[ 50%] [32mBuilding CXX object CMakeFiles/first_stage_endeffector.dir/src/first_stage_endeffector.cpp.o[0m
[01m[K/home/steven/ros2_ws/src/first_stage/src/first_stage_endeffector/src/first_stage_endeffector.cpp:228:8:[m[K [01;31m[Kerror: [m[Kextra qualification â€˜[01m[KRobotController::[m[Kâ€™ on member â€˜[01m[KwaitForNewTarget[m[Kâ€™ [[01;31m[K]8;;https://gcc.gnu.org/onlinedocs/gcc/Warning-Options.html#index-fpermissive-fpermissive]8;;[m[K]
  228 |   void [01;31m[KRobotController[m[K::waitForNewTarget()
      |        [01;31m[K^~~~~~~~~~~~~~~[m[K
[01m[K/home/steven/ros2_ws/src/first_stage/src/first_stage_endeffector/src/first_stage_endeffector.cpp:235:8:[m[K [01;31m[Kerror: [m[Kextra qualification â€˜[01m[KRobotController::[m[Kâ€™ on member â€˜[01m[KcoordinatesCallback[m[Kâ€™ [[01;31m[K]8;;https://gcc.gnu.org/onlinedocs/gcc/Warning-Options.html#index-fpermissive-fpermissive]8;;[m[K]
  235 |   void [01;31m[KRobotController[m[K::coordinatesCallback(const geometry_msgs::msg::Point::SharedPtr msg)
      |        [01;31m[K^~~~~~~~~~~~~~~[m[K
[01m[K/home/steven/ros2_ws/src/first_stage/src/first_stage_endeffector/src/first_stage_endeffector.cpp:235:8:[m[K [01;31m[Kerror: [m[Kâ€˜[01m[Kvoid RobotController::coordinatesCallback(geometry_msgs::msg::Point_<std::allocator<void> >::SharedPtr)[m[Kâ€™ cannot be overloaded with â€˜[01m[Kvoid RobotController::coordinatesCallback(geometry_msgs::msg::Point_<std::allocator<void> >::SharedPtr)[m[Kâ€™
[01m[K/home/steven/ros2_ws/src/first_stage/src/first_stage_endeffector/src/first_stage_endeffector.cpp:80:8:[m[K [01;36m[Knote: [m[Kprevious declaration â€˜[01m[Kvoid RobotController::coordinatesCallback(geometry_msgs::msg::Point_<std::allocator<void> >::SharedPtr)[m[Kâ€™
   80 |   void [01;36m[KcoordinatesCallback[m[K(const geometry_msgs::msg::Point::SharedPtr msg)
      |        [01;36m[K^~~~~~~~~~~~~~~~~~~[m[K
[01m[K/home/steven/ros2_ws/src/first_stage/src/first_stage_endeffector/src/first_stage_endeffector.cpp:248:8:[m[K [01;31m[Kerror: [m[Kextra qualification â€˜[01m[KRobotController::[m[Kâ€™ on member â€˜[01m[KorientationCallback[m[Kâ€™ [[01;31m[K]8;;https://gcc.gnu.org/onlinedocs/gcc/Warning-Options.html#index-fpermissive-fpermissive]8;;[m[K]
  248 |   void [01;31m[KRobotController[m[K::orientationCallback(const geometry_msgs::msg::Quaternion::SharedPtr msg)
      |        [01;31m[K^~~~~~~~~~~~~~~[m[K
[01m[K/home/steven/ros2_ws/src/first_stage/src/first_stage_endeffector/src/first_stage_endeffector.cpp:248:8:[m[K [01;31m[Kerror: [m[Kâ€˜[01m[Kvoid RobotController::orientationCallback(geometry_msgs::msg::Quaternion_<std::allocator<void> >::SharedPtr)[m[Kâ€™ cannot be overloaded with â€˜[01m[Kvoid RobotController::orientationCallback(geometry_msgs::msg::Quaternion_<std::allocator<void> >::SharedPtr)[m[Kâ€™
[01m[K/home/steven/ros2_ws/src/first_stage/src/first_stage_endeffector/src/first_stage_endeffector.cpp:91:8:[m[K [01;36m[Knote: [m[Kprevious declaration â€˜[01m[Kvoid RobotController::orientationCallback(geometry_msgs::msg::Quaternion_<std::allocator<void> >::SharedPtr)[m[Kâ€™
   91 |   void [01;36m[KorientationCallback[m[K(const geometry_msgs::msg::Quaternion::SharedPtr msg)
      |        [01;36m[K^~~~~~~~~~~~~~~~~~~[m[K
[01m[K/home/steven/ros2_ws/src/first_stage/src/first_stage_endeffector/src/first_stage_endeffector.cpp:[m[K In member function â€˜[01m[Kvoid RobotController::waitForNewTarget()[m[Kâ€™:
[01m[K/home/steven/ros2_ws/src/first_stage/src/first_stage_endeffector/src/first_stage_endeffector.cpp:230:41:[m[K [01;31m[Kerror: [m[Kâ€˜[01m[Ktarget_mutex[m[Kâ€™ was not declared in this scope; did you mean â€˜[01m[Ktarget_pose[m[Kâ€™?
  230 |       std::unique_lock<std::mutex> lock([01;31m[Ktarget_mutex[m[K);
      |                                         [01;31m[K^~~~~~~~~~~~[m[K
      |                                         [32m[Ktarget_pose[m[K
[01m[K/home/steven/ros2_ws/src/first_stage/src/first_stage_endeffector/src/first_stage_endeffector.cpp:231:7:[m[K [01;31m[Kerror: [m[Kâ€˜[01m[Ktarget_cv[m[Kâ€™ was not declared in this scope; did you mean â€˜[01m[Ktarget_pose[m[Kâ€™?
  231 |       [01;31m[Ktarget_cv[m[K.wait(lock, [this] { return new_target_received; });
      |       [01;31m[K^~~~~~~~~[m[K
      |       [32m[Ktarget_pose[m[K
[01m[K/home/steven/ros2_ws/src/first_stage/src/first_stage_endeffector/src/first_stage_endeffector.cpp:[m[K In lambda function:
[01m[K/home/steven/ros2_ws/src/first_stage/src/first_stage_endeffector/src/first_stage_endeffector.cpp:231:44:[m[K [01;31m[Kerror: [m[Kâ€˜[01m[Knew_target_received[m[Kâ€™ was not declared in this scope
  231 |       target_cv.wait(lock, [this] { return [01;31m[Knew_target_received[m[K; });
      |                                            [01;31m[K^~~~~~~~~~~~~~~~~~~[m[K
[01m[K/home/steven/ros2_ws/src/first_stage/src/first_stage_endeffector/src/first_stage_endeffector.cpp:[m[K In member function â€˜[01m[Kvoid RobotController::waitForNewTarget()[m[Kâ€™:
[01m[K/home/steven/ros2_ws/src/first_stage/src/first_stage_endeffector/src/first_stage_endeffector.cpp:232:7:[m[K [01;31m[Kerror: [m[Kâ€˜[01m[Knew_target_received[m[Kâ€™ was not declared in this scope
  232 |       [01;31m[Knew_target_received[m[K = false;
      |       [01;31m[K^~~~~~~~~~~~~~~~~~~[m[K
[01m[K/home/steven/ros2_ws/src/first_stage/src/first_stage_endeffector/src/first_stage_endeffector.cpp:[m[K In member function â€˜[01m[Kvoid RobotController::coordinatesCallback(geometry_msgs::msg::Point_<std::allocator<void> >::SharedPtr)[m[Kâ€™:
[01m[K/home/steven/ros2_ws/src/first_stage/src/first_stage_endeffector/src/first_stage_endeffector.cpp:237:40:[m[K [01;31m[Kerror: [m[Kâ€˜[01m[Ktarget_mutex[m[Kâ€™ was not declared in this scope; did you mean â€˜[01m[Ktarget_pose[m[Kâ€™?
  237 |       std::lock_guard<std::mutex> lock([01;31m[Ktarget_mutex[m[K);
      |                                        [01;31m[K^~~~~~~~~~~~[m[K
      |                                        [32m[Ktarget_pose[m[K
[01m[K/home/steven/ros2_ws/src/first_stage/src/first_stage_endeffector/src/first_stage_endeffector.cpp:243:11:[m[K [01;31m[Kerror: [m[Kâ€˜[01m[Knew_target_received[m[Kâ€™ was not declared in this scope
  243 |           [01;31m[Knew_target_received[m[K = true;
      |           [01;31m[K^~~~~~~~~~~~~~~~~~~[m[K
[01m[K/home/steven/ros2_ws/src/first_stage/src/first_stage_endeffector/src/first_stage_endeffector.cpp:244:11:[m[K [01;31m[Kerror: [m[Kâ€˜[01m[Ktarget_cv[m[Kâ€™ was not declared in this scope; did you mean â€˜[01m[Ktarget_pose[m[Kâ€™?
  244 |           [01;31m[Ktarget_cv[m[K.notify_one();
      |           [01;31m[K^~~~~~~~~[m[K
      |           [32m[Ktarget_pose[m[K
[01m[K/home/steven/ros2_ws/src/first_stage/src/first_stage_endeffector/src/first_stage_endeffector.cpp:[m[K In member function â€˜[01m[Kvoid RobotController::orientationCallback(geometry_msgs::msg::Quaternion_<std::allocator<void> >::SharedPtr)[m[Kâ€™:
[01m[K/home/steven/ros2_ws/src/first_stage/src/first_stage_endeffector/src/first_stage_endeffector.cpp:250:40:[m[K [01;31m[Kerror: [m[Kâ€˜[01m[Ktarget_mutex[m[Kâ€™ was not declared in this scope; did you mean â€˜[01m[Ktarget_pose[m[Kâ€™?
  250 |       std::lock_guard<std::mutex> lock([01;31m[Ktarget_mutex[m[K);
      |                                        [01;31m[K^~~~~~~~~~~~[m[K
      |                                        [32m[Ktarget_pose[m[K
[01m[K/home/steven/ros2_ws/src/first_stage/src/first_stage_endeffector/src/first_stage_endeffector.cpp:255:11:[m[K [01;31m[Kerror: [m[Kâ€˜[01m[Knew_target_received[m[Kâ€™ was not declared in this scope
  255 |           [01;31m[Knew_target_received[m[K = true;
      |           [01;31m[K^~~~~~~~~~~~~~~~~~~[m[K
[01m[K/home/steven/ros2_ws/src/first_stage/src/first_stage_endeffector/src/first_stage_endeffector.cpp:256:11:[m[K [01;31m[Kerror: [m[Kâ€˜[01m[Ktarget_cv[m[Kâ€™ was not declared in this scope; did you mean â€˜[01m[Ktarget_pose[m[Kâ€™?
  256 |           [01;31m[Ktarget_cv[m[K.notify_one();
      |           [01;31m[K^~~~~~~~~[m[K
      |           [32m[Ktarget_pose[m[K
gmake[2]: *** [CMakeFiles/first_stage_endeffector.dir/build.make:76ï¼šCMakeFiles/first_stage_endeffector.dir/src/first_stage_endeffector.cpp.o] éŒ¯èª¤ 1
gmake[1]: *** [CMakeFiles/Makefile2:137ï¼šCMakeFiles/first_stage_endeffector.dir/all] éŒ¯èª¤ 2
gmake: *** [Makefile:146ï¼šall] éŒ¯èª¤ 2
