[35m[1mConsolidate compiler generated dependencies of target first_stage_endeffector[0m
[ 50%] [32mBuilding CXX object CMakeFiles/first_stage_endeffector.dir/src/first_stage_endeffector.cpp.o[0m
[01m[K/home/steven/ros2_ws/src/first_stage/src/first_stage_endeffector/src/first_stage_endeffector.cpp:313:2:[m[K [01;31m[Kerror: [m[Kexpected â€˜[01m[K}[m[Kâ€™ at end of input
  313 | }
      |  [01;31m[K^[m[K
[01m[K/home/steven/ros2_ws/src/first_stage/src/first_stage_endeffector/src/first_stage_endeffector.cpp:19:1:[m[K [01;36m[Knote: [m[Kto match this â€˜[01m[K{[m[Kâ€™
   19 | [01;36m[K{[m[K
      | [01;36m[K^[m[K
[01m[K/home/steven/ros2_ws/src/first_stage/src/first_stage_endeffector/src/first_stage_endeffector.cpp:[m[K In constructor â€˜[01m[KRobotController::RobotController()[m[Kâ€™:
[01m[K/home/steven/ros2_ws/src/first_stage/src/first_stage_endeffector/src/first_stage_endeffector.cpp:23:5:[m[K [01;31m[Kerror: [m[Kâ€˜[01m[Kcoordinates_subscription[m[Kâ€™ was not declared in this scope; did you mean â€˜[01m[Kcreate_subscription[m[Kâ€™?
   23 |     [01;31m[Kcoordinates_subscription[m[K = this->create_subscription<geometry_msgs::msg::Point>(
      |     [01;31m[K^~~~~~~~~~~~~~~~~~~~~~~~[m[K
      |     [32m[Kcreate_subscription[m[K
[01m[K/home/steven/ros2_ws/src/first_stage/src/first_stage_endeffector/src/first_stage_endeffector.cpp:27:5:[m[K [01;31m[Kerror: [m[Kâ€˜[01m[Korientation_subscription[m[Kâ€™ was not declared in this scope; did you mean â€˜[01m[Kcreate_subscription[m[Kâ€™?
   27 |     [01;31m[Korientation_subscription[m[K = this->create_subscription<geometry_msgs::msg::Quaternion>(
      |     [01;31m[K^~~~~~~~~~~~~~~~~~~~~~~~[m[K
      |     [32m[Kcreate_subscription[m[K
[01m[K/home/steven/ros2_ws/src/first_stage/src/first_stage_endeffector/src/first_stage_endeffector.cpp:31:5:[m[K [01;31m[Kerror: [m[Kâ€˜[01m[Korientation_type_subscription[m[Kâ€™ was not declared in this scope
   31 |     [01;31m[Korientation_type_subscription[m[K = this->create_subscription<std_msgs::msg::Int8>(
      |     [01;31m[K^~~~~~~~~~~~~~~~~~~~~~~~~~~~~[m[K
[01m[K/home/steven/ros2_ws/src/first_stage/src/first_stage_endeffector/src/first_stage_endeffector.cpp:35:5:[m[K [01;31m[Kerror: [m[Kâ€˜[01m[Kgripper_publisher[m[Kâ€™ was not declared in this scope; did you mean â€˜[01m[Kcreate_publisher[m[Kâ€™?
   35 |     [01;31m[Kgripper_publisher[m[K = this->create_publisher<std_msgs::msg::Int32MultiArray>("custom_gripper", 10);
      |     [01;31m[K^~~~~~~~~~~~~~~~~[m[K
      |     [32m[Kcreate_publisher[m[K
[01m[K/home/steven/ros2_ws/src/first_stage/src/first_stage_endeffector/src/first_stage_endeffector.cpp:37:5:[m[K [01;31m[Kerror: [m[Kâ€˜[01m[Kgrasp_status_client[m[Kâ€™ was not declared in this scope
   37 |     [01;31m[Kgrasp_status_client[m[K = this->create_client<std_srvs::srv::Trigger>("get_grasp_status");
      |     [01;31m[K^~~~~~~~~~~~~~~~~~~[m[K
[01m[K/home/steven/ros2_ws/src/first_stage/src/first_stage_endeffector/src/first_stage_endeffector.cpp:38:5:[m[K [01;31m[Kerror: [m[Kâ€˜[01m[Kgripper_width_client[m[Kâ€™ was not declared in this scope
   38 |     [01;31m[Kgripper_width_client[m[K = this->create_client<std_srvs::srv::Trigger>("get_gripper_width");
      |     [01;31m[K^~~~~~~~~~~~~~~~~~~~[m[K
[01m[K/home/steven/ros2_ws/src/first_stage/src/first_stage_endeffector/src/first_stage_endeffector.cpp:42:5:[m[K [01;31m[Kerror: [m[Kâ€˜[01m[Ktimer_[m[Kâ€™ was not declared in this scope; did you mean â€˜[01m[Ktimer_t[m[Kâ€™?
   42 |     [01;31m[Ktimer_[m[K = this->create_wall_timer(std::chrono::seconds(1),
      |     [01;31m[K^~~~~~[m[K
      |     [32m[Ktimer_t[m[K
[01m[K/home/steven/ros2_ws/src/first_stage/src/first_stage_endeffector/src/first_stage_endeffector.cpp:[m[K In member function â€˜[01m[Kvoid RobotController::initializeMoveGroup()[m[Kâ€™:
[01m[K/home/steven/ros2_ws/src/first_stage/src/first_stage_endeffector/src/first_stage_endeffector.cpp:49:5:[m[K [01;31m[Kerror: [m[Kâ€˜[01m[Ktimer_[m[Kâ€™ was not declared in this scope; did you mean â€˜[01m[Ktimer_t[m[Kâ€™?
   49 |     [01;31m[Ktimer_[m[K->cancel();
      |     [01;31m[K^~~~~~[m[K
      |     [32m[Ktimer_t[m[K
[01m[K/home/steven/ros2_ws/src/first_stage/src/first_stage_endeffector/src/first_stage_endeffector.cpp:51:5:[m[K [01;31m[Kerror: [m[Kâ€˜[01m[Kmove_group_arm[m[Kâ€™ was not declared in this scope
   51 |     [01;31m[Kmove_group_arm[m[K = std::make_shared<moveit::planning_interface::MoveGroupInterface>(shared_from_this(), "ur_manipulator");
      |     [01;31m[K^~~~~~~~~~~~~~[m[K
[01m[K/home/steven/ros2_ws/src/first_stage/src/first_stage_endeffector/src/first_stage_endeffector.cpp:[m[K In member function â€˜[01m[Kvoid RobotController::goHome()[m[Kâ€™:
[01m[K/home/steven/ros2_ws/src/first_stage/src/first_stage_endeffector/src/first_stage_endeffector.cpp:60:10:[m[K [01;31m[Kerror: [m[Kâ€˜[01m[Kmove_group_arm[m[Kâ€™ was not declared in this scope
   60 |     if (![01;31m[Kmove_group_arm[m[K) {
      |          [01;31m[K^~~~~~~~~~~~~~[m[K
[01m[K/home/steven/ros2_ws/src/first_stage/src/first_stage_endeffector/src/first_stage_endeffector.cpp:65:5:[m[K [01;31m[Kerror: [m[Kâ€˜[01m[Kmove_group_arm[m[Kâ€™ was not declared in this scope
   65 |     [01;31m[Kmove_group_arm[m[K->setStartStateToCurrentState();
      |     [01;31m[K^~~~~~~~~~~~~~[m[K
[01m[K/home/steven/ros2_ws/src/first_stage/src/first_stage_endeffector/src/first_stage_endeffector.cpp:[m[K In member function â€˜[01m[Kvoid RobotController::coordinatesCallback(geometry_msgs::msg::Point_<std::allocator<void> >::SharedPtr)[m[Kâ€™:
[01m[K/home/steven/ros2_ws/src/first_stage/src/first_stage_endeffector/src/first_stage_endeffector.cpp:78:5:[m[K [01;31m[Kerror: [m[Kâ€˜[01m[Ktarget_pose[m[Kâ€™ was not declared in this scope
   78 |     [01;31m[Ktarget_pose[m[K.position.x = msg->x;
      |     [01;31m[K^~~~~~~~~~~[m[K
[01m[K/home/steven/ros2_ws/src/first_stage/src/first_stage_endeffector/src/first_stage_endeffector.cpp:82:9:[m[K [01;31m[Kerror: [m[Kâ€˜[01m[Korientation_received[m[Kâ€™ was not declared in this scope
   82 |     if ([01;31m[Korientation_received[m[K) {
      |         [01;31m[K^~~~~~~~~~~~~~~~~~~~[m[K
[01m[K/home/steven/ros2_ws/src/first_stage/src/first_stage_endeffector/src/first_stage_endeffector.cpp:[m[K In member function â€˜[01m[Kvoid RobotController::orientationCallback(geometry_msgs::msg::Quaternion_<std::allocator<void> >::SharedPtr)[m[Kâ€™:
[01m[K/home/steven/ros2_ws/src/first_stage/src/first_stage_endeffector/src/first_stage_endeffector.cpp:89:5:[m[K [01;31m[Kerror: [m[Kâ€˜[01m[Ktarget_pose[m[Kâ€™ was not declared in this scope
   89 |     [01;31m[Ktarget_pose[m[K.orientation = *msg;
      |     [01;31m[K^~~~~~~~~~~[m[K
[01m[K/home/steven/ros2_ws/src/first_stage/src/first_stage_endeffector/src/first_stage_endeffector.cpp:90:5:[m[K [01;31m[Kerror: [m[Kâ€˜[01m[Korientation_received[m[Kâ€™ was not declared in this scope
   90 |     [01;31m[Korientation_received[m[K = true;
      |     [01;31m[K^~~~~~~~~~~~~~~~~~~~[m[K
[01m[K/home/steven/ros2_ws/src/first_stage/src/first_stage_endeffector/src/first_stage_endeffector.cpp:[m[K In member function â€˜[01m[Kvoid RobotController::orientationTypeCallback(std_msgs::msg::Int8_<std::allocator<void> >::SharedPtr)[m[Kâ€™:
[01m[K/home/steven/ros2_ws/src/first_stage/src/first_stage_endeffector/src/first_stage_endeffector.cpp:99:5:[m[K [01;31m[Kerror: [m[Kâ€˜[01m[Korientation_type[m[Kâ€™ was not declared in this scope
   99 |     [01;31m[Korientation_type[m[K = msg->data;
      |     [01;31m[K^~~~~~~~~~~~~~~~[m[K
[01m[K/home/steven/ros2_ws/src/first_stage/src/first_stage_endeffector/src/first_stage_endeffector.cpp:100:5:[m[K [01;31m[Kerror: [m[Kâ€˜[01m[Korientation_type_received[m[Kâ€™ was not declared in this scope
  100 |     [01;31m[Korientation_type_received[m[K = true;
      |     [01;31m[K^~~~~~~~~~~~~~~~~~~~~~~~~[m[K
[01m[K/home/steven/ros2_ws/src/first_stage/src/first_stage_endeffector/src/first_stage_endeffector.cpp:101:5:[m[K [01;31m[Kerror: [m[Kâ€˜[01m[KmoveToFinalPosition[m[Kâ€™ was not declared in this scope
  101 |     [01;31m[KmoveToFinalPosition[m[K();
      |     [01;31m[K^~~~~~~~~~~~~~~~~~~[m[K
[01m[K/home/steven/ros2_ws/src/first_stage/src/first_stage_endeffector/src/first_stage_endeffector.cpp:[m[K In member function â€˜[01m[Kvoid RobotController::planAndExecute()[m[Kâ€™:
[01m[K/home/steven/ros2_ws/src/first_stage/src/first_stage_endeffector/src/first_stage_endeffector.cpp:106:10:[m[K [01;31m[Kerror: [m[Kâ€˜[01m[Kmove_group_arm[m[Kâ€™ was not declared in this scope
  106 |     if (![01;31m[Kmove_group_arm[m[K) {
      |          [01;31m[K^~~~~~~~~~~~~~[m[K
In file included from [01m[K/opt/ros/humble/include/rclcpp/rclcpp/logging.hpp:24[m[K,
                 from [01m[K/opt/ros/humble/include/rclcpp/rclcpp/client.hpp:40[m[K,
                 from [01m[K/opt/ros/humble/include/rclcpp/rclcpp/callback_group.hpp:24[m[K,
                 from [01m[K/opt/ros/humble/include/rclcpp/rclcpp/any_executable.hpp:20[m[K,
                 from [01m[K/opt/ros/humble/include/rclcpp/rclcpp/memory_strategy.hpp:25[m[K,
                 from [01m[K/opt/ros/humble/include/rclcpp/rclcpp/memory_strategies.hpp:18[m[K,
                 from [01m[K/opt/ros/humble/include/rclcpp/rclcpp/executor_options.hpp:20[m[K,
                 from [01m[K/opt/ros/humble/include/rclcpp/rclcpp/executor.hpp:37[m[K,
                 from [01m[K/opt/ros/humble/include/rclcpp/rclcpp/executors/multi_threaded_executor.hpp:25[m[K,
                 from [01m[K/opt/ros/humble/include/rclcpp/rclcpp/executors.hpp:21[m[K,
                 from [01m[K/opt/ros/humble/include/rclcpp/rclcpp/rclcpp.hpp:155[m[K,
                 from [01m[K/home/steven/ros2_ws/src/first_stage/src/first_stage_endeffector/src/first_stage_endeffector.cpp:1[m[K:
[01m[K/home/steven/ros2_ws/src/first_stage/src/first_stage_endeffector/src/first_stage_endeffector.cpp:112:17:[m[K [01;31m[Kerror: [m[Kâ€˜[01m[Ktarget_pose[m[Kâ€™ was not declared in this scope
  112 |                 [01;31m[Ktarget_pose[m[K.position.x, target_pose.position.y, target_pose.position.z,
      |                 [01;31m[K^~~~~~~~~~~[m[K
[01m[K/home/steven/ros2_ws/src/first_stage/src/first_stage_endeffector/src/first_stage_endeffector.cpp:115:5:[m[K [01;31m[Kerror: [m[Kâ€˜[01m[Kmove_group_arm[m[Kâ€™ was not declared in this scope
  115 |     [01;31m[Kmove_group_arm[m[K->setPoseTarget(target_pose);
      |     [01;31m[K^~~~~~~~~~~~~~[m[K
[01m[K/home/steven/ros2_ws/src/first_stage/src/first_stage_endeffector/src/first_stage_endeffector.cpp:115:35:[m[K [01;31m[Kerror: [m[Kâ€˜[01m[Ktarget_pose[m[Kâ€™ was not declared in this scope
  115 |     move_group_arm->setPoseTarget([01;31m[Ktarget_pose[m[K);
      |                                   [01;31m[K^~~~~~~~~~~[m[K
[01m[K/home/steven/ros2_ws/src/first_stage/src/first_stage_endeffector/src/first_stage_endeffector.cpp:119:11:[m[K [01;31m[Kerror: [m[Kâ€˜[01m[KcheckGraspSuccess[m[Kâ€™ was not declared in this scope
  119 |       if ([01;31m[KcheckGraspSuccess[m[K()) {
      |           [01;31m[K^~~~~~~~~~~~~~~~~[m[K
[01m[K/home/steven/ros2_ws/src/first_stage/src/first_stage_endeffector/src/first_stage_endeffector.cpp:120:9:[m[K [01;31m[Kerror: [m[Kâ€˜[01m[KmoveToCamera[m[Kâ€™ was not declared in this scope
  120 |         [01;31m[KmoveToCamera[m[K();
      |         [01;31m[K^~~~~~~~~~~~[m[K
[01m[K/home/steven/ros2_ws/src/first_stage/src/first_stage_endeffector/src/first_stage_endeffector.cpp:[m[K In member function â€˜[01m[Kbool RobotController::executePlan()[m[Kâ€™:
[01m[K/home/steven/ros2_ws/src/first_stage/src/first_stage_endeffector/src/first_stage_endeffector.cpp:130:21:[m[K [01;31m[Kerror: [m[Kâ€˜[01m[Kmove_group_arm[m[Kâ€™ was not declared in this scope
  130 |     bool success = ([01;31m[Kmove_group_arm[m[K->plan(my_plan) == moveit::core::MoveItErrorCode::SUCCESS);
      |                     [01;31m[K^~~~~~~~~~~~~~[m[K
[01m[K/home/steven/ros2_ws/src/first_stage/src/first_stage_endeffector/src/first_stage_endeffector.cpp:[m[K In member function â€˜[01m[Kvoid RobotController::performGraspSequence()[m[Kâ€™:
[01m[K/home/steven/ros2_ws/src/first_stage/src/first_stage_endeffector/src/first_stage_endeffector.cpp:144:3:[m[K [01;31m[Kerror: [m[Kâ€˜[01m[KpublishGripperCommand[m[Kâ€™ was not declared in this scope
  144 |   [01;31m[KpublishGripperCommand[m[K(30, 10);
      |   [01;31m[K^~~~~~~~~~~~~~~~~~~~~[m[K
[01m[K/home/steven/ros2_ws/src/first_stage/src/first_stage_endeffector/src/first_stage_endeffector.cpp:145:3:[m[K [01;31m[Kerror: [m[Kâ€˜[01m[KwaitForGripperAction[m[Kâ€™ was not declared in this scope
  145 |   [01;31m[KwaitForGripperAction[m[K();
      |   [01;31m[K^~~~~~~~~~~~~~~~~~~~[m[K
[01m[K/home/steven/ros2_ws/src/first_stage/src/first_stage_endeffector/src/first_stage_endeffector.cpp:149:44:[m[K [01;31m[Kerror: [m[Kâ€˜[01m[Ktarget_pose[m[Kâ€™ was not declared in this scope
  149 |   geometry_msgs::msg::Pose approach_pose = [01;31m[Ktarget_pose[m[K;
      |                                            [01;31m[K^~~~~~~~~~~[m[K
[01m[K/home/steven/ros2_ws/src/first_stage/src/first_stage_endeffector/src/first_stage_endeffector.cpp:152:3:[m[K [01;31m[Kerror: [m[Kâ€˜[01m[KexecuteCartesianPath[m[Kâ€™ was not declared in this scope
  152 |   [01;31m[KexecuteCartesianPath[m[K(approach_waypoints);
      |   [01;31m[K^~~~~~~~~~~~~~~~~~~~[m[K
[01m[K/home/steven/ros2_ws/src/first_stage/src/first_stage_endeffector/src/first_stage_endeffector.cpp:163:3:[m[K [01;31m[Kerror: [m[Ka function-definition is not allowed here before â€˜[01m[K{[m[Kâ€™ token
  163 |   [01;31m[K{[m[K
      |   [01;31m[K^[m[K
[01m[K/home/steven/ros2_ws/src/first_stage/src/first_stage_endeffector/src/first_stage_endeffector.cpp:179:3:[m[K [01;31m[Kerror: [m[Ka function-definition is not allowed here before â€˜[01m[K{[m[Kâ€™ token
  179 |   [01;31m[K{[m[K
      |   [01;31m[K^[m[K
[01m[K/home/steven/ros2_ws/src/first_stage/src/first_stage_endeffector/src/first_stage_endeffector.cpp:228:3:[m[K [01;31m[Kerror: [m[Ka function-definition is not allowed here before â€˜[01m[K{[m[Kâ€™ token
  228 |   [01;31m[K{[m[K
      |   [01;31m[K^[m[K
[01m[K/home/steven/ros2_ws/src/first_stage/src/first_stage_endeffector/src/first_stage_endeffector.cpp:236:3:[m[K [01;31m[Kerror: [m[Ka function-definition is not allowed here before â€˜[01m[K{[m[Kâ€™ token
  236 |   [01;31m[K{[m[K
      |   [01;31m[K^[m[K
[01m[K/home/steven/ros2_ws/src/first_stage/src/first_stage_endeffector/src/first_stage_endeffector.cpp:241:3:[m[K [01;31m[Kerror: [m[Ka function-definition is not allowed here before â€˜[01m[K{[m[Kâ€™ token
  241 |   [01;31m[K{[m[K
      |   [01;31m[K^[m[K
[01m[K/home/steven/ros2_ws/src/first_stage/src/first_stage_endeffector/src/first_stage_endeffector.cpp:261:25:[m[K [01;35m[Kwarning: [m[Kempty parentheses were disambiguated as a function declaration [[01;35m[K]8;;https://gcc.gnu.org/onlinedocs/gcc/Warning-Options.html#index-Wvexing-parse-Wvexing-parse]8;;[m[K]
  261 |   bool checkGraspSuccess[01;35m[K()[m[K
      |                         [01;35m[K^~[m[K
[01m[K/home/steven/ros2_ws/src/first_stage/src/first_stage_endeffector/src/first_stage_endeffector.cpp:261:25:[m[K [01;36m[Knote: [m[Kremove parentheses to default-initialize a variable
  261 |   bool checkGraspSuccess[01;36m[K()[m[K
      |                         [01;36m[K^~[m[K
      |                         [31m[K--[m[K
[01m[K/home/steven/ros2_ws/src/first_stage/src/first_stage_endeffector/src/first_stage_endeffector.cpp:261:25:[m[K [01;36m[Knote: [m[Kor replace parentheses with braces to value-initialize a variable
[01m[K/home/steven/ros2_ws/src/first_stage/src/first_stage_endeffector/src/first_stage_endeffector.cpp:262:3:[m[K [01;31m[Kerror: [m[Ka function-definition is not allowed here before â€˜[01m[K{[m[Kâ€™ token
  262 |   [01;31m[K{[m[K
      |   [01;31m[K^[m[K
[01m[K/home/steven/ros2_ws/src/first_stage/src/first_stage_endeffector/src/first_stage_endeffector.cpp:301:8:[m[K [01;35m[Kwarning: [m[Kunused variable â€˜[01m[Korientation_received[m[Kâ€™ [[01;35m[K]8;;https://gcc.gnu.org/onlinedocs/gcc/Warning-Options.html#index-Wunused-variable-Wunused-variable]8;;[m[K]
  301 |   bool [01;35m[Korientation_received[m[K = false;
      |        [01;35m[K^~~~~~~~~~~~~~~~~~~~[m[K
[01m[K/home/steven/ros2_ws/src/first_stage/src/first_stage_endeffector/src/first_stage_endeffector.cpp:302:8:[m[K [01;35m[Kwarning: [m[Kunused variable â€˜[01m[Korientation_type_received[m[Kâ€™ [[01;35m[K]8;;https://gcc.gnu.org/onlinedocs/gcc/Warning-Options.html#index-Wunused-variable-Wunused-variable]8;;[m[K]
  302 |   bool [01;35m[Korientation_type_received[m[K = false;
      |        [01;35m[K^~~~~~~~~~~~~~~~~~~~~~~~~[m[K
[01m[K/home/steven/ros2_ws/src/first_stage/src/first_stage_endeffector/src/first_stage_endeffector.cpp:303:7:[m[K [01;35m[Kwarning: [m[Kunused variable â€˜[01m[Korientation_type[m[Kâ€™ [[01;35m[K]8;;https://gcc.gnu.org/onlinedocs/gcc/Warning-Options.html#index-Wunused-variable-Wunused-variable]8;;[m[K]
  303 |   int [01;35m[Korientation_type[m[K;
      |       [01;35m[K^~~~~~~~~~~~~~~~[m[K
[01m[K/home/steven/ros2_ws/src/first_stage/src/first_stage_endeffector/src/first_stage_endeffector.cpp:[m[K At global scope:
[01m[K/home/steven/ros2_ws/src/first_stage/src/first_stage_endeffector/src/first_stage_endeffector.cpp:313:2:[m[K [01;31m[Kerror: [m[Kexpected unqualified-id at end of input
  313 | }
      |  [01;31m[K^[m[K
gmake[2]: *** [CMakeFiles/first_stage_endeffector.dir/build.make:76ï¼šCMakeFiles/first_stage_endeffector.dir/src/first_stage_endeffector.cpp.o] éŒ¯èª¤ 1
gmake[1]: *** [CMakeFiles/Makefile2:137ï¼šCMakeFiles/first_stage_endeffector.dir/all] éŒ¯èª¤ 2
gmake: *** [Makefile:146ï¼šall] éŒ¯èª¤ 2
