[0.008s] Invoking command in '/home/steven/Documents/IIIIIIIII_TEST/command_endeffector_cartesian/build/ur5_endeffector_cartesian': CMAKE_PREFIX_PATH=${CMAKE_PREFIX_PATH}:/home/steven/ws_moveit2/install/moveit_configs_utils:/home/steven/ws_moveit2/install/launch_param_builder:/opt/ros/humble /usr/bin/cmake --build /home/steven/Documents/IIIIIIIII_TEST/command_endeffector_cartesian/build/ur5_endeffector_cartesian -- -j32 -l32
[0.049s] [35m[1mConsolidate compiler generated dependencies of target ur5_ros2_cartesian[0m
[0.066s] [ 50%] [32mBuilding CXX object CMakeFiles/ur5_ros2_cartesian.dir/src/ur5_ros2_cartesian.cpp.o[0m
[2.169s] [01m[K/home/steven/Documents/IIIIIIIII_TEST/command_endeffector_cartesian/src/ur5_endeffector_cartesian/src/ur5_ros2_cartesian.cpp:213:6:[m[K [01;31m[Kerror: [m[Kexpected â€˜[01m[K;[m[Kâ€™ after class definition
[2.169s]   213 |     }
[2.169s]       |      [01;31m[K^[m[K
[2.169s]       |      [32m[K;[m[K
[2.169s] [01m[K/home/steven/Documents/IIIIIIIII_TEST/command_endeffector_cartesian/src/ur5_endeffector_cartesian/src/ur5_ros2_cartesian.cpp:[m[K In constructor â€˜[01m[KUR5Control::UR5Control()[m[Kâ€™:
[2.169s] [01m[K/home/steven/Documents/IIIIIIIII_TEST/command_endeffector_cartesian/src/ur5_endeffector_cartesian/src/ur5_ros2_cartesian.cpp:15:19:[m[K [01;31m[Kerror: [m[Kclass â€˜[01m[KUR5Control[m[Kâ€™ does not have any field named â€˜[01m[Kcurrent_velocity[m[Kâ€™
[2.169s]    15 |                   [01;31m[Kcurrent_velocity[m[K(1.0),
[2.169s]       |                   [01;31m[K^~~~~~~~~~~~~~~~[m[K
[2.169s] [01m[K/home/steven/Documents/IIIIIIIII_TEST/command_endeffector_cartesian/src/ur5_endeffector_cartesian/src/ur5_ros2_cartesian.cpp:16:19:[m[K [01;31m[Kerror: [m[Kclass â€˜[01m[KUR5Control[m[Kâ€™ does not have any field named â€˜[01m[Kcurrent_acceleration[m[Kâ€™
[2.169s]    16 |                   [01;31m[Kcurrent_acceleration[m[K(1.0),
[2.169s]       |                   [01;31m[K^~~~~~~~~~~~~~~~~~~~[m[K
[2.169s] [01m[K/home/steven/Documents/IIIIIIIII_TEST/command_endeffector_cartesian/src/ur5_endeffector_cartesian/src/ur5_ros2_cartesian.cpp:17:19:[m[K [01;31m[Kerror: [m[Kclass â€˜[01m[KUR5Control[m[Kâ€™ does not have any field named â€˜[01m[Kforce_threshold[m[Kâ€™
[2.169s]    17 |                   [01;31m[Kforce_threshold[m[K(50.0),
[2.169s]       |                   [01;31m[K^~~~~~~~~~~~~~~[m[K
[2.169s] [01m[K/home/steven/Documents/IIIIIIIII_TEST/command_endeffector_cartesian/src/ur5_endeffector_cartesian/src/ur5_ros2_cartesian.cpp:18:19:[m[K [01;31m[Kerror: [m[Kclass â€˜[01m[KUR5Control[m[Kâ€™ does not have any field named â€˜[01m[Kis_moving[m[Kâ€™
[2.169s]    18 |                   [01;31m[Kis_moving[m[K(true),
[2.169s]       |                   [01;31m[K^~~~~~~~~[m[K
[2.169s] [01m[K/home/steven/Documents/IIIIIIIII_TEST/command_endeffector_cartesian/src/ur5_endeffector_cartesian/src/ur5_ros2_cartesian.cpp:19:19:[m[K [01;31m[Kerror: [m[Kclass â€˜[01m[KUR5Control[m[Kâ€™ does not have any field named â€˜[01m[Kinitial_forces_set[m[Kâ€™
[2.169s]    19 |                   [01;31m[Kinitial_forces_set[m[K(false),
[2.169s]       |                   [01;31m[K^~~~~~~~~~~~~~~~~~[m[K
[2.169s] [01m[K/home/steven/Documents/IIIIIIIII_TEST/command_endeffector_cartesian/src/ur5_endeffector_cartesian/src/ur5_ros2_cartesian.cpp:20:19:[m[K [01;31m[Kerror: [m[Kclass â€˜[01m[KUR5Control[m[Kâ€™ does not have any field named â€˜[01m[Kcurrent_direction_index[m[Kâ€™
[2.169s]    20 |                   [01;31m[Kcurrent_direction_index[m[K(0) {
[2.169s]       |                   [01;31m[K^~~~~~~~~~~~~~~~~~~~~~~[m[K
[2.172s] [01m[K/home/steven/Documents/IIIIIIIII_TEST/command_endeffector_cartesian/src/ur5_endeffector_cartesian/src/ur5_ros2_cartesian.cpp:23:9:[m[K [01;31m[Kerror: [m[Kâ€˜[01m[Kpose0[m[Kâ€™ was not declared in this scope
[2.172s]    23 |         [01;31m[Kpose0[m[K = createPose(0.14, -0.21, 0.5, 1, 0.0, 0.0, 0.0);
[2.172s]       |         [01;31m[K^~~~~[m[K
[2.177s] [01m[K/home/steven/Documents/IIIIIIIII_TEST/command_endeffector_cartesian/src/ur5_endeffector_cartesian/src/ur5_ros2_cartesian.cpp:23:17:[m[K [01;31m[Kerror: [m[Kâ€˜[01m[KcreatePose[m[Kâ€™ was not declared in this scope
[2.177s]    23 |         pose0 = [01;31m[KcreatePose[m[K(0.14, -0.21, 0.5, 1, 0.0, 0.0, 0.0);
[2.177s]       |                 [01;31m[K^~~~~~~~~~[m[K
[2.184s] [01m[K/home/steven/Documents/IIIIIIIII_TEST/command_endeffector_cartesian/src/ur5_endeffector_cartesian/src/ur5_ros2_cartesian.cpp:[m[K In member function â€˜[01m[Kvoid UR5Control::setupNode()[m[Kâ€™:
[2.184s] [01m[K/home/steven/Documents/IIIIIIIII_TEST/command_endeffector_cartesian/src/ur5_endeffector_cartesian/src/ur5_ros2_cartesian.cpp:28:9:[m[K [01;31m[Kerror: [m[Kâ€˜[01m[Kmove_group_node[m[Kâ€™ was not declared in this scope
[2.184s]    28 |         [01;31m[Kmove_group_node[m[K = std::make_shared<rclcpp::Node>("move_group_interface");
[2.184s]       |         [01;31m[K^~~~~~~~~~~~~~~[m[K
[2.187s] [01m[K/home/steven/Documents/IIIIIIIII_TEST/command_endeffector_cartesian/src/ur5_endeffector_cartesian/src/ur5_ros2_cartesian.cpp:29:9:[m[K [01;31m[Kerror: [m[Kâ€˜[01m[Kexecutor[m[Kâ€™ was not declared in this scope
[2.187s]    29 |         [01;31m[Kexecutor[m[K = std::make_shared<rclcpp::executors::SingleThreadedExecutor>();
[2.187s]       |         [01;31m[K^~~~~~~~[m[K
[2.188s] [01m[K/home/steven/Documents/IIIIIIIII_TEST/command_endeffector_cartesian/src/ur5_endeffector_cartesian/src/ur5_ros2_cartesian.cpp:[m[K In lambda function:
[2.188s] [01m[K/home/steven/Documents/IIIIIIIII_TEST/command_endeffector_cartesian/src/ur5_endeffector_cartesian/src/ur5_ros2_cartesian.cpp:31:32:[m[K [01;31m[Kerror: [m[Kâ€˜[01m[Kexecutor[m[Kâ€™ is not captured
[2.188s]    31 |         std::thread([this]() { [01;31m[Kexecutor[m[K->spin(); }).detach();
[2.188s]       |                                [01;31m[K^~~~~~~~[m[K
[2.188s] [01m[K/home/steven/Documents/IIIIIIIII_TEST/command_endeffector_cartesian/src/ur5_endeffector_cartesian/src/ur5_ros2_cartesian.cpp:31:26:[m[K [01;36m[Knote: [m[Kthe lambda has no capture-default
[2.188s]    31 |         std::thread([this[01;36m[K][m[K() { executor->spin(); }).detach();
[2.188s]       |                          [01;36m[K^[m[K
[2.188s] [01m[K/home/steven/Documents/IIIIIIIII_TEST/command_endeffector_cartesian/src/ur5_endeffector_cartesian/src/ur5_ros2_cartesian.cpp:29:9:[m[K [01;36m[Knote: [m[Kâ€˜[01m[K<typeprefixerror>executor[m[Kâ€™ declared here
[2.188s]    29 |         [01;36m[Kexecutor[m[K = std::make_shared<rclcpp::executors::SingleThreadedExecutor>();
[2.188s]       |         [01;36m[K^~~~~~~~[m[K
[2.192s] [01m[K/home/steven/Documents/IIIIIIIII_TEST/command_endeffector_cartesian/src/ur5_endeffector_cartesian/src/ur5_ros2_cartesian.cpp:[m[K In member function â€˜[01m[Kvoid UR5Control::setupNode()[m[Kâ€™:
[2.192s] [01m[K/home/steven/Documents/IIIIIIIII_TEST/command_endeffector_cartesian/src/ur5_endeffector_cartesian/src/ur5_ros2_cartesian.cpp:33:9:[m[K [01;31m[Kerror: [m[Kâ€˜[01m[Kmove_group[m[Kâ€™ was not declared in this scope
[2.192s]    33 |         [01;31m[Kmove_group[m[K = std::make_shared<moveit::planning_interface::MoveGroupInterface>(move_group_node, "ur_manipulator");
[2.192s]       |         [01;31m[K^~~~~~~~~~[m[K
[2.199s] [01m[K/home/steven/Documents/IIIIIIIII_TEST/command_endeffector_cartesian/src/ur5_endeffector_cartesian/src/ur5_ros2_cartesian.cpp:36:9:[m[K [01;31m[Kerror: [m[Kâ€˜[01m[Ksensor_subscriber[m[Kâ€™ was not declared in this scope
[2.200s]    36 |         [01;31m[Ksensor_subscriber[m[K = this->create_subscription<std_msgs::msg::Float64MultiArray>(
[2.200s]       |         [01;31m[K^~~~~~~~~~~~~~~~~[m[K
[2.225s] [01m[K/home/steven/Documents/IIIIIIIII_TEST/command_endeffector_cartesian/src/ur5_endeffector_cartesian/src/ur5_ros2_cartesian.cpp:39:9:[m[K [01;31m[Kerror: [m[Kâ€˜[01m[Ktimer[m[Kâ€™ was not declared in this scope; did you mean â€˜[01m[Ktimex[m[Kâ€™?
[2.225s]    39 |         [01;31m[Ktimer[m[K = this->create_wall_timer(
[2.226s]       |         [01;31m[K^~~~~[m[K
[2.226s]       |         [32m[Ktimex[m[K
[2.235s] [01m[K/home/steven/Documents/IIIIIIIII_TEST/command_endeffector_cartesian/src/ur5_endeffector_cartesian/src/ur5_ros2_cartesian.cpp:[m[K In member function â€˜[01m[Kvoid UR5Control::setupDirections()[m[Kâ€™:
[2.236s] [01m[K/home/steven/Documents/IIIIIIIII_TEST/command_endeffector_cartesian/src/ur5_endeffector_cartesian/src/ur5_ros2_cartesian.cpp:46:9:[m[K [01;31m[Kerror: [m[Kâ€˜[01m[Kmovement_directions[m[Kâ€™ was not declared in this scope; did you mean â€˜[01m[KmoveInDirection[m[Kâ€™?
[2.236s]    46 |         [01;31m[Kmovement_directions[m[K.push_back(tf2::Vector3(0.0, 0.0, -1.0));
[2.236s]       |         [01;31m[K^~~~~~~~~~~~~~~~~~~[m[K
[2.236s]       |         [32m[KmoveInDirection[m[K
[2.242s] [01m[K/home/steven/Documents/IIIIIIIII_TEST/command_endeffector_cartesian/src/ur5_endeffector_cartesian/src/ur5_ros2_cartesian.cpp:50:9:[m[K [01;31m[Kerror: [m[Kâ€˜[01m[Kfixed_distances[m[Kâ€™ was not declared in this scope
[2.242s]    50 |         [01;31m[Kfixed_distances[m[K.push_back(0.05); // 0.05mm upward movement
[2.242s]       |         [01;31m[K^~~~~~~~~~~~~~~[m[K
[2.247s] [01m[K/home/steven/Documents/IIIIIIIII_TEST/command_endeffector_cartesian/src/ur5_endeffector_cartesian/src/ur5_ros2_cartesian.cpp:[m[K In member function â€˜[01m[Kvoid UR5Control::setInitialForces()[m[Kâ€™:
[2.247s] [01m[K/home/steven/Documents/IIIIIIIII_TEST/command_endeffector_cartesian/src/ur5_endeffector_cartesian/src/ur5_ros2_cartesian.cpp:66:9:[m[K [01;31m[Kerror: [m[Kâ€˜[01m[Kinitial_forces[m[Kâ€™ was not declared in this scope; did you mean â€˜[01m[KsetInitialForces[m[Kâ€™?
[2.247s]    66 |         [01;31m[Kinitial_forces[m[K = forces;
[2.247s]       |         [01;31m[K^~~~~~~~~~~~~~[m[K
[2.247s]       |         [32m[KsetInitialForces[m[K
[2.249s] [01m[K/home/steven/Documents/IIIIIIIII_TEST/command_endeffector_cartesian/src/ur5_endeffector_cartesian/src/ur5_ros2_cartesian.cpp:66:26:[m[K [01;31m[Kerror: [m[Kâ€˜[01m[Kforces[m[Kâ€™ was not declared in this scope
[2.249s]    66 |         initial_forces = [01;31m[Kforces[m[K;
[2.249s]       |                          [01;31m[K^~~~~~[m[K
[2.257s] [01m[K/home/steven/Documents/IIIIIIIII_TEST/command_endeffector_cartesian/src/ur5_endeffector_cartesian/src/ur5_ros2_cartesian.cpp:67:9:[m[K [01;31m[Kerror: [m[Kâ€˜[01m[Kinitial_forces_set[m[Kâ€™ was not declared in this scope
[2.257s]    67 |         [01;31m[Kinitial_forces_set[m[K = true;
[2.257s]       |         [01;31m[K^~~~~~~~~~~~~~~~~~[m[K
[2.263s] [01m[K/home/steven/Documents/IIIIIIIII_TEST/command_endeffector_cartesian/src/ur5_endeffector_cartesian/src/ur5_ros2_cartesian.cpp:[m[K In member function â€˜[01m[Kvoid UR5Control::startMovement()[m[Kâ€™:
[2.263s] [01m[K/home/steven/Documents/IIIIIIIII_TEST/command_endeffector_cartesian/src/ur5_endeffector_cartesian/src/ur5_ros2_cartesian.cpp:74:26:[m[K [01;31m[Kerror: [m[Kâ€˜[01m[Kmovement_directions[m[Kâ€™ was not declared in this scope; did you mean â€˜[01m[KmoveInDirection[m[Kâ€™?
[2.263s]    74 |         setMoveDirection([01;31m[Kmovement_directions[m[K[0].x(),
[2.263s]       |                          [01;31m[K^~~~~~~~~~~~~~~~~~~[m[K
[2.263s]       |                          [32m[KmoveInDirection[m[K
[2.266s] [01m[K/home/steven/Documents/IIIIIIIII_TEST/command_endeffector_cartesian/src/ur5_endeffector_cartesian/src/ur5_ros2_cartesian.cpp:[m[K In member function â€˜[01m[Kvoid UR5Control::setMoveDirection(double, double, double)[m[Kâ€™:
[2.266s] [01m[K/home/steven/Documents/IIIIIIIII_TEST/command_endeffector_cartesian/src/ur5_endeffector_cartesian/src/ur5_ros2_cartesian.cpp:80:9:[m[K [01;31m[Kerror: [m[Kâ€˜[01m[Kmove_direction[m[Kâ€™ was not declared in this scope; did you mean â€˜[01m[KmoveInDirection[m[Kâ€™?
[2.266s]    80 |         [01;31m[Kmove_direction[m[K = tf2::Vector3(x, y, z);
[2.266s]       |         [01;31m[K^~~~~~~~~~~~~~[m[K
[2.266s]       |         [32m[KmoveInDirection[m[K
[2.271s] [01m[K/home/steven/Documents/IIIIIIIII_TEST/command_endeffector_cartesian/src/ur5_endeffector_cartesian/src/ur5_ros2_cartesian.cpp:[m[K In member function â€˜[01m[Kvoid UR5Control::setForceThreshold(double)[m[Kâ€™:
[2.271s] [01m[K/home/steven/Documents/IIIIIIIII_TEST/command_endeffector_cartesian/src/ur5_endeffector_cartesian/src/ur5_ros2_cartesian.cpp:86:9:[m[K [01;31m[Kerror: [m[Kâ€˜[01m[Kforce_threshold[m[Kâ€™ was not declared in this scope; did you mean â€˜[01m[KsetForceThreshold[m[Kâ€™?
[2.271s]    86 |         [01;31m[Kforce_threshold[m[K = threshold;
[2.271s]       |         [01;31m[K^~~~~~~~~~~~~~~[m[K
[2.271s]       |         [32m[KsetForceThreshold[m[K
[2.276s] [01m[K/home/steven/Documents/IIIIIIIII_TEST/command_endeffector_cartesian/src/ur5_endeffector_cartesian/src/ur5_ros2_cartesian.cpp:[m[K In member function â€˜[01m[Kvoid UR5Control::sensorCallback(std_msgs::msg::Float64MultiArray_<std::allocator<void> >::SharedPtr)[m[Kâ€™:
[2.276s] [01m[K/home/steven/Documents/IIIIIIIII_TEST/command_endeffector_cartesian/src/ur5_endeffector_cartesian/src/ur5_ros2_cartesian.cpp:92:13:[m[K [01;31m[Kerror: [m[Kâ€˜[01m[Kforces[m[Kâ€™ was not declared in this scope
[2.276s]    92 |             [01;31m[Kforces[m[K = tf2::Vector3(msg->data[0], msg->data[1], msg->data[2]);
[2.276s]       |             [01;31m[K^~~~~~[m[K
[2.284s] [01m[K/home/steven/Documents/IIIIIIIII_TEST/command_endeffector_cartesian/src/ur5_endeffector_cartesian/src/ur5_ros2_cartesian.cpp:[m[K In member function â€˜[01m[Kbool UR5Control::switchToNextDirection()[m[Kâ€™:
[2.284s] [01m[K/home/steven/Documents/IIIIIIIII_TEST/command_endeffector_cartesian/src/ur5_endeffector_cartesian/src/ur5_ros2_cartesian.cpp:99:9:[m[K [01;31m[Kerror: [m[Kâ€˜[01m[Kcurrent_direction_index[m[Kâ€™ was not declared in this scope
[2.284s]    99 |         [01;31m[Kcurrent_direction_index[m[K++;
[2.284s]       |         [01;31m[K^~~~~~~~~~~~~~~~~~~~~~~[m[K
[2.290s] [01m[K/home/steven/Documents/IIIIIIIII_TEST/command_endeffector_cartesian/src/ur5_endeffector_cartesian/src/ur5_ros2_cartesian.cpp:100:40:[m[K [01;31m[Kerror: [m[Kâ€˜[01m[Kmovement_directions[m[Kâ€™ was not declared in this scope; did you mean â€˜[01m[KmoveInDirection[m[Kâ€™?
[2.290s]   100 |         if (current_direction_index >= [01;31m[Kmovement_directions[m[K.size()) {
[2.290s]       |                                        [01;31m[K^~~~~~~~~~~~~~~~~~~[m[K
[2.291s]       |                                        [32m[KmoveInDirection[m[K
[2.297s] [01m[K/home/steven/Documents/IIIIIIIII_TEST/command_endeffector_cartesian/src/ur5_endeffector_cartesian/src/ur5_ros2_cartesian.cpp:106:37:[m[K [01;31m[Kerror: [m[Kâ€˜[01m[Kmovement_directions[m[Kâ€™ was not declared in this scope; did you mean â€˜[01m[KmoveInDirection[m[Kâ€™?
[2.297s]   106 |         const auto& new_direction = [01;31m[Kmovement_directions[m[K[current_direction_index];
[2.297s]       |                                     [01;31m[K^~~~~~~~~~~~~~~~~~~[m[K
[2.297s]       |                                     [32m[KmoveInDirection[m[K
[2.304s] [01m[K/home/steven/Documents/IIIIIIIII_TEST/command_endeffector_cartesian/src/ur5_endeffector_cartesian/src/ur5_ros2_cartesian.cpp:115:9:[m[K [01;31m[Kerror: [m[Kâ€˜[01m[Kcurrent_velocity[m[Kâ€™ was not declared in this scope
[2.304s]   115 |         [01;31m[Kcurrent_velocity[m[K = 1.0;
[2.304s]       |         [01;31m[K^~~~~~~~~~~~~~~~[m[K
[2.313s] [01m[K/home/steven/Documents/IIIIIIIII_TEST/command_endeffector_cartesian/src/ur5_endeffector_cartesian/src/ur5_ros2_cartesian.cpp:116:9:[m[K [01;31m[Kerror: [m[Kâ€˜[01m[Kcurrent_acceleration[m[Kâ€™ was not declared in this scope
[2.313s]   116 |         [01;31m[Kcurrent_acceleration[m[K = 1.0;
[2.313s]       |         [01;31m[K^~~~~~~~~~~~~~~~~~~~[m[K
[2.317s] [01m[K/home/steven/Documents/IIIIIIIII_TEST/command_endeffector_cartesian/src/ur5_endeffector_cartesian/src/ur5_ros2_cartesian.cpp:117:9:[m[K [01;31m[Kerror: [m[Kâ€˜[01m[Kis_moving[m[Kâ€™ was not declared in this scope
[2.318s]   117 |         [01;31m[Kis_moving[m[K = true;
[2.318s]       |         [01;31m[K^~~~~~~~~[m[K
[2.322s] [01m[K/home/steven/Documents/IIIIIIIII_TEST/command_endeffector_cartesian/src/ur5_endeffector_cartesian/src/ur5_ros2_cartesian.cpp:[m[K In member function â€˜[01m[Kvoid UR5Control::moveFixedDistance(double)[m[Kâ€™:
[2.322s] [01m[K/home/steven/Documents/IIIIIIIII_TEST/command_endeffector_cartesian/src/ur5_endeffector_cartesian/src/ur5_ros2_cartesian.cpp:126:56:[m[K [01;31m[Kerror: [m[Kâ€˜[01m[Kmove_group[m[Kâ€™ was not declared in this scope
[2.322s]   126 |         geometry_msgs::msg::PoseStamped current_pose = [01;31m[Kmove_group[m[K->getCurrentPose();
[2.322s]       |                                                        [01;31m[K^~~~~~~~~~[m[K
[2.326s] [01m[K/home/steven/Documents/IIIIIIIII_TEST/command_endeffector_cartesian/src/ur5_endeffector_cartesian/src/ur5_ros2_cartesian.cpp:130:35:[m[K [01;31m[Kerror: [m[Kâ€˜[01m[Kmove_direction[m[Kâ€™ was not declared in this scope; did you mean â€˜[01m[KmoveInDirection[m[Kâ€™?
[2.326s]   130 |         target_pose.position.x += [01;31m[Kmove_direction[m[K.x() * distance;
[2.326s]       |                                   [01;31m[K^~~~~~~~~~~~~~[m[K
[2.326s]       |                                   [32m[KmoveInDirection[m[K
[2.332s] [01m[K/home/steven/Documents/IIIIIIIII_TEST/command_endeffector_cartesian/src/ur5_endeffector_cartesian/src/ur5_ros2_cartesian.cpp:134:9:[m[K [01;31m[Kerror: [m[Kâ€˜[01m[KplanAndExecute[m[Kâ€™ was not declared in this scope
[2.332s]   134 |         [01;31m[KplanAndExecute[m[K("Fixed Distance Movement", [&]() {
[2.332s]       |         [01;31m[K^~~~~~~~~~~~~~[m[K
[2.340s] [01m[K/home/steven/Documents/IIIIIIIII_TEST/command_endeffector_cartesian/src/ur5_endeffector_cartesian/src/ur5_ros2_cartesian.cpp:[m[K In member function â€˜[01m[Kvoid UR5Control::timerCallback()[m[Kâ€™:
[2.340s] [01m[K/home/steven/Documents/IIIIIIIII_TEST/command_endeffector_cartesian/src/ur5_endeffector_cartesian/src/ur5_ros2_cartesian.cpp:140:14:[m[K [01;31m[Kerror: [m[Kâ€˜[01m[Kinitial_forces_set[m[Kâ€™ was not declared in this scope
[2.340s]   140 |         if (![01;31m[Kinitial_forces_set[m[K) return;
[2.340s]       |              [01;31m[K^~~~~~~~~~~~~~~~~~[m[K
[2.343s] [01m[K/home/steven/Documents/IIIIIIIII_TEST/command_endeffector_cartesian/src/ur5_endeffector_cartesian/src/ur5_ros2_cartesian.cpp:142:35:[m[K [01;31m[Kerror: [m[Kâ€˜[01m[Kforces[m[Kâ€™ was not declared in this scope
[2.343s]   142 |         tf2::Vector3 force_diff = [01;31m[Kforces[m[K - initial_forces;
[2.343s]       |                                   [01;31m[K^~~~~~[m[K
[2.348s] [01m[K/home/steven/Documents/IIIIIIIII_TEST/command_endeffector_cartesian/src/ur5_endeffector_cartesian/src/ur5_ros2_cartesian.cpp:142:44:[m[K [01;31m[Kerror: [m[Kâ€˜[01m[Kinitial_forces[m[Kâ€™ was not declared in this scope; did you mean â€˜[01m[KsetInitialForces[m[Kâ€™?
[2.348s]   142 |         tf2::Vector3 force_diff = forces - [01;31m[Kinitial_forces[m[K;
[2.348s]       |                                            [01;31m[K^~~~~~~~~~~~~~[m[K
[2.348s]       |                                            [32m[KsetInitialForces[m[K
[2.353s] [01m[K/home/steven/Documents/IIIIIIIII_TEST/command_endeffector_cartesian/src/ur5_endeffector_cartesian/src/ur5_ros2_cartesian.cpp:147:32:[m[K [01;31m[Kerror: [m[Kâ€˜[01m[Kforce_threshold[m[Kâ€™ was not declared in this scope; did you mean â€˜[01m[KsetForceThreshold[m[Kâ€™?
[2.353s]   147 |         if (total_force_diff > [01;31m[Kforce_threshold[m[K) {
[2.353s]       |                                [01;31m[K^~~~~~~~~~~~~~~[m[K
[2.353s]       |                                [32m[KsetForceThreshold[m[K
[2.359s] [01m[K/home/steven/Documents/IIIIIIIII_TEST/command_endeffector_cartesian/src/ur5_endeffector_cartesian/src/ur5_ros2_cartesian.cpp:153:13:[m[K [01;31m[Kerror: [m[Kâ€˜[01m[KresetSpeedAndMove[m[Kâ€™ was not declared in this scope
[2.359s]   153 |             [01;31m[KresetSpeedAndMove[m[K();
[2.360s]       |             [01;31m[K^~~~~~~~~~~~~~~~~[m[K
[2.362s] [01m[K/home/steven/Documents/IIIIIIIII_TEST/command_endeffector_cartesian/src/ur5_endeffector_cartesian/src/ur5_ros2_cartesian.cpp:[m[K In member function â€˜[01m[Kvoid UR5Control::moveInDirection(double)[m[Kâ€™:
[2.362s] [01m[K/home/steven/Documents/IIIIIIIII_TEST/command_endeffector_cartesian/src/ur5_endeffector_cartesian/src/ur5_ros2_cartesian.cpp:158:34:[m[K [01;31m[Kerror: [m[Kâ€˜[01m[Kpose0[m[Kâ€™ was not declared in this scope
[2.362s]   158 |         tf2::Vector3 current_pos([01;31m[Kpose0[m[K.position.x, pose0.position.y, pose0.position.z);
[2.362s]       |                                  [01;31m[K^~~~~[m[K
[2.366s] [01m[K/home/steven/Documents/IIIIIIIII_TEST/command_endeffector_cartesian/src/ur5_endeffector_cartesian/src/ur5_ros2_cartesian.cpp:159:46:[m[K [01;31m[Kerror: [m[Kâ€˜[01m[Kmove_direction[m[Kâ€™ was not declared in this scope; did you mean â€˜[01m[KmoveInDirection[m[Kâ€™?
[2.366s]   159 |         tf2::Vector3 new_pos = current_pos + [01;31m[Kmove_direction[m[K * distance;
[2.366s]       |                                              [01;31m[K^~~~~~~~~~~~~~[m[K
[2.366s]       |                                              [32m[KmoveInDirection[m[K
[2.370s] [01m[K/home/steven/Documents/IIIIIIIII_TEST/command_endeffector_cartesian/src/ur5_endeffector_cartesian/src/ur5_ros2_cartesian.cpp:[m[K In lambda function:
[2.370s] [01m[K/home/steven/Documents/IIIIIIIII_TEST/command_endeffector_cartesian/src/ur5_endeffector_cartesian/src/ur5_ros2_cartesian.cpp:166:13:[m[K [01;31m[Kerror: [m[Kâ€˜[01m[Kmove_group[m[Kâ€™ was not declared in this scope
[2.370s]   166 |             [01;31m[Kmove_group[m[K->setPoseTarget(pose0);
[2.370s]       |             [01;31m[K^~~~~~~~~~[m[K
[2.376s] [01m[K/home/steven/Documents/IIIIIIIII_TEST/command_endeffector_cartesian/src/ur5_endeffector_cartesian/src/ur5_ros2_cartesian.cpp:[m[K In member function â€˜[01m[Kvoid UR5Control::moveInDirection(double)[m[Kâ€™:
[2.376s] [01m[K/home/steven/Documents/IIIIIIIII_TEST/command_endeffector_cartesian/src/ur5_endeffector_cartesian/src/ur5_ros2_cartesian.cpp:167:12:[m[K [01;31m[Kerror: [m[Kâ€˜[01m[Kcurrent_velocity[m[Kâ€™ was not declared in this scope
[2.376s]   167 |         }, [01;31m[Kcurrent_velocity[m[K, current_acceleration);
[2.377s]       |            [01;31m[K^~~~~~~~~~~~~~~~[m[K
[2.385s] [01m[K/home/steven/Documents/IIIIIIIII_TEST/command_endeffector_cartesian/src/ur5_endeffector_cartesian/src/ur5_ros2_cartesian.cpp:167:30:[m[K [01;31m[Kerror: [m[Kâ€˜[01m[Kcurrent_acceleration[m[Kâ€™ was not declared in this scope
[2.385s]   167 |         }, current_velocity, [01;31m[Kcurrent_acceleration[m[K);
[2.385s]       |                              [01;31m[K^~~~~~~~~~~~~~~~~~~~[m[K
[2.391s] [01m[K/home/steven/Documents/IIIIIIIII_TEST/command_endeffector_cartesian/src/ur5_endeffector_cartesian/src/ur5_ros2_cartesian.cpp:165:9:[m[K [01;31m[Kerror: [m[Kâ€˜[01m[KplanAndExecute[m[Kâ€™ was not declared in this scope
[2.391s]   165 |         [01;31m[KplanAndExecute[m[K("Directional Movement", [&]() {
[2.391s]       |         [01;31m[K^~~~~~~~~~~~~~[m[K
[2.396s] [01m[K/home/steven/Documents/IIIIIIIII_TEST/command_endeffector_cartesian/src/ur5_endeffector_cartesian/src/ur5_ros2_cartesian.cpp:[m[K In member function â€˜[01m[Kvoid UR5Control::decelerateAndMove()[m[Kâ€™:
[2.396s] [01m[K/home/steven/Documents/IIIIIIIII_TEST/command_endeffector_cartesian/src/ur5_endeffector_cartesian/src/ur5_ros2_cartesian.cpp:171:9:[m[K [01;31m[Kerror: [m[Kâ€˜[01m[Kis_moving[m[Kâ€™ was not declared in this scope
[2.396s]   171 |         [01;31m[Kis_moving[m[K = true;
[2.396s]       |         [01;31m[K^~~~~~~~~[m[K
[2.403s] [01m[K/home/steven/Documents/IIIIIIIII_TEST/command_endeffector_cartesian/src/ur5_endeffector_cartesian/src/ur5_ros2_cartesian.cpp:172:9:[m[K [01;31m[Kerror: [m[Kâ€˜[01m[Kcurrent_velocity[m[Kâ€™ was not declared in this scope
[2.403s]   172 |         [01;31m[Kcurrent_velocity[m[K = std::max(0.0, current_velocity - 1.0);
[2.403s]       |         [01;31m[K^~~~~~~~~~~~~~~~[m[K
[2.412s] [01m[K/home/steven/Documents/IIIIIIIII_TEST/command_endeffector_cartesian/src/ur5_endeffector_cartesian/src/ur5_ros2_cartesian.cpp:173:9:[m[K [01;31m[Kerror: [m[Kâ€˜[01m[Kcurrent_acceleration[m[Kâ€™ was not declared in this scope
[2.412s]   173 |         [01;31m[Kcurrent_acceleration[m[K = std::max(0.0, current_acceleration - 1.0);
[2.412s]       |         [01;31m[K^~~~~~~~~~~~~~~~~~~~[m[K
[2.417s] [01m[K/home/steven/Documents/IIIIIIIII_TEST/command_endeffector_cartesian/src/ur5_endeffector_cartesian/src/ur5_ros2_cartesian.cpp:180:60:[m[K [01;31m[Kerror: [m[Kâ€˜[01m[Kmove_group[m[Kâ€™ was not declared in this scope
[2.417s]   180 |             geometry_msgs::msg::PoseStamped current_pose = [01;31m[Kmove_group[m[K->getCurrentPose();
[2.417s]       |                                                            [01;31m[K^~~~~~~~~~[m[K
[2.424s] [01m[K/home/steven/Documents/IIIIIIIII_TEST/command_endeffector_cartesian/src/ur5_endeffector_cartesian/src/ur5_ros2_cartesian.cpp:193:13:[m[K [01;31m[Kerror: [m[Kâ€˜[01m[Kinitial_forces_set[m[Kâ€™ was not declared in this scope
[2.424s]   193 |             [01;31m[Kinitial_forces_set[m[K = false;
[2.424s]       |             [01;31m[K^~~~~~~~~~~~~~~~~~[m[K
[2.433s] [01m[K/home/steven/Documents/IIIIIIIII_TEST/command_endeffector_cartesian/src/ur5_endeffector_cartesian/src/ur5_ros2_cartesian.cpp:196:17:[m[K [01;31m[Kerror: [m[Kâ€˜[01m[Kcurrent_direction_index[m[Kâ€™ was not declared in this scope
[2.433s]   196 |             if ([01;31m[Kcurrent_direction_index[m[K == 2) { // X+
[2.433s]       |                 [01;31m[K^~~~~~~~~~~~~~~~~~~~~~~[m[K
[2.437s] [01m[K/home/steven/Documents/IIIIIIIII_TEST/command_endeffector_cartesian/src/ur5_endeffector_cartesian/src/ur5_ros2_cartesian.cpp:197:17:[m[K [01;31m[Kerror: [m[Kâ€˜[01m[KrecordPose[m[Kâ€™ was not declared in this scope
[2.437s]   197 |                 [01;31m[KrecordPose[m[K(true);
[2.437s]       |                 [01;31m[K^~~~~~~~~~[m[K
[2.442s] [01m[K/home/steven/Documents/IIIIIIIII_TEST/command_endeffector_cartesian/src/ur5_endeffector_cartesian/src/ur5_ros2_cartesian.cpp:199:17:[m[K [01;31m[Kerror: [m[Kâ€˜[01m[KrecordPose[m[Kâ€™ was not declared in this scope
[2.442s]   199 |                 [01;31m[KrecordPose[m[K(false);
[2.442s]       |                 [01;31m[K^~~~~~~~~~[m[K
[2.447s] [01m[K/home/steven/Documents/IIIIIIIII_TEST/command_endeffector_cartesian/src/ur5_endeffector_cartesian/src/ur5_ros2_cartesian.cpp:201:13:[m[K [01;31m[Kerror: [m[Kâ€˜[01m[KrecordPose[m[Kâ€™ was not declared in this scope
[2.447s]   201 |             [01;31m[KrecordPose[m[K(true, false);
[2.447s]       |             [01;31m[K^~~~~~~~~~[m[K
[2.451s] [01m[K/home/steven/Documents/IIIIIIIII_TEST/command_endeffector_cartesian/src/ur5_endeffector_cartesian/src/ur5_ros2_cartesian.cpp:203:17:[m[K [01;31m[Kerror: [m[Kâ€˜[01m[KrecordPose[m[Kâ€™ was not declared in this scope
[2.451s]   203 |                 [01;31m[KrecordPose[m[K(false, false);
[2.451s]       |                 [01;31m[K^~~~~~~~~~[m[K
[2.455s] [01m[K/home/steven/Documents/IIIIIIIII_TEST/command_endeffector_cartesian/src/ur5_endeffector_cartesian/src/ur5_ros2_cartesian.cpp:[m[K In function â€˜[01m[Kvoid recordPose(bool, bool)[m[Kâ€™:
[2.455s] [01m[K/home/steven/Documents/IIIIIIIII_TEST/command_endeffector_cartesian/src/ur5_endeffector_cartesian/src/ur5_ros2_cartesian.cpp:216:56:[m[K [01;31m[Kerror: [m[Kâ€˜[01m[Kmove_group[m[Kâ€™ was not declared in this scope
[2.455s]   216 |         geometry_msgs::msg::PoseStamped current_pose = [01;31m[Kmove_group[m[K->getCurrentPose();
[2.455s]       |                                                        [01;31m[K^~~~~~~~~~[m[K
[2.459s] [01m[K/home/steven/Documents/IIIIIIIII_TEST/command_endeffector_cartesian/src/ur5_endeffector_cartesian/src/ur5_ros2_cartesian.cpp:219:17:[m[K [01;31m[Kerror: [m[Kâ€˜[01m[Kx_positive_pose[m[Kâ€™ was not declared in this scope
[2.459s]   219 |                 [01;31m[Kx_positive_pose[m[K = current_pose.pose;
[2.459s]       |                 [01;31m[K^~~~~~~~~~~~~~~[m[K
[2.464s] [01m[K/home/steven/Documents/IIIIIIIII_TEST/command_endeffector_cartesian/src/ur5_endeffector_cartesian/src/ur5_ros2_cartesian.cpp:220:17:[m[K [01;31m[Kerror: [m[Kâ€˜[01m[Kx_positive_recorded[m[Kâ€™ was not declared in this scope
[2.464s]   220 |                 [01;31m[Kx_positive_recorded[m[K = true;
[2.464s]       |                 [01;31m[K^~~~~~~~~~~~~~~~~~~[m[K
[2.464s] In file included from [01m[K/opt/ros/humble/include/rclcpp/rclcpp/client.hpp:40[m[K,
[2.464s]                  from [01m[K/opt/ros/humble/include/rclcpp/rclcpp/callback_group.hpp:24[m[K,
[2.464s]                  from [01m[K/opt/ros/humble/include/rclcpp/rclcpp/any_executable.hpp:20[m[K,
[2.464s]                  from [01m[K/opt/ros/humble/include/rclcpp/rclcpp/memory_strategy.hpp:25[m[K,
[2.464s]                  from [01m[K/opt/ros/humble/include/rclcpp/rclcpp/memory_strategies.hpp:18[m[K,
[2.464s]                  from [01m[K/opt/ros/humble/include/rclcpp/rclcpp/executor_options.hpp:20[m[K,
[2.464s]                  from [01m[K/opt/ros/humble/include/rclcpp/rclcpp/executor.hpp:37[m[K,
[2.464s]                  from [01m[K/opt/ros/humble/include/rclcpp/rclcpp/executors/multi_threaded_executor.hpp:25[m[K,
[2.464s]                  from [01m[K/opt/ros/humble/include/rclcpp/rclcpp/executors.hpp:21[m[K,
[2.464s]                  from [01m[K/opt/ros/humble/include/rclcpp/rclcpp/rclcpp.hpp:155[m[K,
[2.464s]                  from [01m[K/home/steven/Documents/IIIIIIIII_TEST/command_endeffector_cartesian/src/ur5_endeffector_cartesian/src/ur5_ros2_cartesian.cpp:1[m[K:
[2.464s] [01m[K/home/steven/Documents/IIIIIIIII_TEST/command_endeffector_cartesian/src/ur5_endeffector_cartesian/src/ur5_ros2_cartesian.cpp:221:29:[m[K [01;31m[Kerror: [m[Kinvalid use of â€˜[01m[Kthis[m[Kâ€™ in non-member function
[2.464s]   221 |                 RCLCPP_INFO([01;31m[Kthis[m[K->get_logger(), "Recorded X+ pose");
[2.464s]       |                             [01;31m[K^~~~[m[K
[2.464s] [01m[K/home/steven/Documents/IIIIIIIII_TEST/command_endeffector_cartesian/src/ur5_endeffector_cartesian/src/ur5_ros2_cartesian.cpp:221:29:[m[K [01;31m[Kerror: [m[Kinvalid use of â€˜[01m[Kthis[m[Kâ€™ in non-member function
[2.464s] [01m[K/home/steven/Documents/IIIIIIIII_TEST/command_endeffector_cartesian/src/ur5_endeffector_cartesian/src/ur5_ros2_cartesian.cpp:221:17:[m[K [01;31m[Kerror: [m[Ktemplate argument 1 is invalid
[2.465s]   221 |                 [01;31m[KRCLCPP_INFO[m[K(this->get_logger(), "Recorded X+ pose");
[2.465s]       |                 [01;31m[K^~~~~~~~~~~[m[K
[2.465s] [01m[K/home/steven/Documents/IIIIIIIII_TEST/command_endeffector_cartesian/src/ur5_endeffector_cartesian/src/ur5_ros2_cartesian.cpp:221:17:[m[K [01;31m[Kerror: [m[Ktemplate argument 1 is invalid
[2.465s]   221 |                 [01;31m[KRCLCPP_INFO[m[K(this->get_logger(), "Recorded X+ pose");
[2.465s]       |                 [01;31m[K^~~~~~~~~~~[m[K
[2.465s] [01m[K/home/steven/Documents/IIIIIIIII_TEST/command_endeffector_cartesian/src/ur5_endeffector_cartesian/src/ur5_ros2_cartesian.cpp:221:17:[m[K [01;31m[Kerror: [m[Ktemplate argument 1 is invalid
[2.465s]   221 |                 [01;31m[KRCLCPP_INFO[m[K(this->get_logger(), "Recorded X+ pose");
[2.465s]       |                 [01;31m[K^~~~~~~~~~~[m[K
[2.465s] In file included from [01m[K/opt/ros/humble/include/rclcpp/rclcpp/logging.hpp:24[m[K,
[2.465s]                  from [01m[K/opt/ros/humble/include/rclcpp/rclcpp/client.hpp:40[m[K,
[2.465s]                  from [01m[K/opt/ros/humble/include/rclcpp/rclcpp/callback_group.hpp:24[m[K,
[2.465s]                  from [01m[K/opt/ros/humble/include/rclcpp/rclcpp/any_executable.hpp:20[m[K,
[2.465s]                  from [01m[K/opt/ros/humble/include/rclcpp/rclcpp/memory_strategy.hpp:25[m[K,
[2.465s]                  from [01m[K/opt/ros/humble/include/rclcpp/rclcpp/memory_strategies.hpp:18[m[K,
[2.465s]                  from [01m[K/opt/ros/humble/include/rclcpp/rclcpp/executor_options.hpp:20[m[K,
[2.465s]                  from [01m[K/opt/ros/humble/include/rclcpp/rclcpp/executor.hpp:37[m[K,
[2.465s]                  from [01m[K/opt/ros/humble/include/rclcpp/rclcpp/executors/multi_threaded_executor.hpp:25[m[K,
[2.465s]                  from [01m[K/opt/ros/humble/include/rclcpp/rclcpp/executors.hpp:21[m[K,
[2.465s]                  from [01m[K/opt/ros/humble/include/rclcpp/rclcpp/rclcpp.hpp:155[m[K,
[2.465s]                  from [01m[K/home/steven/Documents/IIIIIIIII_TEST/command_endeffector_cartesian/src/ur5_endeffector_cartesian/src/ur5_ros2_cartesian.cpp:1[m[K:
[2.465s] [01m[K/home/steven/Documents/IIIIIIIII_TEST/command_endeffector_cartesian/src/ur5_endeffector_cartesian/src/ur5_ros2_cartesian.cpp:221:29:[m[K [01;31m[Kerror: [m[Kinvalid use of â€˜[01m[Kthis[m[Kâ€™ in non-member function
[2.465s]   221 |                 RCLCPP_INFO([01;31m[Kthis[m[K->get_logger(), "Recorded X+ pose");
[2.465s]       |                             [01;31m[K^~~~[m[K
[2.465s] [01m[K/home/steven/Documents/IIIIIIIII_TEST/command_endeffector_cartesian/src/ur5_endeffector_cartesian/src/ur5_ros2_cartesian.cpp:221:29:[m[K [01;31m[Kerror: [m[Kinvalid use of â€˜[01m[Kthis[m[Kâ€™ in non-member function
[2.465s]   221 |                 RCLCPP_INFO([01;31m[Kthis[m[K->get_logger(), "Recorded X+ pose");
[2.465s]       |                             [01;31m[K^~~~[m[K
[2.468s] [01m[K/home/steven/Documents/IIIIIIIII_TEST/command_endeffector_cartesian/src/ur5_endeffector_cartesian/src/ur5_ros2_cartesian.cpp:223:17:[m[K [01;31m[Kerror: [m[Kâ€˜[01m[Kx_negative_pose[m[Kâ€™ was not declared in this scope
[2.468s]   223 |                 [01;31m[Kx_negative_pose[m[K = current_pose.pose;
[2.468s]       |                 [01;31m[K^~~~~~~~~~~~~~~[m[K
[2.474s] [01m[K/home/steven/Documents/IIIIIIIII_TEST/command_endeffector_cartesian/src/ur5_endeffector_cartesian/src/ur5_ros2_cartesian.cpp:224:17:[m[K [01;31m[Kerror: [m[Kâ€˜[01m[Kx_negative_recorded[m[Kâ€™ was not declared in this scope
[2.474s]   224 |                 [01;31m[Kx_negative_recorded[m[K = true;
[2.474s]       |                 [01;31m[K^~~~~~~~~~~~~~~~~~~[m[K
[2.474s] In file included from [01m[K/opt/ros/humble/include/rclcpp/rclcpp/client.hpp:40[m[K,
[2.474s]                  from [01m[K/opt/ros/humble/include/rclcpp/rclcpp/callback_group.hpp:24[m[K,
[2.474s]                  from [01m[K/opt/ros/humble/include/rclcpp/rclcpp/any_executable.hpp:20[m[K,
[2.474s]                  from [01m[K/opt/ros/humble/include/rclcpp/rclcpp/memory_strategy.hpp:25[m[K,
[2.474s]                  from [01m[K/opt/ros/humble/include/rclcpp/rclcpp/memory_strategies.hpp:18[m[K,
[2.475s]                  from [01m[K/opt/ros/humble/include/rclcpp/rclcpp/executor_options.hpp:20[m[K,
[2.475s]                  from [01m[K/opt/ros/humble/include/rclcpp/rclcpp/executor.hpp:37[m[K,
[2.475s]                  from [01m[K/opt/ros/humble/include/rclcpp/rclcpp/executors/multi_threaded_executor.hpp:25[m[K,
[2.475s]                  from [01m[K/opt/ros/humble/include/rclcpp/rclcpp/executors.hpp:21[m[K,
[2.475s]                  from [01m[K/opt/ros/humble/include/rclcpp/rclcpp/rclcpp.hpp:155[m[K,
[2.475s]                  from [01m[K/home/steven/Documents/IIIIIIIII_TEST/command_endeffector_cartesian/src/ur5_endeffector_cartesian/src/ur5_ros2_cartesian.cpp:1[m[K:
[2.475s] [01m[K/home/steven/Documents/IIIIIIIII_TEST/command_endeffector_cartesian/src/ur5_endeffector_cartesian/src/ur5_ros2_cartesian.cpp:225:29:[m[K [01;31m[Kerror: [m[Kinvalid use of â€˜[01m[Kthis[m[Kâ€™ in non-member function
[2.475s]   225 |                 RCLCPP_INFO([01;31m[Kthis[m[K->get_logger(), "Recorded X- pose");
[2.475s]       |                             [01;31m[K^~~~[m[K
[2.475s] [01m[K/home/steven/Documents/IIIIIIIII_TEST/command_endeffector_cartesian/src/ur5_endeffector_cartesian/src/ur5_ros2_cartesian.cpp:225:29:[m[K [01;31m[Kerror: [m[Kinvalid use of â€˜[01m[Kthis[m[Kâ€™ in non-member function
[2.475s] [01m[K/home/steven/Documents/IIIIIIIII_TEST/command_endeffector_cartesian/src/ur5_endeffector_cartesian/src/ur5_ros2_cartesian.cpp:225:17:[m[K [01;31m[Kerror: [m[Ktemplate argument 1 is invalid
[2.475s]   225 |                 [01;31m[KRCLCPP_INFO[m[K(this->get_logger(), "Recorded X- pose");
[2.475s]       |                 [01;31m[K^~~~~~~~~~~[m[K
[2.475s] [01m[K/home/steven/Documents/IIIIIIIII_TEST/command_endeffector_cartesian/src/ur5_endeffector_cartesian/src/ur5_ros2_cartesian.cpp:225:17:[m[K [01;31m[Kerror: [m[Ktemplate argument 1 is invalid
[2.475s]   225 |                 [01;31m[KRCLCPP_INFO[m[K(this->get_logger(), "Recorded X- pose");
[2.475s]       |                 [01;31m[K^~~~~~~~~~~[m[K
[2.475s] [01m[K/home/steven/Documents/IIIIIIIII_TEST/command_endeffector_cartesian/src/ur5_endeffector_cartesian/src/ur5_ros2_cartesian.cpp:225:17:[m[K [01;31m[Kerror: [m[Ktemplate argument 1 is invalid
[2.475s]   225 |                 [01;31m[KRCLCPP_INFO[m[K(this->get_logger(), "Recorded X- pose");
[2.475s]       |                 [01;31m[K^~~~~~~~~~~[m[K
[2.475s] In file included from [01m[K/opt/ros/humble/include/rclcpp/rclcpp/logging.hpp:24[m[K,
[2.475s]                  from [01m[K/opt/ros/humble/include/rclcpp/rclcpp/client.hpp:40[m[K,
[2.475s]                  from [01m[K/opt/ros/humble/include/rclcpp/rclcpp/callback_group.hpp:24[m[K,
[2.475s]                  from [01m[K/opt/ros/humble/include/rclcpp/rclcpp/any_executable.hpp:20[m[K,
[2.475s]                  from [01m[K/opt/ros/humble/include/rclcpp/rclcpp/memory_strategy.hpp:25[m[K,
[2.475s]                  from [01m[K/opt/ros/humble/include/rclcpp/rclcpp/memory_strategies.hpp:18[m[K,
[2.475s]                  from [01m[K/opt/ros/humble/include/rclcpp/rclcpp/executor_options.hpp:20[m[K,
[2.475s]                  from [01m[K/opt/ros/humble/include/rclcpp/rclcpp/executor.hpp:37[m[K,
[2.475s]                  from [01m[K/opt/ros/humble/include/rclcpp/rclcpp/executors/multi_threaded_executor.hpp:25[m[K,
[2.475s]                  from [01m[K/opt/ros/humble/include/rclcpp/rclcpp/executors.hpp:21[m[K,
[2.475s]                  from [01m[K/opt/ros/humble/include/rclcpp/rclcpp/rclcpp.hpp:155[m[K,
[2.475s]                  from [01m[K/home/steven/Documents/IIIIIIIII_TEST/command_endeffector_cartesian/src/ur5_endeffector_cartesian/src/ur5_ros2_cartesian.cpp:1[m[K:
[2.475s] [01m[K/home/steven/Documents/IIIIIIIII_TEST/command_endeffector_cartesian/src/ur5_endeffector_cartesian/src/ur5_ros2_cartesian.cpp:225:29:[m[K [01;31m[Kerror: [m[Kinvalid use of â€˜[01m[Kthis[m[Kâ€™ in non-member function
[2.475s]   225 |                 RCLCPP_INFO([01;31m[Kthis[m[K->get_logger(), "Recorded X- pose");
[2.475s]       |                             [01;31m[K^~~~[m[K
[2.475s] [01m[K/home/steven/Documents/IIIIIIIII_TEST/command_endeffector_cartesian/src/ur5_endeffector_cartesian/src/ur5_ros2_cartesian.cpp:225:29:[m[K [01;31m[Kerror: [m[Kinvalid use of â€˜[01m[Kthis[m[Kâ€™ in non-member function
[2.475s]   225 |                 RCLCPP_INFO([01;31m[Kthis[m[K->get_logger(), "Recorded X- pose");
[2.475s]       |                             [01;31m[K^~~~[m[K
[2.480s] [01m[K/home/steven/Documents/IIIIIIIII_TEST/command_endeffector_cartesian/src/ur5_endeffector_cartesian/src/ur5_ros2_cartesian.cpp:227:17:[m[K [01;31m[Kerror: [m[Kâ€˜[01m[Kx_positive_recorded[m[Kâ€™ was not declared in this scope
[2.480s]   227 |             if ([01;31m[Kx_positive_recorded[m[K && x_negative_recorded) {
[2.480s]       |                 [01;31m[K^~~~~~~~~~~~~~~~~~~[m[K
[2.485s] [01m[K/home/steven/Documents/IIIIIIIII_TEST/command_endeffector_cartesian/src/ur5_endeffector_cartesian/src/ur5_ros2_cartesian.cpp:227:40:[m[K [01;31m[Kerror: [m[Kâ€˜[01m[Kx_negative_recorded[m[Kâ€™ was not declared in this scope
[2.485s]   227 |             if (x_positive_recorded && [01;31m[Kx_negative_recorded[m[K) {
[2.485s]       |                                        [01;31m[K^~~~~~~~~~~~~~~~~~~[m[K
[2.491s] [01m[K/home/steven/Documents/IIIIIIIII_TEST/command_endeffector_cartesian/src/ur5_endeffector_cartesian/src/ur5_ros2_cartesian.cpp:228:17:[m[K [01;31m[Kerror: [m[Kâ€˜[01m[KcalculateAveragePose[m[Kâ€™ was not declared in this scope
[2.491s]   228 |                 [01;31m[KcalculateAveragePose[m[K(true);
[2.491s]       |                 [01;31m[K^~~~~~~~~~~~~~~~~~~~[m[K
[2.495s] [01m[K/home/steven/Documents/IIIIIIIII_TEST/command_endeffector_cartesian/src/ur5_endeffector_cartesian/src/ur5_ros2_cartesian.cpp:232:17:[m[K [01;31m[Kerror: [m[Kâ€˜[01m[Ky_positive_pose[m[Kâ€™ was not declared in this scope
[2.495s]   232 |                 [01;31m[Ky_positive_pose[m[K = current_pose.pose;
[2.495s]       |                 [01;31m[K^~~~~~~~~~~~~~~[m[K
[2.501s] [01m[K/home/steven/Documents/IIIIIIIII_TEST/command_endeffector_cartesian/src/ur5_endeffector_cartesian/src/ur5_ros2_cartesian.cpp:233:17:[m[K [01;31m[Kerror: [m[Kâ€˜[01m[Ky_positive_recorded[m[Kâ€™ was not declared in this scope
[2.501s]   233 |                 [01;31m[Ky_positive_recorded[m[K = true;
[2.501s]       |                 [01;31m[K^~~~~~~~~~~~~~~~~~~[m[K
[2.501s] In file included from [01m[K/opt/ros/humble/include/rclcpp/rclcpp/client.hpp:40[m[K,
[2.501s]                  from [01m[K/opt/ros/humble/include/rclcpp/rclcpp/callback_group.hpp:24[m[K,
[2.501s]                  from [01m[K/opt/ros/humble/include/rclcpp/rclcpp/any_executable.hpp:20[m[K,
[2.501s]                  from [01m[K/opt/ros/humble/include/rclcpp/rclcpp/memory_strategy.hpp:25[m[K,
[2.501s]                  from [01m[K/opt/ros/humble/include/rclcpp/rclcpp/memory_strategies.hpp:18[m[K,
[2.501s]                  from [01m[K/opt/ros/humble/include/rclcpp/rclcpp/executor_options.hpp:20[m[K,
[2.501s]                  from [01m[K/opt/ros/humble/include/rclcpp/rclcpp/executor.hpp:37[m[K,
[2.502s]                  from [01m[K/opt/ros/humble/include/rclcpp/rclcpp/executors/multi_threaded_executor.hpp:25[m[K,
[2.502s]                  from [01m[K/opt/ros/humble/include/rclcpp/rclcpp/executors.hpp:21[m[K,
[2.502s]                  from [01m[K/opt/ros/humble/include/rclcpp/rclcpp/rclcpp.hpp:155[m[K,
[2.502s]                  from [01m[K/home/steven/Documents/IIIIIIIII_TEST/command_endeffector_cartesian/src/ur5_endeffector_cartesian/src/ur5_ros2_cartesian.cpp:1[m[K:
[2.502s] [01m[K/home/steven/Documents/IIIIIIIII_TEST/command_endeffector_cartesian/src/ur5_endeffector_cartesian/src/ur5_ros2_cartesian.cpp:234:29:[m[K [01;31m[Kerror: [m[Kinvalid use of â€˜[01m[Kthis[m[Kâ€™ in non-member function
[2.502s]   234 |                 RCLCPP_INFO([01;31m[Kthis[m[K->get_logger(), "Recorded Y+ pose");
[2.502s]       |                             [01;31m[K^~~~[m[K
[2.502s] [01m[K/home/steven/Documents/IIIIIIIII_TEST/command_endeffector_cartesian/src/ur5_endeffector_cartesian/src/ur5_ros2_cartesian.cpp:234:29:[m[K [01;31m[Kerror: [m[Kinvalid use of â€˜[01m[Kthis[m[Kâ€™ in non-member function
[2.502s] [01m[K/home/steven/Documents/IIIIIIIII_TEST/command_endeffector_cartesian/src/ur5_endeffector_cartesian/src/ur5_ros2_cartesian.cpp:234:17:[m[K [01;31m[Kerror: [m[Ktemplate argument 1 is invalid
[2.502s]   234 |                 [01;31m[KRCLCPP_INFO[m[K(this->get_logger(), "Recorded Y+ pose");
[2.502s]       |                 [01;31m[K^~~~~~~~~~~[m[K
[2.502s] [01m[K/home/steven/Documents/IIIIIIIII_TEST/command_endeffector_cartesian/src/ur5_endeffector_cartesian/src/ur5_ros2_cartesian.cpp:234:17:[m[K [01;31m[Kerror: [m[Ktemplate argument 1 is invalid
[2.502s]   234 |                 [01;31m[KRCLCPP_INFO[m[K(this->get_logger(), "Recorded Y+ pose");
[2.502s]       |                 [01;31m[K^~~~~~~~~~~[m[K
[2.502s] [01m[K/home/steven/Documents/IIIIIIIII_TEST/command_endeffector_cartesian/src/ur5_endeffector_cartesian/src/ur5_ros2_cartesian.cpp:234:17:[m[K [01;31m[Kerror: [m[Ktemplate argument 1 is invalid
[2.502s]   234 |                 [01;31m[KRCLCPP_INFO[m[K(this->get_logger(), "Recorded Y+ pose");
[2.502s]       |                 [01;31m[K^~~~~~~~~~~[m[K
[2.502s] In file included from [01m[K/opt/ros/humble/include/rclcpp/rclcpp/logging.hpp:24[m[K,
[2.502s]                  from [01m[K/opt/ros/humble/include/rclcpp/rclcpp/client.hpp:40[m[K,
[2.502s]                  from [01m[K/opt/ros/humble/include/rclcpp/rclcpp/callback_group.hpp:24[m[K,
[2.502s]                  from [01m[K/opt/ros/humble/include/rclcpp/rclcpp/any_executable.hpp:20[m[K,
[2.502s]                  from [01m[K/opt/ros/humble/include/rclcpp/rclcpp/memory_strategy.hpp:25[m[K,
[2.502s]                  from [01m[K/opt/ros/humble/include/rclcpp/rclcpp/memory_strategies.hpp:18[m[K,
[2.502s]                  from [01m[K/opt/ros/humble/include/rclcpp/rclcpp/executor_options.hpp:20[m[K,
[2.502s]                  from [01m[K/opt/ros/humble/include/rclcpp/rclcpp/executor.hpp:37[m[K,
[2.502s]                  from [01m[K/opt/ros/humble/include/rclcpp/rclcpp/executors/multi_threaded_executor.hpp:25[m[K,
[2.502s]                  from [01m[K/opt/ros/humble/include/rclcpp/rclcpp/executors.hpp:21[m[K,
[2.502s]                  from [01m[K/opt/ros/humble/include/rclcpp/rclcpp/rclcpp.hpp:155[m[K,
[2.502s]                  from [01m[K/home/steven/Documents/IIIIIIIII_TEST/command_endeffector_cartesian/src/ur5_endeffector_cartesian/src/ur5_ros2_cartesian.cpp:1[m[K:
[2.502s] [01m[K/home/steven/Documents/IIIIIIIII_TEST/command_endeffector_cartesian/src/ur5_endeffector_cartesian/src/ur5_ros2_cartesian.cpp:234:29:[m[K [01;31m[Kerror: [m[Kinvalid use of â€˜[01m[Kthis[m[Kâ€™ in non-member function
[2.502s]   234 |                 RCLCPP_INFO([01;31m[Kthis[m[K->get_logger(), "Recorded Y+ pose");
[2.502s]       |                             [01;31m[K^~~~[m[K
[2.502s] [01m[K/home/steven/Documents/IIIIIIIII_TEST/command_endeffector_cartesian/src/ur5_endeffector_cartesian/src/ur5_ros2_cartesian.cpp:234:29:[m[K [01;31m[Kerror: [m[Kinvalid use of â€˜[01m[Kthis[m[Kâ€™ in non-member function
[2.502s]   234 |                 RCLCPP_INFO([01;31m[Kthis[m[K->get_logger(), "Recorded Y+ pose");
[2.502s]       |                             [01;31m[K^~~~[m[K
[2.506s] [01m[K/home/steven/Documents/IIIIIIIII_TEST/command_endeffector_cartesian/src/ur5_endeffector_cartesian/src/ur5_ros2_cartesian.cpp:236:17:[m[K [01;31m[Kerror: [m[Kâ€˜[01m[Ky_negative_pose[m[Kâ€™ was not declared in this scope
[2.506s]   236 |                 [01;31m[Ky_negative_pose[m[K = current_pose.pose;
[2.506s]       |                 [01;31m[K^~~~~~~~~~~~~~~[m[K
[2.512s] [01m[K/home/steven/Documents/IIIIIIIII_TEST/command_endeffector_cartesian/src/ur5_endeffector_cartesian/src/ur5_ros2_cartesian.cpp:237:17:[m[K [01;31m[Kerror: [m[Kâ€˜[01m[Ky_negative_recorded[m[Kâ€™ was not declared in this scope
[2.512s]   237 |                 [01;31m[Ky_negative_recorded[m[K = true;
[2.512s]       |                 [01;31m[K^~~~~~~~~~~~~~~~~~~[m[K
[2.512s] In file included from [01m[K/opt/ros/humble/include/rclcpp/rclcpp/client.hpp:40[m[K,
[2.512s]                  from [01m[K/opt/ros/humble/include/rclcpp/rclcpp/callback_group.hpp:24[m[K,
[2.512s]                  from [01m[K/opt/ros/humble/include/rclcpp/rclcpp/any_executable.hpp:20[m[K,
[2.512s]                  from [01m[K/opt/ros/humble/include/rclcpp/rclcpp/memory_strategy.hpp:25[m[K,
[2.512s]                  from [01m[K/opt/ros/humble/include/rclcpp/rclcpp/memory_strategies.hpp:18[m[K,
[2.512s]                  from [01m[K/opt/ros/humble/include/rclcpp/rclcpp/executor_options.hpp:20[m[K,
[2.512s]                  from [01m[K/opt/ros/humble/include/rclcpp/rclcpp/executor.hpp:37[m[K,
[2.512s]                  from [01m[K/opt/ros/humble/include/rclcpp/rclcpp/executors/multi_threaded_executor.hpp:25[m[K,
[2.512s]                  from [01m[K/opt/ros/humble/include/rclcpp/rclcpp/executors.hpp:21[m[K,
[2.512s]                  from [01m[K/opt/ros/humble/include/rclcpp/rclcpp/rclcpp.hpp:155[m[K,
[2.512s]                  from [01m[K/home/steven/Documents/IIIIIIIII_TEST/command_endeffector_cartesian/src/ur5_endeffector_cartesian/src/ur5_ros2_cartesian.cpp:1[m[K:
[2.512s] [01m[K/home/steven/Documents/IIIIIIIII_TEST/command_endeffector_cartesian/src/ur5_endeffector_cartesian/src/ur5_ros2_cartesian.cpp:238:29:[m[K [01;31m[Kerror: [m[Kinvalid use of â€˜[01m[Kthis[m[Kâ€™ in non-member function
[2.512s]   238 |                 RCLCPP_INFO([01;31m[Kthis[m[K->get_logger(), "Recorded Y- pose");
[2.512s]       |                             [01;31m[K^~~~[m[K
[2.512s] [01m[K/home/steven/Documents/IIIIIIIII_TEST/command_endeffector_cartesian/src/ur5_endeffector_cartesian/src/ur5_ros2_cartesian.cpp:238:29:[m[K [01;31m[Kerror: [m[Kinvalid use of â€˜[01m[Kthis[m[Kâ€™ in non-member function
[2.512s] [01m[K/home/steven/Documents/IIIIIIIII_TEST/command_endeffector_cartesian/src/ur5_endeffector_cartesian/src/ur5_ros2_cartesian.cpp:238:17:[m[K [01;31m[Kerror: [m[Ktemplate argument 1 is invalid
[2.512s]   238 |                 [01;31m[KRCLCPP_INFO[m[K(this->get_logger(), "Recorded Y- pose");
[2.513s]       |                 [01;31m[K^~~~~~~~~~~[m[K
[2.513s] [01m[K/home/steven/Documents/IIIIIIIII_TEST/command_endeffector_cartesian/src/ur5_endeffector_cartesian/src/ur5_ros2_cartesian.cpp:238:17:[m[K [01;31m[Kerror: [m[Ktemplate argument 1 is invalid
[2.513s]   238 |                 [01;31m[KRCLCPP_INFO[m[K(this->get_logger(), "Recorded Y- pose");
[2.513s]       |                 [01;31m[K^~~~~~~~~~~[m[K
[2.513s] [01m[K/home/steven/Documents/IIIIIIIII_TEST/command_endeffector_cartesian/src/ur5_endeffector_cartesian/src/ur5_ros2_cartesian.cpp:238:17:[m[K [01;31m[Kerror: [m[Ktemplate argument 1 is invalid
[2.513s]   238 |                 [01;31m[KRCLCPP_INFO[m[K(this->get_logger(), "Recorded Y- pose");
[2.513s]       |                 [01;31m[K^~~~~~~~~~~[m[K
[2.513s] In file included from [01m[K/opt/ros/humble/include/rclcpp/rclcpp/logging.hpp:24[m[K,
[2.513s]                  from [01m[K/opt/ros/humble/include/rclcpp/rclcpp/client.hpp:40[m[K,
[2.513s]                  from [01m[K/opt/ros/humble/include/rclcpp/rclcpp/callback_group.hpp:24[m[K,
[2.513s]                  from [01m[K/opt/ros/humble/include/rclcpp/rclcpp/any_executable.hpp:20[m[K,
[2.513s]                  from [01m[K/opt/ros/humble/include/rclcpp/rclcpp/memory_strategy.hpp:25[m[K,
[2.513s]                  from [01m[K/opt/ros/humble/include/rclcpp/rclcpp/memory_strategies.hpp:18[m[K,
[2.513s]                  from [01m[K/opt/ros/humble/include/rclcpp/rclcpp/executor_options.hpp:20[m[K,
[2.513s]                  from [01m[K/opt/ros/humble/include/rclcpp/rclcpp/executor.hpp:37[m[K,
[2.513s]                  from [01m[K/opt/ros/humble/include/rclcpp/rclcpp/executors/multi_threaded_executor.hpp:25[m[K,
[2.513s]                  from [01m[K/opt/ros/humble/include/rclcpp/rclcpp/executors.hpp:21[m[K,
[2.513s]                  from [01m[K/opt/ros/humble/include/rclcpp/rclcpp/rclcpp.hpp:155[m[K,
[2.513s]                  from [01m[K/home/steven/Documents/IIIIIIIII_TEST/command_endeffector_cartesian/src/ur5_endeffector_cartesian/src/ur5_ros2_cartesian.cpp:1[m[K:
[2.513s] [01m[K/home/steven/Documents/IIIIIIIII_TEST/command_endeffector_cartesian/src/ur5_endeffector_cartesian/src/ur5_ros2_cartesian.cpp:238:29:[m[K [01;31m[Kerror: [m[Kinvalid use of â€˜[01m[Kthis[m[Kâ€™ in non-member function
[2.513s]   238 |                 RCLCPP_INFO([01;31m[Kthis[m[K->get_logger(), "Recorded Y- pose");
[2.513s]       |                             [01;31m[K^~~~[m[K
[2.513s] [01m[K/home/steven/Documents/IIIIIIIII_TEST/command_endeffector_cartesian/src/ur5_endeffector_cartesian/src/ur5_ros2_cartesian.cpp:238:29:[m[K [01;31m[Kerror: [m[Kinvalid use of â€˜[01m[Kthis[m[Kâ€™ in non-member function
[2.513s]   238 |                 RCLCPP_INFO([01;31m[Kthis[m[K->get_logger(), "Recorded Y- pose");
[2.513s]       |                             [01;31m[K^~~~[m[K
[2.518s] [01m[K/home/steven/Documents/IIIIIIIII_TEST/command_endeffector_cartesian/src/ur5_endeffector_cartesian/src/ur5_ros2_cartesian.cpp:240:17:[m[K [01;31m[Kerror: [m[Kâ€˜[01m[Ky_positive_recorded[m[Kâ€™ was not declared in this scope
[2.518s]   240 |             if ([01;31m[Ky_positive_recorded[m[K && y_negative_recorded) {
[2.518s]       |                 [01;31m[K^~~~~~~~~~~~~~~~~~~[m[K
[2.525s] [01m[K/home/steven/Documents/IIIIIIIII_TEST/command_endeffector_cartesian/src/ur5_endeffector_cartesian/src/ur5_ros2_cartesian.cpp:240:40:[m[K [01;31m[Kerror: [m[Kâ€˜[01m[Ky_negative_recorded[m[Kâ€™ was not declared in this scope
[2.525s]   240 |             if (y_positive_recorded && [01;31m[Ky_negative_recorded[m[K) {
[2.525s]       |                                        [01;31m[K^~~~~~~~~~~~~~~~~~~[m[K
[2.531s] [01m[K/home/steven/Documents/IIIIIIIII_TEST/command_endeffector_cartesian/src/ur5_endeffector_cartesian/src/ur5_ros2_cartesian.cpp:241:17:[m[K [01;31m[Kerror: [m[Kâ€˜[01m[KcalculateAveragePose[m[Kâ€™ was not declared in this scope
[2.531s]   241 |                 [01;31m[KcalculateAveragePose[m[K(false);
[2.531s]       |                 [01;31m[K^~~~~~~~~~~~~~~~~~~~[m[K
[2.534s] [01m[K/home/steven/Documents/IIIIIIIII_TEST/command_endeffector_cartesian/src/ur5_endeffector_cartesian/src/ur5_ros2_cartesian.cpp:[m[K In function â€˜[01m[Kvoid calculateAveragePose(bool)[m[Kâ€™:
[2.534s] [01m[K/home/steven/Documents/IIIIIIIII_TEST/command_endeffector_cartesian/src/ur5_endeffector_cartesian/src/ur5_ros2_cartesian.cpp:247:62:[m[K [01;31m[Kerror: [m[Kâ€˜[01m[Kpose1[m[Kâ€™ was not declared in this scope
[2.534s]   247 |         geometry_msgs::msg::Pose* target_pose = is_x_axis ? &[01;31m[Kpose1[m[K : &final_pose;
[2.534s]       |                                                              [01;31m[K^~~~~[m[K
[2.536s] [01m[K/home/steven/Documents/IIIIIIIII_TEST/command_endeffector_cartesian/src/ur5_endeffector_cartesian/src/ur5_ros2_cartesian.cpp:247:71:[m[K [01;31m[Kerror: [m[Kâ€˜[01m[Kfinal_pose[m[Kâ€™ was not declared in this scope
[2.536s]   247 |         geometry_msgs::msg::Pose* target_pose = is_x_axis ? &pose1 : &[01;31m[Kfinal_pose[m[K;
[2.536s]       |                                                                       [01;31m[K^~~~~~~~~~[m[K
[2.540s] [01m[K/home/steven/Documents/IIIIIIIII_TEST/command_endeffector_cartesian/src/ur5_endeffector_cartesian/src/ur5_ros2_cartesian.cpp:248:37:[m[K [01;31m[Kerror: [m[Kâ€˜[01m[Kx_positive_pose[m[Kâ€™ was not declared in this scope
[2.540s]   248 |         auto pos_pose = is_x_axis ? [01;31m[Kx_positive_pose[m[K : y_positive_pose;
[2.540s]       |                                     [01;31m[K^~~~~~~~~~~~~~~[m[K
[2.544s] [01m[K/home/steven/Documents/IIIIIIIII_TEST/command_endeffector_cartesian/src/ur5_endeffector_cartesian/src/ur5_ros2_cartesian.cpp:248:55:[m[K [01;31m[Kerror: [m[Kâ€˜[01m[Ky_positive_pose[m[Kâ€™ was not declared in this scope
[2.544s]   248 |         auto pos_pose = is_x_axis ? x_positive_pose : [01;31m[Ky_positive_pose[m[K;
[2.544s]       |                                                       [01;31m[K^~~~~~~~~~~~~~~[m[K
[2.548s] [01m[K/home/steven/Documents/IIIIIIIII_TEST/command_endeffector_cartesian/src/ur5_endeffector_cartesian/src/ur5_ros2_cartesian.cpp:249:37:[m[K [01;31m[Kerror: [m[Kâ€˜[01m[Kx_negative_pose[m[Kâ€™ was not declared in this scope
[2.548s]   249 |         auto neg_pose = is_x_axis ? [01;31m[Kx_negative_pose[m[K : y_negative_pose;
[2.548s]       |                                     [01;31m[K^~~~~~~~~~~~~~~[m[K
[2.552s] [01m[K/home/steven/Documents/IIIIIIIII_TEST/command_endeffector_cartesian/src/ur5_endeffector_cartesian/src/ur5_ros2_cartesian.cpp:249:55:[m[K [01;31m[Kerror: [m[Kâ€˜[01m[Ky_negative_pose[m[Kâ€™ was not declared in this scope
[2.552s]   249 |         auto neg_pose = is_x_axis ? x_negative_pose : [01;31m[Ky_negative_pose[m[K;
[2.552s]       |                                                       [01;31m[K^~~~~~~~~~~~~~~[m[K
[2.558s] [01m[K/home/steven/Documents/IIIIIIIII_TEST/command_endeffector_cartesian/src/ur5_endeffector_cartesian/src/ur5_ros2_cartesian.cpp:271:13:[m[K [01;31m[Kerror: [m[Kâ€˜[01m[KcompleteMoveSequence[m[Kâ€™ was not declared in this scope
[2.558s]   271 |             [01;31m[KcompleteMoveSequence[m[K();
[2.558s]       |             [01;31m[K^~~~~~~~~~~~~~~~~~~~[m[K
[2.561s] [01m[K/home/steven/Documents/IIIIIIIII_TEST/command_endeffector_cartesian/src/ur5_endeffector_cartesian/src/ur5_ros2_cartesian.cpp:[m[K In function â€˜[01m[Kvoid completeMoveSequence()[m[Kâ€™:
[2.561s] [01m[K/home/steven/Documents/IIIIIIIII_TEST/command_endeffector_cartesian/src/ur5_endeffector_cartesian/src/ur5_ros2_cartesian.cpp:276:9:[m[K [01;31m[Kerror: [m[Kâ€˜[01m[KmoveToPose0[m[Kâ€™ was not declared in this scope
[2.561s]   276 |         [01;31m[KmoveToPose0[m[K();
[2.561s]       |         [01;31m[K^~~~~~~~~~~[m[K
[2.565s] [01m[K/home/steven/Documents/IIIIIIIII_TEST/command_endeffector_cartesian/src/ur5_endeffector_cartesian/src/ur5_ros2_cartesian.cpp:[m[K In lambda function:
[2.565s] [01m[K/home/steven/Documents/IIIIIIIII_TEST/command_endeffector_cartesian/src/ur5_endeffector_cartesian/src/ur5_ros2_cartesian.cpp:279:13:[m[K [01;31m[Kerror: [m[Kâ€˜[01m[Kmove_group[m[Kâ€™ was not declared in this scope
[2.565s]   279 |             [01;31m[Kmove_group[m[K->setPoseTarget(pose1);
[2.565s]       |             [01;31m[K^~~~~~~~~~[m[K
[2.568s] [01m[K/home/steven/Documents/IIIIIIIII_TEST/command_endeffector_cartesian/src/ur5_endeffector_cartesian/src/ur5_ros2_cartesian.cpp:279:39:[m[K [01;31m[Kerror: [m[Kâ€˜[01m[Kpose1[m[Kâ€™ was not declared in this scope
[2.568s]   279 |             move_group->setPoseTarget([01;31m[Kpose1[m[K);
[2.568s]       |                                       [01;31m[K^~~~~[m[K
[2.572s] [01m[K/home/steven/Documents/IIIIIIIII_TEST/command_endeffector_cartesian/src/ur5_endeffector_cartesian/src/ur5_ros2_cartesian.cpp:[m[K In function â€˜[01m[Kvoid completeMoveSequence()[m[Kâ€™:
[2.572s] [01m[K/home/steven/Documents/IIIIIIIII_TEST/command_endeffector_cartesian/src/ur5_endeffector_cartesian/src/ur5_ros2_cartesian.cpp:278:9:[m[K [01;31m[Kerror: [m[Kâ€˜[01m[KplanAndExecute[m[Kâ€™ was not declared in this scope
[2.572s]   278 |         [01;31m[KplanAndExecute[m[K("Final Pose", [&]() {
[2.572s]       |         [01;31m[K^~~~~~~~~~~~~~[m[K
[2.572s] In file included from [01m[K/opt/ros/humble/include/rclcpp/rclcpp/client.hpp:40[m[K,
[2.572s]                  from [01m[K/opt/ros/humble/include/rclcpp/rclcpp/callback_group.hpp:24[m[K,
[2.573s]                  from [01m[K/opt/ros/humble/include/rclcpp/rclcpp/any_executable.hpp:20[m[K,
[2.573s]                  from [01m[K/opt/ros/humble/include/rclcpp/rclcpp/memory_strategy.hpp:25[m[K,
[2.573s]                  from [01m[K/opt/ros/humble/include/rclcpp/rclcpp/memory_strategies.hpp:18[m[K,
[2.573s]                  from [01m[K/opt/ros/humble/include/rclcpp/rclcpp/executor_options.hpp:20[m[K,
[2.573s]                  from [01m[K/opt/ros/humble/include/rclcpp/rclcpp/executor.hpp:37[m[K,
[2.573s]                  from [01m[K/opt/ros/humble/include/rclcpp/rclcpp/executors/multi_threaded_executor.hpp:25[m[K,
[2.573s]                  from [01m[K/opt/ros/humble/include/rclcpp/rclcpp/executors.hpp:21[m[K,
[2.573s]                  from [01m[K/opt/ros/humble/include/rclcpp/rclcpp/rclcpp.hpp:155[m[K,
[2.573s]                  from [01m[K/home/steven/Documents/IIIIIIIII_TEST/command_endeffector_cartesian/src/ur5_endeffector_cartesian/src/ur5_ros2_cartesian.cpp:1[m[K:
[2.573s] [01m[K/home/steven/Documents/IIIIIIIII_TEST/command_endeffector_cartesian/src/ur5_endeffector_cartesian/src/ur5_ros2_cartesian.cpp:282:21:[m[K [01;31m[Kerror: [m[Kinvalid use of â€˜[01m[Kthis[m[Kâ€™ in non-member function
[2.573s]   282 |         RCLCPP_INFO([01;31m[Kthis[m[K->get_logger(), "Movement sequence completed");
[2.573s]       |                     [01;31m[K^~~~[m[K
[2.573s] [01m[K/home/steven/Documents/IIIIIIIII_TEST/command_endeffector_cartesian/src/ur5_endeffector_cartesian/src/ur5_ros2_cartesian.cpp:282:21:[m[K [01;31m[Kerror: [m[Kinvalid use of â€˜[01m[Kthis[m[Kâ€™ in non-member function
[2.573s] [01m[K/home/steven/Documents/IIIIIIIII_TEST/command_endeffector_cartesian/src/ur5_endeffector_cartesian/src/ur5_ros2_cartesian.cpp:282:9:[m[K [01;31m[Kerror: [m[Ktemplate argument 1 is invalid
[2.573s]   282 |         [01;31m[KRCLCPP_INFO[m[K(this->get_logger(), "Movement sequence completed");
[2.573s]       |         [01;31m[K^~~~~~~~~~~[m[K
[2.573s] [01m[K/home/steven/Documents/IIIIIIIII_TEST/command_endeffector_cartesian/src/ur5_endeffector_cartesian/src/ur5_ros2_cartesian.cpp:282:9:[m[K [01;31m[Kerror: [m[Ktemplate argument 1 is invalid
[2.573s]   282 |         [01;31m[KRCLCPP_INFO[m[K(this->get_logger(), "Movement sequence completed");
[2.573s]       |         [01;31m[K^~~~~~~~~~~[m[K
[2.573s] [01m[K/home/steven/Documents/IIIIIIIII_TEST/command_endeffector_cartesian/src/ur5_endeffector_cartesian/src/ur5_ros2_cartesian.cpp:282:9:[m[K [01;31m[Kerror: [m[Ktemplate argument 1 is invalid
[2.573s]   282 |         [01;31m[KRCLCPP_INFO[m[K(this->get_logger(), "Movement sequence completed");
[2.573s]       |         [01;31m[K^~~~~~~~~~~[m[K
[2.574s] In file included from [01m[K/opt/ros/humble/include/rclcpp/rclcpp/logging.hpp:24[m[K,
[2.574s]                  from [01m[K/opt/ros/humble/include/rclcpp/rclcpp/client.hpp:40[m[K,
[2.574s]                  from [01m[K/opt/ros/humble/include/rclcpp/rclcpp/callback_group.hpp:24[m[K,
[2.574s]                  from [01m[K/opt/ros/humble/include/rclcpp/rclcpp/any_executable.hpp:20[m[K,
[2.574s]                  from [01m[K/opt/ros/humble/include/rclcpp/rclcpp/memory_strategy.hpp:25[m[K,
[2.574s]                  from [01m[K/opt/ros/humble/include/rclcpp/rclcpp/memory_strategies.hpp:18[m[K,
[2.574s]                  from [01m[K/opt/ros/humble/include/rclcpp/rclcpp/executor_options.hpp:20[m[K,
[2.574s]                  from [01m[K/opt/ros/humble/include/rclcpp/rclcpp/executor.hpp:37[m[K,
[2.574s]                  from [01m[K/opt/ros/humble/include/rclcpp/rclcpp/executors/multi_threaded_executor.hpp:25[m[K,
[2.574s]                  from [01m[K/opt/ros/humble/include/rclcpp/rclcpp/executors.hpp:21[m[K,
[2.574s]                  from [01m[K/opt/ros/humble/include/rclcpp/rclcpp/rclcpp.hpp:155[m[K,
[2.574s]                  from [01m[K/home/steven/Documents/IIIIIIIII_TEST/command_endeffector_cartesian/src/ur5_endeffector_cartesian/src/ur5_ros2_cartesian.cpp:1[m[K:
[2.574s] [01m[K/home/steven/Documents/IIIIIIIII_TEST/command_endeffector_cartesian/src/ur5_endeffector_cartesian/src/ur5_ros2_cartesian.cpp:282:21:[m[K [01;31m[Kerror: [m[Kinvalid use of â€˜[01m[Kthis[m[Kâ€™ in non-member function
[2.574s]   282 |         RCLCPP_INFO([01;31m[Kthis[m[K->get_logger(), "Movement sequence completed");
[2.574s]       |                     [01;31m[K^~~~[m[K
[2.574s] [01m[K/home/steven/Documents/IIIIIIIII_TEST/command_endeffector_cartesian/src/ur5_endeffector_cartesian/src/ur5_ros2_cartesian.cpp:282:21:[m[K [01;31m[Kerror: [m[Kinvalid use of â€˜[01m[Kthis[m[Kâ€™ in non-member function
[2.574s]   282 |         RCLCPP_INFO([01;31m[Kthis[m[K->get_logger(), "Movement sequence completed");
[2.574s]       |                     [01;31m[K^~~~[m[K
[2.575s] [01m[K/home/steven/Documents/IIIIIIIII_TEST/command_endeffector_cartesian/src/ur5_endeffector_cartesian/src/ur5_ros2_cartesian.cpp:[m[K In function â€˜[01m[Kvoid resetSpeedAndMove()[m[Kâ€™:
[2.575s] [01m[K/home/steven/Documents/IIIIIIIII_TEST/command_endeffector_cartesian/src/ur5_endeffector_cartesian/src/ur5_ros2_cartesian.cpp:287:14:[m[K [01;31m[Kerror: [m[Kâ€˜[01m[Kis_moving[m[Kâ€™ was not declared in this scope
[2.575s]   287 |         if (![01;31m[Kis_moving[m[K) {
[2.575s]       |              [01;31m[K^~~~~~~~~[m[K
[2.580s] [01m[K/home/steven/Documents/IIIIIIIII_TEST/command_endeffector_cartesian/src/ur5_endeffector_cartesian/src/ur5_ros2_cartesian.cpp:288:13:[m[K [01;31m[Kerror: [m[Kâ€˜[01m[Kcurrent_velocity[m[Kâ€™ was not declared in this scope
[2.580s]   288 |             [01;31m[Kcurrent_velocity[m[K = 0.1;
[2.580s]       |             [01;31m[K^~~~~~~~~~~~~~~~[m[K
[2.586s] [01m[K/home/steven/Documents/IIIIIIIII_TEST/command_endeffector_cartesian/src/ur5_endeffector_cartesian/src/ur5_ros2_cartesian.cpp:289:13:[m[K [01;31m[Kerror: [m[Kâ€˜[01m[Kcurrent_acceleration[m[Kâ€™ was not declared in this scope
[2.586s]   289 |             [01;31m[Kcurrent_acceleration[m[K = 0.1;
[2.586s]       |             [01;31m[K^~~~~~~~~~~~~~~~~~~~[m[K
[2.586s] In file included from [01m[K/opt/ros/humble/include/rclcpp/rclcpp/client.hpp:40[m[K,
[2.586s]                  from [01m[K/opt/ros/humble/include/rclcpp/rclcpp/callback_group.hpp:24[m[K,
[2.586s]                  from [01m[K/opt/ros/humble/include/rclcpp/rclcpp/any_executable.hpp:20[m[K,
[2.586s]                  from [01m[K/opt/ros/humble/include/rclcpp/rclcpp/memory_strategy.hpp:25[m[K,
[2.586s]                  from [01m[K/opt/ros/humble/include/rclcpp/rclcpp/memory_strategies.hpp:18[m[K,
[2.586s]                  from [01m[K/opt/ros/humble/include/rclcpp/rclcpp/executor_options.hpp:20[m[K,
[2.586s]                  from [01m[K/opt/ros/humble/include/rclcpp/rclcpp/executor.hpp:37[m[K,
[2.586s]                  from [01m[K/opt/ros/humble/include/rclcpp/rclcpp/executors/multi_threaded_executor.hpp:25[m[K,
[2.586s]                  from [01m[K/opt/ros/humble/include/rclcpp/rclcpp/executors.hpp:21[m[K,
[2.586s]                  from [01m[K/opt/ros/humble/include/rclcpp/rclcpp/rclcpp.hpp:155[m[K,
[2.586s]                  from [01m[K/home/steven/Documents/IIIIIIIII_TEST/command_endeffector_cartesian/src/ur5_endeffector_cartesian/src/ur5_ros2_cartesian.cpp:1[m[K:
[2.586s] [01m[K/home/steven/Documents/IIIIIIIII_TEST/command_endeffector_cartesian/src/ur5_endeffector_cartesian/src/ur5_ros2_cartesian.cpp:291:25:[m[K [01;31m[Kerror: [m[Kinvalid use of â€˜[01m[Kthis[m[Kâ€™ in non-member function
[2.586s]   291 |             RCLCPP_INFO([01;31m[Kthis[m[K->get_logger(), "Resuming movement");
[2.587s]       |                         [01;31m[K^~~~[m[K
[2.587s] [01m[K/home/steven/Documents/IIIIIIIII_TEST/command_endeffector_cartesian/src/ur5_endeffector_cartesian/src/ur5_ros2_cartesian.cpp:291:25:[m[K [01;31m[Kerror: [m[Kinvalid use of â€˜[01m[Kthis[m[Kâ€™ in non-member function
[2.587s] [01m[K/home/steven/Documents/IIIIIIIII_TEST/command_endeffector_cartesian/src/ur5_endeffector_cartesian/src/ur5_ros2_cartesian.cpp:291:13:[m[K [01;31m[Kerror: [m[Ktemplate argument 1 is invalid
[2.587s]   291 |             [01;31m[KRCLCPP_INFO[m[K(this->get_logger(), "Resuming movement");
[2.587s]       |             [01;31m[K^~~~~~~~~~~[m[K
[2.587s] [01m[K/home/steven/Documents/IIIIIIIII_TEST/command_endeffector_cartesian/src/ur5_endeffector_cartesian/src/ur5_ros2_cartesian.cpp:291:13:[m[K [01;31m[Kerror: [m[Ktemplate argument 1 is invalid
[2.587s]   291 |             [01;31m[KRCLCPP_INFO[m[K(this->get_logger(), "Resuming movement");
[2.587s]       |             [01;31m[K^~~~~~~~~~~[m[K
[2.587s] [01m[K/home/steven/Documents/IIIIIIIII_TEST/command_endeffector_cartesian/src/ur5_endeffector_cartesian/src/ur5_ros2_cartesian.cpp:291:13:[m[K [01;31m[Kerror: [m[Ktemplate argument 1 is invalid
[2.587s]   291 |             [01;31m[KRCLCPP_INFO[m[K(this->get_logger(), "Resuming movement");
[2.587s]       |             [01;31m[K^~~~~~~~~~~[m[K
[2.587s] In file included from [01m[K/opt/ros/humble/include/rclcpp/rclcpp/logging.hpp:24[m[K,
[2.587s]                  from [01m[K/opt/ros/humble/include/rclcpp/rclcpp/client.hpp:40[m[K,
[2.587s]                  from [01m[K/opt/ros/humble/include/rclcpp/rclcpp/callback_group.hpp:24[m[K,
[2.587s]                  from [01m[K/opt/ros/humble/include/rclcpp/rclcpp/any_executable.hpp:20[m[K,
[2.587s]                  from [01m[K/opt/ros/humble/include/rclcpp/rclcpp/memory_strategy.hpp:25[m[K,
[2.587s]                  from [01m[K/opt/ros/humble/include/rclcpp/rclcpp/memory_strategies.hpp:18[m[K,
[2.587s]                  from [01m[K/opt/ros/humble/include/rclcpp/rclcpp/executor_options.hpp:20[m[K,
[2.587s]                  from [01m[K/opt/ros/humble/include/rclcpp/rclcpp/executor.hpp:37[m[K,
[2.587s]                  from [01m[K/opt/ros/humble/include/rclcpp/rclcpp/executors/multi_threaded_executor.hpp:25[m[K,
[2.587s]                  from [01m[K/opt/ros/humble/include/rclcpp/rclcpp/executors.hpp:21[m[K,
[2.587s]                  from [01m[K/opt/ros/humble/include/rclcpp/rclcpp/rclcpp.hpp:155[m[K,
[2.587s]                  from [01m[K/home/steven/Documents/IIIIIIIII_TEST/command_endeffector_cartesian/src/ur5_endeffector_cartesian/src/ur5_ros2_cartesian.cpp:1[m[K:
[2.587s] [01m[K/home/steven/Documents/IIIIIIIII_TEST/command_endeffector_cartesian/src/ur5_endeffector_cartesian/src/ur5_ros2_cartesian.cpp:291:25:[m[K [01;31m[Kerror: [m[Kinvalid use of â€˜[01m[Kthis[m[Kâ€™ in non-member function
[2.587s]   291 |             RCLCPP_INFO([01;31m[Kthis[m[K->get_logger(), "Resuming movement");
[2.587s]       |                         [01;31m[K^~~~[m[K
[2.587s] [01m[K/home/steven/Documents/IIIIIIIII_TEST/command_endeffector_cartesian/src/ur5_endeffector_cartesian/src/ur5_ros2_cartesian.cpp:291:25:[m[K [01;31m[Kerror: [m[Kinvalid use of â€˜[01m[Kthis[m[Kâ€™ in non-member function
[2.587s]   291 |             RCLCPP_INFO([01;31m[Kthis[m[K->get_logger(), "Resuming movement");
[2.587s]       |                         [01;31m[K^~~~[m[K
[2.591s] [01m[K/home/steven/Documents/IIIIIIIII_TEST/command_endeffector_cartesian/src/ur5_endeffector_cartesian/src/ur5_ros2_cartesian.cpp:292:20:[m[K [01;31m[Kerror: [m[Kâ€˜[01m[Kcurrent_velocity[m[Kâ€™ was not declared in this scope
[2.591s]   292 |         } else if ([01;31m[Kcurrent_velocity[m[K < 1.0) {
[2.591s]       |                    [01;31m[K^~~~~~~~~~~~~~~~[m[K
[2.598s] [01m[K/home/steven/Documents/IIIIIIIII_TEST/command_endeffector_cartesian/src/ur5_endeffector_cartesian/src/ur5_ros2_cartesian.cpp:294:13:[m[K [01;31m[Kerror: [m[Kâ€˜[01m[Kcurrent_acceleration[m[Kâ€™ was not declared in this scope
[2.598s]   294 |             [01;31m[Kcurrent_acceleration[m[K = std::min(1.0, current_acceleration + 0.1);
[2.598s]       |             [01;31m[K^~~~~~~~~~~~~~~~~~~~[m[K
[2.603s] [01m[K/home/steven/Documents/IIIIIIIII_TEST/command_endeffector_cartesian/src/ur5_endeffector_cartesian/src/ur5_ros2_cartesian.cpp:296:9:[m[K [01;31m[Kerror: [m[Kâ€˜[01m[KmoveInDirection[m[Kâ€™ was not declared in this scope
[2.603s]   296 |         [01;31m[KmoveInDirection[m[K(0.0005);
[2.603s]       |         [01;31m[K^~~~~~~~~~~~~~~[m[K
[2.607s] [01m[K/home/steven/Documents/IIIIIIIII_TEST/command_endeffector_cartesian/src/ur5_endeffector_cartesian/src/ur5_ros2_cartesian.cpp:[m[K In lambda function:
[2.607s] [01m[K/home/steven/Documents/IIIIIIIII_TEST/command_endeffector_cartesian/src/ur5_endeffector_cartesian/src/ur5_ros2_cartesian.cpp:302:13:[m[K [01;31m[Kerror: [m[Kâ€˜[01m[Kmove_group[m[Kâ€™ was not declared in this scope
[2.607s]   302 |             [01;31m[Kmove_group[m[K->setJointValueTarget(homejoints);
[2.607s]       |             [01;31m[K^~~~~~~~~~[m[K
[2.612s] [01m[K/home/steven/Documents/IIIIIIIII_TEST/command_endeffector_cartesian/src/ur5_endeffector_cartesian/src/ur5_ros2_cartesian.cpp:[m[K In function â€˜[01m[Kvoid moveToHome()[m[Kâ€™:
[2.612s] [01m[K/home/steven/Documents/IIIIIIIII_TEST/command_endeffector_cartesian/src/ur5_endeffector_cartesian/src/ur5_ros2_cartesian.cpp:301:9:[m[K [01;31m[Kerror: [m[Kâ€˜[01m[KplanAndExecute[m[Kâ€™ was not declared in this scope
[2.612s]   301 |         [01;31m[KplanAndExecute[m[K("Home", [&]() {
[2.612s]       |         [01;31m[K^~~~~~~~~~~~~~[m[K
[2.616s] [01m[K/home/steven/Documents/IIIIIIIII_TEST/command_endeffector_cartesian/src/ur5_endeffector_cartesian/src/ur5_ros2_cartesian.cpp:[m[K In lambda function:
[2.616s] [01m[K/home/steven/Documents/IIIIIIIII_TEST/command_endeffector_cartesian/src/ur5_endeffector_cartesian/src/ur5_ros2_cartesian.cpp:308:13:[m[K [01;31m[Kerror: [m[Kâ€˜[01m[Kmove_group[m[Kâ€™ was not declared in this scope
[2.616s]   308 |             [01;31m[Kmove_group[m[K->setPoseTarget(pose0);
[2.616s]       |             [01;31m[K^~~~~~~~~~[m[K
[2.619s] [01m[K/home/steven/Documents/IIIIIIIII_TEST/command_endeffector_cartesian/src/ur5_endeffector_cartesian/src/ur5_ros2_cartesian.cpp:308:39:[m[K [01;31m[Kerror: [m[Kâ€˜[01m[Kpose0[m[Kâ€™ was not declared in this scope
[2.619s]   308 |             move_group->setPoseTarget([01;31m[Kpose0[m[K);
[2.619s]       |                                       [01;31m[K^~~~~[m[K
[2.623s] [01m[K/home/steven/Documents/IIIIIIIII_TEST/command_endeffector_cartesian/src/ur5_endeffector_cartesian/src/ur5_ros2_cartesian.cpp:[m[K In function â€˜[01m[Kvoid moveToPose0()[m[Kâ€™:
[2.623s] [01m[K/home/steven/Documents/IIIIIIIII_TEST/command_endeffector_cartesian/src/ur5_endeffector_cartesian/src/ur5_ros2_cartesian.cpp:307:9:[m[K [01;31m[Kerror: [m[Kâ€˜[01m[KplanAndExecute[m[Kâ€™ was not declared in this scope
[2.623s]   307 |         [01;31m[KplanAndExecute[m[K("Pose 0", [&]() {
[2.623s]       |         [01;31m[K^~~~~~~~~~~~~~[m[K
[2.626s] [01m[K/home/steven/Documents/IIIIIIIII_TEST/command_endeffector_cartesian/src/ur5_endeffector_cartesian/src/ur5_ros2_cartesian.cpp:[m[K In function â€˜[01m[Kvoid planAndExecute(const string&, const std::function<void()>&, double, double)[m[Kâ€™:
[2.626s] [01m[K/home/steven/Documents/IIIIIIIII_TEST/command_endeffector_cartesian/src/ur5_endeffector_cartesian/src/ur5_ros2_cartesian.cpp:328:9:[m[K [01;31m[Kerror: [m[Kâ€˜[01m[Kmove_group[m[Kâ€™ was not declared in this scope
[2.626s]   328 |         [01;31m[Kmove_group[m[K->setMaxVelocityScalingFactor(velocity_factor);
[2.626s]       |         [01;31m[K^~~~~~~~~~[m[K
[2.626s] In file included from [01m[K/opt/ros/humble/include/rclcpp/rclcpp/client.hpp:40[m[K,
[2.626s]                  from [01m[K/opt/ros/humble/include/rclcpp/rclcpp/callback_group.hpp:24[m[K,
[2.626s]                  from [01m[K/opt/ros/humble/include/rclcpp/rclcpp/any_executable.hpp:20[m[K,
[2.626s]                  from [01m[K/opt/ros/humble/include/rclcpp/rclcpp/memory_strategy.hpp:25[m[K,
[2.626s]                  from [01m[K/opt/ros/humble/include/rclcpp/rclcpp/memory_strategies.hpp:18[m[K,
[2.626s]                  from [01m[K/opt/ros/humble/include/rclcpp/rclcpp/executor_options.hpp:20[m[K,
[2.626s]                  from [01m[K/opt/ros/humble/include/rclcpp/rclcpp/executor.hpp:37[m[K,
[2.626s]                  from [01m[K/opt/ros/humble/include/rclcpp/rclcpp/executors/multi_threaded_executor.hpp:25[m[K,
[2.626s]                  from [01m[K/opt/ros/humble/include/rclcpp/rclcpp/executors.hpp:21[m[K,
[2.626s]                  from [01m[K/opt/ros/humble/include/rclcpp/rclcpp/rclcpp.hpp:155[m[K,
[2.626s]                  from [01m[K/home/steven/Documents/IIIIIIIII_TEST/command_endeffector_cartesian/src/ur5_endeffector_cartesian/src/ur5_ros2_cartesian.cpp:1[m[K:
[2.626s] [01m[K/home/steven/Documents/IIIIIIIII_TEST/command_endeffector_cartesian/src/ur5_endeffector_cartesian/src/ur5_ros2_cartesian.cpp:346:26:[m[K [01;31m[Kerror: [m[Kinvalid use of â€˜[01m[Kthis[m[Kâ€™ in non-member function
[2.626s]   346 |             RCLCPP_ERROR([01;31m[Kthis[m[K->get_logger(), "Failed to plan movement to %s after %d attempts",
[2.626s]       |                          [01;31m[K^~~~[m[K
[2.626s] [01m[K/home/steven/Documents/IIIIIIIII_TEST/command_endeffector_cartesian/src/ur5_endeffector_cartesian/src/ur5_ros2_cartesian.cpp:346:26:[m[K [01;31m[Kerror: [m[Kinvalid use of â€˜[01m[Kthis[m[Kâ€™ in non-member function
[2.626s] [01m[K/home/steven/Documents/IIIIIIIII_TEST/command_endeffector_cartesian/src/ur5_endeffector_cartesian/src/ur5_ros2_cartesian.cpp:346:13:[m[K [01;31m[Kerror: [m[Ktemplate argument 1 is invalid
[2.627s]   346 |             [01;31m[KRCLCPP_ERROR[m[K(this->get_logger(), "Failed to plan movement to %s after %d attempts",
[2.627s]       |             [01;31m[K^~~~~~~~~~~~[m[K
[2.627s] [01m[K/home/steven/Documents/IIIIIIIII_TEST/command_endeffector_cartesian/src/ur5_endeffector_cartesian/src/ur5_ros2_cartesian.cpp:346:13:[m[K [01;31m[Kerror: [m[Ktemplate argument 1 is invalid
[2.627s]   346 |             [01;31m[KRCLCPP_ERROR[m[K(this->get_logger(), "Failed to plan movement to %s after %d attempts",
[2.627s]       |             [01;31m[K^~~~~~~~~~~~[m[K
[2.627s] [01m[K/home/steven/Documents/IIIIIIIII_TEST/command_endeffector_cartesian/src/ur5_endeffector_cartesian/src/ur5_ros2_cartesian.cpp:346:13:[m[K [01;31m[Kerror: [m[Ktemplate argument 1 is invalid
[2.627s]   346 |             [01;31m[KRCLCPP_ERROR[m[K(this->get_logger(), "Failed to plan movement to %s after %d attempts",
[2.627s]       |             [01;31m[K^~~~~~~~~~~~[m[K
[2.627s] In file included from [01m[K/opt/ros/humble/include/rclcpp/rclcpp/logging.hpp:24[m[K,
[2.627s]                  from [01m[K/opt/ros/humble/include/rclcpp/rclcpp/client.hpp:40[m[K,
[2.627s]                  from [01m[K/opt/ros/humble/include/rclcpp/rclcpp/callback_group.hpp:24[m[K,
[2.627s]                  from [01m[K/opt/ros/humble/include/rclcpp/rclcpp/any_executable.hpp:20[m[K,
[2.627s]                  from [01m[K/opt/ros/humble/include/rclcpp/rclcpp/memory_strategy.hpp:25[m[K,
[2.627s]                  from [01m[K/opt/ros/humble/include/rclcpp/rclcpp/memory_strategies.hpp:18[m[K,
[2.627s]                  from [01m[K/opt/ros/humble/include/rclcpp/rclcpp/executor_options.hpp:20[m[K,
[2.627s]                  from [01m[K/opt/ros/humble/include/rclcpp/rclcpp/executor.hpp:37[m[K,
[2.627s]                  from [01m[K/opt/ros/humble/include/rclcpp/rclcpp/executors/multi_threaded_executor.hpp:25[m[K,
[2.627s]                  from [01m[K/opt/ros/humble/include/rclcpp/rclcpp/executors.hpp:21[m[K,
[2.627s]                  from [01m[K/opt/ros/humble/include/rclcpp/rclcpp/rclcpp.hpp:155[m[K,
[2.627s]                  from [01m[K/home/steven/Documents/IIIIIIIII_TEST/command_endeffector_cartesian/src/ur5_endeffector_cartesian/src/ur5_ros2_cartesian.cpp:1[m[K:
[2.627s] [01m[K/home/steven/Documents/IIIIIIIII_TEST/command_endeffector_cartesian/src/ur5_endeffector_cartesian/src/ur5_ros2_cartesian.cpp:346:26:[m[K [01;31m[Kerror: [m[Kinvalid use of â€˜[01m[Kthis[m[Kâ€™ in non-member function
[2.627s]   346 |             RCLCPP_ERROR([01;31m[Kthis[m[K->get_logger(), "Failed to plan movement to %s after %d attempts",
[2.627s]       |                          [01;31m[K^~~~[m[K
[2.627s] [01m[K/home/steven/Documents/IIIIIIIII_TEST/command_endeffector_cartesian/src/ur5_endeffector_cartesian/src/ur5_ros2_cartesian.cpp:346:26:[m[K [01;31m[Kerror: [m[Kinvalid use of â€˜[01m[Kthis[m[Kâ€™ in non-member function
[2.627s]   346 |             RCLCPP_ERROR([01;31m[Kthis[m[K->get_logger(), "Failed to plan movement to %s after %d attempts",
[2.627s]       |                          [01;31m[K^~~~[m[K
[2.627s] [01m[K/home/steven/Documents/IIIIIIIII_TEST/command_endeffector_cartesian/src/ur5_endeffector_cartesian/src/ur5_ros2_cartesian.cpp:[m[K At global scope:
[2.627s] [01m[K/home/steven/Documents/IIIIIIIII_TEST/command_endeffector_cartesian/src/ur5_endeffector_cartesian/src/ur5_ros2_cartesian.cpp:351:1:[m[K [01;31m[Kerror: [m[Kexpected unqualified-id before â€˜[01m[Kprivate[m[Kâ€™
[2.627s]   351 | [01;31m[Kprivate[m[K:
[2.627s]       | [01;31m[K^~~~~~~[m[K
[2.630s] [01m[K/home/steven/Documents/IIIIIIIII_TEST/command_endeffector_cartesian/src/ur5_endeffector_cartesian/src/ur5_ros2_cartesian.cpp:380:1:[m[K [01;31m[Kerror: [m[Kexpected declaration before â€˜[01m[K}[m[Kâ€™ token
[2.630s]   380 | [01;31m[K}[m[K;
[2.630s]       | [01;31m[K^[m[K
[2.631s] [01m[K/home/steven/Documents/IIIIIIIII_TEST/command_endeffector_cartesian/src/ur5_endeffector_cartesian/src/ur5_ros2_cartesian.cpp:[m[K In function â€˜[01m[Kint main(int, char**)[m[Kâ€™:
[2.631s] [01m[K/home/steven/Documents/IIIIIIIII_TEST/command_endeffector_cartesian/src/ur5_endeffector_cartesian/src/ur5_ros2_cartesian.cpp:388:11:[m[K [01;31m[Kerror: [m[Kâ€˜[01m[Kusing element_type = class UR5Control[m[Kâ€™ {aka â€˜[01m[Kclass UR5Control[m[Kâ€™} has no member named â€˜[01m[KmoveToHome[m[Kâ€™
[2.631s]   388 |     node->[01;31m[KmoveToHome[m[K();
[2.631s]       |           [01;31m[K^~~~~~~~~~[m[K
[2.631s] [01m[K/home/steven/Documents/IIIIIIIII_TEST/command_endeffector_cartesian/src/ur5_endeffector_cartesian/src/ur5_ros2_cartesian.cpp:389:11:[m[K [01;31m[Kerror: [m[Kâ€˜[01m[Kusing element_type = class UR5Control[m[Kâ€™ {aka â€˜[01m[Kclass UR5Control[m[Kâ€™} has no member named â€˜[01m[KmoveToPose0[m[Kâ€™
[2.631s]   389 |     node->[01;31m[KmoveToPose0[m[K();
[2.631s]       |           [01;31m[K^~~~~~~~~~~[m[K
[4.611s] gmake[2]: *** [CMakeFiles/ur5_ros2_cartesian.dir/build.make:76ï¼šCMakeFiles/ur5_ros2_cartesian.dir/src/ur5_ros2_cartesian.cpp.o] éŒ¯èª¤ 1
[4.612s] gmake[1]: *** [CMakeFiles/Makefile2:137ï¼šCMakeFiles/ur5_ros2_cartesian.dir/all] éŒ¯èª¤ 2
[4.612s] gmake: *** [Makefile:146ï¼šall] éŒ¯èª¤ 2
[4.614s] Invoked command in '/home/steven/Documents/IIIIIIIII_TEST/command_endeffector_cartesian/build/ur5_endeffector_cartesian' returned '2': CMAKE_PREFIX_PATH=${CMAKE_PREFIX_PATH}:/home/steven/ws_moveit2/install/moveit_configs_utils:/home/steven/ws_moveit2/install/launch_param_builder:/opt/ros/humble /usr/bin/cmake --build /home/steven/Documents/IIIIIIIII_TEST/command_endeffector_cartesian/build/ur5_endeffector_cartesian -- -j32 -l32
