[0.012s] Invoking command in '/home/steven/ros2_ws/src/first_stage/build/first_stage_endeffector': CMAKE_PREFIX_PATH=${CMAKE_PREFIX_PATH}:/home/steven/ros2_ws/src/first_stage/install/first_stage_rg2:/home/steven/ws_moveit2/install/moveit_configs_utils:/home/steven/ws_moveit2/install/launch_param_builder:/opt/ros/humble /usr/bin/cmake --build /home/steven/ros2_ws/src/first_stage/build/first_stage_endeffector -- -j32 -l32
[0.058s] [35m[1mConsolidate compiler generated dependencies of target first_stage_endeffector[0m
[0.076s] [ 50%] [32mBuilding CXX object CMakeFiles/first_stage_endeffector.dir/src/first_stage_endeffector.cpp.o[0m
[4.283s] [01m[K/home/steven/ros2_ws/src/first_stage/src/first_stage_endeffector/src/first_stage_endeffector.cpp:[m[K In member function â€˜[01m[Kvoid RobotController::timerCallback()[m[Kâ€™:
[4.283s] [01m[K/home/steven/ros2_ws/src/first_stage/src/first_stage_endeffector/src/first_stage_endeffector.cpp:104:32:[m[K [01;31m[Kerror: [m[Kcould not convert â€˜[01m[K((RobotController*)this)->RobotController::moveToFinalPosition()[m[Kâ€™ from â€˜[01m[Kvoid[m[Kâ€™ to â€˜[01m[Kbool[m[Kâ€™
[4.283s]   104 |         if ([01;31m[KmoveToFinalPosition()[m[K) {
[4.284s]       |             [01;31m[K~~~~~~~~~~~~~~~~~~~^~[m[K
[4.284s]       |                                [01;31m[K|[m[K
[4.284s]       |                                [01;31m[Kvoid[m[K
[8.559s] gmake[2]: *** [CMakeFiles/first_stage_endeffector.dir/build.make:76ï¼šCMakeFiles/first_stage_endeffector.dir/src/first_stage_endeffector.cpp.o] éŒ¯èª¤ 1
[8.559s] gmake[1]: *** [CMakeFiles/Makefile2:137ï¼šCMakeFiles/first_stage_endeffector.dir/all] éŒ¯èª¤ 2
[8.559s] gmake: *** [Makefile:146ï¼šall] éŒ¯èª¤ 2
[8.560s] Invoked command in '/home/steven/ros2_ws/src/first_stage/build/first_stage_endeffector' returned '2': CMAKE_PREFIX_PATH=${CMAKE_PREFIX_PATH}:/home/steven/ros2_ws/src/first_stage/install/first_stage_rg2:/home/steven/ws_moveit2/install/moveit_configs_utils:/home/steven/ws_moveit2/install/launch_param_builder:/opt/ros/humble /usr/bin/cmake --build /home/steven/ros2_ws/src/first_stage/build/first_stage_endeffector -- -j32 -l32
