[0.013s] Invoking command in '/home/steven/ros2_ws/src/first_stage/build/first_stage_endeffector': CMAKE_PREFIX_PATH=${CMAKE_PREFIX_PATH}:/home/steven/ros2_ws/src/first_stage/install/first_stage_rg2:/home/steven/ros2_ws/install/zed_receiver:/home/steven/ros2_ws/install/zed_camera_publisher:/home/steven/ros2_ws/install/yolov8_realsense:/home/steven/ros2_ws/install/ur5_control:/home/steven/ros2_ws/install/ur5:/home/steven/ros2_ws/install/udp_publisher:/home/steven/ros2_ws/install/rg2:/home/steven/ros2_ws/install/moveit_configs_utils:/home/steven/ros2_ws/install/lego_grasping:/home/steven/ros2_ws/install/first_stage_rg2:/home/steven/ws_moveit2/install/moveit_configs_utils:/home/steven/ws_moveit2/install/launch_param_builder:/opt/ros/humble /usr/bin/cmake --build /home/steven/ros2_ws/src/first_stage/build/first_stage_endeffector -- -j32 -l32
[0.072s] [ 50%] [32mBuilding CXX object CMakeFiles/first_stage_endeffector.dir/src/first_stage_endeffector.cpp.o[0m
[4.202s] [01m[K/home/steven/ros2_ws/src/first_stage/src/first_stage_endeffector/src/first_stage_endeffector.cpp:201:2:[m[K [01;31m[Kerror: [m[Kexpected â€˜[01m[K}[m[Kâ€™ at end of input
[4.202s]   201 | }
[4.202s]       |  [01;31m[K^[m[K
[4.202s] [01m[K/home/steven/ros2_ws/src/first_stage/src/first_stage_endeffector/src/first_stage_endeffector.cpp:16:1:[m[K [01;36m[Knote: [m[Kto match this â€˜[01m[K{[m[Kâ€™
[4.203s]    16 | [01;36m[K{[m[K
[4.203s]       | [01;36m[K^[m[K
[4.215s] [01m[K/home/steven/ros2_ws/src/first_stage/src/first_stage_endeffector/src/first_stage_endeffector.cpp:[m[K In constructor â€˜[01m[KRobotController::RobotController()[m[Kâ€™:
[4.215s] [01m[K/home/steven/ros2_ws/src/first_stage/src/first_stage_endeffector/src/first_stage_endeffector.cpp:20:5:[m[K [01;31m[Kerror: [m[Kâ€˜[01m[Kcoordinates_subscription[m[Kâ€™ was not declared in this scope; did you mean â€˜[01m[Kcreate_subscription[m[Kâ€™?
[4.215s]    20 |     [01;31m[Kcoordinates_subscription[m[K = this->create_subscription<geometry_msgs::msg::Point>(
[4.215s]       |     [01;31m[K^~~~~~~~~~~~~~~~~~~~~~~~[m[K
[4.215s]       |     [32m[Kcreate_subscription[m[K
[4.261s] [01m[K/home/steven/ros2_ws/src/first_stage/src/first_stage_endeffector/src/first_stage_endeffector.cpp:24:5:[m[K [01;31m[Kerror: [m[Kâ€˜[01m[Korientation_subscription[m[Kâ€™ was not declared in this scope; did you mean â€˜[01m[Kcreate_subscription[m[Kâ€™?
[4.261s]    24 |     [01;31m[Korientation_subscription[m[K = this->create_subscription<geometry_msgs::msg::Quaternion>(
[4.261s]       |     [01;31m[K^~~~~~~~~~~~~~~~~~~~~~~~[m[K
[4.261s]       |     [32m[Kcreate_subscription[m[K
[4.299s] [01m[K/home/steven/ros2_ws/src/first_stage/src/first_stage_endeffector/src/first_stage_endeffector.cpp:28:5:[m[K [01;31m[Kerror: [m[Kâ€˜[01m[Kgripper_publisher[m[Kâ€™ was not declared in this scope; did you mean â€˜[01m[Kcreate_publisher[m[Kâ€™?
[4.299s]    28 |     [01;31m[Kgripper_publisher[m[K = this->create_publisher<std_msgs::msg::Int32MultiArray>("custom_gripper", 10);
[4.299s]       |     [01;31m[K^~~~~~~~~~~~~~~~~[m[K
[4.299s]       |     [32m[Kcreate_publisher[m[K
[4.307s] [01m[K/home/steven/ros2_ws/src/first_stage/src/first_stage_endeffector/src/first_stage_endeffector.cpp:33:5:[m[K [01;31m[Kerror: [m[Kâ€˜[01m[Ktimer_[m[Kâ€™ was not declared in this scope; did you mean â€˜[01m[Ktimer_t[m[Kâ€™?
[4.307s]    33 |     [01;31m[Ktimer_[m[K = this->create_wall_timer(std::chrono::seconds(1),
[4.307s]       |     [01;31m[K^~~~~~[m[K
[4.307s]       |     [32m[Ktimer_t[m[K
[4.319s] [01m[K/home/steven/ros2_ws/src/first_stage/src/first_stage_endeffector/src/first_stage_endeffector.cpp:[m[K In member function â€˜[01m[Kvoid RobotController::initializeMoveGroup()[m[Kâ€™:
[4.319s] [01m[K/home/steven/ros2_ws/src/first_stage/src/first_stage_endeffector/src/first_stage_endeffector.cpp:41:5:[m[K [01;31m[Kerror: [m[Kâ€˜[01m[Ktimer_[m[Kâ€™ was not declared in this scope; did you mean â€˜[01m[Ktimer_t[m[Kâ€™?
[4.319s]    41 |     [01;31m[Ktimer_[m[K->cancel();
[4.319s]       |     [01;31m[K^~~~~~[m[K
[4.319s]       |     [32m[Ktimer_t[m[K
[4.327s] [01m[K/home/steven/ros2_ws/src/first_stage/src/first_stage_endeffector/src/first_stage_endeffector.cpp:43:5:[m[K [01;31m[Kerror: [m[Kâ€˜[01m[Kmove_group_arm[m[Kâ€™ was not declared in this scope
[4.327s]    43 |     [01;31m[Kmove_group_arm[m[K = std::make_shared<moveit::planning_interface::MoveGroupInterface>(shared_from_this(), "ur_manipulator");
[4.327s]       |     [01;31m[K^~~~~~~~~~~~~~[m[K
[4.339s] [01m[K/home/steven/ros2_ws/src/first_stage/src/first_stage_endeffector/src/first_stage_endeffector.cpp:[m[K In member function â€˜[01m[Kvoid RobotController::goHome()[m[Kâ€™:
[4.339s] [01m[K/home/steven/ros2_ws/src/first_stage/src/first_stage_endeffector/src/first_stage_endeffector.cpp:52:10:[m[K [01;31m[Kerror: [m[Kâ€˜[01m[Kmove_group_arm[m[Kâ€™ was not declared in this scope
[4.339s]    52 |     if (![01;31m[Kmove_group_arm[m[K) {
[4.339s]       |          [01;31m[K^~~~~~~~~~~~~~[m[K
[4.348s] [01m[K/home/steven/ros2_ws/src/first_stage/src/first_stage_endeffector/src/first_stage_endeffector.cpp:57:5:[m[K [01;31m[Kerror: [m[Kâ€˜[01m[Kmove_group_arm[m[Kâ€™ was not declared in this scope
[4.348s]    57 |     [01;31m[Kmove_group_arm[m[K->setStartStateToCurrentState();
[4.348s]       |     [01;31m[K^~~~~~~~~~~~~~[m[K
[4.359s] [01m[K/home/steven/ros2_ws/src/first_stage/src/first_stage_endeffector/src/first_stage_endeffector.cpp:[m[K In member function â€˜[01m[Kvoid RobotController::coordinatesCallback(geometry_msgs::msg::Point_<std::allocator<void> >::SharedPtr)[m[Kâ€™:
[4.359s] [01m[K/home/steven/ros2_ws/src/first_stage/src/first_stage_endeffector/src/first_stage_endeffector.cpp:88:5:[m[K [01;31m[Kerror: [m[Kâ€˜[01m[Ktarget_pose[m[Kâ€™ was not declared in this scope
[4.359s]    88 |     [01;31m[Ktarget_pose[m[K.position.x = msg->x;
[4.359s]       |     [01;31m[K^~~~~~~~~~~[m[K
[4.372s] [01m[K/home/steven/ros2_ws/src/first_stage/src/first_stage_endeffector/src/first_stage_endeffector.cpp:92:9:[m[K [01;31m[Kerror: [m[Kâ€˜[01m[Korientation_received[m[Kâ€™ was not declared in this scope
[4.372s]    92 |     if ([01;31m[Korientation_received[m[K) {
[4.372s]       |         [01;31m[K^~~~~~~~~~~~~~~~~~~~[m[K
[4.381s] [01m[K/home/steven/ros2_ws/src/first_stage/src/first_stage_endeffector/src/first_stage_endeffector.cpp:[m[K In member function â€˜[01m[Kvoid RobotController::orientationCallback(geometry_msgs::msg::Quaternion_<std::allocator<void> >::SharedPtr)[m[Kâ€™:
[4.381s] [01m[K/home/steven/ros2_ws/src/first_stage/src/first_stage_endeffector/src/first_stage_endeffector.cpp:99:5:[m[K [01;31m[Kerror: [m[Kâ€˜[01m[Ktarget_pose[m[Kâ€™ was not declared in this scope
[4.381s]    99 |     [01;31m[Ktarget_pose[m[K.orientation = *msg;
[4.381s]       |     [01;31m[K^~~~~~~~~~~[m[K
[4.395s] [01m[K/home/steven/ros2_ws/src/first_stage/src/first_stage_endeffector/src/first_stage_endeffector.cpp:100:5:[m[K [01;31m[Kerror: [m[Kâ€˜[01m[Korientation_received[m[Kâ€™ was not declared in this scope
[4.395s]   100 |     [01;31m[Korientation_received[m[K = true;
[4.395s]       |     [01;31m[K^~~~~~~~~~~~~~~~~~~~[m[K
[4.406s] [01m[K/home/steven/ros2_ws/src/first_stage/src/first_stage_endeffector/src/first_stage_endeffector.cpp:[m[K In member function â€˜[01m[Kvoid RobotController::planAndExecute()[m[Kâ€™:
[4.406s] [01m[K/home/steven/ros2_ws/src/first_stage/src/first_stage_endeffector/src/first_stage_endeffector.cpp:109:10:[m[K [01;31m[Kerror: [m[Kâ€˜[01m[Kmove_group_arm[m[Kâ€™ was not declared in this scope
[4.406s]   109 |     if (![01;31m[Kmove_group_arm[m[K) {
[4.406s]       |          [01;31m[K^~~~~~~~~~~~~~[m[K
[4.413s] In file included from [01m[K/opt/ros/humble/include/rclcpp/rclcpp/logging.hpp:24[m[K,
[4.413s]                  from [01m[K/opt/ros/humble/include/rclcpp/rclcpp/client.hpp:40[m[K,
[4.413s]                  from [01m[K/opt/ros/humble/include/rclcpp/rclcpp/callback_group.hpp:24[m[K,
[4.413s]                  from [01m[K/opt/ros/humble/include/rclcpp/rclcpp/any_executable.hpp:20[m[K,
[4.413s]                  from [01m[K/opt/ros/humble/include/rclcpp/rclcpp/memory_strategy.hpp:25[m[K,
[4.413s]                  from [01m[K/opt/ros/humble/include/rclcpp/rclcpp/memory_strategies.hpp:18[m[K,
[4.413s]                  from [01m[K/opt/ros/humble/include/rclcpp/rclcpp/executor_options.hpp:20[m[K,
[4.414s]                  from [01m[K/opt/ros/humble/include/rclcpp/rclcpp/executor.hpp:37[m[K,
[4.414s]                  from [01m[K/opt/ros/humble/include/rclcpp/rclcpp/executors/multi_threaded_executor.hpp:25[m[K,
[4.414s]                  from [01m[K/opt/ros/humble/include/rclcpp/rclcpp/executors.hpp:21[m[K,
[4.414s]                  from [01m[K/opt/ros/humble/include/rclcpp/rclcpp/rclcpp.hpp:155[m[K,
[4.414s]                  from [01m[K/home/steven/ros2_ws/src/first_stage/src/first_stage_endeffector/src/first_stage_endeffector.cpp:1[m[K:
[4.414s] [01m[K/home/steven/ros2_ws/src/first_stage/src/first_stage_endeffector/src/first_stage_endeffector.cpp:115:17:[m[K [01;31m[Kerror: [m[Kâ€˜[01m[Ktarget_pose[m[Kâ€™ was not declared in this scope
[4.414s]   115 |                 [01;31m[Ktarget_pose[m[K.position.x, target_pose.position.y, target_pose.position.z,
[4.414s]       |                 [01;31m[K^~~~~~~~~~~[m[K
[4.422s] [01m[K/home/steven/ros2_ws/src/first_stage/src/first_stage_endeffector/src/first_stage_endeffector.cpp:118:5:[m[K [01;31m[Kerror: [m[Kâ€˜[01m[Kmove_group_arm[m[Kâ€™ was not declared in this scope
[4.422s]   118 |     [01;31m[Kmove_group_arm[m[K->setPoseTarget(target_pose);
[4.422s]       |     [01;31m[K^~~~~~~~~~~~~~[m[K
[4.429s] [01m[K/home/steven/ros2_ws/src/first_stage/src/first_stage_endeffector/src/first_stage_endeffector.cpp:118:35:[m[K [01;31m[Kerror: [m[Kâ€˜[01m[Ktarget_pose[m[Kâ€™ was not declared in this scope
[4.429s]   118 |     move_group_arm->setPoseTarget([01;31m[Ktarget_pose[m[K);
[4.429s]       |                                   [01;31m[K^~~~~~~~~~~[m[K
[4.438s] [01m[K/home/steven/ros2_ws/src/first_stage/src/first_stage_endeffector/src/first_stage_endeffector.cpp:135:7:[m[K [01;31m[Kerror: [m[Kâ€˜[01m[Kgripper_publisher[m[Kâ€™ was not declared in this scope; did you mean â€˜[01m[Kcreate_publisher[m[Kâ€™?
[4.438s]   135 |       [01;31m[Kgripper_publisher[m[K->publish(gripper_command);
[4.438s]       |       [01;31m[K^~~~~~~~~~~~~~~~~[m[K
[4.438s]       |       [32m[Kcreate_publisher[m[K
[4.441s] [01m[K/home/steven/ros2_ws/src/first_stage/src/first_stage_endeffector/src/first_stage_endeffector.cpp:191:8:[m[K [01;35m[Kwarning: [m[Kunused variable â€˜[01m[Korientation_received[m[Kâ€™ [[01;35m[K]8;;https://gcc.gnu.org/onlinedocs/gcc/Warning-Options.html#index-Wunused-variable-Wunused-variable]8;;[m[K]
[4.441s]   191 |   bool [01;35m[Korientation_received[m[K = false;
[4.441s]       |        [01;35m[K^~~~~~~~~~~~~~~~~~~~[m[K
[4.441s] [01m[K/home/steven/ros2_ws/src/first_stage/src/first_stage_endeffector/src/first_stage_endeffector.cpp:195:1:[m[K [01;31m[Kerror: [m[Ka function-definition is not allowed here before â€˜[01m[K{[m[Kâ€™ token
[4.441s]   195 | [01;31m[K{[m[K
[4.441s]       | [01;31m[K^[m[K
[4.441s] [01m[K/home/steven/ros2_ws/src/first_stage/src/first_stage_endeffector/src/first_stage_endeffector.cpp:201:2:[m[K [01;31m[Kerror: [m[Kexpected â€˜[01m[K}[m[Kâ€™ at end of input
[4.441s]   201 | }
[4.441s]       |  [01;31m[K^[m[K
[4.441s] [01m[K/home/steven/ros2_ws/src/first_stage/src/first_stage_endeffector/src/first_stage_endeffector.cpp:108:3:[m[K [01;36m[Knote: [m[Kto match this â€˜[01m[K{[m[Kâ€™
[4.441s]   108 |   [01;36m[K{[m[K
[4.442s]       |   [01;36m[K^[m[K
[4.442s] [01m[K/home/steven/ros2_ws/src/first_stage/src/first_stage_endeffector/src/first_stage_endeffector.cpp:[m[K At global scope:
[4.442s] [01m[K/home/steven/ros2_ws/src/first_stage/src/first_stage_endeffector/src/first_stage_endeffector.cpp:201:2:[m[K [01;31m[Kerror: [m[Kexpected unqualified-id at end of input
[4.442s]   201 | }
[4.442s]       |  [01;31m[K^[m[K
[7.236s] gmake[2]: *** [CMakeFiles/first_stage_endeffector.dir/build.make:76ï¼šCMakeFiles/first_stage_endeffector.dir/src/first_stage_endeffector.cpp.o] éŒ¯èª¤ 1
[7.236s] gmake[1]: *** [CMakeFiles/Makefile2:137ï¼šCMakeFiles/first_stage_endeffector.dir/all] éŒ¯èª¤ 2
[7.236s] gmake: *** [Makefile:146ï¼šall] éŒ¯èª¤ 2
[7.238s] Invoked command in '/home/steven/ros2_ws/src/first_stage/build/first_stage_endeffector' returned '2': CMAKE_PREFIX_PATH=${CMAKE_PREFIX_PATH}:/home/steven/ros2_ws/src/first_stage/install/first_stage_rg2:/home/steven/ros2_ws/install/zed_receiver:/home/steven/ros2_ws/install/zed_camera_publisher:/home/steven/ros2_ws/install/yolov8_realsense:/home/steven/ros2_ws/install/ur5_control:/home/steven/ros2_ws/install/ur5:/home/steven/ros2_ws/install/udp_publisher:/home/steven/ros2_ws/install/rg2:/home/steven/ros2_ws/install/moveit_configs_utils:/home/steven/ros2_ws/install/lego_grasping:/home/steven/ros2_ws/install/first_stage_rg2:/home/steven/ws_moveit2/install/moveit_configs_utils:/home/steven/ws_moveit2/install/launch_param_builder:/opt/ros/humble /usr/bin/cmake --build /home/steven/ros2_ws/src/first_stage/build/first_stage_endeffector -- -j32 -l32
