[01m[K/home/steven/ros2_ws/src/first_stage/src/first_stage_endeffector/src/first_stage_endeffector.cpp:[m[K In member function â€˜[01m[Kvoid RobotController::coordinatesCallback(geometry_msgs::msg::Point_<std::allocator<void> >::SharedPtr)[m[Kâ€™:
[01m[K/home/steven/ros2_ws/src/first_stage/src/first_stage_endeffector/src/first_stage_endeffector.cpp:213:22:[m[K [01;31m[Kerror: [m[Kâ€˜[01m[Kclass std::shared_ptr<moveit::planning_interface::MoveGroupInterface>[m[Kâ€™ has no member named â€˜[01m[KsetPoseTarget[m[Kâ€™
  213 |       move_group_arm.[01;31m[KsetPoseTarget[m[K(target_pose6);//è¨­å®šç›®æ¨™ æŒ‡ä»¤
      |                      [01;31m[K^~~~~~~~~~~~~[m[K
[01m[K/home/steven/ros2_ws/src/first_stage/src/first_stage_endeffector/src/first_stage_endeffector.cpp:214:7:[m[K [01;31m[Kerror: [m[Kâ€˜[01m[Ksuccess_arm[m[Kâ€™ was not declared in this scope; did you mean â€˜[01m[Ksuccess[m[Kâ€™?
  214 |       [01;31m[Ksuccess_arm[m[K = (move_group_arm.plan(my_plan_arm) == moveit::core::MoveItErrorCode::SUCCESS);
      |       [01;31m[K^~~~~~~~~~~[m[K
      |       [32m[Ksuccess[m[K
[01m[K/home/steven/ros2_ws/src/first_stage/src/first_stage_endeffector/src/first_stage_endeffector.cpp:214:37:[m[K [01;31m[Kerror: [m[Kâ€˜[01m[Kclass std::shared_ptr<moveit::planning_interface::MoveGroupInterface>[m[Kâ€™ has no member named â€˜[01m[Kplan[m[Kâ€™
  214 |       success_arm = (move_group_arm.[01;31m[Kplan[m[K(my_plan_arm) == moveit::core::MoveItErrorCode::SUCCESS);
      |                                     [01;31m[K^~~~[m[K
[01m[K/home/steven/ros2_ws/src/first_stage/src/first_stage_endeffector/src/first_stage_endeffector.cpp:214:42:[m[K [01;31m[Kerror: [m[Kâ€˜[01m[Kmy_plan_arm[m[Kâ€™ was not declared in this scope; did you mean â€˜[01m[Kmy_plan[m[Kâ€™?
  214 |       success_arm = (move_group_arm.plan([01;31m[Kmy_plan_arm[m[K) == moveit::core::MoveItErrorCode::SUCCESS);
      |                                          [01;31m[K^~~~~~~~~~~[m[K
      |                                          [32m[Kmy_plan[m[K
gmake[2]: *** [CMakeFiles/first_stage_endeffector.dir/build.make:76ï¼šCMakeFiles/first_stage_endeffector.dir/src/first_stage_endeffector.cpp.o] éŒ¯èª¤ 1
gmake[1]: *** [CMakeFiles/Makefile2:137ï¼šCMakeFiles/first_stage_endeffector.dir/all] éŒ¯èª¤ 2
gmake: *** [Makefile:146ï¼šall] éŒ¯èª¤ 2
