[0.010s] Invoking command in '/home/steven/ros2_ws/src/first_stage/build/first_stage_endeffector': CMAKE_PREFIX_PATH=${CMAKE_PREFIX_PATH}:/home/steven/ros2_ws/src/first_stage/install/first_stage_rg2:/home/steven/ws_moveit2/install/moveit_configs_utils:/home/steven/ws_moveit2/install/launch_param_builder:/opt/ros/humble /usr/bin/cmake --build /home/steven/ros2_ws/src/first_stage/build/first_stage_endeffector -- -j32 -l32
[0.049s] [35m[1mConsolidate compiler generated dependencies of target first_stage_endeffector[0m
[0.066s] [ 50%] [32mBuilding CXX object CMakeFiles/first_stage_endeffector.dir/src/first_stage_endeffector.cpp.o[0m
[4.282s] [01m[K/home/steven/ros2_ws/src/first_stage/src/first_stage_endeffector/src/first_stage_endeffector.cpp:[m[K In constructor â€˜[01m[KRobotController::RobotController()[m[Kâ€™:
[4.282s] [01m[K/home/steven/ros2_ws/src/first_stage/src/first_stage_endeffector/src/first_stage_endeffector.cpp:20:49:[m[K [01;31m[Kerror: [m[Kclass â€˜[01m[KRobotController[m[Kâ€™ does not have any field named â€˜[01m[Kretry_count[m[Kâ€™
[4.282s]    20 |   RobotController() : Node("robot_controller"), [01;31m[Kretry_count[m[K(0)
[4.282s]       |                                                 [01;31m[K^~~~~~~~~~~[m[K
[4.316s] [01m[K/home/steven/ros2_ws/src/first_stage/src/first_stage_endeffector/src/first_stage_endeffector.cpp:[m[K In member function â€˜[01m[Kvoid RobotController::waitForGraspConfirmation()[m[Kâ€™:
[4.316s] [01m[K/home/steven/ros2_ws/src/first_stage/src/first_stage_endeffector/src/first_stage_endeffector.cpp:170:5:[m[K [01;31m[Kerror: [m[Kâ€˜[01m[Kgrasp_confirmed[m[Kâ€™ was not declared in this scope
[4.316s]   170 |     [01;31m[Kgrasp_confirmed[m[K = false;
[4.316s]       |     [01;31m[K^~~~~~~~~~~~~~~[m[K
[4.323s] [01m[K/home/steven/ros2_ws/src/first_stage/src/first_stage_endeffector/src/first_stage_endeffector.cpp:[m[K In member function â€˜[01m[Kvoid RobotController::retryGrasp()[m[Kâ€™:
[4.323s] [01m[K/home/steven/ros2_ws/src/first_stage/src/first_stage_endeffector/src/first_stage_endeffector.cpp:189:9:[m[K [01;31m[Kerror: [m[Kâ€˜[01m[Kretry_count[m[Kâ€™ was not declared in this scope
[4.323s]   189 |     if ([01;31m[Kretry_count[m[K < 3) {
[4.323s]       |         [01;31m[K^~~~~~~~~~~[m[K
[4.337s] [01m[K/home/steven/ros2_ws/src/first_stage/src/first_stage_endeffector/src/first_stage_endeffector.cpp:[m[K In member function â€˜[01m[Kvoid RobotController::graspSuccessCallback(std_msgs::msg::Bool_<std::allocator<void> >::SharedPtr)[m[Kâ€™:
[4.337s] [01m[K/home/steven/ros2_ws/src/first_stage/src/first_stage_endeffector/src/first_stage_endeffector.cpp:309:5:[m[K [01;31m[Kerror: [m[Kâ€˜[01m[Kgrasp_confirmed[m[Kâ€™ was not declared in this scope
[4.337s]   309 |     [01;31m[Kgrasp_confirmed[m[K = msg->data;
[4.337s]       |     [01;31m[K^~~~~~~~~~~~~~~[m[K
[9.133s] gmake[2]: *** [CMakeFiles/first_stage_endeffector.dir/build.make:76ï¼šCMakeFiles/first_stage_endeffector.dir/src/first_stage_endeffector.cpp.o] éŒ¯èª¤ 1
[9.133s] gmake[1]: *** [CMakeFiles/Makefile2:137ï¼šCMakeFiles/first_stage_endeffector.dir/all] éŒ¯èª¤ 2
[9.133s] gmake: *** [Makefile:146ï¼šall] éŒ¯èª¤ 2
[9.135s] Invoked command in '/home/steven/ros2_ws/src/first_stage/build/first_stage_endeffector' returned '2': CMAKE_PREFIX_PATH=${CMAKE_PREFIX_PATH}:/home/steven/ros2_ws/src/first_stage/install/first_stage_rg2:/home/steven/ws_moveit2/install/moveit_configs_utils:/home/steven/ws_moveit2/install/launch_param_builder:/opt/ros/humble /usr/bin/cmake --build /home/steven/ros2_ws/src/first_stage/build/first_stage_endeffector -- -j32 -l32
