[0.008s] Invoking command in '/home/steven/Documents/IIIIIIIII_TEST/command_endeffector_cartesian/build/ur5_endeffector_cartesian': CMAKE_PREFIX_PATH=${CMAKE_PREFIX_PATH}:/home/steven/ws_moveit2/install/moveit_configs_utils:/home/steven/ws_moveit2/install/launch_param_builder:/opt/ros/humble /usr/bin/cmake --build /home/steven/Documents/IIIIIIIII_TEST/command_endeffector_cartesian/build/ur5_endeffector_cartesian -- -j32 -l32
[0.056s] [ 50%] [32mBuilding CXX object CMakeFiles/ur5_ros2_cartesian.dir/src/ur5_ros2_cartesian.cpp.o[0m
[2.207s] [01m[K/home/steven/Documents/IIIIIIIII_TEST/command_endeffector_cartesian/src/ur5_endeffector_cartesian/src/ur5_ros2_cartesian.cpp:[m[K In member function â€˜[01m[Kvoid UR5Control::completeMoveSequence()[m[Kâ€™:
[2.207s] [01m[K/home/steven/Documents/IIIIIIIII_TEST/command_endeffector_cartesian/src/ur5_endeffector_cartesian/src/ur5_ros2_cartesian.cpp:367:41:[m[K [01;31m[Kerror: [m[Kredeclaration of â€˜[01m[Kgeometry_msgs::msg::PoseStamped current_pose[m[Kâ€™
[2.207s]   367 |         geometry_msgs::msg::PoseStamped [01;31m[Kcurrent_pose[m[K = move_group->getCurrentPose();
[2.207s]       |                                         [01;31m[K^~~~~~~~~~~~[m[K
[2.207s] [01m[K/home/steven/Documents/IIIIIIIII_TEST/command_endeffector_cartesian/src/ur5_endeffector_cartesian/src/ur5_ros2_cartesian.cpp:356:41:[m[K [01;36m[Knote: [m[Kâ€˜[01m[Kgeometry_msgs::msg::PoseStamped current_pose[m[Kâ€™ previously declared here
[2.207s]   356 |         geometry_msgs::msg::PoseStamped [01;36m[Kcurrent_pose[m[K = move_group->getCurrentPose();
[2.207s]       |                                         [01;36m[K^~~~~~~~~~~~[m[K
[2.207s] [01m[K/home/steven/Documents/IIIIIIIII_TEST/command_endeffector_cartesian/src/ur5_endeffector_cartesian/src/ur5_ros2_cartesian.cpp:368:34:[m[K [01;31m[Kerror: [m[Kredeclaration of â€˜[01m[Kgeometry_msgs::msg::Pose target_pose[m[Kâ€™
[2.207s]   368 |         geometry_msgs::msg::Pose [01;31m[Ktarget_pose[m[K = current_pose.pose;
[2.207s]       |                                  [01;31m[K^~~~~~~~~~~[m[K
[2.207s] [01m[K/home/steven/Documents/IIIIIIIII_TEST/command_endeffector_cartesian/src/ur5_endeffector_cartesian/src/ur5_ros2_cartesian.cpp:357:34:[m[K [01;36m[Knote: [m[Kâ€˜[01m[Kgeometry_msgs::msg::Pose target_pose[m[Kâ€™ previously declared here
[2.207s]   357 |         geometry_msgs::msg::Pose [01;36m[Ktarget_pose[m[K = current_pose.pose;
[2.207s]       |                                  [01;36m[K^~~~~~~~~~~[m[K
[4.351s] gmake[2]: *** [CMakeFiles/ur5_ros2_cartesian.dir/build.make:76ï¼šCMakeFiles/ur5_ros2_cartesian.dir/src/ur5_ros2_cartesian.cpp.o] éŒ¯èª¤ 1
[4.351s] gmake[1]: *** [CMakeFiles/Makefile2:137ï¼šCMakeFiles/ur5_ros2_cartesian.dir/all] éŒ¯èª¤ 2
[4.352s] gmake: *** [Makefile:146ï¼šall] éŒ¯èª¤ 2
[4.354s] Invoked command in '/home/steven/Documents/IIIIIIIII_TEST/command_endeffector_cartesian/build/ur5_endeffector_cartesian' returned '2': CMAKE_PREFIX_PATH=${CMAKE_PREFIX_PATH}:/home/steven/ws_moveit2/install/moveit_configs_utils:/home/steven/ws_moveit2/install/launch_param_builder:/opt/ros/humble /usr/bin/cmake --build /home/steven/Documents/IIIIIIIII_TEST/command_endeffector_cartesian/build/ur5_endeffector_cartesian -- -j32 -l32
