[0.011s] Invoking command in '/home/steven/ros2_ws/src/first_stage/build/first_stage_endeffector': CMAKE_PREFIX_PATH=${CMAKE_PREFIX_PATH}:/home/steven/ros2_ws/src/first_stage/install/first_stage_rg2:/home/steven/ws_moveit2/install/moveit_configs_utils:/home/steven/ws_moveit2/install/launch_param_builder:/opt/ros/humble /usr/bin/cmake --build /home/steven/ros2_ws/src/first_stage/build/first_stage_endeffector -- -j32 -l32
[0.071s] [ 50%] [32mBuilding CXX object CMakeFiles/first_stage_endeffector.dir/src/first_stage_endeffector.cpp.o[0m
[4.218s] [01m[K/home/steven/ros2_ws/src/first_stage/src/first_stage_endeffector/src/first_stage_endeffector.cpp:394:8:[m[K [01;31m[Kerror: [m[Kâ€˜[01m[Kbool RobotController::executePlan()[m[Kâ€™ cannot be overloaded with â€˜[01m[Kbool RobotController::executePlan()[m[Kâ€™
[4.218s]   394 |   bool [01;31m[KexecutePlan[m[K()
[4.218s]       |        [01;31m[K^~~~~~~~~~~[m[K
[4.218s] [01m[K/home/steven/ros2_ws/src/first_stage/src/first_stage_endeffector/src/first_stage_endeffector.cpp:221:8:[m[K [01;36m[Knote: [m[Kprevious declaration â€˜[01m[Kbool RobotController::executePlan()[m[Kâ€™
[4.218s]   221 |   bool [01;36m[KexecutePlan[m[K()
[4.218s]       |        [01;36m[K^~~~~~~~~~~[m[K
[4.245s] [01m[K/home/steven/ros2_ws/src/first_stage/src/first_stage_endeffector/src/first_stage_endeffector.cpp:[m[K In member function â€˜[01m[Kvoid RobotController::timerCallback()[m[Kâ€™:
[4.245s] [01m[K/home/steven/ros2_ws/src/first_stage/src/first_stage_endeffector/src/first_stage_endeffector.cpp:99:13:[m[K [01;31m[Kerror: [m[Kâ€˜[01m[KwaitForOrientation[m[Kâ€™ was not declared in this scope
[4.245s]    99 |         if ([01;31m[KwaitForOrientation[m[K()) {
[4.245s]       |             [01;31m[K^~~~~~~~~~~~~~~~~~[m[K
[8.654s] gmake[2]: *** [CMakeFiles/first_stage_endeffector.dir/build.make:76ï¼šCMakeFiles/first_stage_endeffector.dir/src/first_stage_endeffector.cpp.o] éŒ¯èª¤ 1
[8.655s] gmake[1]: *** [CMakeFiles/Makefile2:137ï¼šCMakeFiles/first_stage_endeffector.dir/all] éŒ¯èª¤ 2
[8.655s] gmake: *** [Makefile:146ï¼šall] éŒ¯èª¤ 2
[8.658s] Invoked command in '/home/steven/ros2_ws/src/first_stage/build/first_stage_endeffector' returned '2': CMAKE_PREFIX_PATH=${CMAKE_PREFIX_PATH}:/home/steven/ros2_ws/src/first_stage/install/first_stage_rg2:/home/steven/ws_moveit2/install/moveit_configs_utils:/home/steven/ws_moveit2/install/launch_param_builder:/opt/ros/humble /usr/bin/cmake --build /home/steven/ros2_ws/src/first_stage/build/first_stage_endeffector -- -j32 -l32
