[01m[K/home/steven/Documents/IIIIIIIII_TEST/first_stage/src/first_stage_endeffector/src/first_stage_endeffector.cpp:[m[K In lambda function:
[01m[K/home/steven/Documents/IIIIIIIII_TEST/first_stage/src/first_stage_endeffector/src/first_stage_endeffector.cpp:24:9:[m[K [01;31m[Kerror: [m[Kâ€˜[01m[Ktarget_pose1[m[Kâ€™ was not declared in this scope
   24 |         [01;31m[Ktarget_pose1[m[K.position.x = msg->x;
      |         [01;31m[K^~~~~~~~~~~~[m[K
[01m[K/home/steven/Documents/IIIIIIIII_TEST/first_stage/src/first_stage_endeffector/src/first_stage_endeffector.cpp:28:9:[m[K [01;31m[Kerror: [m[Kâ€˜[01m[Kmove_group_arm[m[Kâ€™ was not declared in this scope; did you mean â€˜[01m[Kmove_group_node[m[Kâ€™?
   28 |         [01;31m[Kmove_group_arm[m[K.setPoseTarget(target_pose1);
      |         [01;31m[K^~~~~~~~~~~~~~[m[K
      |         [32m[Kmove_group_node[m[K
gmake[2]: *** [CMakeFiles/first_stage_endeffector.dir/build.make:76ï¼šCMakeFiles/first_stage_endeffector.dir/src/first_stage_endeffector.cpp.o] éŒ¯èª¤ 1
gmake[1]: *** [CMakeFiles/Makefile2:137ï¼šCMakeFiles/first_stage_endeffector.dir/all] éŒ¯èª¤ 2
gmake: *** [Makefile:146ï¼šall] éŒ¯èª¤ 2
