[0.008s] Invoking command in '/home/steven/Documents/IIIIIIIII_TEST/command_endeffector_cartesian/build/ur5_endeffector_cartesian': CMAKE_PREFIX_PATH=${CMAKE_PREFIX_PATH}:/home/steven/ws_moveit2/install/moveit_configs_utils:/home/steven/ws_moveit2/install/launch_param_builder:/opt/ros/humble /usr/bin/cmake --build /home/steven/Documents/IIIIIIIII_TEST/command_endeffector_cartesian/build/ur5_endeffector_cartesian -- -j32 -l32
[0.055s] [ 50%] [32mBuilding CXX object CMakeFiles/ur5_ros2_cartesian.dir/src/ur5_ros2_cartesian.cpp.o[0m
[2.036s] [01m[K/home/steven/Documents/IIIIIIIII_TEST/command_endeffector_cartesian/src/ur5_endeffector_cartesian/src/ur5_ros2_cartesian.cpp:478:10:[m[K [01;31m[Kerror: [m[Kâ€˜[01m[Kvoid UR5Control::moveToPose0()[m[Kâ€™ cannot be overloaded with â€˜[01m[Kvoid UR5Control::moveToPose0()[m[Kâ€™
[2.036s]   478 |     void [01;31m[KmoveToPose0[m[K() {
[2.036s]       |          [01;31m[K^~~~~~~~~~~[m[K
[2.036s] [01m[K/home/steven/Documents/IIIIIIIII_TEST/command_endeffector_cartesian/src/ur5_endeffector_cartesian/src/ur5_ros2_cartesian.cpp:376:10:[m[K [01;36m[Knote: [m[Kprevious declaration â€˜[01m[Kvoid UR5Control::moveToPose0()[m[Kâ€™
[2.036s]   376 |     void [01;36m[KmoveToPose0[m[K() {
[2.036s]       |          [01;36m[K^~~~~~~~~~~[m[K
[2.071s] [01m[K/home/steven/Documents/IIIIIIIII_TEST/command_endeffector_cartesian/src/ur5_endeffector_cartesian/src/ur5_ros2_cartesian.cpp:594:2:[m[K [01;31m[Kerror: [m[Kexpected â€˜[01m[K}[m[Kâ€™ at end of input
[2.071s]   594 | }
[2.071s]       |  [01;31m[K^[m[K
[2.071s] [01m[K/home/steven/Documents/IIIIIIIII_TEST/command_endeffector_cartesian/src/ur5_endeffector_cartesian/src/ur5_ros2_cartesian.cpp:13:40:[m[K [01;36m[Knote: [m[Kto match this â€˜[01m[K{[m[Kâ€™
[2.071s]    13 | class UR5Control : public rclcpp::Node [01;36m[K{[m[K
[2.071s]       |                                        [01;36m[K^[m[K
[2.071s] [01m[K/home/steven/Documents/IIIIIIIII_TEST/command_endeffector_cartesian/src/ur5_endeffector_cartesian/src/ur5_ros2_cartesian.cpp:[m[K In constructor â€˜[01m[KUR5Control::UR5Control()[m[Kâ€™:
[2.071s] [01m[K/home/steven/Documents/IIIIIIIII_TEST/command_endeffector_cartesian/src/ur5_endeffector_cartesian/src/ur5_ros2_cartesian.cpp:562:11:[m[K [01;35m[Kwarning: [m[Kâ€˜[01m[KUR5Control::force_threshold[m[Kâ€™ will be initialized after [[01;35m[K]8;;https://gcc.gnu.org/onlinedocs/gcc/Warning-Options.html#index-Wreorder-Wreorder]8;;[m[K]
[2.071s]   562 |    double [01;35m[Kforce_threshold[m[K;
[2.071s]       |           [01;35m[K^~~~~~~~~~~~~~~[m[K
[2.071s] [01m[K/home/steven/Documents/IIIIIIIII_TEST/command_endeffector_cartesian/src/ur5_endeffector_cartesian/src/ur5_ros2_cartesian.cpp:551:9:[m[K [01;35m[Kwarning: [m[K  â€˜[01m[Kbool UR5Control::is_moving[m[Kâ€™ [[01;35m[K]8;;https://gcc.gnu.org/onlinedocs/gcc/Warning-Options.html#index-Wreorder-Wreorder]8;;[m[K]
[2.071s]   551 |    bool [01;35m[Kis_moving[m[K;
[2.071s]       |         [01;35m[K^~~~~~~~~[m[K
[2.071s] [01m[K/home/steven/Documents/IIIIIIIII_TEST/command_endeffector_cartesian/src/ur5_endeffector_cartesian/src/ur5_ros2_cartesian.cpp:39:5:[m[K [01;35m[Kwarning: [m[K  when initialized here [[01;35m[K]8;;https://gcc.gnu.org/onlinedocs/gcc/Warning-Options.html#index-Wreorder-Wreorder]8;;[m[K]
[2.071s]    39 |     [01;35m[KUR5Control[m[K() : Node("ur5_control"),
[2.071s]       |     [01;35m[K^~~~~~~~~~[m[K
[2.071s] [01m[K/home/steven/Documents/IIIIIIIII_TEST/command_endeffector_cartesian/src/ur5_endeffector_cartesian/src/ur5_ros2_cartesian.cpp:563:11:[m[K [01;35m[Kwarning: [m[Kâ€˜[01m[KUR5Control::current_direction_index[m[Kâ€™ will be initialized after [[01;35m[K]8;;https://gcc.gnu.org/onlinedocs/gcc/Warning-Options.html#index-Wreorder-Wreorder]8;;[m[K]
[2.071s]   563 |    size_t [01;35m[Kcurrent_direction_index[m[K;
[2.071s]       |           [01;35m[K^~~~~~~~~~~~~~~~~~~~~~~[m[K
[2.071s] [01m[K/home/steven/Documents/IIIIIIIII_TEST/command_endeffector_cartesian/src/ur5_endeffector_cartesian/src/ur5_ros2_cartesian.cpp:553:9:[m[K [01;35m[Kwarning: [m[K  â€˜[01m[Kbool UR5Control::circle_position_received[m[Kâ€™ [[01;35m[K]8;;https://gcc.gnu.org/onlinedocs/gcc/Warning-Options.html#index-Wreorder-Wreorder]8;;[m[K]
[2.071s]   553 |    bool [01;35m[Kcircle_position_received[m[K;
[2.072s]       |         [01;35m[K^~~~~~~~~~~~~~~~~~~~~~~~[m[K
[2.072s] [01m[K/home/steven/Documents/IIIIIIIII_TEST/command_endeffector_cartesian/src/ur5_endeffector_cartesian/src/ur5_ros2_cartesian.cpp:39:5:[m[K [01;35m[Kwarning: [m[K  when initialized here [[01;35m[K]8;;https://gcc.gnu.org/onlinedocs/gcc/Warning-Options.html#index-Wreorder-Wreorder]8;;[m[K]
[2.072s]    39 |     [01;35m[KUR5Control[m[K() : Node("ur5_control"),
[2.072s]       |     [01;35m[K^~~~~~~~~~[m[K
[2.072s] [01m[K/home/steven/Documents/IIIIIIIII_TEST/command_endeffector_cartesian/src/ur5_endeffector_cartesian/src/ur5_ros2_cartesian.cpp:553:9:[m[K [01;35m[Kwarning: [m[Kâ€˜[01m[KUR5Control::circle_position_received[m[Kâ€™ will be initialized after [[01;35m[K]8;;https://gcc.gnu.org/onlinedocs/gcc/Warning-Options.html#index-Wreorder-Wreorder]8;;[m[K]
[2.072s]   553 |    bool [01;35m[Kcircle_position_received[m[K;
[2.072s]       |         [01;35m[K^~~~~~~~~~~~~~~~~~~~~~~~[m[K
[2.072s] [01m[K/home/steven/Documents/IIIIIIIII_TEST/command_endeffector_cartesian/src/ur5_endeffector_cartesian/src/ur5_ros2_cartesian.cpp:524:10:[m[K [01;35m[Kwarning: [m[K  â€˜[01m[KUR5Control::State UR5Control::current_state[m[Kâ€™ [[01;35m[K]8;;https://gcc.gnu.org/onlinedocs/gcc/Warning-Options.html#index-Wreorder-Wreorder]8;;[m[K]
[2.072s]   524 |    State [01;35m[Kcurrent_state[m[K;
[2.072s]       |          [01;35m[K^~~~~~~~~~~~~[m[K
[2.072s] [01m[K/home/steven/Documents/IIIIIIIII_TEST/command_endeffector_cartesian/src/ur5_endeffector_cartesian/src/ur5_ros2_cartesian.cpp:39:5:[m[K [01;35m[Kwarning: [m[K  when initialized here [[01;35m[K]8;;https://gcc.gnu.org/onlinedocs/gcc/Warning-Options.html#index-Wreorder-Wreorder]8;;[m[K]
[2.072s]    39 |     [01;35m[KUR5Control[m[K() : Node("ur5_control"),
[2.072s]       |     [01;35m[K^~~~~~~~~~[m[K
[2.092s] [01m[K/home/steven/Documents/IIIIIIIII_TEST/command_endeffector_cartesian/src/ur5_endeffector_cartesian/src/ur5_ros2_cartesian.cpp:[m[K In member function â€˜[01m[Kvoid UR5Control::calculateCenterPose1()[m[Kâ€™:
[2.092s] [01m[K/home/steven/Documents/IIIIIIIII_TEST/command_endeffector_cartesian/src/ur5_endeffector_cartesian/src/ur5_ros2_cartesian.cpp:339:9:[m[K [01;31m[Kerror: [m[Kâ€˜[01m[Kpose1[m[Kâ€™ was not declared in this scope; did you mean â€˜[01m[Kpose0[m[Kâ€™?
[2.092s]   339 |         [01;31m[Kpose1[m[K.position.x = (x_positive_pose.position.x + x_negative_pose.position.x) / 2.0;
[2.092s]       |         [01;31m[K^~~~~[m[K
[2.092s]       |         [32m[Kpose0[m[K
[2.095s] [01m[K/home/steven/Documents/IIIIIIIII_TEST/command_endeffector_cartesian/src/ur5_endeffector_cartesian/src/ur5_ros2_cartesian.cpp:[m[K In member function â€˜[01m[Kvoid UR5Control::calculateCenterPose2()[m[Kâ€™:
[2.095s] [01m[K/home/steven/Documents/IIIIIIIII_TEST/command_endeffector_cartesian/src/ur5_endeffector_cartesian/src/ur5_ros2_cartesian.cpp:365:9:[m[K [01;31m[Kerror: [m[Kâ€˜[01m[Kpose2[m[Kâ€™ was not declared in this scope; did you mean â€˜[01m[Kpose0[m[Kâ€™?
[2.095s]   365 |         [01;31m[Kpose2[m[K.position.x = (y_positive_pose.position.x + y_negative_pose.position.x) / 2.0;
[2.095s]       |         [01;31m[K^~~~~[m[K
[2.095s]       |         [32m[Kpose0[m[K
[2.098s] [01m[K/home/steven/Documents/IIIIIIIII_TEST/command_endeffector_cartesian/src/ur5_endeffector_cartesian/src/ur5_ros2_cartesian.cpp:[m[K In lambda function:
[2.098s] [01m[K/home/steven/Documents/IIIIIIIII_TEST/command_endeffector_cartesian/src/ur5_endeffector_cartesian/src/ur5_ros2_cartesian.cpp:378:39:[m[K [01;31m[Kerror: [m[Kâ€˜[01m[Kposes[m[Kâ€™ was not declared in this scope; did you mean â€˜[01m[Kpose0[m[Kâ€™?
[2.098s]   378 |             move_group->setPoseTarget([01;31m[Kposes[m[K[1]);
[2.098s]       |                                       [01;31m[K^~~~~[m[K
[2.098s]       |                                       [32m[Kpose0[m[K
[2.101s] [01m[K/home/steven/Documents/IIIIIIIII_TEST/command_endeffector_cartesian/src/ur5_endeffector_cartesian/src/ur5_ros2_cartesian.cpp:[m[K In lambda function:
[2.101s] [01m[K/home/steven/Documents/IIIIIIIII_TEST/command_endeffector_cartesian/src/ur5_endeffector_cartesian/src/ur5_ros2_cartesian.cpp:388:39:[m[K [01;31m[Kerror: [m[Kâ€˜[01m[Kpose1[m[Kâ€™ was not declared in this scope; did you mean â€˜[01m[Kpose0[m[Kâ€™?
[2.101s]   388 |             move_group->setPoseTarget([01;31m[Kpose1[m[K);
[2.101s]       |                                       [01;31m[K^~~~~[m[K
[2.101s]       |                                       [32m[Kpose0[m[K
[2.106s] [01m[K/home/steven/Documents/IIIIIIIII_TEST/command_endeffector_cartesian/src/ur5_endeffector_cartesian/src/ur5_ros2_cartesian.cpp:[m[K In lambda function:
[2.106s] [01m[K/home/steven/Documents/IIIIIIIII_TEST/command_endeffector_cartesian/src/ur5_endeffector_cartesian/src/ur5_ros2_cartesian.cpp:416:39:[m[K [01;31m[Kerror: [m[Kâ€˜[01m[Kpose2[m[Kâ€™ was not declared in this scope; did you mean â€˜[01m[Kpose0[m[Kâ€™?
[2.106s]   416 |             move_group->setPoseTarget([01;31m[Kpose2[m[K);
[2.106s]       |                                       [01;31m[K^~~~~[m[K
[2.106s]       |                                       [32m[Kpose0[m[K
[2.112s] [01m[K/home/steven/Documents/IIIIIIIII_TEST/command_endeffector_cartesian/src/ur5_endeffector_cartesian/src/ur5_ros2_cartesian.cpp:[m[K At global scope:
[2.112s] [01m[K/home/steven/Documents/IIIIIIIII_TEST/command_endeffector_cartesian/src/ur5_endeffector_cartesian/src/ur5_ros2_cartesian.cpp:594:2:[m[K [01;31m[Kerror: [m[Kexpected unqualified-id at end of input
[2.112s]   594 | }
[2.112s]       |  [01;31m[K^[m[K
[3.991s] [01m[K/home/steven/Documents/IIIIIIIII_TEST/command_endeffector_cartesian/src/ur5_endeffector_cartesian/src/ur5_ros2_cartesian.cpp:594:2:[m[K [01;31m[Kerror: [m[Kredefinition of â€˜[01m[Kconst char _ZTSZN10UR5Control11moveToPose0EvEUlvE_ [][m[Kâ€™
[3.991s] [01m[K/home/steven/Documents/IIIIIIIII_TEST/command_endeffector_cartesian/src/ur5_endeffector_cartesian/src/ur5_ros2_cartesian.cpp:594:2:[m[K [01;36m[Knote: [m[Kâ€˜[01m[Kconst char _ZTSZN10UR5Control11moveToPose0EvEUlvE_ [36][m[Kâ€™ previously defined here
[4.357s] gmake[2]: *** [CMakeFiles/ur5_ros2_cartesian.dir/build.make:76ï¼šCMakeFiles/ur5_ros2_cartesian.dir/src/ur5_ros2_cartesian.cpp.o] éŒ¯èª¤ 1
[4.357s] gmake[1]: *** [CMakeFiles/Makefile2:137ï¼šCMakeFiles/ur5_ros2_cartesian.dir/all] éŒ¯èª¤ 2
[4.357s] gmake: *** [Makefile:146ï¼šall] éŒ¯èª¤ 2
[4.359s] Invoked command in '/home/steven/Documents/IIIIIIIII_TEST/command_endeffector_cartesian/build/ur5_endeffector_cartesian' returned '2': CMAKE_PREFIX_PATH=${CMAKE_PREFIX_PATH}:/home/steven/ws_moveit2/install/moveit_configs_utils:/home/steven/ws_moveit2/install/launch_param_builder:/opt/ros/humble /usr/bin/cmake --build /home/steven/Documents/IIIIIIIII_TEST/command_endeffector_cartesian/build/ur5_endeffector_cartesian -- -j32 -l32
