gmake[2]: *** [robotiq_85_msgs__rs/CMakeFiles/robotiq_85_msgs__rs.dir/build.make:135: rosidl_generator_rs/robotiq_85_msgs/rust/Cargo.toml] Interrupt
gmake[2]: *** [robotiq_85_msgs__rs/CMakeFiles/robotiq_85_msgs__rs.dir/build.make:138: rosidl_generator_rs/robotiq_85_msgs/rust/src/msg.rs] Interrupt
gmake[2]: *** [robotiq_85_msgs__rs/CMakeFiles/robotiq_85_msgs__rs.dir/build.make:132: rosidl_generator_rs/robotiq_85_msgs/rust/build.rs] Interrupt
gmake[1]: *** [CMakeFiles/Makefile2:609: robotiq_85_msgs__rs/CMakeFiles/robotiq_85_msgs__rs.dir/all] Interrupt
Traceback (most recent call last):
  File "/usr/lib/python3/dist-packages/pkg_resources/__init__.py", line 2866, in get_entry_map
    ep_map = self._ep_map
  File "/usr/lib/python3/dist-packages/pkg_resources/__init__.py", line 2828, in __getattr__
    raise AttributeError(attr)
AttributeError: _ep_map. Did you mean: '_dep_map'?

During handling of the above exception, another exception occurred:

Traceback (most recent call last):
  File "/usr/lib/python3.10/genericpath.py", line 19, in exists
    os.stat(path)
FileNotFoundError: [Errno 2] No such file or directory: '/usr/lib/python3/dist-packages/PyJWT-2.3.0.egg-info/entry_points.txt'

During handling of the above exception, another exception occurred:

Traceback (most recent call last):
  File "/home/user/ros2_ws/build/robotiq_85_msgs/ament_cmake_python/robotiq_85_msgs/setup.py", line 4, in <module>
    setup(
  File "/usr/lib/python3/dist-packages/setuptools/__init__.py", line 152, in setup
    _install_setup_requires(attrs)
  File "/usr/lib/python3/dist-packages/setuptools/__init__.py", line 142, in _install_setup_requires
    dist = MinimalDistribution(attrs)
  File "/usr/lib/python3/dist-packages/setuptools/__init__.py", line 134, in __init__
    distutils.core.Distribution.__init__(self, filtered)
  File "/usr/lib/python3/dist-packages/setuptools/dist.py", line 457, in __init__
    for ep in pkg_resources.iter_entry_points('distutils.setup_keywords'):
  File "/usr/lib/python3/dist-packages/pkg_resources/__init__.py", line 646, in <genexpr>
    for entry in dist.get_entry_map(group).values()
  File "/usr/lib/python3/dist-packages/pkg_resources/__init__.py", line 2868, in get_entry_map
    ep_map = self._ep_map = EntryPoint.parse_map(
  File "/usr/lib/python3/dist-packages/pkg_resources/__init__.py", line 2549, in parse_map
    for group, lines in data:
  File "/usr/lib/python3/dist-packages/pkg_resources/__init__.py", line 3205, in split_sections
    for line in yield_lines(s):
  File "/usr/lib/python3/dist-packages/pkg_resources/__init__.py", line 2779, in _get_metadata
    if self.has_metadata(name):
  File "/usr/lib/python3/dist-packages/pkg_resources/__init__.py", line 1406, in has_metadata
    return self._has(path)
  File "/usr/lib/python3/dist-packages/pkg_resources/__init__.py", line 1604, in _has
    return os.path.exists(path)
  File "/usr/lib/python3.10/genericpath.py", line 19, in exists
    os.stat(path)
KeyboardInterrupt
gmake[2]: *** [CMakeFiles/ament_cmake_python_build_robotiq_85_msgs_egg.dir/build.make:70: CMakeFiles/ament_cmake_python_build_robotiq_85_msgs_egg] Interrupt
gmake[1]: *** [CMakeFiles/Makefile2:466: CMakeFiles/ament_cmake_python_build_robotiq_85_msgs_egg.dir/all] Interrupt
gmake: *** [Makefile:146: all] Interrupt
