[1.085s] Invoking command in '/home/user/ros2_ws/build/robotiq_85_msgs': CMAKE_PREFIX_PATH=${CMAKE_PREFIX_PATH}:/home/simulations/ros2_sims_ws/install/rclrs_tests:/home/simulations/ros2_sims_ws/install/examples_rclrs_minimal_client_service:/home/simulations/ros2_sims_ws/install/sensor_msgs_py:/home/simulations/ros2_sims_ws/install/examples_rclrs_minimal_pub_sub:/home/simulations/ros2_sims_ws/install/examples_rclrs_message_demo:/home/simulations/ros2_sims_ws/install/rclrs:/home/simulations/ros2_sims_ws/install/rosidl_runtime_rs:/home/user/ros2_ws/install/ros2test:/home/user/ros2_ws/install/robotiq_85_driver:/home/user/ros2_ws/install/moveit_configs_utils:/opt/ros/humble _=/usr/bin/env /usr/bin/cmake --build /home/user/ros2_ws/build/robotiq_85_msgs -- -j8 -l8
[1.897s] [ 12%] Built target robotiq_85_msgs__rosidl_generator_c
[1.898s] [ 12%] [34m[1mGenerating Rust code for ROS interfaces[0m
[1.898s] [ 15%] Built target robotiq_85_msgs__cpp
[1.980s] [ 15%] Built target ament_cmake_python_copy_robotiq_85_msgs
[2.473s] [ 25%] Built target robotiq_85_msgs__rosidl_typesupport_fastrtps_c
[2.576s] [ 35%] Built target robotiq_85_msgs__rosidl_typesupport_introspection_cpp
[2.674s] [ 45%] Built target robotiq_85_msgs__rosidl_typesupport_introspection_c
[2.675s] [ 55%] Built target robotiq_85_msgs__rosidl_typesupport_cpp
[2.675s] [ 65%] Built target robotiq_85_msgs__rosidl_typesupport_fastrtps_cpp
[2.688s] [ 75%] Built target robotiq_85_msgs__rosidl_typesupport_c
[4.568s] gmake[2]: *** [robotiq_85_msgs__rs/CMakeFiles/robotiq_85_msgs__rs.dir/build.make:135: rosidl_generator_rs/robotiq_85_msgs/rust/Cargo.toml] Interrupt
[4.568s] gmake[2]: *** [robotiq_85_msgs__rs/CMakeFiles/robotiq_85_msgs__rs.dir/build.make:138: rosidl_generator_rs/robotiq_85_msgs/rust/src/msg.rs] Interrupt
[4.569s] gmake[2]: *** [robotiq_85_msgs__rs/CMakeFiles/robotiq_85_msgs__rs.dir/build.make:132: rosidl_generator_rs/robotiq_85_msgs/rust/build.rs] Interrupt
[4.569s] gmake[1]: *** [CMakeFiles/Makefile2:609: robotiq_85_msgs__rs/CMakeFiles/robotiq_85_msgs__rs.dir/all] Interrupt
[4.569s] Traceback (most recent call last):
[4.570s]   File "/usr/lib/python3/dist-packages/pkg_resources/__init__.py", line 2866, in get_entry_map
[4.577s]     ep_map = self._ep_map
[4.577s]   File "/usr/lib/python3/dist-packages/pkg_resources/__init__.py", line 2828, in __getattr__
[4.577s]     raise AttributeError(attr)
[4.577s] AttributeError: _ep_map. Did you mean: '_dep_map'?
[4.577s] 
[4.577s] During handling of the above exception, another exception occurred:
[4.577s] 
[4.577s] Traceback (most recent call last):
[4.577s]   File "/usr/lib/python3.10/genericpath.py", line 19, in exists
[4.578s]     os.stat(path)
[4.579s] FileNotFoundError: [Errno 2] No such file or directory: '/usr/lib/python3/dist-packages/PyJWT-2.3.0.egg-info/entry_points.txt'
[4.579s] 
[4.579s] During handling of the above exception, another exception occurred:
[4.579s] 
[4.580s] Traceback (most recent call last):
[4.580s]   File "/home/user/ros2_ws/build/robotiq_85_msgs/ament_cmake_python/robotiq_85_msgs/setup.py", line 4, in <module>
[4.580s]     setup(
[4.580s]   File "/usr/lib/python3/dist-packages/setuptools/__init__.py", line 152, in setup
[4.581s]     _install_setup_requires(attrs)
[4.581s]   File "/usr/lib/python3/dist-packages/setuptools/__init__.py", line 142, in _install_setup_requires
[4.581s]     dist = MinimalDistribution(attrs)
[4.581s]   File "/usr/lib/python3/dist-packages/setuptools/__init__.py", line 134, in __init__
[4.581s]     distutils.core.Distribution.__init__(self, filtered)
[4.581s]   File "/usr/lib/python3/dist-packages/setuptools/dist.py", line 457, in __init__
[4.583s]     for ep in pkg_resources.iter_entry_points('distutils.setup_keywords'):
[4.584s]   File "/usr/lib/python3/dist-packages/pkg_resources/__init__.py", line 646, in <genexpr>
[4.584s]     for entry in dist.get_entry_map(group).values()
[4.584s]   File "/usr/lib/python3/dist-packages/pkg_resources/__init__.py", line 2868, in get_entry_map
[4.584s]     ep_map = self._ep_map = EntryPoint.parse_map(
[4.584s]   File "/usr/lib/python3/dist-packages/pkg_resources/__init__.py", line 2549, in parse_map
[4.584s]     for group, lines in data:
[4.584s]   File "/usr/lib/python3/dist-packages/pkg_resources/__init__.py", line 3205, in split_sections
[4.585s]     for line in yield_lines(s):
[4.585s]   File "/usr/lib/python3/dist-packages/pkg_resources/__init__.py", line 2779, in _get_metadata
[4.585s]     if self.has_metadata(name):
[4.585s]   File "/usr/lib/python3/dist-packages/pkg_resources/__init__.py", line 1406, in has_metadata
[4.585s]     return self._has(path)
[4.585s]   File "/usr/lib/python3/dist-packages/pkg_resources/__init__.py", line 1604, in _has
[4.585s]     return os.path.exists(path)
[4.585s]   File "/usr/lib/python3.10/genericpath.py", line 19, in exists
[4.586s]     os.stat(path)
[4.586s] KeyboardInterrupt
[4.605s] gmake[2]: *** [CMakeFiles/ament_cmake_python_build_robotiq_85_msgs_egg.dir/build.make:70: CMakeFiles/ament_cmake_python_build_robotiq_85_msgs_egg] Interrupt
[4.605s] gmake[1]: *** [CMakeFiles/Makefile2:466: CMakeFiles/ament_cmake_python_build_robotiq_85_msgs_egg.dir/all] Interrupt
[4.606s] gmake: *** [Makefile:146: all] Interrupt
