[0.007s] Invoking command in '/home/steven/ros2_ws/src/first_stage/src/first_stage_endeffector/build/first_stage_endeffector': CMAKE_PREFIX_PATH=${CMAKE_PREFIX_PATH}:/home/steven/ws_moveit2/install/moveit_configs_utils:/home/steven/ws_moveit2/install/launch_param_builder:/opt/ros/humble /usr/bin/cmake --build /home/steven/ros2_ws/src/first_stage/src/first_stage_endeffector/build/first_stage_endeffector -- -j32 -l32
[0.045s] [35m[1mConsolidate compiler generated dependencies of target first_stage_endeffector[0m
[0.064s] [ 50%] [32mBuilding CXX object CMakeFiles/first_stage_endeffector.dir/src/first_stage_endeffector.cpp.o[0m
[2.096s] [01m[K/home/steven/ros2_ws/src/first_stage/src/first_stage_endeffector/src/first_stage_endeffector.cpp:[m[K In static member function â€˜[01m[Kstatic bool ModularRobotController::CompoundMovements::performPickSequence(std::shared_ptr<ModularRobotController>&, const Pose&)[m[Kâ€™:
[2.096s] [01m[K/home/steven/ros2_ws/src/first_stage/src/first_stage_endeffector/src/first_stage_endeffector.cpp:158:71:[m[K [01;35m[Kwarning: [m[Kunused parameter â€˜[01m[Ktarget_pose[m[Kâ€™ [[01;35m[K]8;;https://gcc.gnu.org/onlinedocs/gcc/Warning-Options.html#index-Wunused-parameter-Wunused-parameter]8;;[m[K]
[2.096s]   158 |                                       [01;35m[Kconst geometry_msgs::msg::Pose& target_pose[m[K) {
[2.096s]       |                                       [01;35m[K~~~~~~~~~~~~~~~~~~~~~~~~~~~~~~~~^~~~~~~~~~~[m[K
[2.110s] [01m[K/home/steven/ros2_ws/src/first_stage/src/first_stage_endeffector/src/first_stage_endeffector.cpp:[m[K In member function â€˜[01m[Kbool TaskExecutor::executePlaceSequence()[m[Kâ€™:
[2.110s] [01m[K/home/steven/ros2_ws/src/first_stage/src/first_stage_endeffector/src/first_stage_endeffector.cpp:433:39:[m[K [01;31m[Kerror: [m[Kâ€˜[01m[Kint ModularRobotController::orientation_type_[m[Kâ€™ is private within this context
[2.110s]   433 |             controller_, controller_->[01;31m[Korientation_type_[m[K);
[2.110s]       |                                       [01;31m[K^~~~~~~~~~~~~~~~~[m[K
[2.110s] [01m[K/home/steven/ros2_ws/src/first_stage/src/first_stage_endeffector/src/first_stage_endeffector.cpp:375:9:[m[K [01;36m[Knote: [m[Kdeclared private here
[2.110s]   375 |     int [01;36m[Korientation_type_[m[K;
[2.110s]       |         [01;36m[K^~~~~~~~~~~~~~~~~[m[K
[5.730s] gmake[2]: *** [CMakeFiles/first_stage_endeffector.dir/build.make:76ï¼šCMakeFiles/first_stage_endeffector.dir/src/first_stage_endeffector.cpp.o] éŒ¯èª¤ 1
[5.730s] gmake[1]: *** [CMakeFiles/Makefile2:137ï¼šCMakeFiles/first_stage_endeffector.dir/all] éŒ¯èª¤ 2
[5.731s] gmake: *** [Makefile:146ï¼šall] éŒ¯èª¤ 2
[5.732s] Invoked command in '/home/steven/ros2_ws/src/first_stage/src/first_stage_endeffector/build/first_stage_endeffector' returned '2': CMAKE_PREFIX_PATH=${CMAKE_PREFIX_PATH}:/home/steven/ws_moveit2/install/moveit_configs_utils:/home/steven/ws_moveit2/install/launch_param_builder:/opt/ros/humble /usr/bin/cmake --build /home/steven/ros2_ws/src/first_stage/src/first_stage_endeffector/build/first_stage_endeffector -- -j32 -l32
