[0.015s] Invoking command in '/home/steven/ros2_ws/src/first_stage/build/first_stage_endeffector': CMAKE_PREFIX_PATH=${CMAKE_PREFIX_PATH}:/home/steven/ros2_ws/src/first_stage/install/first_stage_rg2:/home/steven/ws_moveit2/install/moveit_configs_utils:/home/steven/ws_moveit2/install/launch_param_builder:/opt/ros/humble /usr/bin/cmake --build /home/steven/ros2_ws/src/first_stage/build/first_stage_endeffector -- -j32 -l32
[0.052s] [35m[1mConsolidate compiler generated dependencies of target first_stage_endeffector[0m
[0.071s] [ 50%] [32mBuilding CXX object CMakeFiles/first_stage_endeffector.dir/src/first_stage_endeffector.cpp.o[0m
[4.158s] [01m[K/home/steven/ros2_ws/src/first_stage/src/first_stage_endeffector/src/first_stage_endeffector.cpp:238:8:[m[K [01;31m[Kerror: [m[Kâ€˜[01m[Kvoid RobotController::publishGripperCommand(int, int)[m[Kâ€™ cannot be overloaded with â€˜[01m[Kvoid RobotController::publishGripperCommand(int, int)[m[Kâ€™
[4.158s]   238 |   void [01;31m[KpublishGripperCommand[m[K(int width, int force)
[4.158s]       |        [01;31m[K^~~~~~~~~~~~~~~~~~~~~[m[K
[4.158s] [01m[K/home/steven/ros2_ws/src/first_stage/src/first_stage_endeffector/src/first_stage_endeffector.cpp:160:8:[m[K [01;36m[Knote: [m[Kprevious declaration â€˜[01m[Kvoid RobotController::publishGripperCommand(int, int)[m[Kâ€™
[4.158s]   160 |   void [01;36m[KpublishGripperCommand[m[K(int width, int force)
[4.158s]       |        [01;36m[K^~~~~~~~~~~~~~~~~~~~~[m[K
[4.158s] [01m[K/home/steven/ros2_ws/src/first_stage/src/first_stage_endeffector/src/first_stage_endeffector.cpp:246:8:[m[K [01;31m[Kerror: [m[Kâ€˜[01m[Kvoid RobotController::waitForGripperAction()[m[Kâ€™ cannot be overloaded with â€˜[01m[Kvoid RobotController::waitForGripperAction()[m[Kâ€™
[4.158s]   246 |   void [01;31m[KwaitForGripperAction[m[K()
[4.158s]       |        [01;31m[K^~~~~~~~~~~~~~~~~~~~[m[K
[4.158s] [01m[K/home/steven/ros2_ws/src/first_stage/src/first_stage_endeffector/src/first_stage_endeffector.cpp:167:8:[m[K [01;36m[Knote: [m[Kprevious declaration â€˜[01m[Kvoid RobotController::waitForGripperAction()[m[Kâ€™
[4.158s]   167 |   void [01;36m[KwaitForGripperAction[m[K()
[4.158s]       |        [01;36m[K^~~~~~~~~~~~~~~~~~~~[m[K
[8.642s] gmake[2]: *** [CMakeFiles/first_stage_endeffector.dir/build.make:76ï¼šCMakeFiles/first_stage_endeffector.dir/src/first_stage_endeffector.cpp.o] éŒ¯èª¤ 1
[8.642s] gmake[1]: *** [CMakeFiles/Makefile2:137ï¼šCMakeFiles/first_stage_endeffector.dir/all] éŒ¯èª¤ 2
[8.642s] gmake: *** [Makefile:146ï¼šall] éŒ¯èª¤ 2
[8.644s] Invoked command in '/home/steven/ros2_ws/src/first_stage/build/first_stage_endeffector' returned '2': CMAKE_PREFIX_PATH=${CMAKE_PREFIX_PATH}:/home/steven/ros2_ws/src/first_stage/install/first_stage_rg2:/home/steven/ws_moveit2/install/moveit_configs_utils:/home/steven/ws_moveit2/install/launch_param_builder:/opt/ros/humble /usr/bin/cmake --build /home/steven/ros2_ws/src/first_stage/build/first_stage_endeffector -- -j32 -l32
