[0.008s] Invoking command in '/home/steven/Documents/IIIIIIIII_TEST/command_endeffector_cartesian/build/ur5_endeffector_cartesian': CMAKE_PREFIX_PATH=${CMAKE_PREFIX_PATH}:/home/steven/ws_moveit2/install/moveit_configs_utils:/home/steven/ws_moveit2/install/launch_param_builder:/opt/ros/humble /usr/bin/cmake --build /home/steven/Documents/IIIIIIIII_TEST/command_endeffector_cartesian/build/ur5_endeffector_cartesian -- -j32 -l32
[0.051s] [35m[1mConsolidate compiler generated dependencies of target ur5_ros2_cartesian[0m
[0.067s] [ 50%] [32mBuilding CXX object CMakeFiles/ur5_ros2_cartesian.dir/src/ur5_ros2_cartesian.cpp.o[0m
[2.209s] [01m[K/home/steven/Documents/IIIIIIIII_TEST/command_endeffector_cartesian/src/ur5_endeffector_cartesian/src/ur5_ros2_cartesian.cpp:85:10:[m[K [01;31m[Kerror: [m[Kâ€˜[01m[Kvoid UR5Control::sensorCallback(std_msgs::msg::Float64MultiArray_<std::allocator<void> >::SharedPtr)[m[Kâ€™ cannot be overloaded with â€˜[01m[Kvoid UR5Control::sensorCallback(std_msgs::msg::Float64MultiArray_<std::allocator<void> >::SharedPtr)[m[Kâ€™
[2.209s]    85 |     void [01;31m[KsensorCallback[m[K(const std_msgs::msg::Float64MultiArray::SharedPtr msg) {
[2.209s]       |          [01;31m[K^~~~~~~~~~~~~~[m[K
[2.209s] [01m[K/home/steven/Documents/IIIIIIIII_TEST/command_endeffector_cartesian/src/ur5_endeffector_cartesian/src/ur5_ros2_cartesian.cpp:79:10:[m[K [01;36m[Knote: [m[Kprevious declaration â€˜[01m[Kvoid UR5Control::sensorCallback(std_msgs::msg::Float64MultiArray_<std::allocator<void> >::SharedPtr)[m[Kâ€™
[2.209s]    79 |     void [01;36m[KsensorCallback[m[K(const std_msgs::msg::Float64MultiArray::SharedPtr msg) {
[2.209s]       |          [01;36m[K^~~~~~~~~~~~~~[m[K
[2.249s] [01m[K/home/steven/Documents/IIIIIIIII_TEST/command_endeffector_cartesian/src/ur5_endeffector_cartesian/src/ur5_ros2_cartesian.cpp:[m[K In function â€˜[01m[Kint main(int, char**)[m[Kâ€™:
[2.249s] [01m[K/home/steven/Documents/IIIIIIIII_TEST/command_endeffector_cartesian/src/ur5_endeffector_cartesian/src/ur5_ros2_cartesian.cpp:270:11:[m[K [01;31m[Kerror: [m[Kâ€˜[01m[Kusing element_type = class UR5Control[m[Kâ€™ {aka â€˜[01m[Kclass UR5Control[m[Kâ€™} has no member named â€˜[01m[KsetForceThreshold[m[Kâ€™; did you mean â€˜[01m[Kdouble UR5Control::force_threshold[m[Kâ€™? (not accessible from this context)
[2.249s]   270 |     node->[01;31m[KsetForceThreshold[m[K(10.0);
[2.249s]       |           [01;31m[K^~~~~~~~~~~~~~~~~[m[K
[2.249s] [01m[K/home/steven/Documents/IIIIIIIII_TEST/command_endeffector_cartesian/src/ur5_endeffector_cartesian/src/ur5_ros2_cartesian.cpp:258:12:[m[K [01;36m[Knote: [m[Kdeclared private here
[2.249s]   258 |     double [01;36m[Kforce_threshold[m[K;
[2.249s]       |            [01;36m[K^~~~~~~~~~~~~~~[m[K
[4.391s] gmake[2]: *** [CMakeFiles/ur5_ros2_cartesian.dir/build.make:76ï¼šCMakeFiles/ur5_ros2_cartesian.dir/src/ur5_ros2_cartesian.cpp.o] éŒ¯èª¤ 1
[4.391s] gmake[1]: *** [CMakeFiles/Makefile2:137ï¼šCMakeFiles/ur5_ros2_cartesian.dir/all] éŒ¯èª¤ 2
[4.391s] gmake: *** [Makefile:146ï¼šall] éŒ¯èª¤ 2
[4.393s] Invoked command in '/home/steven/Documents/IIIIIIIII_TEST/command_endeffector_cartesian/build/ur5_endeffector_cartesian' returned '2': CMAKE_PREFIX_PATH=${CMAKE_PREFIX_PATH}:/home/steven/ws_moveit2/install/moveit_configs_utils:/home/steven/ws_moveit2/install/launch_param_builder:/opt/ros/humble /usr/bin/cmake --build /home/steven/Documents/IIIIIIIII_TEST/command_endeffector_cartesian/build/ur5_endeffector_cartesian -- -j32 -l32
