[01m[K/home/user/ros2_ws/src/moveit2_scripts/src/approach.cpp:[m[K In function '[01m[Kint main(int, char**)[m[K':
[01m[K/home/user/ros2_ws/src/moveit2_scripts/src/approach.cpp:62:8:[m[K [01;35m[Kwarning: [m[Kvariable '[01m[Ksuccess_arm[m[K' set but not used [[01;35m[K]8;;https://gcc.gnu.org/onlinedocs/gcc/Warning-Options.html#index-Wunused-but-set-variable-Wunused-but-set-variable]8;;[m[K]
   62 |   bool [01;35m[Ksuccess_arm[m[K = (move_group_arm.plan(my_plan_arm) ==
      |        [01;35m[K^~~~~~~~~~~[m[K
[01m[K/home/user/ros2_ws/src/moveit2_scripts/src/approach.cpp:100:8:[m[K [01;35m[Kwarning: [m[Kvariable '[01m[Ksuccess_gripper[m[K' set but not used [[01;35m[K]8;;https://gcc.gnu.org/onlinedocs/gcc/Warning-Options.html#index-Wunused-but-set-variable-Wunused-but-set-variable]8;;[m[K]
  100 |   bool [01;35m[Ksuccess_gripper[m[K = (move_group_gripper.plan(my_plan_gripper) ==
      |        [01;35m[K^~~~~~~~~~~~~~~[m[K
[01m[K/home/user/ros2_ws/src/moveit2_scripts/src/cartesian_path.cpp:[m[K In function '[01m[Kint main(int, char**)[m[K':
[01m[K/home/user/ros2_ws/src/moveit2_scripts/src/cartesian_path.cpp:37:3:[m[K [01;31m[Kerror: [m[K'[01m[Kmove_group_gripper[m[K' was not declared in this scope; did you mean '[01m[Kmove_group_arm[m[K'?
   37 |   [01;31m[Kmove_group_gripper[m[K.setStartStateToCurrentState();
      |   [01;31m[K^~~~~~~~~~~~~~~~~~[m[K
      |   [32m[Kmove_group_arm[m[K
gmake[2]: *** [CMakeFiles/cartesian_path.dir/build.make:76: CMakeFiles/cartesian_path.dir/src/cartesian_path.cpp.o] Error 1
gmake[1]: *** [CMakeFiles/Makefile2:417: CMakeFiles/cartesian_path.dir/all] Error 2
gmake: *** [Makefile:146: all] Error 2
