[ 16%] Built target test_trajectory
[ 25%] [32mBuilding CXX object CMakeFiles/test1.dir/src/test.cpp.o[0m
[01m[K/home/user/ros2_ws/src/moveit2_scripts/src/test.cpp:[m[K In function '[01m[Kint main(int, char**)[m[K':
[01m[K/home/user/ros2_ws/src/moveit2_scripts/src/test.cpp:66:3:[m[K [01;31m[Kerror: [m[K'[01m[Kjoint_group_positions_arm[m[K' was not declared in this scope; did you mean '[01m[Kjoint_group_positions[m[K'?
   66 |   [01;31m[Kjoint_group_positions_arm[m[K[0] = -1.57; // Shoulder Pan
      |   [01;31m[K^~~~~~~~~~~~~~~~~~~~~~~~~[m[K
      |   [32m[Kjoint_group_positions[m[K
gmake[2]: *** [CMakeFiles/test1.dir/build.make:76: CMakeFiles/test1.dir/src/test.cpp.o] Error 1
gmake[1]: *** [CMakeFiles/Makefile2:277: CMakeFiles/test1.dir/all] Error 2
gmake: *** [Makefile:146: all] Error 2
