[0.012s] Invoking command in '/home/steven/ros2_ws/src/first_stage/build/first_stage_endeffector': CMAKE_PREFIX_PATH=${CMAKE_PREFIX_PATH}:/home/steven/ros2_ws/src/first_stage/install/first_stage_rg2:/home/steven/ros2_ws/install/zed_receiver:/home/steven/ros2_ws/install/zed_camera_publisher:/home/steven/ros2_ws/install/yolov8_realsense:/home/steven/ros2_ws/install/ur5_control:/home/steven/ros2_ws/install/ur5:/home/steven/ros2_ws/install/udp_publisher:/home/steven/ros2_ws/install/rg2:/home/steven/ros2_ws/install/moveit_configs_utils:/home/steven/ros2_ws/install/lego_grasping:/home/steven/ros2_ws/install/first_stage_rg2:/home/steven/ws_moveit2/install/moveit_configs_utils:/home/steven/ws_moveit2/install/launch_param_builder:/opt/ros/humble /usr/bin/cmake --build /home/steven/ros2_ws/src/first_stage/build/first_stage_endeffector -- -j32 -l32
[0.057s] [35m[1mConsolidate compiler generated dependencies of target first_stage_endeffector[0m
[0.076s] [ 50%] [32mBuilding CXX object CMakeFiles/first_stage_endeffector.dir/src/first_stage_endeffector.cpp.o[0m
[3.897s] [01m[K/home/steven/ros2_ws/src/first_stage/src/first_stage_endeffector/src/first_stage_endeffector.cpp:[m[K In member function â€˜[01m[Kvoid RobotController::coordinatesCallback(geometry_msgs::msg::Point_<std::allocator<void> >::SharedPtr)[m[Kâ€™:
[3.898s] [01m[K/home/steven/ros2_ws/src/first_stage/src/first_stage_endeffector/src/first_stage_endeffector.cpp:204:45:[m[K [01;31m[Kerror: [m[Kredeclaration of â€˜[01m[Kstd::vector<geometry_msgs::msg::Pose_<std::allocator<void> > > move_z_down_waypoints[m[Kâ€™
[3.898s]   204 |       std::vector<geometry_msgs::msg::Pose> [01;31m[Kmove_z_down_waypoints[m[K;
[3.898s]       |                                             [01;31m[K^~~~~~~~~~~~~~~~~~~~~[m[K
[3.898s] [01m[K/home/steven/ros2_ws/src/first_stage/src/first_stage_endeffector/src/first_stage_endeffector.cpp:188:45:[m[K [01;36m[Knote: [m[Kâ€˜[01m[Kstd::vector<geometry_msgs::msg::Pose_<std::allocator<void> > > move_z_down_waypoints[m[Kâ€™ previously declared here
[3.898s]   188 |       std::vector<geometry_msgs::msg::Pose> [01;36m[Kmove_z_down_waypoints[m[K;
[3.898s]       |                                             [01;36m[K^~~~~~~~~~~~~~~~~~~~~[m[K
[3.898s] [01m[K/home/steven/ros2_ws/src/first_stage/src/first_stage_endeffector/src/first_stage_endeffector.cpp:206:32:[m[K [01;31m[Kerror: [m[Kredeclaration of â€˜[01m[Kgeometry_msgs::msg::Pose target_pose6[m[Kâ€™
[3.898s]   206 |       geometry_msgs::msg::Pose [01;31m[Ktarget_pose6[m[K;
[3.898s]       |                                [01;31m[K^~~~~~~~~~~~[m[K
[3.898s] [01m[K/home/steven/ros2_ws/src/first_stage/src/first_stage_endeffector/src/first_stage_endeffector.cpp:205:32:[m[K [01;36m[Knote: [m[Kâ€˜[01m[Kgeometry_msgs::msg::Pose target_pose6[m[Kâ€™ previously declared here
[3.898s]   205 |       geometry_msgs::msg::Pose [01;36m[Ktarget_pose6[m[K = target_pose5;
[3.898s]       |                                [01;36m[K^~~~~~~~~~~~[m[K
[3.898s] [01m[K/home/steven/ros2_ws/src/first_stage/src/first_stage_endeffector/src/first_stage_endeffector.cpp:218:12:[m[K [01;35m[Kwarning: [m[Kunused variable â€˜[01m[Ksuccess[m[Kâ€™ [[01;35m[K]8;;https://gcc.gnu.org/onlinedocs/gcc/Warning-Options.html#index-Wunused-variable-Wunused-variable]8;;[m[K]
[3.898s]   218 |       bool [01;35m[Ksuccess[m[K = (move_group_arm->plan(my_plan) == moveit::core::MoveItErrorCode::SUCCESS);
[3.898s]       |            [01;35m[K^~~~~~~[m[K
[6.269s] gmake[2]: *** [CMakeFiles/first_stage_endeffector.dir/build.make:76ï¼šCMakeFiles/first_stage_endeffector.dir/src/first_stage_endeffector.cpp.o] éŒ¯èª¤ 1
[6.269s] gmake[1]: *** [CMakeFiles/Makefile2:137ï¼šCMakeFiles/first_stage_endeffector.dir/all] éŒ¯èª¤ 2
[6.269s] gmake: *** [Makefile:146ï¼šall] éŒ¯èª¤ 2
[6.271s] Invoked command in '/home/steven/ros2_ws/src/first_stage/build/first_stage_endeffector' returned '2': CMAKE_PREFIX_PATH=${CMAKE_PREFIX_PATH}:/home/steven/ros2_ws/src/first_stage/install/first_stage_rg2:/home/steven/ros2_ws/install/zed_receiver:/home/steven/ros2_ws/install/zed_camera_publisher:/home/steven/ros2_ws/install/yolov8_realsense:/home/steven/ros2_ws/install/ur5_control:/home/steven/ros2_ws/install/ur5:/home/steven/ros2_ws/install/udp_publisher:/home/steven/ros2_ws/install/rg2:/home/steven/ros2_ws/install/moveit_configs_utils:/home/steven/ros2_ws/install/lego_grasping:/home/steven/ros2_ws/install/first_stage_rg2:/home/steven/ws_moveit2/install/moveit_configs_utils:/home/steven/ws_moveit2/install/launch_param_builder:/opt/ros/humble /usr/bin/cmake --build /home/steven/ros2_ws/src/first_stage/build/first_stage_endeffector -- -j32 -l32
