[0.009s] Invoking command in '/home/steven/Documents/IIIIIIIII_TEST/command_endeffector_cartesian/build/ur5_endeffector_cartesian': CMAKE_PREFIX_PATH=${CMAKE_PREFIX_PATH}:/home/steven/ws_moveit2/install/moveit_configs_utils:/home/steven/ws_moveit2/install/launch_param_builder:/opt/ros/humble /usr/bin/cmake --build /home/steven/Documents/IIIIIIIII_TEST/command_endeffector_cartesian/build/ur5_endeffector_cartesian -- -j32 -l32
[0.050s] [35m[1mConsolidate compiler generated dependencies of target ur5_ros2_cartesian[0m
[0.066s] [ 50%] [32mBuilding CXX object CMakeFiles/ur5_ros2_cartesian.dir/src/ur5_ros2_cartesian.cpp.o[0m
[2.393s] [01m[K/home/steven/Documents/IIIIIIIII_TEST/command_endeffector_cartesian/src/ur5_endeffector_cartesian/src/ur5_ros2_cartesian.cpp:[m[K In constructor â€˜[01m[KUR5Control::UR5Control()[m[Kâ€™:
[2.393s] [01m[K/home/steven/Documents/IIIIIIIII_TEST/command_endeffector_cartesian/src/ur5_endeffector_cartesian/src/ur5_ros2_cartesian.cpp:546:10:[m[K [01;35m[Kwarning: [m[Kâ€˜[01m[KUR5Control::is_moving[m[Kâ€™ will be initialized after [[01;35m[K]8;;https://gcc.gnu.org/onlinedocs/gcc/Warning-Options.html#index-Wreorder-Wreorder]8;;[m[K]
[2.393s]   546 |     bool [01;35m[Kis_moving[m[K;
[2.393s]       |          [01;35m[K^~~~~~~~~[m[K
[2.393s] [01m[K/home/steven/Documents/IIIIIIIII_TEST/command_endeffector_cartesian/src/ur5_endeffector_cartesian/src/ur5_ros2_cartesian.cpp:524:10:[m[K [01;35m[Kwarning: [m[K  â€˜[01m[Kbool UR5Control::initial_forces_recorded[m[Kâ€™ [[01;35m[K]8;;https://gcc.gnu.org/onlinedocs/gcc/Warning-Options.html#index-Wreorder-Wreorder]8;;[m[K]
[2.393s]   524 |     bool [01;35m[Kinitial_forces_recorded[m[K;
[2.393s]       |          [01;35m[K^~~~~~~~~~~~~~~~~~~~~~~[m[K
[2.393s] [01m[K/home/steven/Documents/IIIIIIIII_TEST/command_endeffector_cartesian/src/ur5_endeffector_cartesian/src/ur5_ros2_cartesian.cpp:17:5:[m[K [01;35m[Kwarning: [m[K  when initialized here [[01;35m[K]8;;https://gcc.gnu.org/onlinedocs/gcc/Warning-Options.html#index-Wreorder-Wreorder]8;;[m[K]
[2.393s]    17 |     [01;35m[KUR5Control[m[K() : Node("ur5_control"),
[2.393s]       |     [01;35m[K^~~~~~~~~~[m[K
[2.422s] [01m[K/home/steven/Documents/IIIIIIIII_TEST/command_endeffector_cartesian/src/ur5_endeffector_cartesian/src/ur5_ros2_cartesian.cpp:[m[K In member function â€˜[01m[Kvoid UR5Control::decelerateAndMove()[m[Kâ€™:
[2.422s] [01m[K/home/steven/Documents/IIIIIIIII_TEST/command_endeffector_cartesian/src/ur5_endeffector_cartesian/src/ur5_ros2_cartesian.cpp:294:13:[m[K [01;31m[Kerror: [m[Kâ€˜[01m[Kinitial_forces_set[m[Kâ€™ was not declared in this scope; did you mean â€˜[01m[Kinitial_forces[m[Kâ€™?
[2.422s]   294 |             [01;31m[Kinitial_forces_set[m[K = false;
[2.422s]       |             [01;31m[K^~~~~~~~~~~~~~~~~~[m[K
[2.422s]       |             [32m[Kinitial_forces[m[K
[5.237s] gmake[2]: *** [CMakeFiles/ur5_ros2_cartesian.dir/build.make:76ï¼šCMakeFiles/ur5_ros2_cartesian.dir/src/ur5_ros2_cartesian.cpp.o] éŒ¯èª¤ 1
[5.237s] gmake[1]: *** [CMakeFiles/Makefile2:137ï¼šCMakeFiles/ur5_ros2_cartesian.dir/all] éŒ¯èª¤ 2
[5.237s] gmake: *** [Makefile:146ï¼šall] éŒ¯èª¤ 2
[5.239s] Invoked command in '/home/steven/Documents/IIIIIIIII_TEST/command_endeffector_cartesian/build/ur5_endeffector_cartesian' returned '2': CMAKE_PREFIX_PATH=${CMAKE_PREFIX_PATH}:/home/steven/ws_moveit2/install/moveit_configs_utils:/home/steven/ws_moveit2/install/launch_param_builder:/opt/ros/humble /usr/bin/cmake --build /home/steven/Documents/IIIIIIIII_TEST/command_endeffector_cartesian/build/ur5_endeffector_cartesian -- -j32 -l32
