[0.011s] Invoking command in '/home/steven/ros2_ws/src/first_stage/build/first_stage_endeffector': CMAKE_PREFIX_PATH=${CMAKE_PREFIX_PATH}:/home/steven/ros2_ws/src/first_stage/install/first_stage_rg2:/home/steven/ws_moveit2/install/moveit_configs_utils:/home/steven/ws_moveit2/install/launch_param_builder:/opt/ros/humble /usr/bin/cmake --build /home/steven/ros2_ws/src/first_stage/build/first_stage_endeffector -- -j32 -l32
[0.056s] [35m[1mConsolidate compiler generated dependencies of target first_stage_endeffector[0m
[0.078s] [ 50%] [32mBuilding CXX object CMakeFiles/first_stage_endeffector.dir/src/first_stage_endeffector.cpp.o[0m
[4.267s] [01m[K/home/steven/ros2_ws/src/first_stage/src/first_stage_endeffector/src/first_stage_endeffector.cpp:[m[K In member function â€˜[01m[Kbool RobotController::graspObject()[m[Kâ€™:
[4.267s] [01m[K/home/steven/ros2_ws/src/first_stage/src/first_stage_endeffector/src/first_stage_endeffector.cpp:174:46:[m[K [01;31m[Kerror: [m[Kno matching function for call to â€˜[01m[Kmoveit::planning_interface::MoveGroupInterface::computeCartesianPath(<brace-enclosed initializer list>, double, double, std::vector<double, std::allocator<double> >&)[m[Kâ€™
[4.267s]   174 |     if ([01;31m[Kmove_group_arm_->computeCartesianPath({target_pose_}, 0.01, 0.0, approach_position)[m[K > 0.9) {
[4.267s]       |         [01;31m[K~~~~~~~~~~~~~~~~~~~~~~~~~~~~~~~~~~~~~^~~~~~~~~~~~~~~~~~~~~~~~~~~~~~~~~~~~~~~~~~~~~~[m[K
[4.267s] In file included from [01m[K/home/steven/ros2_ws/src/first_stage/src/first_stage_endeffector/src/first_stage_endeffector.cpp:2[m[K:
[4.267s] [01m[K/opt/ros/humble/include/moveit/move_group_interface/move_group_interface.h:743:10:[m[K [01;36m[Knote: [m[Kcandidate: â€˜[01m[Kdouble moveit::planning_interface::MoveGroupInterface::computeCartesianPath(const std::vector<geometry_msgs::msg::Pose_<std::allocator<void> > >&, double, double, moveit_msgs::msg::RobotTrajectory&, bool, moveit_msgs::msg::MoveItErrorCodes*)[m[Kâ€™
[4.267s]   743 |   double [01;36m[KcomputeCartesianPath[m[K(const std::vector<geometry_msgs::msg::Pose>& waypoints, double eef_step,
[4.267s]       |          [01;36m[K^~~~~~~~~~~~~~~~~~~~[m[K
[4.267s] [01m[K/opt/ros/humble/include/moveit/move_group_interface/move_group_interface.h:744:89:[m[K [01;36m[Knote: [m[K  no known conversion for argument 4 from â€˜[01m[Kstd::vector<double, std::allocator<double> >[m[Kâ€™ to â€˜[01m[Kmoveit_msgs::msg::RobotTrajectory&[m[Kâ€™ {aka â€˜[01m[Kmoveit_msgs::msg::RobotTrajectory_<std::allocator<void> >&[m[Kâ€™}
[4.267s]   744 |                               double jump_threshold, [01;36m[Kmoveit_msgs::msg::RobotTrajectory& trajectory[m[K,
[4.267s]       |                                                      [01;36m[K~~~~~~~~~~~~~~~~~~~~~~~~~~~~~~~~~~~^~~~~~~~~~[m[K
[4.267s] [01m[K/opt/ros/humble/include/moveit/move_group_interface/move_group_interface.h:759:10:[m[K [01;36m[Knote: [m[Kcandidate: â€˜[01m[Kdouble moveit::planning_interface::MoveGroupInterface::computeCartesianPath(const std::vector<geometry_msgs::msg::Pose_<std::allocator<void> > >&, double, double, moveit_msgs::msg::RobotTrajectory&, const Constraints&, bool, moveit_msgs::msg::MoveItErrorCodes*)[m[Kâ€™
[4.267s]   759 |   double [01;36m[KcomputeCartesianPath[m[K(const std::vector<geometry_msgs::msg::Pose>& waypoints, double eef_step,
[4.267s]       |          [01;36m[K^~~~~~~~~~~~~~~~~~~~[m[K
[4.267s] [01m[K/opt/ros/humble/include/moveit/move_group_interface/move_group_interface.h:759:10:[m[K [01;36m[Knote: [m[K  candidate expects 7 arguments, 4 provided
[8.671s] gmake[2]: *** [CMakeFiles/first_stage_endeffector.dir/build.make:76ï¼šCMakeFiles/first_stage_endeffector.dir/src/first_stage_endeffector.cpp.o] éŒ¯èª¤ 1
[8.671s] gmake[1]: *** [CMakeFiles/Makefile2:137ï¼šCMakeFiles/first_stage_endeffector.dir/all] éŒ¯èª¤ 2
[8.671s] gmake: *** [Makefile:146ï¼šall] éŒ¯èª¤ 2
[8.673s] Invoked command in '/home/steven/ros2_ws/src/first_stage/build/first_stage_endeffector' returned '2': CMAKE_PREFIX_PATH=${CMAKE_PREFIX_PATH}:/home/steven/ros2_ws/src/first_stage/install/first_stage_rg2:/home/steven/ws_moveit2/install/moveit_configs_utils:/home/steven/ws_moveit2/install/launch_param_builder:/opt/ros/humble /usr/bin/cmake --build /home/steven/ros2_ws/src/first_stage/build/first_stage_endeffector -- -j32 -l32
