[01m[K/home/steven/Documents/IIIIIIIII_TEST/first_stage/src/first_stage_endeffector/src/first_stage_endeffector.cpp:[m[K In function â€˜[01m[Kint main(int, char**)[m[Kâ€™:
[01m[K/home/steven/Documents/IIIIIIIII_TEST/first_stage/src/first_stage_endeffector/src/first_stage_endeffector.cpp:81:5:[m[K [01;31m[Kerror: [m[Kexpected initializer before â€˜[01m[Kcoordinate_buffer[m[Kâ€™
   81 |     [01;31m[Kcoordinate_buffer[m[K.push_back(*msg);
      |     [01;31m[K^~~~~~~~~~~~~~~~~[m[K
[01m[K/home/steven/Documents/IIIIIIIII_TEST/first_stage/src/first_stage_endeffector/src/first_stage_endeffector.cpp:82:9:[m[K [01;31m[Kerror: [m[Kâ€˜[01m[Kcoordinate_buffer[m[Kâ€™ was not declared in this scope
   82 |     if ([01;31m[Kcoordinate_buffer[m[K.size() >= 60) {
      |         [01;31m[K^~~~~~~~~~~~~~~~~[m[K
[01m[K/home/steven/Documents/IIIIIIIII_TEST/first_stage/src/first_stage_endeffector/src/first_stage_endeffector.cpp:83:7:[m[K [01;31m[Kerror: [m[Kâ€˜[01m[Kcalculate_average_coordinates[m[Kâ€™ was not declared in this scope
   83 |       [01;31m[Kcalculate_average_coordinates[m[K();
      |       [01;31m[K^~~~~~~~~~~~~~~~~~~~~~~~~~~~~[m[K
[01m[K/home/steven/Documents/IIIIIIIII_TEST/first_stage/src/first_stage_endeffector/src/first_stage_endeffector.cpp:111:45:[m[K [01;31m[Kerror: [m[Kâ€˜[01m[Kusing element_type = class RobotController[m[Kâ€™ {aka â€˜[01m[Kclass RobotController[m[Kâ€™} has no member named â€˜[01m[Kcoordinates_received[m[Kâ€™; did you mean â€˜[01m[Kbool RobotController::coordinates_ready[m[Kâ€™? (accessible via â€˜[01m[Kbool RobotController::are_coordinates_ready() const[m[Kâ€™)
  111 |   while (rclcpp::ok() && !robot_controller->[01;31m[Kcoordinates_received[m[K) {
      |                                             [01;31m[K^~~~~~~~~~~~~~~~~~~~[m[K
      |                                             [32m[Kare_coordinates_ready()[m[K
gmake[2]: *** [CMakeFiles/first_stage_endeffector.dir/build.make:76ï¼šCMakeFiles/first_stage_endeffector.dir/src/first_stage_endeffector.cpp.o] éŒ¯èª¤ 1
gmake[1]: *** [CMakeFiles/Makefile2:137ï¼šCMakeFiles/first_stage_endeffector.dir/all] éŒ¯èª¤ 2
gmake: *** [Makefile:146ï¼šall] éŒ¯èª¤ 2
