[01m[K/home/user/ros2_ws/src/moveit2_scripts/src/pick_place2.cpp:[m[K In function '[01m[Kint main(int, char**)[m[K':
[01m[K/home/user/ros2_ws/src/moveit2_scripts/src/pick_place2.cpp:194:16:[m[K [01;31m[Kerror: [m[Kredeclaration of '[01m[Kconst double jump_threshold[m[K'
  194 |   const double [01;31m[Kjump_threshold[m[K = 0.0;
      |                [01;31m[K^~~~~~~~~~~~~~[m[K
[01m[K/home/user/ros2_ws/src/moveit2_scripts/src/pick_place2.cpp:157:16:[m[K [01;36m[Knote: [m[K'[01m[Kconst double jump_threshold[m[K' previously declared here
  157 |   const double [01;36m[Kjump_threshold[m[K = 0.0;
      |                [01;36m[K^~~~~~~~~~~~~~[m[K
[01m[K/home/user/ros2_ws/src/moveit2_scripts/src/pick_place2.cpp:195:16:[m[K [01;31m[Kerror: [m[Kredeclaration of '[01m[Kconst double eef_step[m[K'
  195 |   const double [01;31m[Keef_step[m[K = 0.01;
      |                [01;31m[K^~~~~~~~[m[K
[01m[K/home/user/ros2_ws/src/moveit2_scripts/src/pick_place2.cpp:158:16:[m[K [01;36m[Knote: [m[K'[01m[Kconst double eef_step[m[K' previously declared here
  158 |   const double [01;36m[Keef_step[m[K = 0.01;
      |                [01;36m[K^~~~~~~~[m[K
[01m[K/home/user/ros2_ws/src/moveit2_scripts/src/pick_place2.cpp:197:10:[m[K [01;31m[Kerror: [m[Kredeclaration of '[01m[Kdouble fraction[m[K'
  197 |   double [01;31m[Kfraction[m[K = move_group_arm.computeCartesianPath(
      |          [01;31m[K^~~~~~~~[m[K
[01m[K/home/user/ros2_ws/src/moveit2_scripts/src/pick_place2.cpp:160:10:[m[K [01;36m[Knote: [m[K'[01m[Kdouble fraction[m[K' previously declared here
  160 |   double [01;36m[Kfraction[m[K = move_group_arm.computeCartesianPath(
      |          [01;36m[K^~~~~~~~[m[K
[01m[K/home/user/ros2_ws/src/moveit2_scripts/src/pick_place2.cpp:160:10:[m[K [01;35m[Kwarning: [m[Kunused variable '[01m[Kfraction[m[K' [[01;35m[K]8;;https://gcc.gnu.org/onlinedocs/gcc/Warning-Options.html#index-Wunused-variable-Wunused-variable]8;;[m[K]
gmake[2]: *** [CMakeFiles/pick_place2.dir/build.make:76: CMakeFiles/pick_place2.dir/src/pick_place2.cpp.o] Error 1
gmake[1]: *** [CMakeFiles/Makefile2:305: CMakeFiles/pick_place2.dir/all] Error 2
gmake: *** [Makefile:146: all] Error 2
