-- Found ament_cmake: 1.3.4 (/opt/ros/humble/share/ament_cmake/cmake)
-- Found rclcpp: 16.0.4 (/opt/ros/humble/share/rclcpp/cmake)
-- Found rosidl_generator_c: 3.1.4 (/opt/ros/humble/share/rosidl_generator_c/cmake)
-- Found rosidl_adapter: 3.1.4 (/opt/ros/humble/share/rosidl_adapter/cmake)
-- Found rosidl_generator_cpp: 3.1.4 (/opt/ros/humble/share/rosidl_generator_cpp/cmake)
-- Using all available rosidl_typesupport_c: rosidl_typesupport_fastrtps_c;rosidl_typesupport_introspection_c
-- Using all available rosidl_typesupport_cpp: rosidl_typesupport_fastrtps_cpp;rosidl_typesupport_introspection_cpp
-- Found rmw_implementation_cmake: 6.1.1 (/opt/ros/humble/share/rmw_implementation_cmake/cmake)
-- Found rmw_fastrtps_cpp: 6.2.2 (/opt/ros/humble/share/rmw_fastrtps_cpp/cmake)
-- Using RMW implementation 'rmw_fastrtps_cpp' as default
-- Found rclcpp_action: 16.0.4 (/opt/ros/humble/share/rclcpp_action/cmake)
-- Found moveit_core: 2.5.4 (/home/user/ros2_ws/install/moveit_core/share/moveit_core/cmake)
-- Found Boost: /usr/lib/x86_64-linux-gnu/cmake/Boost-1.74.0/BoostConfig.cmake (found version "1.74.0") found components: chrono date_time filesystem iostreams program_options regex serialization system thread 
-- Found parameter_traits: 0.3.3 (/opt/ros/humble/share/parameter_traits/cmake)
-- Found rclcpp_lifecycle: 16.0.4 (/opt/ros/humble/share/rclcpp_lifecycle/cmake)
-- Found Boost: /usr/lib/x86_64-linux-gnu/cmake/Boost-1.74.0/BoostConfig.cmake (found version "1.74.0") found components: filesystem 
-- library: /usr/lib/x86_64-linux-gnu/libcurl.so
-- Ensuring Eigen3 include directory is part of orocos-kdl CMake target
-- Found moveit_ros_planning: 2.5.4 (/home/user/ros2_ws/install/moveit_ros_planning/share/moveit_ros_planning/cmake)
-- Found Boost: /usr/lib/x86_64-linux-gnu/cmake/Boost-1.74.0/BoostConfig.cmake (found version "1.74.0") found components: system filesystem date_time program_options thread chrono 
-- Found moveit_ros_planning_interface: 2.5.4 (/home/user/ros2_ws/install/moveit_ros_planning_interface/share/moveit_ros_planning_interface/cmake)
-- Found Boost: /usr/lib/x86_64-linux-gnu/cmake/Boost-1.74.0/BoostConfig.cmake (found version "1.74.0") found components: date_time filesystem program_options system thread 
-- Found Boost: /usr/lib/x86_64-linux-gnu/cmake/Boost-1.74.0/BoostConfig.cmake (found version "1.74.0") found components: thread system filesystem regex date_time program_options 
-- Found Boost: /usr/lib/x86_64-linux-gnu/cmake/Boost-1.74.0/BoostConfig.cmake (found version "1.74.0") found components: system filesystem date_time program_options thread 
-- Found interactive_markers: 2.3.2 (/opt/ros/humble/share/interactive_markers/cmake)
-- Found control_msgs: 4.4.0 (/opt/ros/humble/share/control_msgs/cmake)
-- Found ament_lint_auto: 0.12.6 (/opt/ros/humble/share/ament_lint_auto/cmake)
-- Added test 'cppcheck' to perform static code analysis on C / C++ code
-- Configured cppcheck include dirs: /home/user/ros2_ws/src/moveit2_scripts/include
-- Configured cppcheck exclude dirs and/or files: 
-- Added test 'flake8' to check Python code syntax and style conventions
-- Added test 'lint_cmake' to check CMake code style
-- Added test 'pep257' to check Python code against some of the docstring style conventions in PEP 257
-- Added test 'uncrustify' to check C / C++ code style
-- Configured uncrustify additional arguments: 
-- Added test 'xmllint' to check XML markup files
-- Configuring done
-- Generating done
-- Build files have been written to: /home/user/ros2_ws/build/moveit2_scripts
[35m[1mConsolidate compiler generated dependencies of target test_trajectory[0m
[  8%] Built target test_trajectory
[35m[1mConsolidate compiler generated dependencies of target pick_place3[0m
[ 16%] Built target pick_place3
[35m[1mConsolidate compiler generated dependencies of target test_gripper[0m
[ 25%] Built target test_gripper
[35m[1mConsolidate compiler generated dependencies of target approach[0m
[ 33%] Built target approach
[35m[1mConsolidate compiler generated dependencies of target cartesian_path[0m
[ 41%] Built target cartesian_path
[ 45%] [32mBuilding CXX object CMakeFiles/draw_x.dir/src/draw_x.cpp.o[0m
[01m[K/home/user/ros2_ws/src/moveit2_scripts/src/draw_x.cpp:[m[K In function '[01m[Kint main(int, char**)[m[K':
[01m[K/home/user/ros2_ws/src/moveit2_scripts/src/draw_x.cpp:51:3:[m[K [01;31m[Kerror: [m[K'[01m[Ksuccess_arm[m[K' was not declared in this scope
   51 |   [01;31m[Ksuccess_arm[m[K = (move_group_arm.plan(my_plan_arm) ==
      |   [01;31m[K^~~~~~~~~~~[m[K
[01m[K/home/user/ros2_ws/src/moveit2_scripts/src/draw_x.cpp:51:38:[m[K [01;31m[Kerror: [m[K'[01m[Kmy_plan_arm[m[K' was not declared in this scope
   51 |   success_arm = (move_group_arm.plan([01;31m[Kmy_plan_arm[m[K) ==
      |                                      [01;31m[K^~~~~~~~~~~[m[K
[01m[K/home/user/ros2_ws/src/moveit2_scripts/src/draw_x.cpp:62:3:[m[K [01;31m[Kerror: [m[K'[01m[Ktarget_pose[m[K' was not declared in this scope; did you mean '[01m[Ktarget_pose1[m[K'?
   62 |   [01;31m[Ktarget_pose[m[K.position.x += 0.05;
      |   [01;31m[K^~~~~~~~~~~[m[K
      |   [32m[Ktarget_pose1[m[K
[01m[K/home/user/ros2_ws/src/moveit2_scripts/src/draw_x.cpp:80:10:[m[K [01;35m[Kwarning: [m[Kunused variable '[01m[Kfraction[m[K' [[01;35m[K]8;;https://gcc.gnu.org/onlinedocs/gcc/Warning-Options.html#index-Wunused-variable-Wunused-variable]8;;[m[K]
   80 |   double [01;35m[Kfraction[m[K = move_group_arm.computeCartesianPath(
      |          [01;35m[K^~~~~~~~[m[K
gmake[2]: *** [CMakeFiles/draw_x.dir/build.make:76: CMakeFiles/draw_x.dir/src/draw_x.cpp.o] Error 1
gmake[1]: *** [CMakeFiles/Makefile2:445: CMakeFiles/draw_x.dir/all] Error 2
gmake: *** [Makefile:146: all] Error 2
