In file included from [01m[K/home/user/ros2_ws/src/moveit2_scripts/src/test.cpp:10[m[K:
[01m[K/opt/ros/humble/include/moveit_visual_tools/moveit_visual_tools.h:52:10:[m[K [01;31m[Kfatal error: [m[Kgraph_msgs/msg/geometry_graph.hpp: No such file or directory
   52 | #include [01;31m[K<graph_msgs/msg/geometry_graph.hpp>[m[K
      |          [01;31m[K^~~~~~~~~~~~~~~~~~~~~~~~~~~~~~~~~~~[m[K
compilation terminated.
gmake[2]: *** [CMakeFiles/test1.dir/build.make:76: CMakeFiles/test1.dir/src/test.cpp.o] Error 1
gmake[1]: *** [CMakeFiles/Makefile2:277: CMakeFiles/test1.dir/all] Error 2
gmake: *** [Makefile:146: all] Error 2
