[35m[1mConsolidate compiler generated dependencies of target first_stage_endeffector[0m
[ 50%] [32mBuilding CXX object CMakeFiles/first_stage_endeffector.dir/src/first_stage_endeffector.cpp.o[0m
[01m[K/home/steven/ros2_ws/src/first_stage/src/first_stage_endeffector/src/first_stage_endeffector.cpp:[m[K In member function â€˜[01m[Kbool RobotController::moveToFinalPosition()[m[Kâ€™:
[01m[K/home/steven/ros2_ws/src/first_stage/src/first_stage_endeffector/src/first_stage_endeffector.cpp:286:31:[m[K [01;31m[Kerror: [m[Kredeclaration of â€˜[01m[Kstd::vector<double, std::allocator<double> > home5[m[Kâ€™
  286 |           std::vector<double> [01;31m[Khome5[m[K = {-1.69, -1.43, 2.69, -3.56, -1.5, -0.05};
      |                               [01;31m[K^~~~~[m[K
[01m[K/home/steven/ros2_ws/src/first_stage/src/first_stage_endeffector/src/first_stage_endeffector.cpp:282:31:[m[K [01;36m[Knote: [m[Kâ€˜[01m[Kstd::vector<double, std::allocator<double> > home5[m[Kâ€™ previously declared here
  282 |           std::vector<double> [01;36m[Khome5[m[K = {-1.69, -1.54, 2.65, -3.67, -1.31, 2.09};
      |                               [01;36m[K^~~~~[m[K
[01m[K/home/steven/ros2_ws/src/first_stage/src/first_stage_endeffector/src/first_stage_endeffector.cpp:287:36:[m[K [01;31m[Kerror: [m[Kâ€˜[01m[Khome6[m[Kâ€™ was not declared in this scope; did you mean â€˜[01m[Khome5[m[Kâ€™?
  287 |           if (!moveToJointPosition([01;31m[Khome6[m[K, "Home 6")) return false;
      |                                    [01;31m[K^~~~~[m[K
      |                                    [32m[Khome5[m[K
gmake[2]: *** [CMakeFiles/first_stage_endeffector.dir/build.make:76ï¼šCMakeFiles/first_stage_endeffector.dir/src/first_stage_endeffector.cpp.o] éŒ¯èª¤ 1
gmake[1]: *** [CMakeFiles/Makefile2:137ï¼šCMakeFiles/first_stage_endeffector.dir/all] éŒ¯èª¤ 2
gmake: *** [Makefile:146ï¼šall] éŒ¯èª¤ 2
