[0.015s] Invoking command in '/home/steven/ros2_ws/src/first_stage/build/first_stage_endeffector': CMAKE_PREFIX_PATH=${CMAKE_PREFIX_PATH}:/home/steven/ros2_ws/src/first_stage/install/first_stage_rg2:/home/steven/ws_moveit2/install/moveit_configs_utils:/home/steven/ws_moveit2/install/launch_param_builder:/opt/ros/humble /usr/bin/cmake --build /home/steven/ros2_ws/src/first_stage/build/first_stage_endeffector -- -j32 -l32
[0.062s] [35m[1mConsolidate compiler generated dependencies of target first_stage_endeffector[0m
[0.088s] [ 50%] [32mBuilding CXX object CMakeFiles/first_stage_endeffector.dir/src/first_stage_endeffector.cpp.o[0m
[4.192s] [01m[K/home/steven/ros2_ws/src/first_stage/src/first_stage_endeffector/src/first_stage_endeffector.cpp:[m[K In member function â€˜[01m[Kbool RobotController::moveToFinalPosition()[m[Kâ€™:
[4.192s] [01m[K/home/steven/ros2_ws/src/first_stage/src/first_stage_endeffector/src/first_stage_endeffector.cpp:286:31:[m[K [01;31m[Kerror: [m[Kredeclaration of â€˜[01m[Kstd::vector<double, std::allocator<double> > home5[m[Kâ€™
[4.192s]   286 |           std::vector<double> [01;31m[Khome5[m[K = {-1.69, -1.43, 2.69, -3.56, -1.5, -0.05};
[4.192s]       |                               [01;31m[K^~~~~[m[K
[4.192s] [01m[K/home/steven/ros2_ws/src/first_stage/src/first_stage_endeffector/src/first_stage_endeffector.cpp:282:31:[m[K [01;36m[Knote: [m[Kâ€˜[01m[Kstd::vector<double, std::allocator<double> > home5[m[Kâ€™ previously declared here
[4.192s]   282 |           std::vector<double> [01;36m[Khome5[m[K = {-1.69, -1.54, 2.65, -3.67, -1.31, 2.09};
[4.192s]       |                               [01;36m[K^~~~~[m[K
[4.197s] [01m[K/home/steven/ros2_ws/src/first_stage/src/first_stage_endeffector/src/first_stage_endeffector.cpp:287:36:[m[K [01;31m[Kerror: [m[Kâ€˜[01m[Khome6[m[Kâ€™ was not declared in this scope; did you mean â€˜[01m[Khome5[m[Kâ€™?
[4.197s]   287 |           if (!moveToJointPosition([01;31m[Khome6[m[K, "Home 6")) return false;
[4.197s]       |                                    [01;31m[K^~~~~[m[K
[4.197s]       |                                    [32m[Khome5[m[K
[8.540s] gmake[2]: *** [CMakeFiles/first_stage_endeffector.dir/build.make:76ï¼šCMakeFiles/first_stage_endeffector.dir/src/first_stage_endeffector.cpp.o] éŒ¯èª¤ 1
[8.540s] gmake[1]: *** [CMakeFiles/Makefile2:137ï¼šCMakeFiles/first_stage_endeffector.dir/all] éŒ¯èª¤ 2
[8.540s] gmake: *** [Makefile:146ï¼šall] éŒ¯èª¤ 2
[8.542s] Invoked command in '/home/steven/ros2_ws/src/first_stage/build/first_stage_endeffector' returned '2': CMAKE_PREFIX_PATH=${CMAKE_PREFIX_PATH}:/home/steven/ros2_ws/src/first_stage/install/first_stage_rg2:/home/steven/ws_moveit2/install/moveit_configs_utils:/home/steven/ws_moveit2/install/launch_param_builder:/opt/ros/humble /usr/bin/cmake --build /home/steven/ros2_ws/src/first_stage/build/first_stage_endeffector -- -j32 -l32
