[0.008s] Invoking command in '/home/steven/Documents/IIIIIIIII_TEST/command_endeffector_cartesian/build/ur5_endeffector_cartesian': CMAKE_PREFIX_PATH=${CMAKE_PREFIX_PATH}:/home/steven/ws_moveit2/install/moveit_configs_utils:/home/steven/ws_moveit2/install/launch_param_builder:/opt/ros/humble /usr/bin/cmake --build /home/steven/Documents/IIIIIIIII_TEST/command_endeffector_cartesian/build/ur5_endeffector_cartesian -- -j32 -l32
[0.047s] [35m[1mConsolidate compiler generated dependencies of target ur5_ros2_cartesian[0m
[0.066s] [ 50%] [32mBuilding CXX object CMakeFiles/ur5_ros2_cartesian.dir/src/ur5_ros2_cartesian.cpp.o[0m
[3.372s] [01m[K/home/steven/Documents/IIIIIIIII_TEST/command_endeffector_cartesian/src/ur5_endeffector_cartesian/src/ur5_ros2_cartesian.cpp:124:18:[m[K [01;31m[Kerror: [m[Kredeclaration of â€˜[01m[Ktf2::Vector3 RobotControl::current_direction_[m[Kâ€™
[3.372s]   124 |     tf2::Vector3 [01;31m[Kcurrent_direction_[m[K;
[3.372s]       |                  [01;31m[K^~~~~~~~~~~~~~~~~~[m[K
[3.372s] [01m[K/home/steven/Documents/IIIIIIIII_TEST/command_endeffector_cartesian/src/ur5_endeffector_cartesian/src/ur5_ros2_cartesian.cpp:113:18:[m[K [01;36m[Knote: [m[Kprevious declaration â€˜[01m[Ktf2::Vector3 RobotControl::current_direction_[m[Kâ€™
[3.372s]   113 |     tf2::Vector3 [01;36m[Kcurrent_direction_[m[K;
[3.372s]       |                  [01;36m[K^~~~~~~~~~~~~~~~~~[m[K
[3.372s] [01m[K/home/steven/Documents/IIIIIIIII_TEST/command_endeffector_cartesian/src/ur5_endeffector_cartesian/src/ur5_ros2_cartesian.cpp:125:12:[m[K [01;31m[Kerror: [m[Kredeclaration of â€˜[01m[Kdouble RobotControl::current_velocity_[m[Kâ€™
[3.373s]   125 |     double [01;31m[Kcurrent_velocity_[m[K;
[3.373s]       |            [01;31m[K^~~~~~~~~~~~~~~~~[m[K
[3.373s] [01m[K/home/steven/Documents/IIIIIIIII_TEST/command_endeffector_cartesian/src/ur5_endeffector_cartesian/src/ur5_ros2_cartesian.cpp:114:12:[m[K [01;36m[Knote: [m[Kprevious declaration â€˜[01m[Kdouble RobotControl::current_velocity_[m[Kâ€™
[3.373s]   114 |     double [01;36m[Kcurrent_velocity_[m[K;
[3.373s]       |            [01;36m[K^~~~~~~~~~~~~~~~~[m[K
[3.373s] [01m[K/home/steven/Documents/IIIIIIIII_TEST/command_endeffector_cartesian/src/ur5_endeffector_cartesian/src/ur5_ros2_cartesian.cpp:126:12:[m[K [01;31m[Kerror: [m[Kredeclaration of â€˜[01m[Kdouble RobotControl::current_acceleration_[m[Kâ€™
[3.373s]   126 |     double [01;31m[Kcurrent_acceleration_[m[K;
[3.373s]       |            [01;31m[K^~~~~~~~~~~~~~~~~~~~~[m[K
[3.373s] [01m[K/home/steven/Documents/IIIIIIIII_TEST/command_endeffector_cartesian/src/ur5_endeffector_cartesian/src/ur5_ros2_cartesian.cpp:115:12:[m[K [01;36m[Knote: [m[Kprevious declaration â€˜[01m[Kdouble RobotControl::current_acceleration_[m[Kâ€™
[3.373s]   115 |     double [01;36m[Kcurrent_acceleration_[m[K;
[3.373s]       |            [01;36m[K^~~~~~~~~~~~~~~~~~~~~[m[K
[3.373s] [01m[K/home/steven/Documents/IIIIIIIII_TEST/command_endeffector_cartesian/src/ur5_endeffector_cartesian/src/ur5_ros2_cartesian.cpp:127:10:[m[K [01;31m[Kerror: [m[Kredeclaration of â€˜[01m[Kbool RobotControl::is_moving_[m[Kâ€™
[3.373s]   127 |     bool [01;31m[Kis_moving_[m[K;
[3.373s]       |          [01;31m[K^~~~~~~~~~[m[K
[3.373s] [01m[K/home/steven/Documents/IIIIIIIII_TEST/command_endeffector_cartesian/src/ur5_endeffector_cartesian/src/ur5_ros2_cartesian.cpp:112:10:[m[K [01;36m[Knote: [m[Kprevious declaration â€˜[01m[Kbool RobotControl::is_moving_[m[Kâ€™
[3.373s]   112 |     bool [01;36m[Kis_moving_[m[K;
[3.373s]       |          [01;36m[K^~~~~~~~~~[m[K
[5.491s] gmake[2]: *** [CMakeFiles/ur5_ros2_cartesian.dir/build.make:76ï¼šCMakeFiles/ur5_ros2_cartesian.dir/src/ur5_ros2_cartesian.cpp.o] éŒ¯èª¤ 1
[5.491s] gmake[1]: *** [CMakeFiles/Makefile2:137ï¼šCMakeFiles/ur5_ros2_cartesian.dir/all] éŒ¯èª¤ 2
[5.491s] gmake: *** [Makefile:146ï¼šall] éŒ¯èª¤ 2
[5.493s] Invoked command in '/home/steven/Documents/IIIIIIIII_TEST/command_endeffector_cartesian/build/ur5_endeffector_cartesian' returned '2': CMAKE_PREFIX_PATH=${CMAKE_PREFIX_PATH}:/home/steven/ws_moveit2/install/moveit_configs_utils:/home/steven/ws_moveit2/install/launch_param_builder:/opt/ros/humble /usr/bin/cmake --build /home/steven/Documents/IIIIIIIII_TEST/command_endeffector_cartesian/build/ur5_endeffector_cartesian -- -j32 -l32
